#
# A fatal error has been detected by the Java Runtime Environment:
#
#  EXCEPTION_ACCESS_VIOLATION (0xc0000005) at pc=0x00007ffb3755e240, pid=21540, tid=26532
#
# JRE version: OpenJDK Runtime Environment AdoptOpenJDK-dcevm-11.0.11+1-202105021746 (11.0.11+1) (build 11.0.11+1-202105021746)
# Java VM: Dynamic Code Evolution 64-Bit Server VM AdoptOpenJDK-dcevm-11.0.11+1-202105021746 (11.0.11+1-202105021746, mixed mode, tiered, compressed oops, g1 gc, windows-amd64)
# Problematic frame:
# V  [jvm.dll+0x12e240]
#
# No core dump will be written. Minidumps are not enabled by default on client versions of Windows
#
# If you would like to submit a bug report, please visit:
#   https://github.com/AdoptOpenJDK/openjdk-support/issues
#

---------------  S U M M A R Y ------------

Command Line: -agentlib:jdwp=transport=dt_socket,address=127.0.0.1:49700,suspend=y,server=n -XX:HotswapAgent=core -Xlog:redefine+class*=info:file=src/main/java/reload_system/reload/reload.log -javaagent:C:\Users\ogarc\AppData\Local\JetBrains\IdeaIC2022.3\captureAgent\debugger-agent.jar -Dfile.encoding=UTF-8 Main

Host: AMD Ryzen 7 2700X Eight-Core Processor         , 16 cores, 15G,  Windows 10 , 64 bit Build 22621 (10.0.22621.1344)
Time: Tue Mar 28 13:58:09 2023 Central Daylight Time elapsed time: 1080.620293 seconds (0d 0h 18m 0s)

---------------  T H R E A D  ---------------

Current thread (0x000001e5604b9800):  JavaThread "C1 CompilerThread2" daemon [_thread_in_native, id=26532, stack(0x0000002988600000,0x0000002988700000)]


Current CompileTask:
C1:1080620 30408       2       sun.reflect.annotation.AnnotationInvocationHandler::memberValueToString (356 bytes)

Stack: [0x0000002988600000,0x0000002988700000],  sp=0x00000029886fe8e0,  free space=1018k
Native frames: (J=compiled Java code, j=interpreted, Vv=VM code, C=native code)
V  [jvm.dll+0x12e240]
V  [jvm.dll+0x1309c9]
V  [jvm.dll+0x12ee94]
V  [jvm.dll+0x128b18]
V  [jvm.dll+0x138bca]
V  [jvm.dll+0x123e39]
V  [jvm.dll+0x1241a0]
V  [jvm.dll+0x12445f]
V  [jvm.dll+0x123707]
V  [jvm.dll+0x125617]
V  [jvm.dll+0x2116e7]
V  [jvm.dll+0x20f8a9]
V  [jvm.dll+0x6fd339]
V  [jvm.dll+0x6f63a4]
V  [jvm.dll+0x5fded6]
C  [ucrtbase.dll+0x29363]
C  [KERNEL32.DLL+0x126bd]
C  [ntdll.dll+0x5a9f8]


siginfo: EXCEPTION_ACCESS_VIOLATION (0xc0000005), reading address 0x0000000000000000


Register to memory mapping:

RIP=0x00007ffb3755e240 jvm.dll
RAX=0x000001e5601c91a0 points into unknown readable memory: 0x000001e5601c8fc0 | c0 8f 1c 60 e5 01 00 00
RBX=0x000001e5611e8300 points into unknown readable memory: 0x0000000000000000 | 00 00 00 00 00 00 00 00
RCX=0x0 is NULL
RDX=0x0 is NULL
RSP=0x00000029886fe8e0 is pointing into the stack for thread: 0x000001e5604b9800
RBP=0x00000000000000b9 is an unknown value
RSI=0x00000029886fec00 is pointing into the stack for thread: 0x000001e5604b9800
RDI=0x000001e55efdefb0 points into unknown readable memory: 0x00007ffb37c4a980 | 80 a9 c4 37 fb 7f 00 00
R8 =0x000001e5601c90e0 points into unknown readable memory: 0x000001e5611536f0 | f0 36 15 61 e5 01 00 00
R9 =0x0000000000000002 is an unknown value
R10=0x000001e56b975960 points into unknown readable memory: 0x0000001e00000001 | 01 00 00 00 1e 00 00 00
R11=0x000001e560b454f0 is pointing into metadata
R12=0x0 is NULL
R13=0x0 is NULL
R14=0x0 is NULL
R15=0x0 is NULL


Registers:
RAX=0x000001e5601c91a0, RBX=0x000001e5611e8300, RCX=0x0000000000000000, RDX=0x0000000000000000
RSP=0x00000029886fe8e0, RBP=0x00000000000000b9, RSI=0x00000029886fec00, RDI=0x000001e55efdefb0
R8 =0x000001e5601c90e0, R9 =0x0000000000000002, R10=0x000001e56b975960, R11=0x000001e560b454f0
R12=0x0000000000000000, R13=0x0000000000000000, R14=0x0000000000000000, R15=0x0000000000000000
RIP=0x00007ffb3755e240, EFLAGS=0x0000000000010246

Top of Stack: (sp=0x00000029886fe8e0)
0x00000029886fe8e0:   000001e560b454f0 000001e5604b9800
0x00000029886fe8f0:   000001e5611e8300 00000029886fec00
0x00000029886fe900:   00000029000000ba 0000000000000000
0x00000029886fe910:   00000029886fec00 00000029886fec00
0x00000029886fe920:   0000000000000000 000001e56116b740
0x00000029886fe930:   000001e56116b740 000001e5611e8350
0x00000029886fe940:   000001e56116b740 000001e55efdf090
0x00000029886fe950:   000001e56116b740 00007ffb3755bdce
0x00000029886fe960:   0000000000000000 00000000000000b9
0x00000029886fe970:   0000000000000000 0000000000000000
0x00000029886fe980:   0000000000000000 00000029886fec00
0x00000029886fe990:   00000029886fea10 00007ffb375609c9
0x00000029886fe9a0:   000001e5611ec101 000001e5611ec1c9
0x00000029886fe9b0:   00000029886fea00 0000002900000000
0x00000029886fe9c0:   000001e5611e8400 000001e5611e8350
0x00000029886fe9d0:   000001e5611ec1c9 0000000000000000 

Instructions: (pc=0x00007ffb3755e240)
0x00007ffb3755e140:   89 78 10 eb 03 49 8b c6 41 b1 01 45 33 c0 48 8b
0x00007ffb3755e150:   d0 48 8b cb e8 c7 09 ff ff 48 8d 05 18 a5 6d 00
0x00007ffb3755e160:   48 89 03 eb 03 49 8b de 48 8b 06 48 8b d3 48 8b
0x00007ffb3755e170:   48 20 44 8b 41 10 44 2b 41 28 48 8b ce e8 ae c8
0x00007ffb3755e180:   ff ff 48 8b 5e 50 4c 8b f8 48 83 c3 38 8b 0b 3b
0x00007ffb3755e190:   4b 04 75 0c 8b d1 48 8b cb e8 22 bd f9 ff 8b 0b
0x00007ffb3755e1a0:   8d 41 01 48 63 c9 89 03 48 8b 43 18 32 db 88 9c
0x00007ffb3755e1b0:   24 d0 00 00 00 4c 89 3c c8 44 89 b4 24 d8 00 00
0x00007ffb3755e1c0:   00 4d 8b ee 4d 8b fe 4d 8b e6 4c 89 74 24 40 4c
0x00007ffb3755e1d0:   39 77 10 75 11 48 8b 07 48 8b cf ff 50 20 84 c0
0x00007ffb3755e1e0:   0f 84 cd 00 00 00 48 8b cf e8 e2 b7 07 00 84 c0
0x00007ffb3755e1f0:   0f 85 bd 00 00 00 48 8b cf e8 82 b0 07 00 84 c0
0x00007ffb3755e200:   0f 85 ad 00 00 00 84 db 0f 85 a5 00 00 00 44 38
0x00007ffb3755e210:   a4 24 c0 00 00 00 74 72 8b 47 18 c1 e8 03 a8 01
0x00007ffb3755e220:   75 68 4c 8b 46 50 48 8b 47 30 41 8b 48 38 2b 48
0x00007ffb3755e230:   18 49 8b 40 50 48 63 d1 4c 8b 64 d0 f8 49 8b cc
0x00007ffb3755e240:   49 8b 04 24 ff 90 d0 01 00 00 48 8b d8 48 85 c0
0x00007ffb3755e250:   0f 84 1a 01 00 00 4c 39 68 10 75 0d 48 8b 10 48
0x00007ffb3755e260:   8b c8 ff 52 20 84 c0 74 21 48 8b 03 48 8b cb ff
0x00007ffb3755e270:   50 58 84 c0 74 14 48 8b 03 48 8b cb ff 90 c0 00
0x00007ffb3755e280:   00 00 84 c0 0f 84 69 01 00 00 4c 8b 7c 24 48 81
0x00007ffb3755e290:   fd b6 00 00 00 0f 85 d3 01 00 00 49 8b cf e8 fd
0x00007ffb3755e2a0:   8b fd ff 84 c0 0f 85 e7 02 00 00 4d 8b e6 4c 8b
0x00007ffb3755e2b0:   7c 24 40 44 38 35 92 26 88 00 0f 84 03 04 00 00
0x00007ffb3755e2c0:   4c 39 77 10 75 11 48 8b 07 48 8b cf ff 50 20 84
0x00007ffb3755e2d0:   c0 0f 84 ec 03 00 00 48 8b 5c 24 60 48 8b cb e8
0x00007ffb3755e2e0:   bc 8b fd ff 84 c0 75 25 48 8b 03 48 8b cb ff 90
0x00007ffb3755e2f0:   c0 00 00 00 84 c0 0f 84 c7 03 00 00 48 8b 4f 28
0x00007ffb3755e300:   e8 9b 8b fd ff 84 c0 0f 84 b6 03 00 00 44 38 b4
0x00007ffb3755e310:   24 d0 00 00 00 0f 85 a8 03 00 00 8d 85 49 ff ff
0x00007ffb3755e320:   ff 83 f8 01 76 29 81 fd b6 00 00 00 0f 85 26 03
0x00007ffb3755e330:   00 00 8b 47 18 c1 e8 04 a8 01 75 13 48 8b 47 28 


Stack slot to memory mapping:
stack at sp + 0 slots: 0x000001e560b454f0 is pointing into metadata
stack at sp + 1 slots: 0x000001e5604b9800 is a thread
stack at sp + 2 slots: 0x000001e5611e8300 points into unknown readable memory: 0x0000000000000000 | 00 00 00 00 00 00 00 00
stack at sp + 3 slots: 0x00000029886fec00 is pointing into the stack for thread: 0x000001e5604b9800
stack at sp + 4 slots: 0x00000029000000ba is an unknown value
stack at sp + 5 slots: 0x0 is NULL
stack at sp + 6 slots: 0x00000029886fec00 is pointing into the stack for thread: 0x000001e5604b9800
stack at sp + 7 slots: 0x00000029886fec00 is pointing into the stack for thread: 0x000001e5604b9800


---------------  P R O C E S S  ---------------

Threads class SMR info:
_java_thread_list=0x000001e560159b90, length=69, elements={
0x000001e539db6000, 0x000001e55eec3800, 0x000001e55eece000, 0x000001e55ef1c800,
0x000001e55ef1d800, 0x000001e55ef20800, 0x000001e55ef25800, 0x000001e55ef34800,
0x000001e55ef35800, 0x000001e55f1c6800, 0x000001e55f3c1000, 0x000001e55f409000,
0x000001e55f368000, 0x000001e55fa19800, 0x000001e55fa1b000, 0x000001e55fa1c000,
0x000001e55fa55800, 0x000001e560006800, 0x000001e56026a000, 0x000001e5603ed800,
0x000001e55f359800, 0x000001e55f35d000, 0x000001e55f359000, 0x000001e55f357800,
0x000001e55f35e000, 0x000001e55f358000, 0x000001e56011f800, 0x000001e560123800,
0x000001e560123000, 0x000001e560124800, 0x000001e56011f000, 0x000001e560126000,
0x000001e560120800, 0x000001e560125800, 0x000001e560127000, 0x000001e560128800,
0x000001e55f35b800, 0x000001e5669e3000, 0x000001e5669e7800, 0x000001e5669e2000,
0x000001e5669e7000, 0x000001e5669e6000, 0x000001e5669e5800, 0x000001e5669e3800,
0x000001e5669e4800, 0x000001e560129800, 0x000001e56012c000, 0x000001e560121800,
0x000001e560128000, 0x000001e5604ad000, 0x000001e5604af000, 0x000001e5604b0800,
0x000001e5604b1800, 0x000001e5604ae000, 0x000001e5604af800, 0x000001e5604b2000,
0x000001e5604b8800, 0x000001e56012c800, 0x000001e5604b6000, 0x000001e5604b4000,
0x000001e5604b3000, 0x000001e5604b5800, 0x000001e5604b8000, 0x000001e5604b9800,
0x000001e5604ba800, 0x000001e5604b4800, 0x000001e5604ac800, 0x000001e5604b7000,
0x000001e5604bb000
}

Java Threads: ( => current thread )
  0x000001e539db6000 JavaThread "WebSocketSelector-1" [_thread_in_native, id=29008, stack(0x0000002983400000,0x0000002983500000)]
  0x000001e55eec3800 JavaThread "Reference Handler" daemon [_thread_blocked, id=12020, stack(0x0000002983b00000,0x0000002983c00000)]
  0x000001e55eece000 JavaThread "Finalizer" daemon [_thread_blocked, id=29492, stack(0x0000002983c00000,0x0000002983d00000)]
  0x000001e55ef1c800 JavaThread "Signal Dispatcher" daemon [_thread_blocked, id=29320, stack(0x0000002983d00000,0x0000002983e00000)]
  0x000001e55ef1d800 JavaThread "Attach Listener" daemon [_thread_blocked, id=5032, stack(0x0000002983e00000,0x0000002983f00000)]
  0x000001e55ef20800 JavaThread "Service Thread" daemon [_thread_blocked, id=20776, stack(0x0000002983f00000,0x0000002984000000)]
  0x000001e55ef25800 JavaThread "C2 CompilerThread0" daemon [_thread_blocked, id=28900, stack(0x0000002984000000,0x0000002984100000)]
  0x000001e55ef34800 JavaThread "C1 CompilerThread0" daemon [_thread_blocked, id=14964, stack(0x0000002984100000,0x0000002984200000)]
  0x000001e55ef35800 JavaThread "Sweeper thread" daemon [_thread_blocked, id=10532, stack(0x0000002984200000,0x0000002984300000)]
  0x000001e55f1c6800 JavaThread "Common-Cleaner" daemon [_thread_blocked, id=29556, stack(0x0000002984300000,0x0000002984400000)]
  0x000001e55f3c1000 JavaThread "JDWP Transport Listener: dt_socket" daemon [_thread_blocked, id=25736, stack(0x0000002984600000,0x0000002984700000)]
  0x000001e55f409000 JavaThread "JDWP Event Helper Thread" daemon [_thread_blocked, id=27744, stack(0x0000002984700000,0x0000002984800000)]
  0x000001e55f368000 JavaThread "JDWP Command Reader" daemon [_thread_in_native, id=26836, stack(0x0000002984800000,0x0000002984900000)]
  0x000001e55fa19800 JavaThread "FileSystemWatchService" daemon [_thread_in_native, id=28620, stack(0x0000002984b00000,0x0000002984c00000)]
  0x000001e55fa1b000 JavaThread "HotSwap Watcher" daemon [_thread_blocked, id=15472, stack(0x0000002984c00000,0x0000002984d00000)]
  0x000001e55fa1c000 JavaThread "HotSwap Dispatcher" daemon [_thread_blocked, id=13964, stack(0x0000002984d00000,0x0000002984e00000)]
  0x000001e55fa55800 JavaThread "Thread-2" daemon [_thread_blocked, id=27016, stack(0x0000002984e00000,0x0000002984f00000)]
  0x000001e560006800 JavaThread "Thread-19" [_thread_blocked, id=1652, stack(0x0000002985700000,0x0000002985800000)]
  0x000001e56026a000 JavaThread "connectionLostChecker-1" [_thread_blocked, id=25288, stack(0x0000002984f00000,0x0000002985000000)]
  0x000001e5603ed800 JavaThread "WebSocketWorker-28" [_thread_blocked, id=4316, stack(0x0000002985000000,0x0000002985100000)]
  0x000001e55f359800 JavaThread "WebSocketWorker-29" [_thread_blocked, id=19872, stack(0x0000002985800000,0x0000002985900000)]
  0x000001e55f35d000 JavaThread "WebSocketWorker-30" [_thread_blocked, id=13348, stack(0x0000002985900000,0x0000002985a00000)]
  0x000001e55f359000 JavaThread "WebSocketWorker-31" [_thread_blocked, id=26580, stack(0x0000002985a00000,0x0000002985b00000)]
  0x000001e55f357800 JavaThread "WebSocketWorker-32" [_thread_blocked, id=23920, stack(0x0000002985b00000,0x0000002985c00000)]
  0x000001e55f35e000 JavaThread "WebSocketWorker-33" [_thread_blocked, id=9388, stack(0x0000002985c00000,0x0000002985d00000)]
  0x000001e55f358000 JavaThread "WebSocketWorker-34" [_thread_blocked, id=27612, stack(0x0000002985d00000,0x0000002985e00000)]
  0x000001e56011f800 JavaThread "WebSocketWorker-35" [_thread_blocked, id=20212, stack(0x0000002985e00000,0x0000002985f00000)]
  0x000001e560123800 JavaThread "WebSocketWorker-36" [_thread_blocked, id=29260, stack(0x0000002985f00000,0x0000002986000000)]
  0x000001e560123000 JavaThread "WebSocketWorker-37" [_thread_blocked, id=6540, stack(0x0000002986000000,0x0000002986100000)]
  0x000001e560124800 JavaThread "WebSocketWorker-38" [_thread_blocked, id=16716, stack(0x0000002986100000,0x0000002986200000)]
  0x000001e56011f000 JavaThread "WebSocketWorker-39" [_thread_blocked, id=24496, stack(0x0000002986200000,0x0000002986300000)]
  0x000001e560126000 JavaThread "WebSocketWorker-40" [_thread_blocked, id=7588, stack(0x0000002986300000,0x0000002986400000)]
  0x000001e560120800 JavaThread "WebSocketWorker-41" [_thread_blocked, id=23660, stack(0x0000002986400000,0x0000002986500000)]
  0x000001e560125800 JavaThread "WebSocketWorker-42" [_thread_blocked, id=8032, stack(0x0000002986500000,0x0000002986600000)]
  0x000001e560127000 JavaThread "WebSocketWorker-43" [_thread_blocked, id=24372, stack(0x0000002986600000,0x0000002986700000)]
  0x000001e560128800 JavaThread "Gax-1" daemon [_thread_blocked, id=27912, stack(0x0000002986f00000,0x0000002987000000)]
  0x000001e55f35b800 JavaThread "grpc-nio-worker-ELG-1-1" daemon [_thread_in_native, id=26596, stack(0x0000002987600000,0x0000002987700000)]
  0x000001e5669e3000 JavaThread "grpc-nio-worker-ELG-1-2" daemon [_thread_in_native, id=25032, stack(0x0000002987800000,0x0000002987900000)]
  0x000001e5669e7800 JavaThread "Thread-24" daemon [_thread_in_native, id=14640, stack(0x0000002987500000,0x0000002987600000)]
  0x000001e5669e2000 JavaThread "Gax-2" daemon [_thread_blocked, id=12572, stack(0x0000002987900000,0x0000002987a00000)]
  0x000001e5669e7000 JavaThread "grpc-nio-worker-ELG-1-3" daemon [_thread_in_native, id=28808, stack(0x0000002987a00000,0x0000002987b00000)]
  0x000001e5669e6000 JavaThread "Gax-3" daemon [_thread_blocked, id=5940, stack(0x0000002987b00000,0x0000002987c00000)]
  0x000001e5669e5800 JavaThread "grpc-nio-worker-ELG-1-4" daemon [_thread_in_native, id=17364, stack(0x0000002987100000,0x0000002987200000)]
  0x000001e5669e3800 JavaThread "Gax-4" daemon [_thread_blocked, id=26304, stack(0x0000002987c00000,0x0000002987d00000)]
  0x000001e5669e4800 JavaThread "Gax-5" daemon [_thread_blocked, id=13584, stack(0x0000002987d00000,0x0000002987e00000)]
  0x000001e560129800 JavaThread "Gax-6" daemon [_thread_blocked, id=26252, stack(0x0000002987f00000,0x0000002988000000)]
  0x000001e56012c000 JavaThread "Gax-7" daemon [_thread_blocked, id=23012, stack(0x0000002988000000,0x0000002988100000)]
  0x000001e560121800 JavaThread "Gax-8" daemon [_thread_blocked, id=29208, stack(0x0000002984400000,0x0000002984500000)]
  0x000001e560128000 JavaThread "Gax-9" daemon [_thread_blocked, id=22384, stack(0x0000002987000000,0x0000002987100000)]
  0x000001e5604ad000 JavaThread "Gax-10" daemon [_thread_blocked, id=13740, stack(0x0000002987400000,0x0000002987500000)]
  0x000001e5604af000 JavaThread "Gax-11" daemon [_thread_blocked, id=29352, stack(0x0000002987e00000,0x0000002987f00000)]
  0x000001e5604b0800 JavaThread "Gax-12" daemon [_thread_blocked, id=27664, stack(0x0000002983100000,0x0000002983200000)]
  0x000001e5604b1800 JavaThread "Gax-13" daemon [_thread_blocked, id=10472, stack(0x0000002983200000,0x0000002983300000)]
  0x000001e5604ae000 JavaThread "Gax-14" daemon [_thread_blocked, id=3656, stack(0x0000002983300000,0x0000002983400000)]
  0x000001e5604af800 JavaThread "Gax-15" daemon [_thread_blocked, id=29488, stack(0x0000002987700000,0x0000002987800000)]
  0x000001e5604b2000 JavaThread "Gax-16" daemon [_thread_blocked, id=25664, stack(0x0000002988100000,0x0000002988200000)]
  0x000001e5604b8800 JavaThread "grpc-nio-worker-ELG-1-5" daemon [_thread_in_native, id=24580, stack(0x0000002988500000,0x0000002988600000)]
  0x000001e56012c800 JavaThread "clojure-agent-send-off-pool-3" [_thread_blocked, id=18972, stack(0x0000002988b00000,0x0000002988c00000)]
  0x000001e5604b6000 JavaThread "C2 CompilerThread1" daemon [_thread_in_native, id=16468, stack(0x0000002987200000,0x0000002987300000)]
  0x000001e5604b4000 JavaThread "C2 CompilerThread2" daemon [_thread_blocked, id=30528, stack(0x0000002987300000,0x0000002987400000)]
  0x000001e5604b3000 JavaThread "C2 CompilerThread3" daemon [_thread_blocked, id=30400, stack(0x0000002988200000,0x0000002988300000)]
  0x000001e5604b5800 JavaThread "C2 CompilerThread4" daemon [_thread_in_native, id=10900, stack(0x0000002988300000,0x0000002988400000)]
  0x000001e5604b8000 JavaThread "C1 CompilerThread1" daemon [_thread_blocked, id=11044, stack(0x0000002988400000,0x0000002988500000)]
=>0x000001e5604b9800 JavaThread "C1 CompilerThread2" daemon [_thread_in_native, id=26532, stack(0x0000002988600000,0x0000002988700000)]
  0x000001e5604ba800 JavaThread "C2 CompilerThread5" daemon [_thread_blocked, id=30044, stack(0x0000002988700000,0x0000002988800000)]
  0x000001e5604b4800 JavaThread "C2 CompilerThread6" daemon [_thread_blocked, id=23544, stack(0x0000002988800000,0x0000002988900000)]
  0x000001e5604ac800 JavaThread "Thread-111" daemon [_thread_blocked, id=26716, stack(0x0000002986d00000,0x0000002986e00000)]
  0x000001e5604b7000 JavaThread "C2 CompilerThread7" daemon [_thread_blocked, id=28288, stack(0x0000002986e00000,0x0000002986f00000)]
  0x000001e5604bb000 JavaThread "C1 CompilerThread3" daemon [_thread_blocked, id=23584, stack(0x0000002988900000,0x0000002988a00000)]

Other Threads:
  0x000001e55ee9c800 VMThread "VM Thread" [stack: 0x0000002983a00000,0x0000002983b00000] [id=10416]
  0x000001e560964000 WatcherThread [stack: 0x0000002985600000,0x0000002985700000] [id=26432]
  0x000001e539dd0000 GCTaskThread "GC Thread#0" [stack: 0x0000002983500000,0x0000002983600000] [id=26752]
  0x000001e55fea8800 GCTaskThread "GC Thread#1" [stack: 0x0000002985100000,0x0000002985200000] [id=24112]
  0x000001e560d43000 GCTaskThread "GC Thread#2" [stack: 0x0000002985200000,0x0000002985300000] [id=27644]
  0x000001e560ffc800 GCTaskThread "GC Thread#3" [stack: 0x0000002985300000,0x0000002985400000] [id=26592]
  0x000001e5604df000 GCTaskThread "GC Thread#4" [stack: 0x0000002985400000,0x0000002985500000] [id=23916]
  0x000001e5604e1800 GCTaskThread "GC Thread#5" [stack: 0x0000002985500000,0x0000002985600000] [id=28880]
  0x000001e5604e0000 GCTaskThread "GC Thread#6" [stack: 0x0000002984500000,0x0000002984600000] [id=25740]
  0x000001e5604e2800 GCTaskThread "GC Thread#7" [stack: 0x0000002984900000,0x0000002984a00000] [id=14044]
  0x000001e5604e4000 GCTaskThread "GC Thread#8" [stack: 0x0000002984a00000,0x0000002984b00000] [id=7568]
  0x000001e5604df800 GCTaskThread "GC Thread#9" [stack: 0x0000002986700000,0x0000002986800000] [id=13324]
  0x000001e5604dd800 GCTaskThread "GC Thread#10" [stack: 0x0000002986800000,0x0000002986900000] [id=29500]
  0x000001e5604e3000 GCTaskThread "GC Thread#11" [stack: 0x0000002986900000,0x0000002986a00000] [id=27788]
  0x000001e5604de000 GCTaskThread "GC Thread#12" [stack: 0x0000002986a00000,0x0000002986b00000] [id=3468]
  0x000001e539e32000 ConcurrentGCThread "G1 Main Marker" [stack: 0x0000002983600000,0x0000002983700000] [id=28948]
  0x000001e539e33000 ConcurrentGCThread "G1 Conc#0" [stack: 0x0000002983700000,0x0000002983800000] [id=29340]
  0x000001e5604e4800 ConcurrentGCThread "G1 Conc#1" [stack: 0x0000002986b00000,0x0000002986c00000] [id=27880]
  0x000001e5604e1000 ConcurrentGCThread "G1 Conc#2" [stack: 0x0000002986c00000,0x0000002986d00000] [id=16588]
  0x000001e55e504000 ConcurrentGCThread "G1 Refine#0" [stack: 0x0000002983800000,0x0000002983900000] [id=29448]
  0x000001e55e507000 ConcurrentGCThread "G1 Young RemSet Sampling" [stack: 0x0000002983900000,0x0000002983a00000] [id=29028]

Threads with active compile tasks:
C2 CompilerThread01080669 30545       4       clojure.core$filter$fn__5914::invoke (276 bytes)
C1 CompilerThread01080669 30804       2       java.util.Arrays::copyOf (40 bytes)
C2 CompilerThread11080669 30696       4       java.io.DataOutputStream::writeUTF (435 bytes)
C2 CompilerThread21080669 30686 %     4       sun.nio.cs.UTF_8$Decoder::decodeArrayLoop @ 73 (691 bytes)
C2 CompilerThread31080669 30175       4       java.io.DataInputStream::readUnsignedShort (39 bytes)
C2 CompilerThread41080669 29898       4       java.io.DataInputStream::readUTF (501 bytes)
C1 CompilerThread11080669 30788       2       java.io.DataOutputStream::writeInt (65 bytes)
C1 CompilerThread21080669 30408       2       sun.reflect.annotation.AnnotationInvocationHandler::memberValueToString (356 bytes)
C2 CompilerThread51080669 30242       4       clojure.core$map$fn__5887::invoke (209 bytes)
C2 CompilerThread61080669 30214       4       java.io.DataOutputStream::writeShort (35 bytes)
C2 CompilerThread71080669 30735       4       java.util.concurrent.ConcurrentHashMap::get (162 bytes)
C1 CompilerThread31080669 30801       2       java.util.regex.Pattern$BmpCharProperty::match (55 bytes)

VM state:at safepoint (normal execution)

VM Mutex/Monitor currently owned by a thread:  ([mutex/lock_event])
[0x000001e539db3410] Threads_lock - owner thread: 0x000001e55ee9c800
[0x000001e539db3800] EnhancedRedefineClasses_lock - owner thread: 0x000001e55f3c1000
[0x000001e539db2570] Heap_lock - owner thread: 0x000001e55f3c1000

Heap address: 0x0000000701000000, size: 4080 MB, Compressed Oops mode: Zero based, Oop shift amount: 3
Narrow klass base: 0x0000000800000000, Narrow klass shift: 0
Compressed class space size: 1073741824 Address: 0x0000000800000000

Heap:
 garbage-first heap   total 262144K, used 166357K [0x0000000701000000, 0x0000000800000000)
  region size 1024K, 137 young (140288K), 11 survivors (11264K)
 Metaspace       used 70139K, capacity 72020K, committed 72228K, reserved 1110016K
  class space    used 10561K, capacity 11179K, committed 11264K, reserved 1048576K
Heap Regions: E=young(eden), S=young(survivor), O=old, HS=humongous(starts), HC=humongous(continues), CS=collection set, F=free, A=archive, TAMS=top-at-mark-start (previous, next)
|   0|0x0000000701000000, 0x0000000701100000, 0x0000000701100000|100%|HS|  |TAMS 0x0000000701100000, 0x0000000701000000| Complete 
|   1|0x0000000701100000, 0x0000000701200000, 0x0000000701200000|100%| O|  |TAMS 0x0000000701200000, 0x0000000701100000| Untracked 
|   2|0x0000000701200000, 0x0000000701300000, 0x0000000701300000|100%|HS|  |TAMS 0x0000000701300000, 0x0000000701200000| Complete 
|   3|0x0000000701300000, 0x0000000701400000, 0x0000000701400000|100%|HS|  |TAMS 0x0000000701400000, 0x0000000701300000| Complete 
|   4|0x0000000701400000, 0x0000000701500000, 0x0000000701500000|100%|HC|  |TAMS 0x0000000701500000, 0x0000000701400000| Complete 
|   5|0x0000000701500000, 0x0000000701600000, 0x0000000701600000|100%| O|  |TAMS 0x0000000701600000, 0x0000000701500000| Untracked 
|   6|0x0000000701600000, 0x0000000701700000, 0x0000000701700000|100%| O|  |TAMS 0x0000000701700000, 0x0000000701600000| Untracked 
|   7|0x0000000701700000, 0x0000000701800000, 0x0000000701800000|100%| O|  |TAMS 0x0000000701800000, 0x0000000701700000| Untracked 
|   8|0x0000000701800000, 0x0000000701900000, 0x0000000701900000|100%| O|  |TAMS 0x0000000701900000, 0x0000000701800000| Untracked 
|   9|0x0000000701900000, 0x0000000701a00000, 0x0000000701a00000|100%| O|  |TAMS 0x0000000701a00000, 0x0000000701900000| Untracked 
|  10|0x0000000701a00000, 0x0000000701b00000, 0x0000000701b00000|100%| O|  |TAMS 0x0000000701b00000, 0x0000000701a00000| Untracked 
|  11|0x0000000701b00000, 0x0000000701c00000, 0x0000000701c00000|100%| O|  |TAMS 0x0000000701c00000, 0x0000000701b00000| Untracked 
|  12|0x0000000701c00000, 0x0000000701d00000, 0x0000000701d00000|100%| O|  |TAMS 0x0000000701d00000, 0x0000000701c00000| Untracked 
|  13|0x0000000701d00000, 0x0000000701e00000, 0x0000000701e00000|100%| O|  |TAMS 0x0000000701e00000, 0x0000000701d00000| Untracked 
|  14|0x0000000701e00000, 0x0000000701f00000, 0x0000000701f00000|100%| O|  |TAMS 0x0000000701f00000, 0x0000000701e00000| Untracked 
|  15|0x0000000701f00000, 0x0000000702000000, 0x0000000702000000|100%| O|  |TAMS 0x0000000702000000, 0x0000000701f00000| Untracked 
|  16|0x0000000702000000, 0x0000000702100000, 0x0000000702100000|100%| O|  |TAMS 0x0000000702100000, 0x0000000702000000| Untracked 
|  17|0x0000000702100000, 0x0000000702200000, 0x0000000702200000|100%| O|  |TAMS 0x000000070211bc00, 0x0000000702100000| Untracked 
|  18|0x0000000702200000, 0x0000000702300000, 0x0000000702300000|100%| O|  |TAMS 0x0000000702200000, 0x0000000702200000| Untracked 
|  19|0x0000000702300000, 0x0000000702400000, 0x0000000702400000|100%| O|  |TAMS 0x0000000702300000, 0x0000000702300000| Untracked 
|  20|0x0000000702400000, 0x0000000702500000, 0x0000000702500000|100%| O|  |TAMS 0x0000000702400000, 0x0000000702400000| Untracked 
|  21|0x0000000702500000, 0x0000000702600000, 0x0000000702600000|100%| O|  |TAMS 0x0000000702500000, 0x0000000702500000| Untracked 
|  22|0x0000000702600000, 0x0000000702700000, 0x0000000702700000|100%| O|  |TAMS 0x0000000702600000, 0x0000000702600000| Untracked 
|  23|0x0000000702700000, 0x0000000702800000, 0x0000000702800000|100%| O|  |TAMS 0x0000000702700000, 0x0000000702700000| Untracked 
|  24|0x0000000702800000, 0x0000000702900000, 0x0000000702900000|100%| O|  |TAMS 0x0000000702800000, 0x0000000702800000| Untracked 
|  25|0x0000000702900000, 0x0000000702a00000, 0x0000000702a00000|100%| O|  |TAMS 0x0000000702900000, 0x0000000702900000| Untracked 
|  26|0x0000000702a00000, 0x0000000702a75400, 0x0000000702b00000| 45%| O|  |TAMS 0x0000000702a00000, 0x0000000702a00000| Untracked 
|  27|0x0000000702b00000, 0x0000000702b00000, 0x0000000702c00000|  0%| F|  |TAMS 0x0000000702b00000, 0x0000000702b00000| Untracked 
|  28|0x0000000702c00000, 0x0000000702c00000, 0x0000000702d00000|  0%| F|  |TAMS 0x0000000702c00000, 0x0000000702c00000| Untracked 
|  29|0x0000000702d00000, 0x0000000702d00000, 0x0000000702e00000|  0%| F|  |TAMS 0x0000000702d00000, 0x0000000702d00000| Untracked 
|  30|0x0000000702e00000, 0x0000000702e00000, 0x0000000702f00000|  0%| F|  |TAMS 0x0000000702e00000, 0x0000000702e00000| Untracked 
|  31|0x0000000702f00000, 0x0000000702f00000, 0x0000000703000000|  0%| F|  |TAMS 0x0000000702f00000, 0x0000000702f00000| Untracked 
|  32|0x0000000703000000, 0x0000000703000000, 0x0000000703100000|  0%| F|  |TAMS 0x0000000703000000, 0x0000000703000000| Untracked 
|  33|0x0000000703100000, 0x0000000703100000, 0x0000000703200000|  0%| F|  |TAMS 0x0000000703100000, 0x0000000703100000| Untracked 
|  34|0x0000000703200000, 0x0000000703200000, 0x0000000703300000|  0%| F|  |TAMS 0x0000000703200000, 0x0000000703200000| Untracked 
|  35|0x0000000703300000, 0x0000000703300000, 0x0000000703400000|  0%| F|  |TAMS 0x0000000703300000, 0x0000000703300000| Untracked 
|  36|0x0000000703400000, 0x0000000703400000, 0x0000000703500000|  0%| F|  |TAMS 0x0000000703400000, 0x0000000703400000| Untracked 
|  37|0x0000000703500000, 0x0000000703500000, 0x0000000703600000|  0%| F|  |TAMS 0x0000000703500000, 0x0000000703500000| Untracked 
|  38|0x0000000703600000, 0x0000000703600000, 0x0000000703700000|  0%| F|  |TAMS 0x0000000703600000, 0x0000000703600000| Untracked 
|  39|0x0000000703700000, 0x0000000703700000, 0x0000000703800000|  0%| F|  |TAMS 0x0000000703700000, 0x0000000703700000| Untracked 
|  40|0x0000000703800000, 0x0000000703800000, 0x0000000703900000|  0%| F|  |TAMS 0x0000000703800000, 0x0000000703800000| Untracked 
|  41|0x0000000703900000, 0x0000000703900000, 0x0000000703a00000|  0%| F|  |TAMS 0x0000000703900000, 0x0000000703900000| Untracked 
|  42|0x0000000703a00000, 0x0000000703a00000, 0x0000000703b00000|  0%| F|  |TAMS 0x0000000703a00000, 0x0000000703a00000| Untracked 
|  43|0x0000000703b00000, 0x0000000703b00000, 0x0000000703c00000|  0%| F|  |TAMS 0x0000000703b00000, 0x0000000703b00000| Untracked 
|  44|0x0000000703c00000, 0x0000000703c00000, 0x0000000703d00000|  0%| F|  |TAMS 0x0000000703c00000, 0x0000000703c00000| Untracked 
|  45|0x0000000703d00000, 0x0000000703d00000, 0x0000000703e00000|  0%| F|  |TAMS 0x0000000703d00000, 0x0000000703d00000| Untracked 
|  46|0x0000000703e00000, 0x0000000703e00000, 0x0000000703f00000|  0%| F|  |TAMS 0x0000000703e00000, 0x0000000703e00000| Untracked 
|  47|0x0000000703f00000, 0x0000000703f00000, 0x0000000704000000|  0%| F|  |TAMS 0x0000000703f00000, 0x0000000703f00000| Untracked 
|  48|0x0000000704000000, 0x0000000704000000, 0x0000000704100000|  0%| F|  |TAMS 0x0000000704000000, 0x0000000704000000| Untracked 
|  49|0x0000000704100000, 0x0000000704100000, 0x0000000704200000|  0%| F|  |TAMS 0x0000000704100000, 0x0000000704100000| Untracked 
|  50|0x0000000704200000, 0x0000000704200000, 0x0000000704300000|  0%| F|  |TAMS 0x0000000704200000, 0x0000000704200000| Untracked 
|  51|0x0000000704300000, 0x0000000704300000, 0x0000000704400000|  0%| F|  |TAMS 0x0000000704300000, 0x0000000704300000| Untracked 
|  52|0x0000000704400000, 0x0000000704400000, 0x0000000704500000|  0%| F|  |TAMS 0x0000000704400000, 0x0000000704400000| Untracked 
|  53|0x0000000704500000, 0x0000000704500000, 0x0000000704600000|  0%| F|  |TAMS 0x0000000704500000, 0x0000000704500000| Untracked 
|  54|0x0000000704600000, 0x0000000704600000, 0x0000000704700000|  0%| F|  |TAMS 0x0000000704600000, 0x0000000704600000| Untracked 
|  55|0x0000000704700000, 0x0000000704700000, 0x0000000704800000|  0%| F|  |TAMS 0x0000000704700000, 0x0000000704700000| Untracked 
|  56|0x0000000704800000, 0x0000000704800000, 0x0000000704900000|  0%| F|  |TAMS 0x0000000704800000, 0x0000000704800000| Untracked 
|  57|0x0000000704900000, 0x0000000704900000, 0x0000000704a00000|  0%| F|  |TAMS 0x0000000704900000, 0x0000000704900000| Untracked 
|  58|0x0000000704a00000, 0x0000000704a00000, 0x0000000704b00000|  0%| F|  |TAMS 0x0000000704a00000, 0x0000000704a00000| Untracked 
|  59|0x0000000704b00000, 0x0000000704b00000, 0x0000000704c00000|  0%| F|  |TAMS 0x0000000704b00000, 0x0000000704b00000| Untracked 
|  60|0x0000000704c00000, 0x0000000704c00000, 0x0000000704d00000|  0%| F|  |TAMS 0x0000000704c00000, 0x0000000704c00000| Untracked 
|  61|0x0000000704d00000, 0x0000000704d00000, 0x0000000704e00000|  0%| F|  |TAMS 0x0000000704d00000, 0x0000000704d00000| Untracked 
|  62|0x0000000704e00000, 0x0000000704e00000, 0x0000000704f00000|  0%| F|  |TAMS 0x0000000704e00000, 0x0000000704e00000| Untracked 
|  63|0x0000000704f00000, 0x0000000704f00000, 0x0000000705000000|  0%| F|  |TAMS 0x0000000704f00000, 0x0000000704f00000| Untracked 
|  64|0x0000000705000000, 0x0000000705000000, 0x0000000705100000|  0%| F|  |TAMS 0x0000000705000000, 0x0000000705000000| Untracked 
|  65|0x0000000705100000, 0x0000000705100000, 0x0000000705200000|  0%| F|  |TAMS 0x0000000705100000, 0x0000000705100000| Untracked 
|  66|0x0000000705200000, 0x0000000705200000, 0x0000000705300000|  0%| F|  |TAMS 0x0000000705200000, 0x0000000705200000| Untracked 
|  67|0x0000000705300000, 0x0000000705300000, 0x0000000705400000|  0%| F|  |TAMS 0x0000000705300000, 0x0000000705300000| Untracked 
|  68|0x0000000705400000, 0x0000000705400000, 0x0000000705500000|  0%| F|  |TAMS 0x0000000705400000, 0x0000000705400000| Untracked 
|  69|0x0000000705500000, 0x0000000705500000, 0x0000000705600000|  0%| F|  |TAMS 0x0000000705500000, 0x0000000705500000| Untracked 
|  70|0x0000000705600000, 0x0000000705600000, 0x0000000705700000|  0%| F|  |TAMS 0x0000000705600000, 0x0000000705600000| Untracked 
|  71|0x0000000705700000, 0x0000000705700000, 0x0000000705800000|  0%| F|  |TAMS 0x0000000705700000, 0x0000000705700000| Untracked 
|  72|0x0000000705800000, 0x0000000705800000, 0x0000000705900000|  0%| F|  |TAMS 0x0000000705800000, 0x0000000705800000| Untracked 
|  73|0x0000000705900000, 0x0000000705900000, 0x0000000705a00000|  0%| F|  |TAMS 0x0000000705900000, 0x0000000705900000| Untracked 
|  74|0x0000000705a00000, 0x0000000705a00000, 0x0000000705b00000|  0%| F|  |TAMS 0x0000000705a00000, 0x0000000705a00000| Untracked 
|  75|0x0000000705b00000, 0x0000000705b00000, 0x0000000705c00000|  0%| F|  |TAMS 0x0000000705b00000, 0x0000000705b00000| Untracked 
|  76|0x0000000705c00000, 0x0000000705c00000, 0x0000000705d00000|  0%| F|  |TAMS 0x0000000705c00000, 0x0000000705c00000| Untracked 
|  77|0x0000000705d00000, 0x0000000705d00000, 0x0000000705e00000|  0%| F|  |TAMS 0x0000000705d00000, 0x0000000705d00000| Untracked 
|  78|0x0000000705e00000, 0x0000000705e00000, 0x0000000705f00000|  0%| F|  |TAMS 0x0000000705e00000, 0x0000000705e00000| Untracked 
|  79|0x0000000705f00000, 0x0000000705f00000, 0x0000000706000000|  0%| F|  |TAMS 0x0000000705f00000, 0x0000000705f00000| Untracked 
|  80|0x0000000706000000, 0x0000000706000000, 0x0000000706100000|  0%| F|  |TAMS 0x0000000706000000, 0x0000000706000000| Untracked 
|  81|0x0000000706100000, 0x0000000706100000, 0x0000000706200000|  0%| F|  |TAMS 0x0000000706100000, 0x0000000706100000| Untracked 
|  82|0x0000000706200000, 0x0000000706200000, 0x0000000706300000|  0%| F|  |TAMS 0x0000000706200000, 0x0000000706200000| Untracked 
|  83|0x0000000706300000, 0x0000000706300000, 0x0000000706400000|  0%| F|  |TAMS 0x0000000706300000, 0x0000000706300000| Untracked 
|  84|0x0000000706400000, 0x0000000706400000, 0x0000000706500000|  0%| F|  |TAMS 0x0000000706400000, 0x0000000706400000| Untracked 
|  85|0x0000000706500000, 0x0000000706500000, 0x0000000706600000|  0%| F|  |TAMS 0x0000000706500000, 0x0000000706500000| Untracked 
|  86|0x0000000706600000, 0x0000000706600000, 0x0000000706700000|  0%| F|  |TAMS 0x0000000706600000, 0x0000000706600000| Untracked 
|  87|0x0000000706700000, 0x0000000706700000, 0x0000000706800000|  0%| F|  |TAMS 0x0000000706700000, 0x0000000706700000| Untracked 
|  88|0x0000000706800000, 0x0000000706800000, 0x0000000706900000|  0%| F|  |TAMS 0x0000000706800000, 0x0000000706800000| Untracked 
|  89|0x0000000706900000, 0x0000000706900000, 0x0000000706a00000|  0%| F|  |TAMS 0x0000000706900000, 0x0000000706900000| Untracked 
|  90|0x0000000706a00000, 0x0000000706a00000, 0x0000000706b00000|  0%| F|  |TAMS 0x0000000706a00000, 0x0000000706a00000| Untracked 
|  91|0x0000000706b00000, 0x0000000706b00000, 0x0000000706c00000|  0%| F|  |TAMS 0x0000000706b00000, 0x0000000706b00000| Untracked 
|  92|0x0000000706c00000, 0x0000000706c00000, 0x0000000706d00000|  0%| F|  |TAMS 0x0000000706c00000, 0x0000000706c00000| Untracked 
|  93|0x0000000706d00000, 0x0000000706d00000, 0x0000000706e00000|  0%| F|  |TAMS 0x0000000706d00000, 0x0000000706d00000| Untracked 
|  94|0x0000000706e00000, 0x0000000706e00000, 0x0000000706f00000|  0%| F|  |TAMS 0x0000000706e00000, 0x0000000706e00000| Untracked 
|  95|0x0000000706f00000, 0x0000000706f00000, 0x0000000707000000|  0%| F|  |TAMS 0x0000000706f00000, 0x0000000706f00000| Untracked 
|  96|0x0000000707000000, 0x0000000707000000, 0x0000000707100000|  0%| F|  |TAMS 0x0000000707000000, 0x0000000707000000| Untracked 
|  97|0x0000000707100000, 0x0000000707100000, 0x0000000707200000|  0%| F|  |TAMS 0x0000000707100000, 0x0000000707100000| Untracked 
|  98|0x0000000707200000, 0x0000000707200000, 0x0000000707300000|  0%| F|  |TAMS 0x0000000707200000, 0x0000000707200000| Untracked 
|  99|0x0000000707300000, 0x0000000707300000, 0x0000000707400000|  0%| F|  |TAMS 0x0000000707300000, 0x0000000707300000| Untracked 
| 100|0x0000000707400000, 0x0000000707400000, 0x0000000707500000|  0%| F|  |TAMS 0x0000000707400000, 0x0000000707400000| Untracked 
| 101|0x0000000707500000, 0x0000000707500000, 0x0000000707600000|  0%| F|  |TAMS 0x0000000707500000, 0x0000000707500000| Untracked 
| 102|0x0000000707600000, 0x0000000707600000, 0x0000000707700000|  0%| F|  |TAMS 0x0000000707600000, 0x0000000707600000| Untracked 
| 103|0x0000000707700000, 0x0000000707700000, 0x0000000707800000|  0%| F|  |TAMS 0x0000000707700000, 0x0000000707700000| Untracked 
| 104|0x0000000707800000, 0x0000000707900000, 0x0000000707900000|100%| S|CS|TAMS 0x0000000707800000, 0x0000000707800000| Complete 
| 105|0x0000000707900000, 0x0000000707a00000, 0x0000000707a00000|100%| S|CS|TAMS 0x0000000707900000, 0x0000000707900000| Complete 
| 106|0x0000000707a00000, 0x0000000707b00000, 0x0000000707b00000|100%| S|CS|TAMS 0x0000000707a00000, 0x0000000707a00000| Complete 
| 107|0x0000000707b00000, 0x0000000707c00000, 0x0000000707c00000|100%| S|CS|TAMS 0x0000000707b00000, 0x0000000707b00000| Complete 
| 108|0x0000000707c00000, 0x0000000707d00000, 0x0000000707d00000|100%| S|CS|TAMS 0x0000000707c00000, 0x0000000707c00000| Complete 
| 109|0x0000000707d00000, 0x0000000707e00000, 0x0000000707e00000|100%| S|CS|TAMS 0x0000000707d00000, 0x0000000707d00000| Complete 
| 110|0x0000000707e00000, 0x0000000707f00000, 0x0000000707f00000|100%| S|CS|TAMS 0x0000000707e00000, 0x0000000707e00000| Complete 
| 111|0x0000000707f00000, 0x0000000708000000, 0x0000000708000000|100%| S|CS|TAMS 0x0000000707f00000, 0x0000000707f00000| Complete 
| 112|0x0000000708000000, 0x0000000708100000, 0x0000000708100000|100%| S|CS|TAMS 0x0000000708000000, 0x0000000708000000| Complete 
| 113|0x0000000708100000, 0x0000000708200000, 0x0000000708200000|100%| S|CS|TAMS 0x0000000708100000, 0x0000000708100000| Complete 
| 114|0x0000000708200000, 0x0000000708300000, 0x0000000708300000|100%| S|CS|TAMS 0x0000000708200000, 0x0000000708200000| Complete 
| 115|0x0000000708300000, 0x0000000708300000, 0x0000000708400000|  0%| F|  |TAMS 0x0000000708300000, 0x0000000708300000| Untracked 
| 116|0x0000000708400000, 0x0000000708400000, 0x0000000708500000|  0%| F|  |TAMS 0x0000000708400000, 0x0000000708400000| Untracked 
| 117|0x0000000708500000, 0x0000000708500000, 0x0000000708600000|  0%| F|  |TAMS 0x0000000708500000, 0x0000000708500000| Untracked 
| 118|0x0000000708600000, 0x0000000708600000, 0x0000000708700000|  0%| F|  |TAMS 0x0000000708600000, 0x0000000708600000| Untracked 
| 119|0x0000000708700000, 0x0000000708700000, 0x0000000708800000|  0%| F|  |TAMS 0x0000000708700000, 0x0000000708700000| Untracked 
| 120|0x0000000708800000, 0x0000000708800000, 0x0000000708900000|  0%| F|  |TAMS 0x0000000708800000, 0x0000000708800000| Untracked 
| 121|0x0000000708900000, 0x0000000708900000, 0x0000000708a00000|  0%| F|  |TAMS 0x0000000708900000, 0x0000000708900000| Untracked 
| 122|0x0000000708a00000, 0x0000000708a00000, 0x0000000708b00000|  0%| F|  |TAMS 0x0000000708a00000, 0x0000000708a00000| Untracked 
| 123|0x0000000708b00000, 0x0000000708b00000, 0x0000000708c00000|  0%| F|  |TAMS 0x0000000708b00000, 0x0000000708b00000| Untracked 
| 124|0x0000000708c00000, 0x0000000708c00000, 0x0000000708d00000|  0%| F|  |TAMS 0x0000000708c00000, 0x0000000708c00000| Untracked 
| 125|0x0000000708d00000, 0x0000000708d00000, 0x0000000708e00000|  0%| F|  |TAMS 0x0000000708d00000, 0x0000000708d00000| Untracked 
| 126|0x0000000708e00000, 0x0000000708e00000, 0x0000000708f00000|  0%| F|  |TAMS 0x0000000708e00000, 0x0000000708e00000| Untracked 
| 127|0x0000000708f00000, 0x0000000708f00000, 0x0000000709000000|  0%| F|  |TAMS 0x0000000708f00000, 0x0000000708f00000| Untracked 
| 128|0x0000000709000000, 0x0000000709000000, 0x0000000709100000|  0%| F|  |TAMS 0x0000000709000000, 0x0000000709000000| Untracked 
| 129|0x0000000709100000, 0x0000000709100000, 0x0000000709200000|  0%| F|  |TAMS 0x0000000709100000, 0x0000000709100000| Untracked 
| 130|0x0000000709200000, 0x0000000709263af0, 0x0000000709300000| 38%| E|  |TAMS 0x0000000709200000, 0x0000000709200000| Complete 
| 131|0x0000000709300000, 0x0000000709400000, 0x0000000709400000|100%| E|CS|TAMS 0x0000000709300000, 0x0000000709300000| Complete 
| 132|0x0000000709400000, 0x0000000709500000, 0x0000000709500000|100%| E|CS|TAMS 0x0000000709400000, 0x0000000709400000| Complete 
| 133|0x0000000709500000, 0x0000000709600000, 0x0000000709600000|100%| E|CS|TAMS 0x0000000709500000, 0x0000000709500000| Complete 
| 134|0x0000000709600000, 0x0000000709700000, 0x0000000709700000|100%| E|CS|TAMS 0x0000000709600000, 0x0000000709600000| Complete 
| 135|0x0000000709700000, 0x0000000709800000, 0x0000000709800000|100%| E|CS|TAMS 0x0000000709700000, 0x0000000709700000| Complete 
| 136|0x0000000709800000, 0x0000000709900000, 0x0000000709900000|100%| E|CS|TAMS 0x0000000709800000, 0x0000000709800000| Complete 
| 137|0x0000000709900000, 0x0000000709a00000, 0x0000000709a00000|100%| E|CS|TAMS 0x0000000709900000, 0x0000000709900000| Complete 
| 138|0x0000000709a00000, 0x0000000709b00000, 0x0000000709b00000|100%| E|CS|TAMS 0x0000000709a00000, 0x0000000709a00000| Complete 
| 139|0x0000000709b00000, 0x0000000709c00000, 0x0000000709c00000|100%| E|CS|TAMS 0x0000000709b00000, 0x0000000709b00000| Complete 
| 140|0x0000000709c00000, 0x0000000709d00000, 0x0000000709d00000|100%| E|CS|TAMS 0x0000000709c00000, 0x0000000709c00000| Complete 
| 141|0x0000000709d00000, 0x0000000709e00000, 0x0000000709e00000|100%| E|CS|TAMS 0x0000000709d00000, 0x0000000709d00000| Complete 
| 142|0x0000000709e00000, 0x0000000709f00000, 0x0000000709f00000|100%| E|CS|TAMS 0x0000000709e00000, 0x0000000709e00000| Complete 
| 143|0x0000000709f00000, 0x000000070a000000, 0x000000070a000000|100%| E|CS|TAMS 0x0000000709f00000, 0x0000000709f00000| Complete 
| 144|0x000000070a000000, 0x000000070a100000, 0x000000070a100000|100%| E|CS|TAMS 0x000000070a000000, 0x000000070a000000| Complete 
| 145|0x000000070a100000, 0x000000070a200000, 0x000000070a200000|100%| E|CS|TAMS 0x000000070a100000, 0x000000070a100000| Complete 
| 146|0x000000070a200000, 0x000000070a300000, 0x000000070a300000|100%| E|CS|TAMS 0x000000070a200000, 0x000000070a200000| Complete 
| 147|0x000000070a300000, 0x000000070a400000, 0x000000070a400000|100%| E|CS|TAMS 0x000000070a300000, 0x000000070a300000| Complete 
| 148|0x000000070a400000, 0x000000070a500000, 0x000000070a500000|100%| E|CS|TAMS 0x000000070a400000, 0x000000070a400000| Complete 
| 149|0x000000070a500000, 0x000000070a600000, 0x000000070a600000|100%| E|CS|TAMS 0x000000070a500000, 0x000000070a500000| Complete 
| 150|0x000000070a600000, 0x000000070a700000, 0x000000070a700000|100%| E|CS|TAMS 0x000000070a600000, 0x000000070a600000| Complete 
| 151|0x000000070a700000, 0x000000070a800000, 0x000000070a800000|100%| E|CS|TAMS 0x000000070a700000, 0x000000070a700000| Complete 
| 152|0x000000070a800000, 0x000000070a900000, 0x000000070a900000|100%| E|CS|TAMS 0x000000070a800000, 0x000000070a800000| Complete 
| 153|0x000000070a900000, 0x000000070aa00000, 0x000000070aa00000|100%| E|CS|TAMS 0x000000070a900000, 0x000000070a900000| Complete 
| 154|0x000000070aa00000, 0x000000070ab00000, 0x000000070ab00000|100%| E|CS|TAMS 0x000000070aa00000, 0x000000070aa00000| Complete 
| 155|0x000000070ab00000, 0x000000070ac00000, 0x000000070ac00000|100%| E|CS|TAMS 0x000000070ab00000, 0x000000070ab00000| Complete 
| 156|0x000000070ac00000, 0x000000070ad00000, 0x000000070ad00000|100%| E|CS|TAMS 0x000000070ac00000, 0x000000070ac00000| Complete 
| 157|0x000000070ad00000, 0x000000070ae00000, 0x000000070ae00000|100%| E|CS|TAMS 0x000000070ad00000, 0x000000070ad00000| Complete 
| 158|0x000000070ae00000, 0x000000070af00000, 0x000000070af00000|100%| E|CS|TAMS 0x000000070ae00000, 0x000000070ae00000| Complete 
| 159|0x000000070af00000, 0x000000070b000000, 0x000000070b000000|100%| E|CS|TAMS 0x000000070af00000, 0x000000070af00000| Complete 
| 160|0x000000070b000000, 0x000000070b100000, 0x000000070b100000|100%| E|CS|TAMS 0x000000070b000000, 0x000000070b000000| Complete 
| 161|0x000000070b100000, 0x000000070b200000, 0x000000070b200000|100%| E|CS|TAMS 0x000000070b100000, 0x000000070b100000| Complete 
| 162|0x000000070b200000, 0x000000070b300000, 0x000000070b300000|100%| E|CS|TAMS 0x000000070b200000, 0x000000070b200000| Complete 
| 163|0x000000070b300000, 0x000000070b400000, 0x000000070b400000|100%| E|CS|TAMS 0x000000070b300000, 0x000000070b300000| Complete 
| 164|0x000000070b400000, 0x000000070b500000, 0x000000070b500000|100%| E|CS|TAMS 0x000000070b400000, 0x000000070b400000| Complete 
| 165|0x000000070b500000, 0x000000070b600000, 0x000000070b600000|100%| E|CS|TAMS 0x000000070b500000, 0x000000070b500000| Complete 
| 166|0x000000070b600000, 0x000000070b700000, 0x000000070b700000|100%| E|CS|TAMS 0x000000070b600000, 0x000000070b600000| Complete 
| 167|0x000000070b700000, 0x000000070b800000, 0x000000070b800000|100%| E|CS|TAMS 0x000000070b700000, 0x000000070b700000| Complete 
| 168|0x000000070b800000, 0x000000070b900000, 0x000000070b900000|100%| E|CS|TAMS 0x000000070b800000, 0x000000070b800000| Complete 
| 169|0x000000070b900000, 0x000000070ba00000, 0x000000070ba00000|100%| E|CS|TAMS 0x000000070b900000, 0x000000070b900000| Complete 
| 170|0x000000070ba00000, 0x000000070bb00000, 0x000000070bb00000|100%| E|CS|TAMS 0x000000070ba00000, 0x000000070ba00000| Complete 
| 171|0x000000070bb00000, 0x000000070bc00000, 0x000000070bc00000|100%| E|CS|TAMS 0x000000070bb00000, 0x000000070bb00000| Complete 
| 172|0x000000070bc00000, 0x000000070bd00000, 0x000000070bd00000|100%| E|CS|TAMS 0x000000070bc00000, 0x000000070bc00000| Complete 
| 173|0x000000070bd00000, 0x000000070be00000, 0x000000070be00000|100%| E|CS|TAMS 0x000000070bd00000, 0x000000070bd00000| Complete 
| 174|0x000000070be00000, 0x000000070bf00000, 0x000000070bf00000|100%| E|CS|TAMS 0x000000070be00000, 0x000000070be00000| Complete 
| 175|0x000000070bf00000, 0x000000070c000000, 0x000000070c000000|100%| E|CS|TAMS 0x000000070bf00000, 0x000000070bf00000| Complete 
| 176|0x000000070c000000, 0x000000070c100000, 0x000000070c100000|100%| E|CS|TAMS 0x000000070c000000, 0x000000070c000000| Complete 
| 177|0x000000070c100000, 0x000000070c200000, 0x000000070c200000|100%| E|CS|TAMS 0x000000070c100000, 0x000000070c100000| Complete 
| 178|0x000000070c200000, 0x000000070c300000, 0x000000070c300000|100%| E|CS|TAMS 0x000000070c200000, 0x000000070c200000| Complete 
| 179|0x000000070c300000, 0x000000070c400000, 0x000000070c400000|100%| E|CS|TAMS 0x000000070c300000, 0x000000070c300000| Complete 
| 180|0x000000070c400000, 0x000000070c500000, 0x000000070c500000|100%| E|CS|TAMS 0x000000070c400000, 0x000000070c400000| Complete 
| 181|0x000000070c500000, 0x000000070c600000, 0x000000070c600000|100%| E|CS|TAMS 0x000000070c500000, 0x000000070c500000| Complete 
| 182|0x000000070c600000, 0x000000070c700000, 0x000000070c700000|100%| E|CS|TAMS 0x000000070c600000, 0x000000070c600000| Complete 
| 183|0x000000070c700000, 0x000000070c800000, 0x000000070c800000|100%| E|CS|TAMS 0x000000070c700000, 0x000000070c700000| Complete 
| 184|0x000000070c800000, 0x000000070c900000, 0x000000070c900000|100%| E|CS|TAMS 0x000000070c800000, 0x000000070c800000| Complete 
| 185|0x000000070c900000, 0x000000070ca00000, 0x000000070ca00000|100%| E|CS|TAMS 0x000000070c900000, 0x000000070c900000| Complete 
| 186|0x000000070ca00000, 0x000000070cb00000, 0x000000070cb00000|100%| E|CS|TAMS 0x000000070ca00000, 0x000000070ca00000| Complete 
| 187|0x000000070cb00000, 0x000000070cc00000, 0x000000070cc00000|100%| E|CS|TAMS 0x000000070cb00000, 0x000000070cb00000| Complete 
| 188|0x000000070cc00000, 0x000000070cd00000, 0x000000070cd00000|100%| E|CS|TAMS 0x000000070cc00000, 0x000000070cc00000| Complete 
| 189|0x000000070cd00000, 0x000000070ce00000, 0x000000070ce00000|100%| E|CS|TAMS 0x000000070cd00000, 0x000000070cd00000| Complete 
| 190|0x000000070ce00000, 0x000000070cf00000, 0x000000070cf00000|100%| E|CS|TAMS 0x000000070ce00000, 0x000000070ce00000| Complete 
| 191|0x000000070cf00000, 0x000000070d000000, 0x000000070d000000|100%| E|CS|TAMS 0x000000070cf00000, 0x000000070cf00000| Complete 
| 192|0x000000070d000000, 0x000000070d100000, 0x000000070d100000|100%| E|CS|TAMS 0x000000070d000000, 0x000000070d000000| Complete 
| 193|0x000000070d100000, 0x000000070d200000, 0x000000070d200000|100%| E|CS|TAMS 0x000000070d100000, 0x000000070d100000| Complete 
| 194|0x000000070d200000, 0x000000070d300000, 0x000000070d300000|100%| E|CS|TAMS 0x000000070d200000, 0x000000070d200000| Complete 
| 195|0x000000070d300000, 0x000000070d400000, 0x000000070d400000|100%| E|CS|TAMS 0x000000070d300000, 0x000000070d300000| Complete 
| 196|0x000000070d400000, 0x000000070d500000, 0x000000070d500000|100%| E|CS|TAMS 0x000000070d400000, 0x000000070d400000| Complete 
| 197|0x000000070d500000, 0x000000070d600000, 0x000000070d600000|100%| E|CS|TAMS 0x000000070d500000, 0x000000070d500000| Complete 
| 198|0x000000070d600000, 0x000000070d700000, 0x000000070d700000|100%| E|CS|TAMS 0x000000070d600000, 0x000000070d600000| Complete 
| 199|0x000000070d700000, 0x000000070d800000, 0x000000070d800000|100%| E|CS|TAMS 0x000000070d700000, 0x000000070d700000| Complete 
| 200|0x000000070d800000, 0x000000070d900000, 0x000000070d900000|100%| E|CS|TAMS 0x000000070d800000, 0x000000070d800000| Complete 
| 201|0x000000070d900000, 0x000000070da00000, 0x000000070da00000|100%| E|CS|TAMS 0x000000070d900000, 0x000000070d900000| Complete 
| 202|0x000000070da00000, 0x000000070db00000, 0x000000070db00000|100%| E|CS|TAMS 0x000000070da00000, 0x000000070da00000| Complete 
| 203|0x000000070db00000, 0x000000070dc00000, 0x000000070dc00000|100%| E|CS|TAMS 0x000000070db00000, 0x000000070db00000| Complete 
| 204|0x000000070dc00000, 0x000000070dd00000, 0x000000070dd00000|100%| E|CS|TAMS 0x000000070dc00000, 0x000000070dc00000| Complete 
| 205|0x000000070dd00000, 0x000000070de00000, 0x000000070de00000|100%| E|CS|TAMS 0x000000070dd00000, 0x000000070dd00000| Complete 
| 206|0x000000070de00000, 0x000000070df00000, 0x000000070df00000|100%| E|CS|TAMS 0x000000070de00000, 0x000000070de00000| Complete 
| 207|0x000000070df00000, 0x000000070e000000, 0x000000070e000000|100%| E|CS|TAMS 0x000000070df00000, 0x000000070df00000| Complete 
| 208|0x000000070e000000, 0x000000070e100000, 0x000000070e100000|100%| E|CS|TAMS 0x000000070e000000, 0x000000070e000000| Complete 
| 209|0x000000070e100000, 0x000000070e200000, 0x000000070e200000|100%| E|CS|TAMS 0x000000070e100000, 0x000000070e100000| Complete 
| 210|0x000000070e200000, 0x000000070e300000, 0x000000070e300000|100%| E|CS|TAMS 0x000000070e200000, 0x000000070e200000| Complete 
| 211|0x000000070e300000, 0x000000070e400000, 0x000000070e400000|100%| E|CS|TAMS 0x000000070e300000, 0x000000070e300000| Complete 
| 212|0x000000070e400000, 0x000000070e500000, 0x000000070e500000|100%| E|CS|TAMS 0x000000070e400000, 0x000000070e400000| Complete 
| 213|0x000000070e500000, 0x000000070e600000, 0x000000070e600000|100%| E|CS|TAMS 0x000000070e500000, 0x000000070e500000| Complete 
| 214|0x000000070e600000, 0x000000070e700000, 0x000000070e700000|100%| E|CS|TAMS 0x000000070e600000, 0x000000070e600000| Complete 
| 215|0x000000070e700000, 0x000000070e800000, 0x000000070e800000|100%| E|CS|TAMS 0x000000070e700000, 0x000000070e700000| Complete 
| 216|0x000000070e800000, 0x000000070e900000, 0x000000070e900000|100%| E|CS|TAMS 0x000000070e800000, 0x000000070e800000| Complete 
| 217|0x000000070e900000, 0x000000070ea00000, 0x000000070ea00000|100%| E|CS|TAMS 0x000000070e900000, 0x000000070e900000| Complete 
| 218|0x000000070ea00000, 0x000000070eb00000, 0x000000070eb00000|100%| E|CS|TAMS 0x000000070ea00000, 0x000000070ea00000| Complete 
| 219|0x000000070eb00000, 0x000000070ec00000, 0x000000070ec00000|100%| E|CS|TAMS 0x000000070eb00000, 0x000000070eb00000| Complete 
| 220|0x000000070ec00000, 0x000000070ed00000, 0x000000070ed00000|100%| E|CS|TAMS 0x000000070ec00000, 0x000000070ec00000| Complete 
| 221|0x000000070ed00000, 0x000000070ee00000, 0x000000070ee00000|100%| E|CS|TAMS 0x000000070ed00000, 0x000000070ed00000| Complete 
| 222|0x000000070ee00000, 0x000000070ef00000, 0x000000070ef00000|100%| E|CS|TAMS 0x000000070ee00000, 0x000000070ee00000| Complete 
| 223|0x000000070ef00000, 0x000000070f000000, 0x000000070f000000|100%| E|CS|TAMS 0x000000070ef00000, 0x000000070ef00000| Complete 
| 224|0x000000070f000000, 0x000000070f100000, 0x000000070f100000|100%| E|CS|TAMS 0x000000070f000000, 0x000000070f000000| Complete 
| 225|0x000000070f100000, 0x000000070f200000, 0x000000070f200000|100%| E|CS|TAMS 0x000000070f100000, 0x000000070f100000| Complete 
| 226|0x000000070f200000, 0x000000070f300000, 0x000000070f300000|100%| E|CS|TAMS 0x000000070f200000, 0x000000070f200000| Complete 
| 227|0x000000070f300000, 0x000000070f400000, 0x000000070f400000|100%| E|CS|TAMS 0x000000070f300000, 0x000000070f300000| Complete 
| 228|0x000000070f400000, 0x000000070f500000, 0x000000070f500000|100%| E|CS|TAMS 0x000000070f400000, 0x000000070f400000| Complete 
| 229|0x000000070f500000, 0x000000070f600000, 0x000000070f600000|100%| E|CS|TAMS 0x000000070f500000, 0x000000070f500000| Complete 
| 230|0x000000070f600000, 0x000000070f700000, 0x000000070f700000|100%| E|CS|TAMS 0x000000070f600000, 0x000000070f600000| Complete 
| 231|0x000000070f700000, 0x000000070f800000, 0x000000070f800000|100%| E|CS|TAMS 0x000000070f700000, 0x000000070f700000| Complete 
| 232|0x000000070f800000, 0x000000070f900000, 0x000000070f900000|100%| E|CS|TAMS 0x000000070f800000, 0x000000070f800000| Complete 
| 233|0x000000070f900000, 0x000000070fa00000, 0x000000070fa00000|100%| E|CS|TAMS 0x000000070f900000, 0x000000070f900000| Complete 
| 234|0x000000070fa00000, 0x000000070fb00000, 0x000000070fb00000|100%| E|CS|TAMS 0x000000070fa00000, 0x000000070fa00000| Complete 
| 235|0x000000070fb00000, 0x000000070fc00000, 0x000000070fc00000|100%| E|CS|TAMS 0x000000070fb00000, 0x000000070fb00000| Complete 
| 236|0x000000070fc00000, 0x000000070fd00000, 0x000000070fd00000|100%| E|CS|TAMS 0x000000070fc00000, 0x000000070fc00000| Complete 
| 237|0x000000070fd00000, 0x000000070fe00000, 0x000000070fe00000|100%| E|CS|TAMS 0x000000070fd00000, 0x000000070fd00000| Complete 
| 238|0x000000070fe00000, 0x000000070ff00000, 0x000000070ff00000|100%| E|CS|TAMS 0x000000070fe00000, 0x000000070fe00000| Complete 
| 239|0x000000070ff00000, 0x0000000710000000, 0x0000000710000000|100%| E|CS|TAMS 0x000000070ff00000, 0x000000070ff00000| Complete 
| 240|0x0000000710000000, 0x0000000710100000, 0x0000000710100000|100%| E|CS|TAMS 0x0000000710000000, 0x0000000710000000| Complete 
| 241|0x0000000710100000, 0x0000000710200000, 0x0000000710200000|100%| E|CS|TAMS 0x0000000710100000, 0x0000000710100000| Complete 
| 242|0x0000000710200000, 0x0000000710300000, 0x0000000710300000|100%| E|CS|TAMS 0x0000000710200000, 0x0000000710200000| Complete 
| 243|0x0000000710300000, 0x0000000710400000, 0x0000000710400000|100%| E|CS|TAMS 0x0000000710300000, 0x0000000710300000| Complete 
| 244|0x0000000710400000, 0x0000000710500000, 0x0000000710500000|100%| E|CS|TAMS 0x0000000710400000, 0x0000000710400000| Complete 
| 245|0x0000000710500000, 0x0000000710600000, 0x0000000710600000|100%| E|CS|TAMS 0x0000000710500000, 0x0000000710500000| Complete 
| 246|0x0000000710600000, 0x0000000710700000, 0x0000000710700000|100%| E|CS|TAMS 0x0000000710600000, 0x0000000710600000| Complete 
| 247|0x0000000710700000, 0x0000000710800000, 0x0000000710800000|100%| E|CS|TAMS 0x0000000710700000, 0x0000000710700000| Complete 
| 248|0x0000000710800000, 0x0000000710900000, 0x0000000710900000|100%| E|CS|TAMS 0x0000000710800000, 0x0000000710800000| Complete 
| 249|0x0000000710900000, 0x0000000710a00000, 0x0000000710a00000|100%| E|CS|TAMS 0x0000000710900000, 0x0000000710900000| Complete 
| 250|0x0000000710a00000, 0x0000000710b00000, 0x0000000710b00000|100%| E|CS|TAMS 0x0000000710a00000, 0x0000000710a00000| Complete 
| 251|0x0000000710b00000, 0x0000000710c00000, 0x0000000710c00000|100%| E|CS|TAMS 0x0000000710b00000, 0x0000000710b00000| Complete 
| 252|0x0000000710c00000, 0x0000000710d00000, 0x0000000710d00000|100%| E|CS|TAMS 0x0000000710c00000, 0x0000000710c00000| Complete 
| 253|0x0000000710d00000, 0x0000000710e00000, 0x0000000710e00000|100%| E|CS|TAMS 0x0000000710d00000, 0x0000000710d00000| Complete 
| 254|0x0000000710e00000, 0x0000000710f00000, 0x0000000710f00000|100%| E|CS|TAMS 0x0000000710e00000, 0x0000000710e00000| Complete 
| 255|0x0000000710f00000, 0x0000000711000000, 0x0000000711000000|100%| E|CS|TAMS 0x0000000710f00000, 0x0000000710f00000| Complete 

Card table byte_map: [0x000001e552520000,0x000001e552d20000] _byte_map_base: 0x000001e54ed18000

Marking Bits (Prev, Next): (CMBitMap*) 0x000001e539e21300, (CMBitMap*) 0x000001e539e212c8
 Prev Bits: [0x000001e5574e0000, 0x000001e55b4a0000)
 Next Bits: [0x000001e553520000, 0x000001e5574e0000)

Polling page: 0x000001e537d50000

Metaspace:

Usage:
  Non-class:     59.42 MB capacity,    58.18 MB ( 98%) used,     1.02 MB (  2%) free+waste,   223.38 KB ( <1%) overhead. 
      Class:     10.92 MB capacity,    10.31 MB ( 94%) used,   512.70 KB (  5%) free+waste,   104.38 KB ( <1%) overhead. 
       Both:     70.33 MB capacity,    68.50 MB ( 97%) used,     1.52 MB (  2%) free+waste,   327.75 KB ( <1%) overhead. 

Virtual space:
  Non-class space:       60.00 MB reserved,      59.54 MB (>99%) committed 
      Class space:        1.00 GB reserved,      11.00 MB (  1%) committed 
             Both:        1.06 GB reserved,      70.54 MB (  7%) committed 

Chunk freelists:
   Non-Class:  0 bytes
       Class:  0 bytes
        Both:  0 bytes

MaxMetaspaceSize: 17179869184.00 GB
CompressedClassSpaceSize: 1.00 GB

CodeHeap 'non-profiled nmethods': size=119168Kb used=5811Kb max_used=9665Kb free=113356Kb
 bounds [0x000001e54a040000, 0x000001e54a9c0000, 0x000001e5514a0000]
CodeHeap 'profiled nmethods': size=119168Kb used=8400Kb max_used=17625Kb free=110767Kb
 bounds [0x000001e542be0000, 0x000001e543d30000, 0x000001e54a040000]
CodeHeap 'non-nmethods': size=7424Kb used=3039Kb max_used=3182Kb free=4384Kb
 bounds [0x000001e5424a0000, 0x000001e542810000, 0x000001e542be0000]
 total_blobs=6949 nmethods=6298 adapters=567
 compilation: enabled
              stopped_count=0, restarted_count=0
 full_count=0

Compilation events (20 events):
Event: 1080.614 Thread 0x000001e5604bb000 nmethod 30553 0x000001e543181a10 code [0x000001e543181be0, 0x000001e543181df8]
Event: 1080.614 Thread 0x000001e5604bb000 30557       2       java.util.concurrent.locks.AbstractQueuedSynchronizer::compareAndSetTail (10 bytes)
Event: 1080.614 Thread 0x000001e5604b8000 nmethod 30416 0x000001e543180b10 code [0x000001e543180da0, 0x000001e543181518]
Event: 1080.614 Thread 0x000001e55ef34800 nmethod 30552 0x000001e543180290 code [0x000001e5431804a0, 0x000001e5431808d8]
Event: 1080.614 Thread 0x000001e5604b8000 30551       2       sun.invoke.util.VerifyAccess::isTypeVisible (118 bytes)
Event: 1080.614 Thread 0x000001e55ef34800 30546       2       java.lang.invoke.MethodTypeForm::parameterSlotCount (9 bytes)
Event: 1080.614 Thread 0x000001e5604bb000 nmethod 30557 0x000001e54317f790 code [0x000001e54317f9c0, 0x000001e54317ff38]
Event: 1080.614 Thread 0x000001e5604bb000 30550       2       sun.invoke.util.Wrapper::hashPrim (30 bytes)
Event: 1080.614 Thread 0x000001e55ef34800 nmethod 30546 0x000001e54317f410 code [0x000001e54317f5c0, 0x000001e54317f6d8]
Event: 1080.614 Thread 0x000001e55ef34800 30332       2       java.lang.Class::privateGetPublicMethods (224 bytes)
Event: 1080.615 Thread 0x000001e5604b7000 nmethod 30461% 0x000001e54a43f890 code [0x000001e54a43fac0, 0x000001e54a441b48]
Event: 1080.615 Thread 0x000001e5604b7000 30555       4       java.lang.Object::<init> (1 bytes)
Event: 1080.615 Thread 0x000001e5604bb000 nmethod 30550 0x000001e54317e990 code [0x000001e54317eba0, 0x000001e54317f088]
Event: 1080.615 Thread 0x000001e5604bb000 30558   !   2       java.lang.invoke.MethodHandleNatives::varHandleOperationLinkerMethod (221 bytes)
Event: 1080.615 Thread 0x000001e55ef34800 nmethod 30332 0x000001e54317d810 code [0x000001e54317da60, 0x000001e54317e258]
Event: 1080.615 Thread 0x000001e55ef34800 30563 %     2       jdk.internal.org.objectweb.asm.ByteVector::putUTF8 @ 74 (142 bytes)
Event: 1080.615 Thread 0x000001e5604b7000 nmethod 30555 0x000001e54a43f590 code [0x000001e54a43f720, 0x000001e54a43f7b8]
Event: 1080.616 Thread 0x000001e5604b7000 30562       4       java.lang.StringLatin1::replace (196 bytes)
Event: 1080.616 Thread 0x000001e5604b6000 nmethod 30287 0x000001e54a43c010 code [0x000001e54a43c300, 0x000001e54a43ea40]
Event: 1080.616 Thread 0x000001e5604b8000 nmethod 30551 0x000001e54317c690 code [0x000001e54317c920, 0x000001e54317d208]

GC Heap History (18 events):
Event: 0.603 GC heap before
{Heap before GC invocations=0 (full 0):
 garbage-first heap   total 262144K, used 28672K [0x0000000701000000, 0x0000000800000000)
  region size 1024K, 24 young (24576K), 0 survivors (0K)
 Metaspace       used 9776K, capacity 9883K, committed 9984K, reserved 1058816K
  class space    used 898K, capacity 948K, committed 1024K, reserved 1048576K
}
Event: 0.608 GC heap after
{Heap after GC invocations=1 (full 0):
 garbage-first heap   total 262144K, used 12558K [0x0000000701000000, 0x0000000800000000)
  region size 1024K, 3 young (3072K), 3 survivors (3072K)
 Metaspace       used 9776K, capacity 9883K, committed 9984K, reserved 1058816K
  class space    used 898K, capacity 948K, committed 1024K, reserved 1048576K
}
Event: 15.056 GC heap before
{Heap before GC invocations=1 (full 0):
 garbage-first heap   total 262144K, used 52494K [0x0000000701000000, 0x0000000800000000)
  region size 1024K, 43 young (44032K), 3 survivors (3072K)
 Metaspace       used 18764K, capacity 19034K, committed 19328K, reserved 1067008K
  class space    used 2314K, capacity 2417K, committed 2432K, reserved 1048576K
}
Event: 15.062 GC heap after
{Heap after GC invocations=2 (full 0):
 garbage-first heap   total 262144K, used 14784K [0x0000000701000000, 0x0000000800000000)
  region size 1024K, 6 young (6144K), 6 survivors (6144K)
 Metaspace       used 18764K, capacity 19034K, committed 19328K, reserved 1067008K
  class space    used 2314K, capacity 2417K, committed 2432K, reserved 1048576K
}
Event: 15.242 GC heap before
{Heap before GC invocations=2 (full 0):
 garbage-first heap   total 262144K, used 25024K [0x0000000701000000, 0x0000000800000000)
  region size 1024K, 17 young (17408K), 6 survivors (6144K)
 Metaspace       used 20751K, capacity 21018K, committed 21296K, reserved 1067008K
  class space    used 2844K, capacity 2929K, committed 2944K, reserved 1048576K
}
Event: 15.248 GC heap after
{Heap after GC invocations=3 (full 0):
 garbage-first heap   total 262144K, used 15361K [0x0000000701000000, 0x0000000800000000)
  region size 1024K, 3 young (3072K), 3 survivors (3072K)
 Metaspace       used 20751K, capacity 21018K, committed 21296K, reserved 1067008K
  class space    used 2844K, capacity 2929K, committed 2944K, reserved 1048576K
}
Event: 15.997 GC heap before
{Heap before GC invocations=4 (full 0):
 garbage-first heap   total 262144K, used 73729K [0x0000000701000000, 0x0000000800000000)
  region size 1024K, 61 young (62464K), 3 survivors (3072K)
 Metaspace       used 28552K, capacity 28868K, committed 29232K, reserved 1073152K
  class space    used 4581K, capacity 4691K, committed 4736K, reserved 1048576K
}
Event: 16.003 GC heap after
{Heap after GC invocations=5 (full 0):
 garbage-first heap   total 262144K, used 17901K [0x0000000701000000, 0x0000000800000000)
  region size 1024K, 6 young (6144K), 6 survivors (6144K)
 Metaspace       used 28552K, capacity 28868K, committed 29232K, reserved 1073152K
  class space    used 4581K, capacity 4691K, committed 4736K, reserved 1048576K
}
Event: 16.660 GC heap before
{Heap before GC invocations=5 (full 0):
 garbage-first heap   total 262144K, used 81389K [0x0000000701000000, 0x0000000800000000)
  region size 1024K, 69 young (70656K), 6 survivors (6144K)
 Metaspace       used 35188K, capacity 35478K, committed 35708K, reserved 1079296K
  class space    used 5980K, capacity 6106K, committed 6144K, reserved 1048576K
}
Event: 16.680 GC heap after
{Heap after GC invocations=6 (full 0):
 garbage-first heap   total 262144K, used 20663K [0x0000000701000000, 0x0000000800000000)
  region size 1024K, 9 young (9216K), 9 survivors (9216K)
 Metaspace       used 35188K, capacity 35478K, committed 35708K, reserved 1079296K
  class space    used 5980K, capacity 6106K, committed 6144K, reserved 1048576K
}
Event: 18.031 GC heap before
{Heap before GC invocations=7 (full 0):
 garbage-first heap   total 262144K, used 153783K [0x0000000701000000, 0x0000000800000000)
  region size 1024K, 135 young (138240K), 9 survivors (9216K)
 Metaspace       used 51063K, capacity 51470K, committed 51708K, reserved 1093632K
  class space    used 7620K, capacity 7747K, committed 7808K, reserved 1048576K
}
Event: 18.052 GC heap after
{Heap after GC invocations=8 (full 0):
 garbage-first heap   total 262144K, used 28012K [0x0000000701000000, 0x0000000800000000)
  region size 1024K, 16 young (16384K), 16 survivors (16384K)
 Metaspace       used 51063K, capacity 51470K, committed 51708K, reserved 1093632K
  class space    used 7620K, capacity 7747K, committed 7808K, reserved 1048576K
}
Event: 18.974 GC heap before
{Heap before GC invocations=8 (full 0):
 garbage-first heap   total 262144K, used 124268K [0x0000000701000000, 0x0000000800000000)
  region size 1024K, 111 young (113664K), 16 survivors (16384K)
 Metaspace       used 59255K, capacity 59830K, committed 59940K, reserved 1099776K
  class space    used 8975K, capacity 9189K, committed 9216K, reserved 1048576K
}
Event: 18.995 GC heap after
{Heap after GC invocations=9 (full 0):
 garbage-first heap   total 262144K, used 34927K [0x0000000701000000, 0x0000000800000000)
  region size 1024K, 17 young (17408K), 17 survivors (17408K)
 Metaspace       used 59255K, capacity 59830K, committed 59940K, reserved 1099776K
  class space    used 8975K, capacity 9189K, committed 9216K, reserved 1048576K
}
Event: 239.187 GC heap before
{Heap before GC invocations=10 (full 0):
 garbage-first heap   total 262144K, used 173167K [0x0000000701000000, 0x0000000800000000)
  region size 1024K, 153 young (156672K), 17 survivors (17408K)
 Metaspace       used 67943K, capacity 68836K, committed 69156K, reserved 1107968K
  class space    used 10076K, capacity 10398K, committed 10496K, reserved 1048576K
}
Event: 239.202 GC heap after
{Heap after GC invocations=11 (full 0):
 garbage-first heap   total 262144K, used 38589K [0x0000000701000000, 0x0000000800000000)
  region size 1024K, 12 young (12288K), 12 survivors (12288K)
 Metaspace       used 67943K, capacity 68836K, committed 69156K, reserved 1107968K
  class space    used 10076K, capacity 10398K, committed 10496K, reserved 1048576K
}
Event: 700.668 GC heap before
{Heap before GC invocations=11 (full 0):
 garbage-first heap   total 262144K, used 182973K [0x0000000701000000, 0x0000000800000000)
  region size 1024K, 153 young (156672K), 12 survivors (12288K)
 Metaspace       used 68794K, capacity 70070K, committed 70180K, reserved 1110016K
  class space    used 10235K, capacity 10674K, committed 10752K, reserved 1048576K
}
Event: 700.680 GC heap after
{Heap after GC invocations=12 (full 0):
 garbage-first heap   total 262144K, used 38357K [0x0000000701000000, 0x0000000800000000)
  region size 1024K, 11 young (11264K), 11 survivors (11264K)
 Metaspace       used 68794K, capacity 70070K, committed 70180K, reserved 1110016K
  class space    used 10235K, capacity 10674K, committed 10752K, reserved 1048576K
}

Deoptimization events (20 events):
Event: 1080.613 Thread 0x000001e56012c800 DEOPT PACKING pc=0x000001e543170964 sp=0x0000002988bfdfb0
Event: 1080.613 Thread 0x000001e56012c800 DEOPT UNPACKING pc=0x000001e5424dbb5e sp=0x0000002988bfd498 mode 0
Event: 1080.613 Thread 0x000001e56012c800 DEOPT PACKING pc=0x000001e54314e744 sp=0x0000002988bfe0a0
Event: 1080.613 Thread 0x000001e56012c800 DEOPT UNPACKING pc=0x000001e5424dbb5e sp=0x0000002988bfd540 mode 0
Event: 1080.613 Thread 0x000001e56012c800 DEOPT PACKING pc=0x000001e543149074 sp=0x0000002988bfe180
Event: 1080.613 Thread 0x000001e56012c800 DEOPT UNPACKING pc=0x000001e5424dbb5e sp=0x0000002988bfd628 mode 0
Event: 1080.613 Thread 0x000001e56012c800 DEOPT PACKING pc=0x000001e54314e744 sp=0x0000002988bfe2a0
Event: 1080.613 Thread 0x000001e56012c800 DEOPT UNPACKING pc=0x000001e5424dbb5e sp=0x0000002988bfd740 mode 0
Event: 1080.613 Thread 0x000001e56012c800 DEOPT PACKING pc=0x000001e543149074 sp=0x0000002988bfe380
Event: 1080.613 Thread 0x000001e56012c800 DEOPT UNPACKING pc=0x000001e5424dbb5e sp=0x0000002988bfd820 mode 0
Event: 1080.613 Thread 0x000001e56012c800 DEOPT PACKING pc=0x000001e543170964 sp=0x0000002988bfe3c0
Event: 1080.613 Thread 0x000001e56012c800 DEOPT UNPACKING pc=0x000001e5424dbb5e sp=0x0000002988bfd8a8 mode 0
Event: 1080.613 Thread 0x000001e56012c800 DEOPT PACKING pc=0x000001e54314e744 sp=0x0000002988bfe4b0
Event: 1080.613 Thread 0x000001e56012c800 DEOPT UNPACKING pc=0x000001e5424dbb5e sp=0x0000002988bfd950 mode 0
Event: 1080.613 Thread 0x000001e56012c800 DEOPT PACKING pc=0x000001e543149074 sp=0x0000002988bfe590
Event: 1080.613 Thread 0x000001e56012c800 DEOPT UNPACKING pc=0x000001e5424dbb5e sp=0x0000002988bfda38 mode 0
Event: 1080.613 Thread 0x000001e56012c800 DEOPT PACKING pc=0x000001e54314e744 sp=0x0000002988bfe6b0
Event: 1080.613 Thread 0x000001e56012c800 DEOPT UNPACKING pc=0x000001e5424dbb5e sp=0x0000002988bfdb50 mode 0
Event: 1080.613 Thread 0x000001e56012c800 DEOPT PACKING pc=0x000001e543149074 sp=0x0000002988bfe790
Event: 1080.613 Thread 0x000001e56012c800 DEOPT UNPACKING pc=0x000001e5424dbb5e sp=0x0000002988bfdc38 mode 0

Classes redefined (20 events):
Event: 1046.802 Thread 0x000001e55ee9c800 redefined class name=genspark.assignments.section8.CreateAFile, count=33
Event: 1046.888 Thread 0x000001e55ee9c800 redefined class name=genspark.assignments.section8.CreateAFile, count=34
Event: 1046.981 Thread 0x000001e55ee9c800 redefined class name=genspark.assignments.section8.CreateAFile, count=35
Event: 1047.079 Thread 0x000001e55ee9c800 redefined class name=genspark.assignments.section8.CreateAFile, count=36
Event: 1047.169 Thread 0x000001e55ee9c800 redefined class name=genspark.assignments.section8.CreateAFile, count=37
Event: 1047.254 Thread 0x000001e55ee9c800 redefined class name=genspark.assignments.section8.CreateAFile, count=38
Event: 1069.959 Thread 0x000001e55ee9c800 redefined class name=genspark.assignments.section8.CreateAFile, count=39
Event: 1070.066 Thread 0x000001e55ee9c800 redefined class name=genspark.assignments.section8.CreateAFile, count=40
Event: 1070.157 Thread 0x000001e55ee9c800 redefined class name=genspark.assignments.section8.CreateAFile, count=41
Event: 1070.242 Thread 0x000001e55ee9c800 redefined class name=genspark.assignments.section8.CreateAFile, count=42
Event: 1070.328 Thread 0x000001e55ee9c800 redefined class name=genspark.assignments.section8.CreateAFile, count=43
Event: 1070.429 Thread 0x000001e55ee9c800 redefined class name=genspark.assignments.section8.CreateAFile, count=44
Event: 1070.535 Thread 0x000001e55ee9c800 redefined class name=genspark.assignments.section8.CreateAFile, count=45
Event: 1070.622 Thread 0x000001e55ee9c800 redefined class name=genspark.assignments.section8.CreateAFile, count=46
Event: 1070.717 Thread 0x000001e55ee9c800 redefined class name=genspark.assignments.section8.CreateAFile, count=47
Event: 1070.811 Thread 0x000001e55ee9c800 redefined class name=genspark.assignments.section8.CreateAFile, count=48
Event: 1080.264 Thread 0x000001e55ee9c800 redefined class name=genspark.assignments.section8.CreateAFile, count=49
Event: 1080.363 Thread 0x000001e55ee9c800 redefined class name=genspark.assignments.section8.CreateAFile, count=50
Event: 1080.455 Thread 0x000001e55ee9c800 redefined class name=genspark.assignments.section8.CreateAFile, count=51
Event: 1080.548 Thread 0x000001e55ee9c800 redefined class name=genspark.assignments.section8.CreateAFile, count=52

Internal exceptions (20 events):
Event: 1036.707 Thread 0x000001e560006800 Exception <a 'java/lang/NoSuchMethodError'{0x000000070ada31f8}: <clinit>> (0x000000070ada31f8) thrown at [./src/hotspot/share/prims/jni.cpp, line 1363]
Event: 1045.223 Thread 0x000001e55fa1c000 Exception <a 'sun/nio/fs/WindowsException'{0x000000070b691e18}> (0x000000070b691e18) thrown at [./src/hotspot/share/prims/jni.cpp, line 616]
Event: 1045.223 Thread 0x000001e55fa1c000 Exception <a 'sun/nio/fs/WindowsException'{0x000000070b692210}> (0x000000070b692210) thrown at [./src/hotspot/share/prims/jni.cpp, line 616]
Event: 1045.223 Thread 0x000001e55fa1c000 Exception <a 'sun/nio/fs/WindowsException'{0x000000070b6927c8}> (0x000000070b6927c8) thrown at [./src/hotspot/share/prims/jni.cpp, line 616]
Event: 1045.223 Thread 0x000001e55fa1c000 Exception <a 'sun/nio/fs/WindowsException'{0x000000070b692db8}> (0x000000070b692db8) thrown at [./src/hotspot/share/prims/jni.cpp, line 616]
Event: 1045.223 Thread 0x000001e55fa1c000 Exception <a 'sun/nio/fs/WindowsException'{0x000000070b6931e0}> (0x000000070b6931e0) thrown at [./src/hotspot/share/prims/jni.cpp, line 616]
Event: 1064.182 Thread 0x000001e560006800 Exception <a 'java/lang/NoSuchMethodError'{0x000000070a52bff8}: <clinit>> (0x000000070a52bff8) thrown at [./src/hotspot/share/prims/jni.cpp, line 1363]
Event: 1068.395 Thread 0x000001e55fa1c000 Exception <a 'sun/nio/fs/WindowsException'{0x000000070a603378}> (0x000000070a603378) thrown at [./src/hotspot/share/prims/jni.cpp, line 616]
Event: 1068.395 Thread 0x000001e55fa1c000 Exception <a 'sun/nio/fs/WindowsException'{0x000000070a603770}> (0x000000070a603770) thrown at [./src/hotspot/share/prims/jni.cpp, line 616]
Event: 1068.395 Thread 0x000001e55fa1c000 Exception <a 'sun/nio/fs/WindowsException'{0x000000070a603d28}> (0x000000070a603d28) thrown at [./src/hotspot/share/prims/jni.cpp, line 616]
Event: 1068.395 Thread 0x000001e55fa1c000 Exception <a 'sun/nio/fs/WindowsException'{0x000000070a604318}> (0x000000070a604318) thrown at [./src/hotspot/share/prims/jni.cpp, line 616]
Event: 1068.395 Thread 0x000001e55fa1c000 Exception <a 'sun/nio/fs/WindowsException'{0x000000070a604740}> (0x000000070a604740) thrown at [./src/hotspot/share/prims/jni.cpp, line 616]
Event: 1070.698 Thread 0x000001e560006800 Exception <a 'java/lang/NoSuchMethodError'{0x0000000709f793e8}: <clinit>> (0x0000000709f793e8) thrown at [./src/hotspot/share/prims/jni.cpp, line 1363]
Event: 1070.787 Thread 0x000001e560006800 Exception <a 'java/lang/NoSuchMethodError'{0x00000007099da260}: <clinit>> (0x00000007099da260) thrown at [./src/hotspot/share/prims/jni.cpp, line 1363]
Event: 1070.930 Thread 0x000001e560006800 Exception <a 'java/lang/NoSuchMethodError'{0x0000000709830cc0}: <clinit>> (0x0000000709830cc0) thrown at [./src/hotspot/share/prims/jni.cpp, line 1363]
Event: 1078.656 Thread 0x000001e55fa1c000 Exception <a 'sun/nio/fs/WindowsException'{0x000000070a60d0e8}> (0x000000070a60d0e8) thrown at [./src/hotspot/share/prims/jni.cpp, line 616]
Event: 1078.656 Thread 0x000001e55fa1c000 Exception <a 'sun/nio/fs/WindowsException'{0x000000070a60d4e0}> (0x000000070a60d4e0) thrown at [./src/hotspot/share/prims/jni.cpp, line 616]
Event: 1078.657 Thread 0x000001e55fa1c000 Exception <a 'sun/nio/fs/WindowsException'{0x000000070a60da98}> (0x000000070a60da98) thrown at [./src/hotspot/share/prims/jni.cpp, line 616]
Event: 1078.657 Thread 0x000001e55fa1c000 Exception <a 'sun/nio/fs/WindowsException'{0x000000070a60e088}> (0x000000070a60e088) thrown at [./src/hotspot/share/prims/jni.cpp, line 616]
Event: 1078.657 Thread 0x000001e55fa1c000 Exception <a 'sun/nio/fs/WindowsException'{0x000000070a60e4b0}> (0x000000070a60e4b0) thrown at [./src/hotspot/share/prims/jni.cpp, line 616]

Events (20 events):
Event: 1080.142 Thread 0x000001e5604b5800 Thread added: 0x000001e5604b5800
Event: 1080.142 Thread 0x000001e5604b8000 Thread added: 0x000001e5604b8000
Event: 1080.142 Thread 0x000001e5604b9800 Thread added: 0x000001e5604b9800
Event: 1080.144 Thread 0x000001e5604ba800 Thread added: 0x000001e5604ba800
Event: 1080.144 Thread 0x000001e5604b4800 Thread added: 0x000001e5604b4800
Event: 1080.144 Executing VM operation: BulkRevokeBias
Event: 1080.145 Executing VM operation: BulkRevokeBias done
Event: 1080.145 Thread 0x000001e5604b7000 Thread exited: 0x000001e5604b7000
Event: 1080.145 Thread 0x000001e5604ac800 Thread exited: 0x000001e5604ac800
Event: 1080.248 Thread 0x000001e5604ac800 Thread added: 0x000001e5604ac800
Event: 1080.263 Executing VM operation: RedefineClasses
Event: 1080.335 Executing VM operation: RedefineClasses done
Event: 1080.336 Thread 0x000001e5604b7000 Thread added: 0x000001e5604b7000
Event: 1080.352 Thread 0x000001e5604bb000 Thread added: 0x000001e5604bb000
Event: 1080.363 Executing VM operation: RedefineClasses
Event: 1080.432 Executing VM operation: RedefineClasses done
Event: 1080.454 Executing VM operation: RedefineClasses
Event: 1080.517 Executing VM operation: RedefineClasses done
Event: 1080.547 Executing VM operation: RedefineClasses
Event: 1080.612 Executing VM operation: RedefineClasses done


Dynamic libraries:
0x00007ff70c100000 - 0x00007ff70c10d000 	C:\GenSpark\dcevm-11.0.11+1\bin\java.exe
0x00007ffb77670000 - 0x00007ffb77884000 	C:\WINDOWS\SYSTEM32\ntdll.dll
0x00007ffb76380000 - 0x00007ffb76443000 	C:\WINDOWS\System32\KERNEL32.DLL
0x00007ffb74e00000 - 0x00007ffb7519c000 	C:\WINDOWS\System32\KERNELBASE.dll
0x00007ffb75250000 - 0x00007ffb75361000 	C:\WINDOWS\System32\ucrtbase.dll
0x00007ffb588e0000 - 0x00007ffb588f5000 	C:\GenSpark\dcevm-11.0.11+1\bin\VCRUNTIME140.dll
0x00007ffb58dd0000 - 0x00007ffb58de7000 	C:\GenSpark\dcevm-11.0.11+1\bin\jli.dll
0x00007ffb75c80000 - 0x00007ffb75e2d000 	C:\WINDOWS\System32\USER32.dll
0x00007ffb751a0000 - 0x00007ffb751c6000 	C:\WINDOWS\System32\win32u.dll
0x00007ffb624e0000 - 0x00007ffb6276e000 	C:\WINDOWS\WinSxS\amd64_microsoft.windows.common-controls_6595b64144ccf1df_6.0.22621.608_none_a9444ca7c10bb01d\COMCTL32.dll
0x00007ffb75500000 - 0x00007ffb75529000 	C:\WINDOWS\System32\GDI32.dll
0x00007ffb76450000 - 0x00007ffb764f7000 	C:\WINDOWS\System32\msvcrt.dll
0x00007ffb74ce0000 - 0x00007ffb74df3000 	C:\WINDOWS\System32\gdi32full.dll
0x00007ffb753e0000 - 0x00007ffb7547a000 	C:\WINDOWS\System32\msvcp_win.dll
0x00007ffb774d0000 - 0x00007ffb77501000 	C:\WINDOWS\System32\IMM32.DLL
0x00007ffb40c60000 - 0x00007ffb40cfb000 	C:\GenSpark\dcevm-11.0.11+1\bin\msvcp140.dll
0x00007ffb37430000 - 0x00007ffb37f14000 	C:\GenSpark\dcevm-11.0.11+1\bin\server\jvm.dll
0x00007ffb76000000 - 0x00007ffb760ae000 	C:\WINDOWS\System32\ADVAPI32.dll
0x00007ffb75e30000 - 0x00007ffb75ed4000 	C:\WINDOWS\System32\sechost.dll
0x00007ffb76140000 - 0x00007ffb76255000 	C:\WINDOWS\System32\RPCRT4.dll
0x00007ffb76a70000 - 0x00007ffb76a78000 	C:\WINDOWS\System32\PSAPI.DLL
0x00007ffb6dd90000 - 0x00007ffb6dd9a000 	C:\WINDOWS\SYSTEM32\VERSION.dll
0x00007ffb6ddc0000 - 0x00007ffb6ddf4000 	C:\WINDOWS\SYSTEM32\WINMM.dll
0x00007ffadb0a0000 - 0x00007ffadb0a9000 	C:\WINDOWS\SYSTEM32\WSOCK32.dll
0x00007ffb75480000 - 0x00007ffb754f1000 	C:\WINDOWS\System32\WS2_32.dll
0x00007ffb73bf0000 - 0x00007ffb73c08000 	C:\WINDOWS\SYSTEM32\kernel.appcore.dll
0x00007ffb59040000 - 0x00007ffb59050000 	C:\GenSpark\dcevm-11.0.11+1\bin\verify.dll
0x00007ffb664e0000 - 0x00007ffb6670e000 	C:\WINDOWS\SYSTEM32\DBGHELP.DLL
0x00007ffb766c0000 - 0x00007ffb76a49000 	C:\WINDOWS\System32\combase.dll
0x00007ffb75ba0000 - 0x00007ffb75c77000 	C:\WINDOWS\System32\OLEAUT32.dll
0x00007ffb5f320000 - 0x00007ffb5f352000 	C:\WINDOWS\SYSTEM32\dbgcore.DLL
0x00007ffb751d0000 - 0x00007ffb7524b000 	C:\WINDOWS\System32\bcryptPrimitives.dll
0x00007ffb574a0000 - 0x00007ffb574c8000 	C:\GenSpark\dcevm-11.0.11+1\bin\java.dll
0x00007ffb58e80000 - 0x00007ffb58e8a000 	C:\GenSpark\dcevm-11.0.11+1\bin\jimage.dll
0x00007ffb5ca40000 - 0x00007ffb5ca78000 	C:\GenSpark\dcevm-11.0.11+1\bin\jdwp.dll
0x00007ffb71810000 - 0x00007ffb7181e000 	C:\GenSpark\dcevm-11.0.11+1\bin\instrument.dll
0x00007ffb54200000 - 0x00007ffb54217000 	C:\GenSpark\dcevm-11.0.11+1\bin\zip.dll
0x00007ffb76ae0000 - 0x00007ffb772d0000 	C:\WINDOWS\System32\SHELL32.dll
0x00007ffb72ad0000 - 0x00007ffb7339e000 	C:\WINDOWS\SYSTEM32\windows.storage.dll
0x00007ffb72990000 - 0x00007ffb72ace000 	C:\WINDOWS\SYSTEM32\wintypes.dll
0x00007ffb76270000 - 0x00007ffb76361000 	C:\WINDOWS\System32\SHCORE.dll
0x00007ffb76a80000 - 0x00007ffb76ade000 	C:\WINDOWS\System32\shlwapi.dll
0x00007ffb749e0000 - 0x00007ffb74a01000 	C:\WINDOWS\SYSTEM32\profapi.dll
0x00007ffb605c0000 - 0x00007ffb605ca000 	C:\GenSpark\dcevm-11.0.11+1\bin\dt_socket.dll
0x00007ffb74060000 - 0x00007ffb740c9000 	C:\WINDOWS\system32\mswsock.dll
0x00007ffb51e70000 - 0x00007ffb51e89000 	C:\GenSpark\dcevm-11.0.11+1\bin\net.dll
0x00007ffb6dc00000 - 0x00007ffb6dd2f000 	C:\WINDOWS\SYSTEM32\WINHTTP.dll
0x00007ffb4ff00000 - 0x00007ffb4ff12000 	C:\GenSpark\dcevm-11.0.11+1\bin\nio.dll
0x00007ffb736d0000 - 0x00007ffb737c3000 	C:\WINDOWS\SYSTEM32\DNSAPI.dll
0x00007ffb73660000 - 0x00007ffb7368d000 	C:\WINDOWS\SYSTEM32\IPHLPAPI.DLL
0x00007ffb76260000 - 0x00007ffb76269000 	C:\WINDOWS\System32\NSI.dll
0x00007ffb66a30000 - 0x00007ffb66a3a000 	C:\Windows\System32\rasadhlp.dll
0x00007ffb6c020000 - 0x00007ffb6c0a3000 	C:\WINDOWS\System32\fwpuclnt.dll
0x00007ffb742d0000 - 0x00007ffb742eb000 	C:\WINDOWS\SYSTEM32\CRYPTSP.dll
0x00007ffb73b60000 - 0x00007ffb73b95000 	C:\WINDOWS\system32\rsaenh.dll
0x00007ffb74160000 - 0x00007ffb74188000 	C:\WINDOWS\SYSTEM32\USERENV.dll
0x00007ffb74460000 - 0x00007ffb74488000 	C:\WINDOWS\SYSTEM32\bcrypt.dll
0x00007ffb742c0000 - 0x00007ffb742cc000 	C:\WINDOWS\SYSTEM32\CRYPTBASE.dll
0x00007ffb6dda0000 - 0x00007ffb6ddb9000 	C:\WINDOWS\SYSTEM32\dhcpcsvc6.DLL
0x00007ffb6db10000 - 0x00007ffb6db2f000 	C:\WINDOWS\SYSTEM32\dhcpcsvc.DLL
0x00007ffb605b0000 - 0x00007ffb605be000 	C:\GenSpark\dcevm-11.0.11+1\bin\sunmscapi.dll
0x00007ffb74ab0000 - 0x00007ffb74c16000 	C:\WINDOWS\System32\CRYPT32.dll
0x00007ffb74430000 - 0x00007ffb7445d000 	C:\WINDOWS\SYSTEM32\ncrypt.dll
0x00007ffb743f0000 - 0x00007ffb74427000 	C:\WINDOWS\SYSTEM32\NTASN1.dll
0x00007ffb5ca10000 - 0x00007ffb5ca35000 	C:\GenSpark\dcevm-11.0.11+1\bin\sunec.dll
0x0000000066f40000 - 0x0000000066f6d000 	C:\Users\ogarc\AppData\Local\Temp\liblz4-java14900931887055463356.so
0x00007ffb6f360000 - 0x00007ffb6f369000 	C:\GenSpark\dcevm-11.0.11+1\bin\management.dll
0x00007ffb6f350000 - 0x00007ffb6f35b000 	C:\GenSpark\dcevm-11.0.11+1\bin\management_ext.dll
0x00007ffb3cd90000 - 0x00007ffb3cfe9000 	C:\Users\ogarc\AppData\Local\Temp\io_grpc_netty_shaded_netty_tcnative_windows_x86_6417409989250021122359.dll
0x00007ffb1a010000 - 0x00007ffb1a027000 	C:\WINDOWS\system32\napinsp.dll
0x00007ffb19ff0000 - 0x00007ffb1a00b000 	C:\WINDOWS\system32\pnrpnsp.dll
0x00007ffb19fd0000 - 0x00007ffb19fe1000 	C:\WINDOWS\System32\winrnr.dll
0x00007ffb6d520000 - 0x00007ffb6d535000 	C:\WINDOWS\system32\wshbth.dll
0x00007ffb19fa0000 - 0x00007ffb19fc1000 	C:\WINDOWS\system32\nlansp_c.dll

dbghelp: loaded successfully - version: 4.0.5 - missing functions: none
symbol engine: initialized successfully - sym options: 0x614 - pdb path: .;C:\GenSpark\dcevm-11.0.11+1\bin;C:\WINDOWS\SYSTEM32;C:\WINDOWS\WinSxS\amd64_microsoft.windows.common-controls_6595b64144ccf1df_6.0.22621.608_none_a9444ca7c10bb01d;C:\GenSpark\dcevm-11.0.11+1\bin\server;C:\Users\ogarc\AppData\Local\Temp

VM Arguments:
jvm_args: -agentlib:jdwp=transport=dt_socket,address=127.0.0.1:49700,suspend=y,server=n -XX:HotswapAgent=core -Xlog:redefine+class*=info:file=src/main/java/reload_system/reload/reload.log -javaagent:C:\Users\ogarc\AppData\Local\JetBrains\IdeaIC2022.3\captureAgent\debugger-agent.jar -Dfile.encoding=UTF-8 
java_command: Main
java_class_path (initial): C:\GenSpark\genspark-java-core\genspark-java-core\target\classes;C:\Users\ogarc\.m2\repository\genspark-backend\genspark-backend\1.4.4\genspark-backend-1.4.4.jar;C:\Users\ogarc\.m2\repository\com\cognitect\transit-java\0.8.332\transit-java-0.8.332.jar;C:\Users\ogarc\.m2\repository\com\google\cloud\google-cloud-firestore\2.6.1\google-cloud-firestore-2.6.1.jar;C:\Users\ogarc\.m2\repository\org\clojure\data.json\0.2.6\data.json-0.2.6.jar;C:\Users\ogarc\.m2\repository\org\clojure\clojure\1.11.0-alpha2\clojure-1.11.0-alpha2.jar;C:\Users\ogarc\.m2\repository\commons-codec\commons-codec\1.15\commons-codec-1.15.jar;C:\Users\ogarc\.m2\repository\org\eclipse\collections\eclipse-collections\11.0.0\eclipse-collections-11.0.0.jar;C:\Users\ogarc\.m2\repository\com\google\errorprone\error_prone_annotations\2.7.1\error_prone_annotations-2.7.1.jar;C:\Users\ogarc\.m2\repository\org\eclipse\collections\eclipse-collections-forkjoin\11.0.0\eclipse-collections-forkjoin-11.0.0.jar;C:\Users\ogarc\.m2\repository\org\clojure\core.specs.alpha\0.2.62\core.specs.alpha-0.2.62.jar;C:\Users\ogarc\.m2\repository\com\google\cloud\google-cloud-core-http\1.95.4\google-cloud-core-http-1.95.4.jar;C:\Users\ogarc\.m2\repository\javax\annotation\javax.annotation-api\1.3.2\javax.annotation-api-1.3.2.jar;C:\Users\ogarc\.m2\repository\com\google\oauth-client\google-oauth-client\1.31.5\google-oauth-client-1.31.5.jar;C:\Users\ogarc\.m2\repository\com\google\auto\value\auto-value-annotations\1.8.1\auto-value-annotations-1.8.1.jar;C:\Users\ogarc\.m2\repository\io\netty\netty-common\4.1.67.Final\netty-common-4.1.67.Final.jar;C:\Users\ogarc\.m2\repository\com\google\auth\google-auth-library-credentials\0.26.0\google-auth-library-credentials-0.26.0.jar;C:\Users\ogarc\.m2\repository\org\eclipse\collections\eclipse-collections-api\11.0.0\eclipse-collections-api-11.0.0.jar;C:\Users\ogarc\.m2\repository\org\clojure\spec.alpha\0.2.194\spec.alpha-0.2.194.jar;C:\Users\ogarc\.m2\repository\com\g
Launcher Type: SUN_STANDARD

[Global flags]
     intx CICompilerCount                          = 12                                        {product} {ergonomic}
     uint ConcGCThreads                            = 3                                         {product} {ergonomic}
     uint G1ConcRefinementThreads                  = 13                                        {product} {ergonomic}
   size_t G1HeapRegionSize                         = 1048576                                   {product} {ergonomic}
    uintx GCDrainStackTargetSize                   = 64                                        {product} {ergonomic}
    ccstr HotswapAgent                             = core                                      {product} {command line}
   size_t InitialHeapSize                          = 268435456                                 {product} {ergonomic}
   size_t MarkStackSize                            = 4194304                                   {product} {ergonomic}
   size_t MaxHeapSize                              = 4278190080                                {product} {ergonomic}
   size_t MaxNewSize                               = 2566914048                                {product} {ergonomic}
   size_t MinHeapDeltaBytes                        = 1048576                                   {product} {ergonomic}
    uintx NonNMethodCodeHeapSize                   = 7594288                                {pd product} {ergonomic}
    uintx NonProfiledCodeHeapSize                  = 122031976                              {pd product} {ergonomic}
    uintx ProfiledCodeHeapSize                     = 122031976                              {pd product} {ergonomic}
    uintx ReservedCodeCacheSize                    = 251658240                              {pd product} {ergonomic}
     bool SegmentedCodeCache                       = true                                      {product} {ergonomic}
     bool UseCompressedClassPointers               = true                                 {lp64_product} {ergonomic}
     bool UseCompressedOops                        = true                                 {lp64_product} {ergonomic}
     bool UseG1GC                                  = true                                      {product} {ergonomic}
     bool UseLargePagesIndividualAllocation        = false                                  {pd product} {ergonomic}

Logging:
Log output configuration:
 #0: stdout all=warning uptime,level,tags
 #1: stderr all=off uptime,level,tags
 #2: file=src/main/java/reload_system/reload/reload.log all=off,redefine*=info uptime,level,tags filecount=5,filesize=20480K

Environment Variables:
PATH=C:\Program Files\Common Files\Oracle\Java\javapath;C:\Program Files (x86)\Razer Chroma SDK\bin;C:\Program Files\Razer Chroma SDK\bin;C:\Program Files (x86)\Razer\ChromaBroadcast\bin;C:\Program Files\Razer\ChromaBroadcast\bin;C:\Windows\system32;C:\Windows;C:\Windows\System32\Wbem;C:\Windows\System32\WindowsPowerShell\v1.0\;C:\Windows\System32\OpenSSH\;C:\Users\ogarc\AppData\Local\Microsoft\WindowsApps;C:\Program Files\Git\cmd;C:\WINDOWS\system32;C:\WINDOWS;C:\WINDOWS\System32\Wbem;C:\WINDOWS\System32\WindowsPowerShell\v1.0\;C:\WINDOWS\System32\OpenSSH\;C:\Users\ogarc\AppData\Local\Programs\Python\Python310\Scripts\;C:\Users\ogarc\AppData\Local\Programs\Python\Python310\;C:\Users\ogarc\AppData\Local\Microsoft\WindowsApps;
USERNAME=ogarc
OS=Windows_NT
PROCESSOR_IDENTIFIER=AMD64 Family 23 Model 8 Stepping 2, AuthenticAMD



---------------  S Y S T E M  ---------------

OS: Windows 10 , 64 bit Build 22621 (10.0.22621.1344)
OS uptime: 0 days 2:58 hours

CPU:total 16 (initial active 16) (16 cores per cpu, 2 threads per core) family 23 model 8 stepping 2 microcode 0x0, cmov, cx8, fxsr, mmx, sse, sse2, sse3, ssse3, sse4.1, sse4.2, popcnt, avx, avx2, aes, clmul, mmxext, 3dnowpref, lzcnt, sse4a, ht, tsc, tscinvbit, tscinv, bmi1, bmi2, adx, s

Memory: 4k page, system-wide physical 16316M (3323M free)
TotalPageFile size 36796M (AvailPageFile size 14180M)
current process WorkingSet (physical memory assigned to process): 469M, peak: 501M
current process commit charge ("private bytes"): 587M, peak: 625M

vm_info: Dynamic Code Evolution 64-Bit Server VM (11.0.11+1-202105021746) for windows-amd64 JRE (11.0.11+1-202105021746), built on May  2 2021 18:05:20 by "" with MS VC++ 15.9 (VS2017)

END.
