#
# A fatal error has been detected by the Java Runtime Environment:
#
#  EXCEPTION_ACCESS_VIOLATION (0xc0000005) at pc=0x00007ffb095372f9, pid=1868, tid=17460
#
# JRE version: OpenJDK Runtime Environment AdoptOpenJDK-dcevm-11.0.11+1-202105021746 (11.0.11+1) (build 11.0.11+1-202105021746)
# Java VM: Dynamic Code Evolution 64-Bit Server VM AdoptOpenJDK-dcevm-11.0.11+1-202105021746 (11.0.11+1-202105021746, mixed mode, tiered, compressed oops, g1 gc, windows-amd64)
# Problematic frame:
# V  [jvm.dll+0x1372f9]
#
# No core dump will be written. Minidumps are not enabled by default on client versions of Windows
#
# If you would like to submit a bug report, please visit:
#   https://github.com/AdoptOpenJDK/openjdk-support/issues
#

---------------  S U M M A R Y ------------

Command Line: -agentlib:jdwp=transport=dt_socket,address=127.0.0.1:52644,suspend=y,server=n -XX:HotswapAgent=core -Xlog:redefine+class*=info:file=src/main/java/reload_system/reload/reload.log -javaagent:C:\Users\ogarc\AppData\Local\JetBrains\IdeaIC2022.3\captureAgent\debugger-agent.jar -Dfile.encoding=UTF-8 Main

Host: AMD Ryzen 7 2700X Eight-Core Processor         , 16 cores, 15G,  Windows 10 , 64 bit Build 22621 (10.0.22621.1344)
Time: Thu Mar 23 10:52:18 2023 Central Daylight Time elapsed time: 537.178004 seconds (0d 0h 8m 57s)

---------------  T H R E A D  ---------------

Current thread (0x000002346b76b800):  JavaThread "C1 CompilerThread0" daemon [_thread_in_native, id=17460, stack(0x0000007ed0a00000,0x0000007ed0b00000)]


Current CompileTask:
C1: 537178 11744       3       java.util.regex.Pattern::escape (1323 bytes)

Stack: [0x0000007ed0a00000,0x0000007ed0b00000],  sp=0x0000007ed0afe380,  free space=1016k
Native frames: (J=compiled Java code, j=interpreted, Vv=VM code, C=native code)
V  [jvm.dll+0x1372f9]
V  [jvm.dll+0x136dc8]
V  [jvm.dll+0x12e687]
V  [jvm.dll+0x1309c9]
V  [jvm.dll+0x12ed9c]
V  [jvm.dll+0x13789b]
V  [jvm.dll+0x136dc8]
V  [jvm.dll+0x12e687]
V  [jvm.dll+0x1309c9]
V  [jvm.dll+0x12ee94]
V  [jvm.dll+0x128b18]
V  [jvm.dll+0x138bca]
V  [jvm.dll+0x123e39]
V  [jvm.dll+0x1241a0]
V  [jvm.dll+0x12445f]
V  [jvm.dll+0x123707]
V  [jvm.dll+0x125617]
V  [jvm.dll+0x2116e7]
V  [jvm.dll+0x20f8a9]
V  [jvm.dll+0x6fd339]
V  [jvm.dll+0x6f63a4]
V  [jvm.dll+0x5fded6]
C  [ucrtbase.dll+0x29363]
C  [KERNEL32.DLL+0x126bd]
C  [ntdll.dll+0x5a9f8]


siginfo: EXCEPTION_ACCESS_VIOLATION (0xc0000005), reading address 0x0000000000000018


Register to memory mapping:

RIP=0x00007ffb095372f9 jvm.dll
RAX=0x000002346ccd71a0 points into unknown readable memory: 0x0000000000000000 | 00 00 00 00 00 00 00 00
RBX=0x000002346ccd7400 points into unknown readable memory: 0x0000000100000000 | 00 00 00 00 01 00 00 00
RCX=0xffffffffffffffff is an unknown value
RDX=0x0000000000000001 is an unknown value
RSP=0x0000007ed0afe380 is pointing into the stack for thread: 0x000002346b76b800
RBP=0x00000000ffffffff is an unknown value
RSI=0x000002346e3e1410 points into unknown readable memory: 0x00007ffb09c1a980 | 80 a9 c1 09 fb 7f 00 00
RDI=0x0000007ed0afea00 is pointing into the stack for thread: 0x000002346b76b800
R8 =0x0 is NULL
R9 =0x0000000000000008 is an unknown value
R10=0x000002346b70dbb0 points into unknown readable memory: 0x0000001e00000001 | 01 00 00 00 1e 00 00 00
R11={method} {0x000002346b1c76f0} 'linkToTargetMethod' '(Ljava/lang/Object;)Ljava/lang/Object;' in 'java/lang/invoke/Invokers$Holder'
R12=0x00000000ffffffff is an unknown value
R13=0x0 is NULL
R14=0x0 is NULL
R15=0x0 is NULL


Registers:
RAX=0x000002346ccd71a0, RBX=0x000002346ccd7400, RCX=0xffffffffffffffff, RDX=0x0000000000000001
RSP=0x0000007ed0afe380, RBP=0x00000000ffffffff, RSI=0x000002346e3e1410, RDI=0x0000007ed0afea00
R8 =0x0000000000000000, R9 =0x0000000000000008, R10=0x000002346b70dbb0, R11=0x000002346b1c76e8
R12=0x00000000ffffffff, R13=0x0000000000000000, R14=0x0000000000000000, R15=0x0000000000000000
RIP=0x00007ffb095372f9, EFLAGS=0x0000000000010286

Top of Stack: (sp=0x0000007ed0afe380)
0x0000007ed0afe380:   000002346e3e1300 0000000000000000
0x0000007ed0afe390:   00000000ffffffff 0000000000000000
0x0000007ed0afe3a0:   000002346e3e02d0 00007ffb09529343
0x0000007ed0afe3b0:   0000000000000000 0000007ed0aff238
0x0000007ed0afe3c0:   0000023472cc9830 00007ffb09529343
0x0000007ed0afe3d0:   0000007ed0aff890 0000000000000000
0x0000007ed0afe3e0:   0000000000000000 0000000000000000
0x0000007ed0afe3f0:   0000000000000000 000002346e3e1410
0x0000007ed0afe400:   0000000000000000 0000007ed0afea00
0x0000007ed0afe410:   0000000000000000 00007ffb09536dc8
0x0000007ed0afe420:   0000023400000000 000002346e3e1410
0x0000007ed0afe430:   0000000000000000 000002346b76b800
0x0000007ed0afe440:   00000234000000ba 0000000000000000
0x0000007ed0afe450:   000002346e3e1410 00007ffb0952e687
0x0000007ed0afe460:   000002346e3e1410 00000000000000ba
0x0000007ed0afe470:   0000007ed0afea00 0000007ed0afea00 

Instructions: (pc=0x00007ffb095372f9)
0x00007ffb095371f9:   8d 05 39 f2 6c 00 45 84 c9 4c 0f 44 c0 48 89 6c
0x00007ffb09537209:   24 70 41 b1 01 48 8b d6 4c 89 64 24 68 48 8b cf
0x00007ffb09537219:   e8 f2 c6 ff ff 48 8b 47 48 48 8b 57 50 48 89 44
0x00007ffb09537229:   24 40 8b 84 24 c0 00 00 00 05 48 ff ff ff 4c 89
0x00007ffb09537239:   74 24 30 44 8b 62 38 a9 fd ff ff ff 8b 46 18 0f
0x00007ffb09537249:   95 c3 c1 e8 03 f6 d0 83 e0 01 44 2b e0 48 8b 46
0x00007ffb09537259:   30 44 2b 60 18 84 db 74 1b 48 8b 42 50 49 63 cc
0x00007ffb09537269:   48 8b 2c c8 48 8b cf 48 8b d5 48 89 6c 24 30 e8
0x00007ffb09537279:   e3 c3 ff ff 48 8b cf 4c 89 7c 24 58 e8 96 7a ff
0x00007ffb09537289:   ff 84 c0 0f 84 d2 00 00 00 48 8b 47 08 48 8b cf
0x00007ffb09537299:   c6 40 63 01 e8 2e c9 ff ff 84 c0 0f 84 ba 00 00
0x00007ffb095372a9:   00 44 0f b6 cb 44 89 b4 24 a0 00 00 00 4c 8d 84
0x00007ffb095372b9:   24 a0 00 00 00 48 8b d6 48 8b cf e8 97 39 ff ff
0x00007ffb095372c9:   48 8b d8 48 85 c0 74 6b 8b ac 24 a0 00 00 00 45
0x00007ffb095372d9:   8b fe 8b 50 04 41 03 ec 85 d2 7e 57 48 8b 47 50
0x00007ffb095372e9:   3b 68 38 7d 45 48 8b 40 50 48 63 cd 4c 8b 2c c8
0x00007ffb095372f9:   49 8b 45 18 03 68 08 83 78 0c 04 75 25 8b 0b 3b
0x00007ffb09537309:   ca 75 0c 8b d1 48 8b cb e8 aa 2b f9 ff 8b 0b 8d
0x00007ffb09537319:   41 01 41 ff c7 89 03 48 8b 43 18 48 63 c9 4c 89
0x00007ffb09537329:   2c c8 8b 53 04 44 3b fa 7c b2 44 0f b6 ac 24 b0
0x00007ffb09537339:   00 00 00 45 84 ed 74 06 4c 8b 4e 28 eb 03 4d 8b
0x00007ffb09537349:   ce 4c 8b 44 24 30 48 8b d6 c6 44 24 28 01 48 8b
0x00007ffb09537359:   cf 48 89 5c 24 20 e8 5c c7 ff ff 48 8b 0f 48 8b
0x00007ffb09537369:   41 20 8b 50 38 2b 50 28 e8 ea 3c ff ff 4c 8b e8
0x00007ffb09537379:   48 85 c0 75 32 b9 d0 01 00 00 e8 68 a6 fc ff 48
0x00007ffb09537389:   85 c0 74 1c 48 8b 0f 48 8b 51 20 8b 4a 38 2b 4a
0x00007ffb09537399:   28 8b d1 48 8b c8 e8 7c 0a ff ff 4c 8b e8 eb 03
0x00007ffb095373a9:   4d 8b ee 45 89 75 70 41 8b 85 c0 00 00 00 4d 8b
0x00007ffb095373b9:   c5 48 8b d6 89 84 24 a0 00 00 00 48 8b cf e8 b4
0x00007ffb095373c9:   ca ff ff 48 8b 47 08 48 83 78 68 00 0f 85 b2 05
0x00007ffb095373d9:   00 00 48 8b 17 41 8b dc 48 8b 02 48 8b 48 20 48
0x00007ffb095373e9:   89 4a 20 48 8b 47 50 48 89 44 24 38 48 8b 68 08 


Stack slot to memory mapping:
stack at sp + 0 slots: 0x000002346e3e1300 points into unknown readable memory: 0x0000000000000000 | 00 00 00 00 00 00 00 00
stack at sp + 1 slots: 0x0 is NULL
stack at sp + 2 slots: 0x00000000ffffffff is an unknown value
stack at sp + 3 slots: 0x0 is NULL
stack at sp + 4 slots: 0x000002346e3e02d0 points into unknown readable memory: 0x00007ffb09c1a560 | 60 a5 c1 09 fb 7f 00 00
stack at sp + 5 slots: 0x00007ffb09529343 jvm.dll
stack at sp + 6 slots: 0x0 is NULL
stack at sp + 7 slots: 0x0000007ed0aff238 is pointing into the stack for thread: 0x000002346b76b800


---------------  P R O C E S S  ---------------

Threads class SMR info:
_java_thread_list=0x00000234727519a0, length=69, elements={
0x00000234465e5800, 0x000002346b6ff800, 0x000002346b70c800, 0x000002346b75d800,
0x000002346b75e800, 0x000002346b761800, 0x000002346b766800, 0x000002346b76b800,
0x000002346b777000, 0x000002346ba00000, 0x000002346bc2b000, 0x000002346bc2c800,
0x000002346bbab800, 0x000002346c33c000, 0x000002346c33d000, 0x000002346c33e000,
0x000002346c284000, 0x000002346c437800, 0x000002346c89a800, 0x000002346caf7800,
0x000002346cb01000, 0x000002346c8f0000, 0x000002346caeb800, 0x000002346caed000,
0x000002346caef800, 0x000002346caed800, 0x000002346caee800, 0x000002346caf1000,
0x000002346caf2000, 0x000002346caf0000, 0x000002346caec000, 0x000002346ca14800,
0x000002346ca11000, 0x000002346ca13800, 0x000002346ca12000, 0x000002346ca13000,
0x000002346ca10800, 0x000002346ca15800, 0x000002346ca17000, 0x000002346ca1c000,
0x000002346ca16000, 0x000002346ca19800, 0x000002346ca1d800, 0x000002346ca18000,
0x000002346ca1a000, 0x000002346ca1b000, 0x000002346ca1c800, 0x000002346ca1e800,
0x000002346ca18800, 0x000002346cab1800, 0x000002346cab4000, 0x000002346cab5000,
0x000002346caaf000, 0x000002346cab5800, 0x000002346cab0000, 0x000002346cab6800,
0x000002346cab3000, 0x000002346cab1000, 0x000002346f868000, 0x000002347049e800,
0x000002347049c000, 0x000002346d8b0000, 0x000002346dbab800, 0x000002346cab9000,
0x000002346cab7800, 0x000002346cab2800, 0x000002346cab8000, 0x000002346cabc000,
0x000002346cabe000
}

Java Threads: ( => current thread )
  0x00000234465e5800 JavaThread "WebSocketSelector-1" [_thread_in_native, id=29028, stack(0x0000007ecfd00000,0x0000007ecfe00000)]
  0x000002346b6ff800 JavaThread "Reference Handler" daemon [_thread_blocked, id=30508, stack(0x0000007ed0400000,0x0000007ed0500000)]
  0x000002346b70c800 JavaThread "Finalizer" daemon [_thread_blocked, id=31592, stack(0x0000007ed0500000,0x0000007ed0600000)]
  0x000002346b75d800 JavaThread "Signal Dispatcher" daemon [_thread_blocked, id=29416, stack(0x0000007ed0600000,0x0000007ed0700000)]
  0x000002346b75e800 JavaThread "Attach Listener" daemon [_thread_blocked, id=19632, stack(0x0000007ed0700000,0x0000007ed0800000)]
  0x000002346b761800 JavaThread "Service Thread" daemon [_thread_blocked, id=28752, stack(0x0000007ed0800000,0x0000007ed0900000)]
  0x000002346b766800 JavaThread "C2 CompilerThread0" daemon [_thread_blocked, id=4684, stack(0x0000007ed0900000,0x0000007ed0a00000)]
=>0x000002346b76b800 JavaThread "C1 CompilerThread0" daemon [_thread_in_native, id=17460, stack(0x0000007ed0a00000,0x0000007ed0b00000)]
  0x000002346b777000 JavaThread "Sweeper thread" daemon [_thread_blocked, id=20044, stack(0x0000007ed0b00000,0x0000007ed0c00000)]
  0x000002346ba00000 JavaThread "Common-Cleaner" daemon [_thread_blocked, id=30928, stack(0x0000007ed0c00000,0x0000007ed0d00000)]
  0x000002346bc2b000 JavaThread "JDWP Transport Listener: dt_socket" daemon [_thread_blocked, id=20908, stack(0x0000007ed0f00000,0x0000007ed1000000)]
  0x000002346bc2c800 JavaThread "JDWP Event Helper Thread" daemon [_thread_blocked, id=27716, stack(0x0000007ed1000000,0x0000007ed1100000)]
  0x000002346bbab800 JavaThread "JDWP Command Reader" daemon [_thread_in_native, id=28544, stack(0x0000007ed1100000,0x0000007ed1200000)]
  0x000002346c33c000 JavaThread "FileSystemWatchService" daemon [_thread_in_native, id=8128, stack(0x0000007ed1400000,0x0000007ed1500000)]
  0x000002346c33d000 JavaThread "HotSwap Watcher" daemon [_thread_blocked, id=6512, stack(0x0000007ed1500000,0x0000007ed1600000)]
  0x000002346c33e000 JavaThread "HotSwap Dispatcher" daemon [_thread_blocked, id=716, stack(0x0000007ed1600000,0x0000007ed1700000)]
  0x000002346c284000 JavaThread "Thread-2" daemon [_thread_blocked, id=27388, stack(0x0000007ed1700000,0x0000007ed1800000)]
  0x000002346c437800 JavaThread "Thread-19" [_thread_blocked, id=28924, stack(0x0000007ed2000000,0x0000007ed2100000)]
  0x000002346c89a800 JavaThread "connectionLostChecker-1" [_thread_blocked, id=21248, stack(0x0000007ed1800000,0x0000007ed1900000)]
  0x000002346caf7800 JavaThread "WebSocketWorker-28" [_thread_blocked, id=3452, stack(0x0000007ed1900000,0x0000007ed1a00000)]
  0x000002346cb01000 JavaThread "WebSocketWorker-29" [_thread_blocked, id=23548, stack(0x0000007ed2100000,0x0000007ed2200000)]
  0x000002346c8f0000 JavaThread "WebSocketWorker-30" [_thread_blocked, id=28212, stack(0x0000007ed2200000,0x0000007ed2300000)]
  0x000002346caeb800 JavaThread "WebSocketWorker-31" [_thread_blocked, id=30968, stack(0x0000007ed2300000,0x0000007ed2400000)]
  0x000002346caed000 JavaThread "WebSocketWorker-32" [_thread_blocked, id=7240, stack(0x0000007ed2400000,0x0000007ed2500000)]
  0x000002346caef800 JavaThread "WebSocketWorker-33" [_thread_blocked, id=28268, stack(0x0000007ed2500000,0x0000007ed2600000)]
  0x000002346caed800 JavaThread "WebSocketWorker-34" [_thread_blocked, id=25780, stack(0x0000007ed2600000,0x0000007ed2700000)]
  0x000002346caee800 JavaThread "WebSocketWorker-35" [_thread_blocked, id=17936, stack(0x0000007ed2700000,0x0000007ed2800000)]
  0x000002346caf1000 JavaThread "WebSocketWorker-36" [_thread_blocked, id=5640, stack(0x0000007ed2800000,0x0000007ed2900000)]
  0x000002346caf2000 JavaThread "WebSocketWorker-37" [_thread_blocked, id=19324, stack(0x0000007ed2900000,0x0000007ed2a00000)]
  0x000002346caf0000 JavaThread "WebSocketWorker-38" [_thread_blocked, id=18824, stack(0x0000007ed2a00000,0x0000007ed2b00000)]
  0x000002346caec000 JavaThread "WebSocketWorker-39" [_thread_blocked, id=27536, stack(0x0000007ed2b00000,0x0000007ed2c00000)]
  0x000002346ca14800 JavaThread "WebSocketWorker-40" [_thread_blocked, id=16516, stack(0x0000007ed2c00000,0x0000007ed2d00000)]
  0x000002346ca11000 JavaThread "WebSocketWorker-41" [_thread_blocked, id=9612, stack(0x0000007ed2d00000,0x0000007ed2e00000)]
  0x000002346ca13800 JavaThread "WebSocketWorker-42" [_thread_blocked, id=19052, stack(0x0000007ed2e00000,0x0000007ed2f00000)]
  0x000002346ca12000 JavaThread "WebSocketWorker-43" [_thread_blocked, id=26808, stack(0x0000007ed2f00000,0x0000007ed3000000)]
  0x000002346ca13000 JavaThread "Gax-1" daemon [_thread_blocked, id=14020, stack(0x0000007ecfc00000,0x0000007ecfd00000)]
  0x000002346ca10800 JavaThread "clojure-agent-send-off-pool-0" [_thread_blocked, id=28244, stack(0x0000007ed4200000,0x0000007ed4300000)]
  0x000002346ca15800 JavaThread "grpc-nio-worker-ELG-1-1" daemon [_thread_in_native, id=6368, stack(0x0000007ed4100000,0x0000007ed4200000)]
  0x000002346ca17000 JavaThread "grpc-nio-worker-ELG-1-2" daemon [_thread_in_native, id=31132, stack(0x0000007ed4400000,0x0000007ed4500000)]
  0x000002346ca1c000 JavaThread "Thread-28" daemon [_thread_in_native, id=32012, stack(0x0000007ed3f00000,0x0000007ed4000000)]
  0x000002346ca16000 JavaThread "Gax-2" daemon [_thread_blocked, id=21632, stack(0x0000007ed4000000,0x0000007ed4100000)]
  0x000002346ca19800 JavaThread "grpc-nio-worker-ELG-1-3" daemon [_thread_in_native, id=21508, stack(0x0000007ed4500000,0x0000007ed4600000)]
  0x000002346ca1d800 JavaThread "Gax-3" daemon [_thread_blocked, id=31716, stack(0x0000007ed4600000,0x0000007ed4700000)]
  0x000002346ca18000 JavaThread "grpc-nio-worker-ELG-1-4" daemon [_thread_in_native, id=25076, stack(0x0000007ed4700000,0x0000007ed4800000)]
  0x000002346ca1a000 JavaThread "Gax-4" daemon [_thread_blocked, id=28608, stack(0x0000007ed4900000,0x0000007ed4a00000)]
  0x000002346ca1b000 JavaThread "Gax-5" daemon [_thread_blocked, id=5180, stack(0x0000007ed4a00000,0x0000007ed4b00000)]
  0x000002346ca1c800 JavaThread "Gax-6" daemon [_thread_blocked, id=27196, stack(0x0000007ed3d00000,0x0000007ed3e00000)]
  0x000002346ca1e800 JavaThread "Gax-7" daemon [_thread_blocked, id=21576, stack(0x0000007ed3e00000,0x0000007ed3f00000)]
  0x000002346ca18800 JavaThread "Gax-8" daemon [_thread_blocked, id=6896, stack(0x0000007ecfa00000,0x0000007ecfb00000)]
  0x000002346cab1800 JavaThread "Gax-9" daemon [_thread_blocked, id=8236, stack(0x0000007ecfb00000,0x0000007ecfc00000)]
  0x000002346cab4000 JavaThread "Gax-10" daemon [_thread_blocked, id=5672, stack(0x0000007ed0d00000,0x0000007ed0e00000)]
  0x000002346cab5000 JavaThread "Gax-11" daemon [_thread_blocked, id=7828, stack(0x0000007ed1200000,0x0000007ed1300000)]
  0x000002346caaf000 JavaThread "Gax-12" daemon [_thread_blocked, id=17752, stack(0x0000007ed1300000,0x0000007ed1400000)]
  0x000002346cab5800 JavaThread "Gax-13" daemon [_thread_blocked, id=24712, stack(0x0000007ed3000000,0x0000007ed3100000)]
  0x000002346cab0000 JavaThread "Gax-15" daemon [_thread_blocked, id=12776, stack(0x0000007ed3100000,0x0000007ed3200000)]
  0x000002346cab6800 JavaThread "Gax-16" daemon [_thread_blocked, id=17616, stack(0x0000007ed3200000,0x0000007ed3300000)]
  0x000002346cab3000 JavaThread "Gax-14" daemon [_thread_blocked, id=31964, stack(0x0000007ed3c00000,0x0000007ed3d00000)]
  0x000002346cab1000 JavaThread "grpc-default-executor-1" daemon [_thread_blocked, id=22020, stack(0x0000007ed5200000,0x0000007ed5300000)]
  0x000002346f868000 JavaThread "C2 CompilerThread1" daemon [_thread_blocked, id=11912, stack(0x0000007ed4b00000,0x0000007ed4c00000)]
  0x000002347049e800 JavaThread "C2 CompilerThread2" daemon [_thread_blocked, id=27868, stack(0x0000007ed4c00000,0x0000007ed4d00000)]
  0x000002347049c000 JavaThread "C2 CompilerThread3" daemon [_thread_blocked, id=30600, stack(0x0000007ed4d00000,0x0000007ed4e00000)]
  0x000002346d8b0000 JavaThread "C1 CompilerThread1" daemon [_thread_blocked, id=31364, stack(0x0000007ed4e00000,0x0000007ed4f00000)]
  0x000002346dbab800 JavaThread "C1 CompilerThread2" daemon [_thread_blocked, id=1032, stack(0x0000007ed4f00000,0x0000007ed5000000)]
  0x000002346cab9000 JavaThread "C1 CompilerThread3" daemon [_thread_blocked, id=8276, stack(0x0000007ed5000000,0x0000007ed5100000)]
  0x000002346cab7800 JavaThread "Thread-50" daemon [_thread_blocked, id=7728, stack(0x0000007ed0e00000,0x0000007ed0f00000)]
  0x000002346cab2800 JavaThread "C2 CompilerThread4" daemon [_thread_blocked, id=23944, stack(0x0000007ed4300000,0x0000007ed4400000)]
  0x000002346cab8000 JavaThread "C2 CompilerThread5" daemon [_thread_blocked, id=24596, stack(0x0000007ed4800000,0x0000007ed4900000)]
  0x000002346cabc000 JavaThread "C2 CompilerThread6" daemon [_thread_blocked, id=10792, stack(0x0000007ed5100000,0x0000007ed5200000)]
  0x000002346cabe000 JavaThread "C2 CompilerThread7" daemon [_thread_blocked, id=11976, stack(0x0000007ed5300000,0x0000007ed5400000)]

Other Threads:
  0x000002346b6da000 VMThread "VM Thread" [stack: 0x0000007ed0300000,0x0000007ed0400000] [id=14444]
  0x000002346db19800 WatcherThread [stack: 0x0000007ed1f00000,0x0000007ed2000000] [id=30980]
  0x00000234465ff800 GCTaskThread "GC Thread#0" [stack: 0x0000007ecfe00000,0x0000007ecff00000] [id=26032]
  0x000002346ca7f000 GCTaskThread "GC Thread#1" [stack: 0x0000007ed1a00000,0x0000007ed1b00000] [id=5512]
  0x000002346cd58800 GCTaskThread "GC Thread#2" [stack: 0x0000007ed1b00000,0x0000007ed1c00000] [id=26076]
  0x000002346c294000 GCTaskThread "GC Thread#3" [stack: 0x0000007ed1c00000,0x0000007ed1d00000] [id=19060]
  0x000002346cb79000 GCTaskThread "GC Thread#4" [stack: 0x0000007ed1d00000,0x0000007ed1e00000] [id=31612]
  0x000002346cb79800 GCTaskThread "GC Thread#5" [stack: 0x0000007ed1e00000,0x0000007ed1f00000] [id=11072]
  0x000002346c965000 GCTaskThread "GC Thread#6" [stack: 0x0000007ed3500000,0x0000007ed3600000] [id=26560]
  0x000002346b92e000 GCTaskThread "GC Thread#7" [stack: 0x0000007ed3600000,0x0000007ed3700000] [id=1472]
  0x000002346dbb2000 GCTaskThread "GC Thread#8" [stack: 0x0000007ed3700000,0x0000007ed3800000] [id=2108]
  0x000002346e09d800 GCTaskThread "GC Thread#9" [stack: 0x0000007ed3800000,0x0000007ed3900000] [id=25444]
  0x000002346e169000 GCTaskThread "GC Thread#10" [stack: 0x0000007ed3900000,0x0000007ed3a00000] [id=4468]
  0x00000234700c9800 GCTaskThread "GC Thread#11" [stack: 0x0000007ed3a00000,0x0000007ed3b00000] [id=31200]
  0x000002346f514000 GCTaskThread "GC Thread#12" [stack: 0x0000007ed3b00000,0x0000007ed3c00000] [id=6016]
  0x0000023446660800 ConcurrentGCThread "G1 Main Marker" [stack: 0x0000007ecff00000,0x0000007ed0000000] [id=27292]
  0x0000023446661800 ConcurrentGCThread "G1 Conc#0" [stack: 0x0000007ed0000000,0x0000007ed0100000] [id=25152]
  0x000002346d2e9800 ConcurrentGCThread "G1 Conc#1" [stack: 0x0000007ed3300000,0x0000007ed3400000] [id=6984]
  0x000002346f37f800 ConcurrentGCThread "G1 Conc#2" [stack: 0x0000007ed3400000,0x0000007ed3500000] [id=6256]
  0x000002346ad40800 ConcurrentGCThread "G1 Refine#0" [stack: 0x0000007ed0100000,0x0000007ed0200000] [id=25936]
  0x000002346ad43800 ConcurrentGCThread "G1 Young RemSet Sampling" [stack: 0x0000007ed0200000,0x0000007ed0300000] [id=1348]

Threads with active compile tasks:
C2 CompilerThread0 537239 11647       4       org.hotswap.agent.javassist.bytecode.ConstPool::readOne (403 bytes)
C1 CompilerThread0 537239 11744       3       java.util.regex.Pattern::escape (1323 bytes)
C2 CompilerThread1 537239 11954 %     4       java.io.DataOutputStream::writeUTF @ 211 (435 bytes)
C2 CompilerThread2 537239 11787       4       jdk.internal.org.objectweb.asm.Item::set (219 bytes)
C2 CompilerThread3 537239 12022       4       java.lang.StringUTF16::compress (50 bytes)
C1 CompilerThread1 537239 12073       2       java.lang.invoke.MethodType$ConcurrentWeakInternSet::get (54 bytes)
C1 CompilerThread2 537239 12030       2       java.util.ArrayList::<init> (61 bytes)
C1 CompilerThread3 537239 11980       2       java.lang.reflect.Method::getParameterTypes (11 bytes)
C2 CompilerThread4 537239 11901       4       java.io.DataInputStream::readUTF (501 bytes)
C2 CompilerThread5 537239 11589       4       java.lang.invoke.MethodType::makeImpl (108 bytes)
C2 CompilerThread6 537239 11829       4       jdk.internal.org.objectweb.asm.Type::getArgumentsAndReturnSizes (151 bytes)
C2 CompilerThread7 537240 11860       4       clojure.lang.RT::seq (32 bytes)

VM state:at safepoint (normal execution)

VM Mutex/Monitor currently owned by a thread:  ([mutex/lock_event])
[0x00000234465e29f0] Threads_lock - owner thread: 0x000002346b6da000
[0x00000234465e2060] EnhancedRedefineClasses_lock - owner thread: 0x000002346bc2b000
[0x00000234465e2720] Heap_lock - owner thread: 0x000002346bc2b000

Heap address: 0x0000000701000000, size: 4080 MB, Compressed Oops mode: Zero based, Oop shift amount: 3
Narrow klass base: 0x0000000800000000, Narrow klass shift: 0
Compressed class space size: 1073741824 Address: 0x0000000800000000

Heap:
 garbage-first heap   total 262144K, used 112366K [0x0000000701000000, 0x0000000800000000)
  region size 1024K, 98 young (100352K), 20 survivors (20480K)
 Metaspace       used 68391K, capacity 69501K, committed 69584K, reserved 1107968K
  class space    used 10204K, capacity 10585K, committed 10624K, reserved 1048576K
Heap Regions: E=young(eden), S=young(survivor), O=old, HS=humongous(starts), HC=humongous(continues), CS=collection set, F=free, A=archive, TAMS=top-at-mark-start (previous, next)
|   0|0x0000000701000000, 0x0000000701100000, 0x0000000701100000|100%|HS|  |TAMS 0x0000000701100000, 0x0000000701000000| Complete 
|   1|0x0000000701100000, 0x0000000701200000, 0x0000000701200000|100%| O|  |TAMS 0x0000000701200000, 0x0000000701100000| Untracked 
|   2|0x0000000701200000, 0x0000000701300000, 0x0000000701300000|100%|HS|  |TAMS 0x0000000701300000, 0x0000000701200000| Complete 
|   3|0x0000000701300000, 0x0000000701400000, 0x0000000701400000|100%|HS|  |TAMS 0x0000000701400000, 0x0000000701300000| Complete 
|   4|0x0000000701400000, 0x0000000701500000, 0x0000000701500000|100%|HC|  |TAMS 0x0000000701500000, 0x0000000701400000| Complete 
|   5|0x0000000701500000, 0x0000000701600000, 0x0000000701600000|100%| O|  |TAMS 0x0000000701600000, 0x0000000701500000| Untracked 
|   6|0x0000000701600000, 0x0000000701700000, 0x0000000701700000|100%| O|  |TAMS 0x0000000701700000, 0x0000000701600000| Untracked 
|   7|0x0000000701700000, 0x0000000701800000, 0x0000000701800000|100%| O|  |TAMS 0x0000000701800000, 0x0000000701700000| Untracked 
|   8|0x0000000701800000, 0x0000000701900000, 0x0000000701900000|100%| O|  |TAMS 0x0000000701900000, 0x0000000701800000| Untracked 
|   9|0x0000000701900000, 0x0000000701a00000, 0x0000000701a00000|100%| O|  |TAMS 0x0000000701a00000, 0x0000000701900000| Untracked 
|  10|0x0000000701a00000, 0x0000000701b00000, 0x0000000701b00000|100%| O|  |TAMS 0x0000000701b00000, 0x0000000701a00000| Untracked 
|  11|0x0000000701b00000, 0x0000000701c00000, 0x0000000701c00000|100%| O|  |TAMS 0x0000000701c00000, 0x0000000701b00000| Untracked 
|  12|0x0000000701c00000, 0x0000000701c6d800, 0x0000000701d00000| 42%| O|  |TAMS 0x0000000701c6d800, 0x0000000701c00000| Untracked 
|  13|0x0000000701d00000, 0x0000000701d00000, 0x0000000701e00000|  0%| F|  |TAMS 0x0000000701d00000, 0x0000000701d00000| Untracked 
|  14|0x0000000701e00000, 0x0000000701e00000, 0x0000000701f00000|  0%| F|  |TAMS 0x0000000701e00000, 0x0000000701e00000| Untracked 
|  15|0x0000000701f00000, 0x0000000701f00000, 0x0000000702000000|  0%| F|  |TAMS 0x0000000701f00000, 0x0000000701f00000| Untracked 
|  16|0x0000000702000000, 0x0000000702000000, 0x0000000702100000|  0%| F|  |TAMS 0x0000000702000000, 0x0000000702000000| Untracked 
|  17|0x0000000702100000, 0x0000000702200000, 0x0000000702200000|100%| O|  |TAMS 0x0000000702200000, 0x0000000702100000| Untracked 
|  18|0x0000000702200000, 0x0000000702300000, 0x0000000702300000|100%| O|  |TAMS 0x0000000702300000, 0x0000000702200000| Untracked 
|  19|0x0000000702300000, 0x0000000702300000, 0x0000000702400000|  0%| F|  |TAMS 0x0000000702300000, 0x0000000702300000| Untracked 
|  20|0x0000000702400000, 0x0000000702400000, 0x0000000702500000|  0%| F|  |TAMS 0x0000000702400000, 0x0000000702400000| Untracked 
|  21|0x0000000702500000, 0x0000000702500000, 0x0000000702600000|  0%| F|  |TAMS 0x0000000702500000, 0x0000000702500000| Untracked 
|  22|0x0000000702600000, 0x0000000702600000, 0x0000000702700000|  0%| F|  |TAMS 0x0000000702600000, 0x0000000702600000| Untracked 
|  23|0x0000000702700000, 0x0000000702700000, 0x0000000702800000|  0%| F|  |TAMS 0x0000000702700000, 0x0000000702700000| Untracked 
|  24|0x0000000702800000, 0x0000000702800000, 0x0000000702900000|  0%| F|  |TAMS 0x0000000702800000, 0x0000000702800000| Untracked 
|  25|0x0000000702900000, 0x0000000702900000, 0x0000000702a00000|  0%| F|  |TAMS 0x0000000702900000, 0x0000000702900000| Untracked 
|  26|0x0000000702a00000, 0x0000000702a00000, 0x0000000702b00000|  0%| F|  |TAMS 0x0000000702a00000, 0x0000000702a00000| Untracked 
|  27|0x0000000702b00000, 0x0000000702b00000, 0x0000000702c00000|  0%| F|  |TAMS 0x0000000702b00000, 0x0000000702b00000| Untracked 
|  28|0x0000000702c00000, 0x0000000702c00000, 0x0000000702d00000|  0%| F|  |TAMS 0x0000000702c00000, 0x0000000702c00000| Untracked 
|  29|0x0000000702d00000, 0x0000000702d00000, 0x0000000702e00000|  0%| F|  |TAMS 0x0000000702d00000, 0x0000000702d00000| Untracked 
|  30|0x0000000702e00000, 0x0000000702e00000, 0x0000000702f00000|  0%| F|  |TAMS 0x0000000702e00000, 0x0000000702e00000| Untracked 
|  31|0x0000000702f00000, 0x0000000702f00000, 0x0000000703000000|  0%| F|  |TAMS 0x0000000702f00000, 0x0000000702f00000| Untracked 
|  32|0x0000000703000000, 0x0000000703000000, 0x0000000703100000|  0%| F|  |TAMS 0x0000000703000000, 0x0000000703000000| Untracked 
|  33|0x0000000703100000, 0x0000000703100000, 0x0000000703200000|  0%| F|  |TAMS 0x0000000703100000, 0x0000000703100000| Untracked 
|  34|0x0000000703200000, 0x0000000703200000, 0x0000000703300000|  0%| F|  |TAMS 0x0000000703200000, 0x0000000703200000| Untracked 
|  35|0x0000000703300000, 0x0000000703300000, 0x0000000703400000|  0%| F|  |TAMS 0x0000000703300000, 0x0000000703300000| Untracked 
|  36|0x0000000703400000, 0x0000000703400000, 0x0000000703500000|  0%| F|  |TAMS 0x0000000703400000, 0x0000000703400000| Untracked 
|  37|0x0000000703500000, 0x0000000703500000, 0x0000000703600000|  0%| F|  |TAMS 0x0000000703500000, 0x0000000703500000| Untracked 
|  38|0x0000000703600000, 0x0000000703600000, 0x0000000703700000|  0%| F|  |TAMS 0x0000000703600000, 0x0000000703600000| Untracked 
|  39|0x0000000703700000, 0x0000000703700000, 0x0000000703800000|  0%| F|  |TAMS 0x0000000703700000, 0x0000000703700000| Untracked 
|  40|0x0000000703800000, 0x0000000703800000, 0x0000000703900000|  0%| F|  |TAMS 0x0000000703800000, 0x0000000703800000| Untracked 
|  41|0x0000000703900000, 0x0000000703900000, 0x0000000703a00000|  0%| F|  |TAMS 0x0000000703900000, 0x0000000703900000| Untracked 
|  42|0x0000000703a00000, 0x0000000703a00000, 0x0000000703b00000|  0%| F|  |TAMS 0x0000000703a00000, 0x0000000703a00000| Untracked 
|  43|0x0000000703b00000, 0x0000000703b00000, 0x0000000703c00000|  0%| F|  |TAMS 0x0000000703b00000, 0x0000000703b00000| Untracked 
|  44|0x0000000703c00000, 0x0000000703c00000, 0x0000000703d00000|  0%| F|  |TAMS 0x0000000703c00000, 0x0000000703c00000| Untracked 
|  45|0x0000000703d00000, 0x0000000703d00000, 0x0000000703e00000|  0%| F|  |TAMS 0x0000000703d00000, 0x0000000703d00000| Untracked 
|  46|0x0000000703e00000, 0x0000000703e00000, 0x0000000703f00000|  0%| F|  |TAMS 0x0000000703e00000, 0x0000000703e00000| Untracked 
|  47|0x0000000703f00000, 0x0000000703f00000, 0x0000000704000000|  0%| F|  |TAMS 0x0000000703f00000, 0x0000000703f00000| Untracked 
|  48|0x0000000704000000, 0x0000000704000000, 0x0000000704100000|  0%| F|  |TAMS 0x0000000704000000, 0x0000000704000000| Untracked 
|  49|0x0000000704100000, 0x0000000704100000, 0x0000000704200000|  0%| F|  |TAMS 0x0000000704100000, 0x0000000704100000| Untracked 
|  50|0x0000000704200000, 0x0000000704200000, 0x0000000704300000|  0%| F|  |TAMS 0x0000000704200000, 0x0000000704200000| Untracked 
|  51|0x0000000704300000, 0x0000000704300000, 0x0000000704400000|  0%| F|  |TAMS 0x0000000704300000, 0x0000000704300000| Untracked 
|  52|0x0000000704400000, 0x0000000704400000, 0x0000000704500000|  0%| F|  |TAMS 0x0000000704400000, 0x0000000704400000| Untracked 
|  53|0x0000000704500000, 0x0000000704500000, 0x0000000704600000|  0%| F|  |TAMS 0x0000000704500000, 0x0000000704500000| Untracked 
|  54|0x0000000704600000, 0x0000000704600000, 0x0000000704700000|  0%| F|  |TAMS 0x0000000704600000, 0x0000000704600000| Untracked 
|  55|0x0000000704700000, 0x0000000704700000, 0x0000000704800000|  0%| F|  |TAMS 0x0000000704700000, 0x0000000704700000| Untracked 
|  56|0x0000000704800000, 0x0000000704800000, 0x0000000704900000|  0%| F|  |TAMS 0x0000000704800000, 0x0000000704800000| Untracked 
|  57|0x0000000704900000, 0x0000000704900000, 0x0000000704a00000|  0%| F|  |TAMS 0x0000000704900000, 0x0000000704900000| Untracked 
|  58|0x0000000704a00000, 0x0000000704a00000, 0x0000000704b00000|  0%| F|  |TAMS 0x0000000704a00000, 0x0000000704a00000| Untracked 
|  59|0x0000000704b00000, 0x0000000704b00000, 0x0000000704c00000|  0%| F|  |TAMS 0x0000000704b00000, 0x0000000704b00000| Untracked 
|  60|0x0000000704c00000, 0x0000000704c00000, 0x0000000704d00000|  0%| F|  |TAMS 0x0000000704c00000, 0x0000000704c00000| Untracked 
|  61|0x0000000704d00000, 0x0000000704d00000, 0x0000000704e00000|  0%| F|  |TAMS 0x0000000704d00000, 0x0000000704d00000| Untracked 
|  62|0x0000000704e00000, 0x0000000704e00000, 0x0000000704f00000|  0%| F|  |TAMS 0x0000000704e00000, 0x0000000704e00000| Untracked 
|  63|0x0000000704f00000, 0x0000000704f00000, 0x0000000705000000|  0%| F|  |TAMS 0x0000000704f00000, 0x0000000704f00000| Untracked 
|  64|0x0000000705000000, 0x0000000705000000, 0x0000000705100000|  0%| F|  |TAMS 0x0000000705000000, 0x0000000705000000| Untracked 
|  65|0x0000000705100000, 0x0000000705100000, 0x0000000705200000|  0%| F|  |TAMS 0x0000000705100000, 0x0000000705100000| Untracked 
|  66|0x0000000705200000, 0x0000000705200000, 0x0000000705300000|  0%| F|  |TAMS 0x0000000705200000, 0x0000000705200000| Untracked 
|  67|0x0000000705300000, 0x0000000705300000, 0x0000000705400000|  0%| F|  |TAMS 0x0000000705300000, 0x0000000705300000| Untracked 
|  68|0x0000000705400000, 0x0000000705400000, 0x0000000705500000|  0%| F|  |TAMS 0x0000000705400000, 0x0000000705400000| Untracked 
|  69|0x0000000705500000, 0x0000000705500000, 0x0000000705600000|  0%| F|  |TAMS 0x0000000705500000, 0x0000000705500000| Untracked 
|  70|0x0000000705600000, 0x0000000705600000, 0x0000000705700000|  0%| F|  |TAMS 0x0000000705600000, 0x0000000705600000| Untracked 
|  71|0x0000000705700000, 0x0000000705700000, 0x0000000705800000|  0%| F|  |TAMS 0x0000000705700000, 0x0000000705700000| Untracked 
|  72|0x0000000705800000, 0x0000000705800000, 0x0000000705900000|  0%| F|  |TAMS 0x0000000705800000, 0x0000000705800000| Untracked 
|  73|0x0000000705900000, 0x0000000705900000, 0x0000000705a00000|  0%| F|  |TAMS 0x0000000705900000, 0x0000000705900000| Untracked 
|  74|0x0000000705a00000, 0x0000000705a00000, 0x0000000705b00000|  0%| F|  |TAMS 0x0000000705a00000, 0x0000000705a00000| Untracked 
|  75|0x0000000705b00000, 0x0000000705b00000, 0x0000000705c00000|  0%| F|  |TAMS 0x0000000705b00000, 0x0000000705b00000| Untracked 
|  76|0x0000000705c00000, 0x0000000705c00000, 0x0000000705d00000|  0%| F|  |TAMS 0x0000000705c00000, 0x0000000705c00000| Untracked 
|  77|0x0000000705d00000, 0x0000000705d00000, 0x0000000705e00000|  0%| F|  |TAMS 0x0000000705d00000, 0x0000000705d00000| Untracked 
|  78|0x0000000705e00000, 0x0000000705e00000, 0x0000000705f00000|  0%| F|  |TAMS 0x0000000705e00000, 0x0000000705e00000| Untracked 
|  79|0x0000000705f00000, 0x0000000705f00000, 0x0000000706000000|  0%| F|  |TAMS 0x0000000705f00000, 0x0000000705f00000| Untracked 
|  80|0x0000000706000000, 0x0000000706000000, 0x0000000706100000|  0%| F|  |TAMS 0x0000000706000000, 0x0000000706000000| Untracked 
|  81|0x0000000706100000, 0x0000000706100000, 0x0000000706200000|  0%| F|  |TAMS 0x0000000706100000, 0x0000000706100000| Untracked 
|  82|0x0000000706200000, 0x0000000706200000, 0x0000000706300000|  0%| F|  |TAMS 0x0000000706200000, 0x0000000706200000| Untracked 
|  83|0x0000000706300000, 0x0000000706300000, 0x0000000706400000|  0%| F|  |TAMS 0x0000000706300000, 0x0000000706300000| Untracked 
|  84|0x0000000706400000, 0x0000000706400000, 0x0000000706500000|  0%| F|  |TAMS 0x0000000706400000, 0x0000000706400000| Untracked 
|  85|0x0000000706500000, 0x0000000706500000, 0x0000000706600000|  0%| F|  |TAMS 0x0000000706500000, 0x0000000706500000| Untracked 
|  86|0x0000000706600000, 0x0000000706600000, 0x0000000706700000|  0%| F|  |TAMS 0x0000000706600000, 0x0000000706600000| Untracked 
|  87|0x0000000706700000, 0x0000000706700000, 0x0000000706800000|  0%| F|  |TAMS 0x0000000706700000, 0x0000000706700000| Untracked 
|  88|0x0000000706800000, 0x0000000706800000, 0x0000000706900000|  0%| F|  |TAMS 0x0000000706800000, 0x0000000706800000| Untracked 
|  89|0x0000000706900000, 0x0000000706900000, 0x0000000706a00000|  0%| F|  |TAMS 0x0000000706900000, 0x0000000706900000| Untracked 
|  90|0x0000000706a00000, 0x0000000706a00000, 0x0000000706b00000|  0%| F|  |TAMS 0x0000000706a00000, 0x0000000706a00000| Untracked 
|  91|0x0000000706b00000, 0x0000000706b00000, 0x0000000706c00000|  0%| F|  |TAMS 0x0000000706b00000, 0x0000000706b00000| Untracked 
|  92|0x0000000706c00000, 0x0000000706c00000, 0x0000000706d00000|  0%| F|  |TAMS 0x0000000706c00000, 0x0000000706c00000| Untracked 
|  93|0x0000000706d00000, 0x0000000706d00000, 0x0000000706e00000|  0%| F|  |TAMS 0x0000000706d00000, 0x0000000706d00000| Untracked 
|  94|0x0000000706e00000, 0x0000000706e00000, 0x0000000706f00000|  0%| F|  |TAMS 0x0000000706e00000, 0x0000000706e00000| Untracked 
|  95|0x0000000706f00000, 0x0000000706f00000, 0x0000000707000000|  0%| F|  |TAMS 0x0000000706f00000, 0x0000000706f00000| Untracked 
|  96|0x0000000707000000, 0x0000000707000000, 0x0000000707100000|  0%| F|  |TAMS 0x0000000707000000, 0x0000000707000000| Untracked 
|  97|0x0000000707100000, 0x0000000707100000, 0x0000000707200000|  0%| F|  |TAMS 0x0000000707100000, 0x0000000707100000| Untracked 
|  98|0x0000000707200000, 0x0000000707200000, 0x0000000707300000|  0%| F|  |TAMS 0x0000000707200000, 0x0000000707200000| Untracked 
|  99|0x0000000707300000, 0x0000000707300000, 0x0000000707400000|  0%| F|  |TAMS 0x0000000707300000, 0x0000000707300000| Untracked 
| 100|0x0000000707400000, 0x0000000707400000, 0x0000000707500000|  0%| F|  |TAMS 0x0000000707400000, 0x0000000707400000| Untracked 
| 101|0x0000000707500000, 0x000000070754e050, 0x0000000707600000| 30%| S|CS|TAMS 0x0000000707500000, 0x0000000707500000| Complete 
| 102|0x0000000707600000, 0x0000000707700000, 0x0000000707700000|100%| S|CS|TAMS 0x0000000707600000, 0x0000000707600000| Complete 
| 103|0x0000000707700000, 0x0000000707800000, 0x0000000707800000|100%| S|CS|TAMS 0x0000000707700000, 0x0000000707700000| Complete 
| 104|0x0000000707800000, 0x0000000707900000, 0x0000000707900000|100%| S|CS|TAMS 0x0000000707800000, 0x0000000707800000| Complete 
| 105|0x0000000707900000, 0x0000000707a00000, 0x0000000707a00000|100%| S|CS|TAMS 0x0000000707900000, 0x0000000707900000| Complete 
| 106|0x0000000707a00000, 0x0000000707b00000, 0x0000000707b00000|100%| S|CS|TAMS 0x0000000707a00000, 0x0000000707a00000| Complete 
| 107|0x0000000707b00000, 0x0000000707c00000, 0x0000000707c00000|100%| S|CS|TAMS 0x0000000707b00000, 0x0000000707b00000| Complete 
| 108|0x0000000707c00000, 0x0000000707d00000, 0x0000000707d00000|100%| S|CS|TAMS 0x0000000707c00000, 0x0000000707c00000| Complete 
| 109|0x0000000707d00000, 0x0000000707e00000, 0x0000000707e00000|100%| S|CS|TAMS 0x0000000707d00000, 0x0000000707d00000| Complete 
| 110|0x0000000707e00000, 0x0000000707f00000, 0x0000000707f00000|100%| S|CS|TAMS 0x0000000707e00000, 0x0000000707e00000| Complete 
| 111|0x0000000707f00000, 0x0000000708000000, 0x0000000708000000|100%| S|CS|TAMS 0x0000000707f00000, 0x0000000707f00000| Complete 
| 112|0x0000000708000000, 0x0000000708100000, 0x0000000708100000|100%| S|CS|TAMS 0x0000000708000000, 0x0000000708000000| Complete 
| 113|0x0000000708100000, 0x0000000708200000, 0x0000000708200000|100%| S|CS|TAMS 0x0000000708100000, 0x0000000708100000| Complete 
| 114|0x0000000708200000, 0x0000000708300000, 0x0000000708300000|100%| S|CS|TAMS 0x0000000708200000, 0x0000000708200000| Complete 
| 115|0x0000000708300000, 0x0000000708400000, 0x0000000708400000|100%| S|CS|TAMS 0x0000000708300000, 0x0000000708300000| Complete 
| 116|0x0000000708400000, 0x0000000708500000, 0x0000000708500000|100%| S|CS|TAMS 0x0000000708400000, 0x0000000708400000| Complete 
| 117|0x0000000708500000, 0x0000000708600000, 0x0000000708600000|100%| S|CS|TAMS 0x0000000708500000, 0x0000000708500000| Complete 
| 118|0x0000000708600000, 0x0000000708700000, 0x0000000708700000|100%| S|CS|TAMS 0x0000000708600000, 0x0000000708600000| Complete 
| 119|0x0000000708700000, 0x0000000708800000, 0x0000000708800000|100%| S|CS|TAMS 0x0000000708700000, 0x0000000708700000| Complete 
| 120|0x0000000708800000, 0x0000000708900000, 0x0000000708900000|100%| S|CS|TAMS 0x0000000708800000, 0x0000000708800000| Complete 
| 121|0x0000000708900000, 0x0000000708900000, 0x0000000708a00000|  0%| F|  |TAMS 0x0000000708900000, 0x0000000708900000| Untracked 
| 122|0x0000000708a00000, 0x0000000708a00000, 0x0000000708b00000|  0%| F|  |TAMS 0x0000000708a00000, 0x0000000708a00000| Untracked 
| 123|0x0000000708b00000, 0x0000000708b00000, 0x0000000708c00000|  0%| F|  |TAMS 0x0000000708b00000, 0x0000000708b00000| Untracked 
| 124|0x0000000708c00000, 0x0000000708c00000, 0x0000000708d00000|  0%| F|  |TAMS 0x0000000708c00000, 0x0000000708c00000| Untracked 
| 125|0x0000000708d00000, 0x0000000708d00000, 0x0000000708e00000|  0%| F|  |TAMS 0x0000000708d00000, 0x0000000708d00000| Untracked 
| 126|0x0000000708e00000, 0x0000000708e00000, 0x0000000708f00000|  0%| F|  |TAMS 0x0000000708e00000, 0x0000000708e00000| Untracked 
| 127|0x0000000708f00000, 0x0000000708f00000, 0x0000000709000000|  0%| F|  |TAMS 0x0000000708f00000, 0x0000000708f00000| Untracked 
| 128|0x0000000709000000, 0x0000000709000000, 0x0000000709100000|  0%| F|  |TAMS 0x0000000709000000, 0x0000000709000000| Untracked 
| 129|0x0000000709100000, 0x0000000709100000, 0x0000000709200000|  0%| F|  |TAMS 0x0000000709100000, 0x0000000709100000| Untracked 
| 130|0x0000000709200000, 0x0000000709200000, 0x0000000709300000|  0%| F|  |TAMS 0x0000000709200000, 0x0000000709200000| Untracked 
| 131|0x0000000709300000, 0x0000000709300000, 0x0000000709400000|  0%| F|  |TAMS 0x0000000709300000, 0x0000000709300000| Untracked 
| 132|0x0000000709400000, 0x0000000709400000, 0x0000000709500000|  0%| F|  |TAMS 0x0000000709400000, 0x0000000709400000| Untracked 
| 133|0x0000000709500000, 0x0000000709500000, 0x0000000709600000|  0%| F|  |TAMS 0x0000000709500000, 0x0000000709500000| Untracked 
| 134|0x0000000709600000, 0x0000000709600000, 0x0000000709700000|  0%| F|  |TAMS 0x0000000709600000, 0x0000000709600000| Untracked 
| 135|0x0000000709700000, 0x0000000709700000, 0x0000000709800000|  0%| F|  |TAMS 0x0000000709700000, 0x0000000709700000| Untracked 
| 136|0x0000000709800000, 0x0000000709800000, 0x0000000709900000|  0%| F|  |TAMS 0x0000000709800000, 0x0000000709800000| Untracked 
| 137|0x0000000709900000, 0x0000000709900000, 0x0000000709a00000|  0%| F|  |TAMS 0x0000000709900000, 0x0000000709900000| Untracked 
| 138|0x0000000709a00000, 0x0000000709a00000, 0x0000000709b00000|  0%| F|  |TAMS 0x0000000709a00000, 0x0000000709a00000| Untracked 
| 139|0x0000000709b00000, 0x0000000709b00000, 0x0000000709c00000|  0%| F|  |TAMS 0x0000000709b00000, 0x0000000709b00000| Untracked 
| 140|0x0000000709c00000, 0x0000000709c00000, 0x0000000709d00000|  0%| F|  |TAMS 0x0000000709c00000, 0x0000000709c00000| Untracked 
| 141|0x0000000709d00000, 0x0000000709d00000, 0x0000000709e00000|  0%| F|  |TAMS 0x0000000709d00000, 0x0000000709d00000| Untracked 
| 142|0x0000000709e00000, 0x0000000709e00000, 0x0000000709f00000|  0%| F|  |TAMS 0x0000000709e00000, 0x0000000709e00000| Untracked 
| 143|0x0000000709f00000, 0x0000000709f00000, 0x000000070a000000|  0%| F|  |TAMS 0x0000000709f00000, 0x0000000709f00000| Untracked 
| 144|0x000000070a000000, 0x000000070a000000, 0x000000070a100000|  0%| F|  |TAMS 0x000000070a000000, 0x000000070a000000| Untracked 
| 145|0x000000070a100000, 0x000000070a100000, 0x000000070a200000|  0%| F|  |TAMS 0x000000070a100000, 0x000000070a100000| Untracked 
| 146|0x000000070a200000, 0x000000070a200000, 0x000000070a300000|  0%| F|  |TAMS 0x000000070a200000, 0x000000070a200000| Untracked 
| 147|0x000000070a300000, 0x000000070a300000, 0x000000070a400000|  0%| F|  |TAMS 0x000000070a300000, 0x000000070a300000| Untracked 
| 148|0x000000070a400000, 0x000000070a400000, 0x000000070a500000|  0%| F|  |TAMS 0x000000070a400000, 0x000000070a400000| Untracked 
| 149|0x000000070a500000, 0x000000070a500000, 0x000000070a600000|  0%| F|  |TAMS 0x000000070a500000, 0x000000070a500000| Untracked 
| 150|0x000000070a600000, 0x000000070a600000, 0x000000070a700000|  0%| F|  |TAMS 0x000000070a600000, 0x000000070a600000| Untracked 
| 151|0x000000070a700000, 0x000000070a700000, 0x000000070a800000|  0%| F|  |TAMS 0x000000070a700000, 0x000000070a700000| Untracked 
| 152|0x000000070a800000, 0x000000070a800000, 0x000000070a900000|  0%| F|  |TAMS 0x000000070a800000, 0x000000070a800000| Untracked 
| 153|0x000000070a900000, 0x000000070a900000, 0x000000070aa00000|  0%| F|  |TAMS 0x000000070a900000, 0x000000070a900000| Untracked 
| 154|0x000000070aa00000, 0x000000070aa00000, 0x000000070ab00000|  0%| F|  |TAMS 0x000000070aa00000, 0x000000070aa00000| Untracked 
| 155|0x000000070ab00000, 0x000000070ab00000, 0x000000070ac00000|  0%| F|  |TAMS 0x000000070ab00000, 0x000000070ab00000| Untracked 
| 156|0x000000070ac00000, 0x000000070ac00000, 0x000000070ad00000|  0%| F|  |TAMS 0x000000070ac00000, 0x000000070ac00000| Untracked 
| 157|0x000000070ad00000, 0x000000070ad00000, 0x000000070ae00000|  0%| F|  |TAMS 0x000000070ad00000, 0x000000070ad00000| Untracked 
| 158|0x000000070ae00000, 0x000000070ae00000, 0x000000070af00000|  0%| F|  |TAMS 0x000000070ae00000, 0x000000070ae00000| Untracked 
| 159|0x000000070af00000, 0x000000070af00000, 0x000000070b000000|  0%| F|  |TAMS 0x000000070af00000, 0x000000070af00000| Untracked 
| 160|0x000000070b000000, 0x000000070b000000, 0x000000070b100000|  0%| F|  |TAMS 0x000000070b000000, 0x000000070b000000| Untracked 
| 161|0x000000070b100000, 0x000000070b100000, 0x000000070b200000|  0%| F|  |TAMS 0x000000070b100000, 0x000000070b100000| Untracked 
| 162|0x000000070b200000, 0x000000070b200000, 0x000000070b300000|  0%| F|  |TAMS 0x000000070b200000, 0x000000070b200000| Untracked 
| 163|0x000000070b300000, 0x000000070b300000, 0x000000070b400000|  0%| F|  |TAMS 0x000000070b300000, 0x000000070b300000| Untracked 
| 164|0x000000070b400000, 0x000000070b400000, 0x000000070b500000|  0%| F|  |TAMS 0x000000070b400000, 0x000000070b400000| Untracked 
| 165|0x000000070b500000, 0x000000070b500000, 0x000000070b600000|  0%| F|  |TAMS 0x000000070b500000, 0x000000070b500000| Untracked 
| 166|0x000000070b600000, 0x000000070b600000, 0x000000070b700000|  0%| F|  |TAMS 0x000000070b600000, 0x000000070b600000| Untracked 
| 167|0x000000070b700000, 0x000000070b700000, 0x000000070b800000|  0%| F|  |TAMS 0x000000070b700000, 0x000000070b700000| Untracked 
| 168|0x000000070b800000, 0x000000070b800000, 0x000000070b900000|  0%| F|  |TAMS 0x000000070b800000, 0x000000070b800000| Untracked 
| 169|0x000000070b900000, 0x000000070b900000, 0x000000070ba00000|  0%| F|  |TAMS 0x000000070b900000, 0x000000070b900000| Untracked 
| 170|0x000000070ba00000, 0x000000070ba00000, 0x000000070bb00000|  0%| F|  |TAMS 0x000000070ba00000, 0x000000070ba00000| Untracked 
| 171|0x000000070bb00000, 0x000000070bb00000, 0x000000070bc00000|  0%| F|  |TAMS 0x000000070bb00000, 0x000000070bb00000| Untracked 
| 172|0x000000070bc00000, 0x000000070bc00000, 0x000000070bd00000|  0%| F|  |TAMS 0x000000070bc00000, 0x000000070bc00000| Untracked 
| 173|0x000000070bd00000, 0x000000070bd00000, 0x000000070be00000|  0%| F|  |TAMS 0x000000070bd00000, 0x000000070bd00000| Untracked 
| 174|0x000000070be00000, 0x000000070be00000, 0x000000070bf00000|  0%| F|  |TAMS 0x000000070be00000, 0x000000070be00000| Untracked 
| 175|0x000000070bf00000, 0x000000070bf00000, 0x000000070c000000|  0%| F|  |TAMS 0x000000070bf00000, 0x000000070bf00000| Untracked 
| 176|0x000000070c000000, 0x000000070c000000, 0x000000070c100000|  0%| F|  |TAMS 0x000000070c000000, 0x000000070c000000| Untracked 
| 177|0x000000070c100000, 0x000000070c100000, 0x000000070c200000|  0%| F|  |TAMS 0x000000070c100000, 0x000000070c100000| Untracked 
| 178|0x000000070c200000, 0x000000070c2cb848, 0x000000070c300000| 79%| E|  |TAMS 0x000000070c200000, 0x000000070c200000| Complete 
| 179|0x000000070c300000, 0x000000070c400000, 0x000000070c400000|100%| E|CS|TAMS 0x000000070c300000, 0x000000070c300000| Complete 
| 180|0x000000070c400000, 0x000000070c500000, 0x000000070c500000|100%| E|CS|TAMS 0x000000070c400000, 0x000000070c400000| Complete 
| 181|0x000000070c500000, 0x000000070c600000, 0x000000070c600000|100%| E|CS|TAMS 0x000000070c500000, 0x000000070c500000| Complete 
| 182|0x000000070c600000, 0x000000070c700000, 0x000000070c700000|100%| E|CS|TAMS 0x000000070c600000, 0x000000070c600000| Complete 
| 183|0x000000070c700000, 0x000000070c800000, 0x000000070c800000|100%| E|CS|TAMS 0x000000070c700000, 0x000000070c700000| Complete 
| 184|0x000000070c800000, 0x000000070c900000, 0x000000070c900000|100%| E|CS|TAMS 0x000000070c800000, 0x000000070c800000| Complete 
| 185|0x000000070c900000, 0x000000070ca00000, 0x000000070ca00000|100%| E|CS|TAMS 0x000000070c900000, 0x000000070c900000| Complete 
| 186|0x000000070ca00000, 0x000000070cb00000, 0x000000070cb00000|100%| E|CS|TAMS 0x000000070ca00000, 0x000000070ca00000| Complete 
| 187|0x000000070cb00000, 0x000000070cc00000, 0x000000070cc00000|100%| E|CS|TAMS 0x000000070cb00000, 0x000000070cb00000| Complete 
| 188|0x000000070cc00000, 0x000000070cd00000, 0x000000070cd00000|100%| E|CS|TAMS 0x000000070cc00000, 0x000000070cc00000| Complete 
| 189|0x000000070cd00000, 0x000000070ce00000, 0x000000070ce00000|100%| E|CS|TAMS 0x000000070cd00000, 0x000000070cd00000| Complete 
| 190|0x000000070ce00000, 0x000000070cf00000, 0x000000070cf00000|100%| E|CS|TAMS 0x000000070ce00000, 0x000000070ce00000| Complete 
| 191|0x000000070cf00000, 0x000000070d000000, 0x000000070d000000|100%| E|CS|TAMS 0x000000070cf00000, 0x000000070cf00000| Complete 
| 192|0x000000070d000000, 0x000000070d100000, 0x000000070d100000|100%| E|CS|TAMS 0x000000070d000000, 0x000000070d000000| Complete 
| 193|0x000000070d100000, 0x000000070d200000, 0x000000070d200000|100%| E|CS|TAMS 0x000000070d100000, 0x000000070d100000| Complete 
| 194|0x000000070d200000, 0x000000070d300000, 0x000000070d300000|100%| E|CS|TAMS 0x000000070d200000, 0x000000070d200000| Complete 
| 195|0x000000070d300000, 0x000000070d400000, 0x000000070d400000|100%| E|CS|TAMS 0x000000070d300000, 0x000000070d300000| Complete 
| 196|0x000000070d400000, 0x000000070d500000, 0x000000070d500000|100%| E|CS|TAMS 0x000000070d400000, 0x000000070d400000| Complete 
| 197|0x000000070d500000, 0x000000070d600000, 0x000000070d600000|100%| E|CS|TAMS 0x000000070d500000, 0x000000070d500000| Complete 
| 198|0x000000070d600000, 0x000000070d700000, 0x000000070d700000|100%| E|CS|TAMS 0x000000070d600000, 0x000000070d600000| Complete 
| 199|0x000000070d700000, 0x000000070d800000, 0x000000070d800000|100%| E|CS|TAMS 0x000000070d700000, 0x000000070d700000| Complete 
| 200|0x000000070d800000, 0x000000070d900000, 0x000000070d900000|100%| E|CS|TAMS 0x000000070d800000, 0x000000070d800000| Complete 
| 201|0x000000070d900000, 0x000000070da00000, 0x000000070da00000|100%| E|CS|TAMS 0x000000070d900000, 0x000000070d900000| Complete 
| 202|0x000000070da00000, 0x000000070db00000, 0x000000070db00000|100%| E|CS|TAMS 0x000000070da00000, 0x000000070da00000| Complete 
| 203|0x000000070db00000, 0x000000070dc00000, 0x000000070dc00000|100%| E|CS|TAMS 0x000000070db00000, 0x000000070db00000| Complete 
| 204|0x000000070dc00000, 0x000000070dd00000, 0x000000070dd00000|100%| E|CS|TAMS 0x000000070dc00000, 0x000000070dc00000| Complete 
| 205|0x000000070dd00000, 0x000000070de00000, 0x000000070de00000|100%| E|CS|TAMS 0x000000070dd00000, 0x000000070dd00000| Complete 
| 206|0x000000070de00000, 0x000000070df00000, 0x000000070df00000|100%| E|CS|TAMS 0x000000070de00000, 0x000000070de00000| Complete 
| 207|0x000000070df00000, 0x000000070e000000, 0x000000070e000000|100%| E|CS|TAMS 0x000000070df00000, 0x000000070df00000| Complete 
| 208|0x000000070e000000, 0x000000070e100000, 0x000000070e100000|100%| E|CS|TAMS 0x000000070e000000, 0x000000070e000000| Complete 
| 209|0x000000070e100000, 0x000000070e200000, 0x000000070e200000|100%| E|CS|TAMS 0x000000070e100000, 0x000000070e100000| Complete 
| 210|0x000000070e200000, 0x000000070e300000, 0x000000070e300000|100%| E|CS|TAMS 0x000000070e200000, 0x000000070e200000| Complete 
| 211|0x000000070e300000, 0x000000070e400000, 0x000000070e400000|100%| E|CS|TAMS 0x000000070e300000, 0x000000070e300000| Complete 
| 212|0x000000070e400000, 0x000000070e500000, 0x000000070e500000|100%| E|CS|TAMS 0x000000070e400000, 0x000000070e400000| Complete 
| 213|0x000000070e500000, 0x000000070e600000, 0x000000070e600000|100%| E|CS|TAMS 0x000000070e500000, 0x000000070e500000| Complete 
| 214|0x000000070e600000, 0x000000070e700000, 0x000000070e700000|100%| E|CS|TAMS 0x000000070e600000, 0x000000070e600000| Complete 
| 215|0x000000070e700000, 0x000000070e800000, 0x000000070e800000|100%| E|CS|TAMS 0x000000070e700000, 0x000000070e700000| Complete 
| 216|0x000000070e800000, 0x000000070e900000, 0x000000070e900000|100%| E|CS|TAMS 0x000000070e800000, 0x000000070e800000| Complete 
| 217|0x000000070e900000, 0x000000070ea00000, 0x000000070ea00000|100%| E|CS|TAMS 0x000000070e900000, 0x000000070e900000| Complete 
| 218|0x000000070ea00000, 0x000000070eb00000, 0x000000070eb00000|100%| E|CS|TAMS 0x000000070ea00000, 0x000000070ea00000| Complete 
| 219|0x000000070eb00000, 0x000000070ec00000, 0x000000070ec00000|100%| E|CS|TAMS 0x000000070eb00000, 0x000000070eb00000| Complete 
| 220|0x000000070ec00000, 0x000000070ed00000, 0x000000070ed00000|100%| E|CS|TAMS 0x000000070ec00000, 0x000000070ec00000| Complete 
| 221|0x000000070ed00000, 0x000000070ee00000, 0x000000070ee00000|100%| E|CS|TAMS 0x000000070ed00000, 0x000000070ed00000| Complete 
| 222|0x000000070ee00000, 0x000000070ef00000, 0x000000070ef00000|100%| E|CS|TAMS 0x000000070ee00000, 0x000000070ee00000| Complete 
| 223|0x000000070ef00000, 0x000000070f000000, 0x000000070f000000|100%| E|CS|TAMS 0x000000070ef00000, 0x000000070ef00000| Complete 
| 224|0x000000070f000000, 0x000000070f100000, 0x000000070f100000|100%| E|CS|TAMS 0x000000070f000000, 0x000000070f000000| Complete 
| 225|0x000000070f100000, 0x000000070f200000, 0x000000070f200000|100%| E|CS|TAMS 0x000000070f100000, 0x000000070f100000| Complete 
| 226|0x000000070f200000, 0x000000070f300000, 0x000000070f300000|100%| E|  |TAMS 0x000000070f200000, 0x000000070f200000| Complete 
| 227|0x000000070f300000, 0x000000070f400000, 0x000000070f400000|100%| E|CS|TAMS 0x000000070f300000, 0x000000070f300000| Complete 
| 228|0x000000070f400000, 0x000000070f500000, 0x000000070f500000|100%| E|CS|TAMS 0x000000070f400000, 0x000000070f400000| Complete 
| 229|0x000000070f500000, 0x000000070f600000, 0x000000070f600000|100%| E|CS|TAMS 0x000000070f500000, 0x000000070f500000| Complete 
| 230|0x000000070f600000, 0x000000070f700000, 0x000000070f700000|100%| E|CS|TAMS 0x000000070f600000, 0x000000070f600000| Complete 
| 231|0x000000070f700000, 0x000000070f800000, 0x000000070f800000|100%| E|CS|TAMS 0x000000070f700000, 0x000000070f700000| Complete 
| 232|0x000000070f800000, 0x000000070f900000, 0x000000070f900000|100%| E|CS|TAMS 0x000000070f800000, 0x000000070f800000| Complete 
| 233|0x000000070f900000, 0x000000070fa00000, 0x000000070fa00000|100%| E|CS|TAMS 0x000000070f900000, 0x000000070f900000| Complete 
| 234|0x000000070fa00000, 0x000000070fb00000, 0x000000070fb00000|100%| E|CS|TAMS 0x000000070fa00000, 0x000000070fa00000| Complete 
| 235|0x000000070fb00000, 0x000000070fc00000, 0x000000070fc00000|100%| E|CS|TAMS 0x000000070fb00000, 0x000000070fb00000| Complete 
| 236|0x000000070fc00000, 0x000000070fd00000, 0x000000070fd00000|100%| E|CS|TAMS 0x000000070fc00000, 0x000000070fc00000| Complete 
| 237|0x000000070fd00000, 0x000000070fe00000, 0x000000070fe00000|100%| E|CS|TAMS 0x000000070fd00000, 0x000000070fd00000| Complete 
| 238|0x000000070fe00000, 0x000000070ff00000, 0x000000070ff00000|100%| E|CS|TAMS 0x000000070fe00000, 0x000000070fe00000| Complete 
| 239|0x000000070ff00000, 0x0000000710000000, 0x0000000710000000|100%| E|CS|TAMS 0x000000070ff00000, 0x000000070ff00000| Complete 
| 240|0x0000000710000000, 0x0000000710100000, 0x0000000710100000|100%| E|CS|TAMS 0x0000000710000000, 0x0000000710000000| Complete 
| 241|0x0000000710100000, 0x0000000710200000, 0x0000000710200000|100%| E|CS|TAMS 0x0000000710100000, 0x0000000710100000| Complete 
| 242|0x0000000710200000, 0x0000000710300000, 0x0000000710300000|100%| E|CS|TAMS 0x0000000710200000, 0x0000000710200000| Complete 
| 243|0x0000000710300000, 0x0000000710400000, 0x0000000710400000|100%| E|CS|TAMS 0x0000000710300000, 0x0000000710300000| Complete 
| 244|0x0000000710400000, 0x0000000710500000, 0x0000000710500000|100%| E|CS|TAMS 0x0000000710400000, 0x0000000710400000| Complete 
| 245|0x0000000710500000, 0x0000000710600000, 0x0000000710600000|100%| E|CS|TAMS 0x0000000710500000, 0x0000000710500000| Complete 
| 246|0x0000000710600000, 0x0000000710700000, 0x0000000710700000|100%| E|CS|TAMS 0x0000000710600000, 0x0000000710600000| Complete 
| 247|0x0000000710700000, 0x0000000710800000, 0x0000000710800000|100%| E|CS|TAMS 0x0000000710700000, 0x0000000710700000| Complete 
| 248|0x0000000710800000, 0x0000000710900000, 0x0000000710900000|100%| E|CS|TAMS 0x0000000710800000, 0x0000000710800000| Complete 
| 249|0x0000000710900000, 0x0000000710a00000, 0x0000000710a00000|100%| E|CS|TAMS 0x0000000710900000, 0x0000000710900000| Complete 
| 250|0x0000000710a00000, 0x0000000710b00000, 0x0000000710b00000|100%| E|CS|TAMS 0x0000000710a00000, 0x0000000710a00000| Complete 
| 251|0x0000000710b00000, 0x0000000710c00000, 0x0000000710c00000|100%| E|CS|TAMS 0x0000000710b00000, 0x0000000710b00000| Complete 
| 252|0x0000000710c00000, 0x0000000710d00000, 0x0000000710d00000|100%| E|CS|TAMS 0x0000000710c00000, 0x0000000710c00000| Complete 
| 253|0x0000000710d00000, 0x0000000710e00000, 0x0000000710e00000|100%| E|CS|TAMS 0x0000000710d00000, 0x0000000710d00000| Complete 
| 254|0x0000000710e00000, 0x0000000710f00000, 0x0000000710f00000|100%| E|CS|TAMS 0x0000000710e00000, 0x0000000710e00000| Complete 
| 255|0x0000000710f00000, 0x0000000711000000, 0x0000000711000000|100%| E|CS|TAMS 0x0000000710f00000, 0x0000000710f00000| Complete 

Card table byte_map: [0x000002345ed50000,0x000002345f550000] _byte_map_base: 0x000002345b548000

Marking Bits (Prev, Next): (CMBitMap*) 0x000002344664fbe0, (CMBitMap*) 0x000002344664fba8
 Prev Bits: [0x0000023463d10000, 0x0000023467cd0000)
 Next Bits: [0x000002345fd50000, 0x0000023463d10000)

Polling page: 0x0000023445da0000

Metaspace:

Usage:
  Non-class:     57.54 MB capacity,    56.82 MB ( 99%) used,   582.73 KB ( <1%) free+waste,   145.81 KB ( <1%) overhead. 
      Class:     10.34 MB capacity,     9.97 MB ( 96%) used,   313.53 KB (  3%) free+waste,    67.25 KB ( <1%) overhead. 
       Both:     67.87 MB capacity,    66.79 MB ( 98%) used,   896.27 KB (  1%) free+waste,   213.06 KB ( <1%) overhead. 

Virtual space:
  Non-class space:       58.00 MB reserved,      57.58 MB (>99%) committed 
      Class space:        1.00 GB reserved,      10.38 MB (  1%) committed 
             Both:        1.06 GB reserved,      67.95 MB (  6%) committed 

Chunk freelists:
   Non-Class:  44.00 KB
       Class:  0 bytes
        Both:  44.00 KB

MaxMetaspaceSize: 17179869184.00 GB
CompressedClassSpaceSize: 1.00 GB

CodeHeap 'non-profiled nmethods': size=119168Kb used=3605Kb max_used=6458Kb free=115562Kb
 bounds [0x0000023456870000, 0x0000023456ed0000, 0x000002345dcd0000]
CodeHeap 'profiled nmethods': size=119168Kb used=8147Kb max_used=14650Kb free=111020Kb
 bounds [0x000002344f410000, 0x0000023450260000, 0x0000023456870000]
CodeHeap 'non-nmethods': size=7424Kb used=3097Kb max_used=3158Kb free=4326Kb
 bounds [0x000002344ecd0000, 0x000002344f040000, 0x000002344f410000]
 total_blobs=6251 nmethods=5593 adapters=568
 compilation: enabled
              stopped_count=0, restarted_count=0
 full_count=0

Compilation events (20 events):
Event: 537.170 Thread 0x000002346dbab800 11873       3       sun.invoke.util.VerifyAccess::isMemberAccessible (313 bytes)
Event: 537.170 Thread 0x000002347049c000 nmethod 11808 0x0000023456969190 code [0x0000023456969360, 0x0000023456969768]
Event: 537.170 Thread 0x000002347049c000 11897       4       java.io.BufferedInputStream::getBufIfOpen (21 bytes)
Event: 537.170 Thread 0x000002346d8b0000 11895       1       java.lang.Long::longValue (5 bytes)
Event: 537.170 Thread 0x000002346cab9000 nmethod 11917 0x000002344f904f10 code [0x000002344f9050e0, 0x000002344f9053a8]
Event: 537.171 Thread 0x000002346cab9000 11891       1       clojure.lang.Var::getRawRoot (5 bytes)
Event: 537.171 Thread 0x000002346d8b0000 nmethod 11895 0x0000023456968e90 code [0x0000023456969040, 0x00000234569690f8]
Event: 537.171 Thread 0x000002346d8b0000 11872       1       java.lang.invoke.MethodHandleImpl::isCompileConstant (2 bytes)
Event: 537.171 Thread 0x000002346cab9000 nmethod 11891 0x0000023456968b90 code [0x0000023456968d40, 0x0000023456968df8]
Event: 537.171 Thread 0x000002346d8b0000 nmethod 11872 0x0000023456968890 code [0x0000023456968a40, 0x0000023456968ad8]
Event: 537.171 Thread 0x000002346cab9000 11916       1       java.lang.invoke.MethodHandle::type (5 bytes)
Event: 537.171 Thread 0x000002346d8b0000 11849       1       java.lang.invoke.MethodType::returnType (5 bytes)
Event: 537.171 Thread 0x000002346d8b0000 nmethod 11849 0x0000023456968590 code [0x0000023456968740, 0x00000234569687f8]
Event: 537.171 Thread 0x000002346cab9000 nmethod 11916 0x0000023456968290 code [0x0000023456968440, 0x00000234569684f8]
Event: 537.171 Thread 0x000002346d8b0000 11924       2       jdk.internal.org.objectweb.asm.MethodWriter::noSuccessor (95 bytes)
Event: 537.171 Thread 0x000002346cab9000 11844       1       java.lang.invoke.MethodType$ConcurrentWeakInternSet$WeakEntry::hashCode (5 bytes)
Event: 537.171 Thread 0x000002346cab9000 nmethod 11844 0x0000023456967f90 code [0x0000023456968140, 0x00000234569681f8]
Event: 537.171 Thread 0x000002347049c000 nmethod 11897 0x0000023456975810 code [0x00000234569759a0, 0x0000023456975a18]
Event: 537.171 Thread 0x000002346cab9000 11926       2       jdk.internal.org.objectweb.asm.MethodWriter::visitLabel (321 bytes)
Event: 537.171 Thread 0x000002347049c000 11929       4       jdk.internal.org.objectweb.asm.ByteVector::putUTF8 (142 bytes)

GC Heap History (14 events):
Event: 0.590 GC heap before
{Heap before GC invocations=0 (full 0):
 garbage-first heap   total 262144K, used 28672K [0x0000000701000000, 0x0000000800000000)
  region size 1024K, 24 young (24576K), 0 survivors (0K)
 Metaspace       used 9712K, capacity 9816K, committed 9984K, reserved 1058816K
  class space    used 890K, capacity 947K, committed 1024K, reserved 1048576K
}
Event: 0.596 GC heap after
{Heap after GC invocations=1 (full 0):
 garbage-first heap   total 262144K, used 12441K [0x0000000701000000, 0x0000000800000000)
  region size 1024K, 3 young (3072K), 3 survivors (3072K)
 Metaspace       used 9712K, capacity 9816K, committed 9984K, reserved 1058816K
  class space    used 890K, capacity 947K, committed 1024K, reserved 1048576K
}
Event: 96.072 GC heap before
{Heap before GC invocations=1 (full 0):
 garbage-first heap   total 262144K, used 65689K [0x0000000701000000, 0x0000000800000000)
  region size 1024K, 56 young (57344K), 3 survivors (3072K)
 Metaspace       used 16665K, capacity 16905K, committed 17280K, reserved 1064960K
  class space    used 1707K, capacity 1797K, committed 1920K, reserved 1048576K
}
Event: 96.080 GC heap after
{Heap after GC invocations=2 (full 0):
 garbage-first heap   total 262144K, used 13944K [0x0000000701000000, 0x0000000800000000)
  region size 1024K, 5 young (5120K), 5 survivors (5120K)
 Metaspace       used 16665K, capacity 16905K, committed 17280K, reserved 1064960K
  class space    used 1707K, capacity 1797K, committed 1920K, reserved 1048576K
}
Event: 96.510 GC heap before
{Heap before GC invocations=2 (full 0):
 garbage-first heap   total 262144K, used 31352K [0x0000000701000000, 0x0000000800000000)
  region size 1024K, 24 young (24576K), 5 survivors (5120K)
 Metaspace       used 20811K, capacity 21030K, committed 21296K, reserved 1067008K
  class space    used 2799K, capacity 2887K, committed 2944K, reserved 1048576K
}
Event: 96.518 GC heap after
{Heap after GC invocations=3 (full 0):
 garbage-first heap   total 262144K, used 15070K [0x0000000701000000, 0x0000000800000000)
  region size 1024K, 3 young (3072K), 3 survivors (3072K)
 Metaspace       used 20811K, capacity 21030K, committed 21296K, reserved 1067008K
  class space    used 2799K, capacity 2887K, committed 2944K, reserved 1048576K
}
Event: 97.599 GC heap before
{Heap before GC invocations=4 (full 0):
 garbage-first heap   total 262144K, used 81630K [0x0000000701000000, 0x0000000800000000)
  region size 1024K, 69 young (70656K), 3 survivors (3072K)
 Metaspace       used 29287K, capacity 29655K, committed 29872K, reserved 1075200K
  class space    used 4656K, capacity 4782K, committed 4864K, reserved 1048576K
}
Event: 97.608 GC heap after
{Heap after GC invocations=5 (full 0):
 garbage-first heap   total 262144K, used 18248K [0x0000000701000000, 0x0000000800000000)
  region size 1024K, 6 young (6144K), 6 survivors (6144K)
 Metaspace       used 29287K, capacity 29655K, committed 29872K, reserved 1075200K
  class space    used 4656K, capacity 4782K, committed 4864K, reserved 1048576K
}
Event: 98.367 GC heap before
{Heap before GC invocations=5 (full 0):
 garbage-first heap   total 262144K, used 74568K [0x0000000701000000, 0x0000000800000000)
  region size 1024K, 62 young (63488K), 6 survivors (6144K)
 Metaspace       used 35415K, capacity 35756K, committed 35920K, reserved 1079296K
  class space    used 6006K, capacity 6134K, committed 6144K, reserved 1048576K
}
Event: 98.391 GC heap after
{Heap after GC invocations=6 (full 0):
 garbage-first heap   total 262144K, used 20658K [0x0000000701000000, 0x0000000800000000)
  region size 1024K, 9 young (9216K), 9 survivors (9216K)
 Metaspace       used 35415K, capacity 35756K, committed 35920K, reserved 1079296K
  class space    used 6006K, capacity 6134K, committed 6144K, reserved 1048576K
}
Event: 99.290 GC heap before
{Heap before GC invocations=7 (full 0):
 garbage-first heap   total 262144K, used 126130K [0x0000000701000000, 0x0000000800000000)
  region size 1024K, 108 young (110592K), 9 survivors (9216K)
 Metaspace       used 47084K, capacity 47498K, committed 47696K, reserved 1089536K
  class space    used 7185K, capacity 7344K, committed 7424K, reserved 1048576K
}
Event: 99.301 GC heap after
{Heap after GC invocations=8 (full 0):
 garbage-first heap   total 262144K, used 25525K [0x0000000701000000, 0x0000000800000000)
  region size 1024K, 12 young (12288K), 12 survivors (12288K)
 Metaspace       used 47084K, capacity 47498K, committed 47696K, reserved 1089536K
  class space    used 7185K, capacity 7344K, committed 7424K, reserved 1048576K
}
Event: 100.610 GC heap before
{Heap before GC invocations=8 (full 0):
 garbage-first heap   total 262144K, used 150453K [0x0000000701000000, 0x0000000800000000)
  region size 1024K, 135 young (138240K), 12 survivors (12288K)
 Metaspace       used 59708K, capacity 60156K, committed 60240K, reserved 1099776K
  class space    used 9005K, capacity 9180K, committed 9216K, reserved 1048576K
}
Event: 100.639 GC heap after
{Heap after GC invocations=9 (full 0):
 garbage-first heap   total 262144K, used 34542K [0x0000000701000000, 0x0000000800000000)
  region size 1024K, 20 young (20480K), 20 survivors (20480K)
 Metaspace       used 59708K, capacity 60156K, committed 60240K, reserved 1099776K
  class space    used 9005K, capacity 9180K, committed 9216K, reserved 1048576K
}

Deoptimization events (20 events):
Event: 536.789 Thread 0x000002346c437800 DEOPT PACKING pc=0x000002344f90c364 sp=0x0000007ed20fc430
Event: 536.790 Thread 0x000002346c437800 DEOPT UNPACKING pc=0x000002344ed0bb5e sp=0x0000007ed20fb958 mode 1
Event: 536.790 Thread 0x000002346c437800 DEOPT PACKING pc=0x000002344f90c364 sp=0x0000007ed20fad00
Event: 536.790 Thread 0x000002346c437800 DEOPT UNPACKING pc=0x000002344ed0bb5e sp=0x0000007ed20fa228 mode 1
Event: 536.790 Thread 0x000002346c437800 DEOPT PACKING pc=0x000002344f90c364 sp=0x0000007ed20fac70
Event: 536.790 Thread 0x000002346c437800 DEOPT UNPACKING pc=0x000002344ed0bb5e sp=0x0000007ed20fa198 mode 1
Event: 536.790 Thread 0x000002346bc2b000 DEOPT PACKING pc=0x000002344f90c364 sp=0x0000007ed0ffd5f0
Event: 536.790 Thread 0x000002346bc2b000 DEOPT UNPACKING pc=0x000002344ed0bb5e sp=0x0000007ed0ffcb18 mode 1
Event: 536.791 Thread 0x000002346c437800 DEOPT PACKING pc=0x000002344f90c364 sp=0x0000007ed20fc1c0
Event: 536.791 Thread 0x000002346c437800 DEOPT UNPACKING pc=0x000002344ed0bb5e sp=0x0000007ed20fb6e8 mode 1
Event: 536.791 Thread 0x000002346c437800 DEOPT PACKING pc=0x000002344f90c364 sp=0x0000007ed20fc1c0
Event: 536.791 Thread 0x000002346c437800 DEOPT UNPACKING pc=0x000002344ed0bb5e sp=0x0000007ed20fb6e8 mode 1
Event: 536.792 Thread 0x000002346c437800 DEOPT PACKING pc=0x000002344f90c364 sp=0x0000007ed20fc660
Event: 536.792 Thread 0x000002346c437800 DEOPT UNPACKING pc=0x000002344ed0bb5e sp=0x0000007ed20fbb78 mode 1
Event: 536.792 Thread 0x000002346c437800 DEOPT PACKING pc=0x000002344f94994c sp=0x0000007ed20fc730
Event: 536.792 Thread 0x000002346c437800 DEOPT UNPACKING pc=0x000002344ed0bb5e sp=0x0000007ed20fbc70 mode 1
Event: 536.792 Thread 0x000002346c437800 DEOPT PACKING pc=0x000002344f90c364 sp=0x0000007ed20fc660
Event: 536.792 Thread 0x000002346c437800 DEOPT UNPACKING pc=0x000002344ed0bb5e sp=0x0000007ed20fbb78 mode 1
Event: 536.792 Thread 0x000002346c437800 DEOPT PACKING pc=0x000002344f94994c sp=0x0000007ed20fc730
Event: 536.792 Thread 0x000002346c437800 DEOPT UNPACKING pc=0x000002344ed0bb5e sp=0x0000007ed20fbc70 mode 1

Classes redefined (20 events):
Event: 535.390 Thread 0x000002346b6da000 redefined class name=genspark.assignments.section5.MaxSubArray, count=6
Event: 535.471 Thread 0x000002346b6da000 redefined class name=genspark.assignments.section5.MaxSubArray, count=7
Event: 535.569 Thread 0x000002346b6da000 redefined class name=genspark.assignments.section5.MaxSubArray, count=8
Event: 535.659 Thread 0x000002346b6da000 redefined class name=genspark.assignments.section5.MaxSubArray, count=9
Event: 535.740 Thread 0x000002346b6da000 redefined class name=genspark.assignments.section5.MaxSubArray, count=10
Event: 535.816 Thread 0x000002346b6da000 redefined class name=genspark.assignments.section5.MaxSubArray, count=11
Event: 535.892 Thread 0x000002346b6da000 redefined class name=genspark.assignments.section5.MaxSubArray, count=12
Event: 535.972 Thread 0x000002346b6da000 redefined class name=genspark.assignments.section5.MaxSubArray, count=13
Event: 536.055 Thread 0x000002346b6da000 redefined class name=genspark.assignments.section5.MaxSubArray, count=14
Event: 536.142 Thread 0x000002346b6da000 redefined class name=genspark.assignments.section5.MaxSubArray, count=15
Event: 536.236 Thread 0x000002346b6da000 redefined class name=genspark.assignments.section5.MaxSubArray, count=16
Event: 536.343 Thread 0x000002346b6da000 redefined class name=genspark.assignments.section5.MaxSubArray, count=17
Event: 536.441 Thread 0x000002346b6da000 redefined class name=genspark.assignments.section5.MaxSubArray, count=18
Event: 536.539 Thread 0x000002346b6da000 redefined class name=genspark.assignments.section5.MaxSubArray, count=19
Event: 536.627 Thread 0x000002346b6da000 redefined class name=genspark.assignments.section5.MaxSubArray, count=20
Event: 536.712 Thread 0x000002346b6da000 redefined class name=genspark.assignments.section5.MaxSubArray, count=21
Event: 536.793 Thread 0x000002346b6da000 redefined class name=genspark.assignments.section5.MaxSubArray, count=22
Event: 536.877 Thread 0x000002346b6da000 redefined class name=genspark.assignments.section5.MaxSubArray, count=23
Event: 536.969 Thread 0x000002346b6da000 redefined class name=genspark.assignments.section5.MaxSubArray, count=24
Event: 537.096 Thread 0x000002346b6da000 redefined class name=genspark.assignments.section5.MaxSubArray, count=25

Internal exceptions (20 events):
Event: 100.748 Thread 0x000002346ca0f800 Exception <a 'java/lang/NoSuchMethodError'{0x0000000710820768}: 'java.lang.Object java.lang.invoke.Invokers$Holder.linkToTargetMethod(java.lang.Object, int, java.lang.Object)'> (0x0000000710820768) thrown at [./src/hotspot/share/interpreter/linkResolver.cpp, line 779]
Event: 101.643 Thread 0x000002346ca16000 Exception <a 'java/lang/NullPointerException'{0x000000070e560b48}> (0x000000070e560b48) thrown at [./src/hotspot/share/interpreter/linkResolver.cpp, line 1448]
Event: 125.298 Thread 0x000002346c33e000 Exception <a 'sun/nio/fs/WindowsException'{0x0000000710d689f0}> (0x0000000710d689f0) thrown at [./src/hotspot/share/prims/jni.cpp, line 616]
Event: 125.298 Thread 0x000002346c33e000 Exception <a 'sun/nio/fs/WindowsException'{0x0000000710d68de8}> (0x0000000710d68de8) thrown at [./src/hotspot/share/prims/jni.cpp, line 616]
Event: 125.298 Thread 0x000002346c33e000 Exception <a 'sun/nio/fs/WindowsException'{0x0000000710d693a0}> (0x0000000710d693a0) thrown at [./src/hotspot/share/prims/jni.cpp, line 616]
Event: 125.298 Thread 0x000002346c33e000 Exception <a 'sun/nio/fs/WindowsException'{0x0000000710d69990}> (0x0000000710d69990) thrown at [./src/hotspot/share/prims/jni.cpp, line 616]
Event: 125.299 Thread 0x000002346c33e000 Exception <a 'sun/nio/fs/WindowsException'{0x0000000710d69db8}> (0x0000000710d69db8) thrown at [./src/hotspot/share/prims/jni.cpp, line 616]
Event: 520.684 Thread 0x000002346c437800 Exception <a 'java/lang/NoSuchMethodError'{0x000000070d67d3e8}: <clinit>> (0x000000070d67d3e8) thrown at [./src/hotspot/share/prims/jni.cpp, line 1363]
Event: 533.689 Thread 0x000002346c33e000 Exception <a 'sun/nio/fs/WindowsException'{0x0000000710d71db0}> (0x0000000710d71db0) thrown at [./src/hotspot/share/prims/jni.cpp, line 616]
Event: 533.689 Thread 0x000002346c33e000 Exception <a 'sun/nio/fs/WindowsException'{0x0000000710d721a8}> (0x0000000710d721a8) thrown at [./src/hotspot/share/prims/jni.cpp, line 616]
Event: 533.690 Thread 0x000002346c33e000 Exception <a 'sun/nio/fs/WindowsException'{0x0000000710d72760}> (0x0000000710d72760) thrown at [./src/hotspot/share/prims/jni.cpp, line 616]
Event: 533.690 Thread 0x000002346c33e000 Exception <a 'sun/nio/fs/WindowsException'{0x0000000710d72d50}> (0x0000000710d72d50) thrown at [./src/hotspot/share/prims/jni.cpp, line 616]
Event: 533.690 Thread 0x000002346c33e000 Exception <a 'sun/nio/fs/WindowsException'{0x0000000710d73178}> (0x0000000710d73178) thrown at [./src/hotspot/share/prims/jni.cpp, line 616]
Event: 535.562 Thread 0x000002346c437800 Exception <a 'java/lang/NoSuchMethodError'{0x000000070ca01eb8}: <clinit>> (0x000000070ca01eb8) thrown at [./src/hotspot/share/prims/jni.cpp, line 1363]
Event: 535.656 Thread 0x000002346c437800 Exception <a 'java/lang/NoSuchMethodError'{0x000000070ca678e8}: <clinit>> (0x000000070ca678e8) thrown at [./src/hotspot/share/prims/jni.cpp, line 1363]
Event: 535.802 Thread 0x000002346c437800 Exception <a 'java/lang/NoSuchMethodError'{0x000000070c933ac8}: <clinit>> (0x000000070c933ac8) thrown at [./src/hotspot/share/prims/jni.cpp, line 1363]
Event: 535.812 Thread 0x000002346c437800 Exception <a 'java/lang/NoSuchMethodError'{0x000000070c9575e8}: <clinit>> (0x000000070c9575e8) thrown at [./src/hotspot/share/prims/jni.cpp, line 1363]
Event: 536.439 Thread 0x000002346c437800 Exception <a 'java/lang/NoSuchMethodError'{0x000000070c7bca38}: <clinit>> (0x000000070c7bca38) thrown at [./src/hotspot/share/prims/jni.cpp, line 1363]
Event: 536.611 Thread 0x000002346c437800 Exception <a 'java/lang/NoSuchMethodError'{0x000000070c51af58}: <clinit>> (0x000000070c51af58) thrown at [./src/hotspot/share/prims/jni.cpp, line 1363]
Event: 536.622 Thread 0x000002346c437800 Exception <a 'java/lang/NoSuchMethodError'{0x000000070c53a1a8}: <clinit>> (0x000000070c53a1a8) thrown at [./src/hotspot/share/prims/jni.cpp, line 1363]

Events (20 events):
Event: 537.082 Thread 0x000002346b777000 flushing nmethod 0x0000023450032210
Event: 537.082 Thread 0x000002346b777000 flushing nmethod 0x0000023450033e90
Event: 537.082 Thread 0x000002346b777000 flushing nmethod 0x0000023450035f10
Event: 537.082 Thread 0x000002346b777000 flushing nmethod 0x0000023450036210
Event: 537.082 Thread 0x000002346b777000 flushing nmethod 0x0000023450036610
Event: 537.082 Thread 0x000002346b777000 flushing nmethod 0x0000023450037290
Event: 537.082 Thread 0x000002346b777000 flushing nmethod 0x0000023450038390
Event: 537.082 Thread 0x000002346b777000 flushing nmethod 0x0000023450038890
Event: 537.082 Thread 0x000002346b777000 flushing nmethod 0x0000023450039010
Event: 537.082 Thread 0x000002346b777000 flushing nmethod 0x0000023450039490
Event: 537.082 Thread 0x000002346b777000 flushing nmethod 0x0000023450039990
Event: 537.082 Thread 0x000002346b777000 flushing nmethod 0x0000023450039d90
Event: 537.083 Thread 0x000002346b777000 flushing nmethod 0x0000023450041010
Event: 537.083 Thread 0x000002346b777000 flushing nmethod 0x000002345004f010
Event: 537.083 Thread 0x000002346b777000 flushing nmethod 0x000002345005dd90
Event: 537.083 Thread 0x000002346b777000 flushing nmethod 0x00000234500bf390
Event: 537.085 Thread 0x000002346b777000 flushing nmethod 0x00000234501c2d10
Event: 537.086 Thread 0x000002346b777000 flushing nmethod 0x0000023450211590
Event: 537.096 Executing VM operation: RedefineClasses
Event: 537.157 Executing VM operation: RedefineClasses done


Dynamic libraries:
0x00007ff604fa0000 - 0x00007ff604fad000 	C:\GenSpark\dcevm-11.0.11+1\bin\java.exe
0x00007ffb42390000 - 0x00007ffb425a4000 	C:\WINDOWS\SYSTEM32\ntdll.dll
0x00007ffb419e0000 - 0x00007ffb41aa3000 	C:\WINDOWS\System32\KERNEL32.DLL
0x00007ffb3fc90000 - 0x00007ffb4002c000 	C:\WINDOWS\System32\KERNELBASE.dll
0x00007ffb3fa80000 - 0x00007ffb3fb91000 	C:\WINDOWS\System32\ucrtbase.dll
0x00007ffb39d00000 - 0x00007ffb39d15000 	C:\GenSpark\dcevm-11.0.11+1\bin\VCRUNTIME140.dll
0x00007ffb3cb70000 - 0x00007ffb3cb87000 	C:\GenSpark\dcevm-11.0.11+1\bin\jli.dll
0x00007ffb40a20000 - 0x00007ffb40bcd000 	C:\WINDOWS\System32\USER32.dll
0x00007ffb3f9b0000 - 0x00007ffb3f9d6000 	C:\WINDOWS\System32\win32u.dll
0x00007ffb2d1c0000 - 0x00007ffb2d44e000 	C:\WINDOWS\WinSxS\amd64_microsoft.windows.common-controls_6595b64144ccf1df_6.0.22621.608_none_a9444ca7c10bb01d\COMCTL32.dll
0x00007ffb419a0000 - 0x00007ffb419c9000 	C:\WINDOWS\System32\GDI32.dll
0x00007ffb41820000 - 0x00007ffb418c7000 	C:\WINDOWS\System32\msvcrt.dll
0x00007ffb3f7d0000 - 0x00007ffb3f8e3000 	C:\WINDOWS\System32\gdi32full.dll
0x00007ffb3f9e0000 - 0x00007ffb3fa7a000 	C:\WINDOWS\System32\msvcp_win.dll
0x00007ffb40640000 - 0x00007ffb40671000 	C:\WINDOWS\System32\IMM32.DLL
0x00007ffb0c2a0000 - 0x00007ffb0c33b000 	C:\GenSpark\dcevm-11.0.11+1\bin\msvcp140.dll
0x00007ffb09400000 - 0x00007ffb09ee4000 	C:\GenSpark\dcevm-11.0.11+1\bin\server\jvm.dll
0x00007ffb40cf0000 - 0x00007ffb40d9e000 	C:\WINDOWS\System32\ADVAPI32.dll
0x00007ffb42240000 - 0x00007ffb422e4000 	C:\WINDOWS\System32\sechost.dll
0x00007ffb40bd0000 - 0x00007ffb40ce5000 	C:\WINDOWS\System32\RPCRT4.dll
0x00007ffb419d0000 - 0x00007ffb419d8000 	C:\WINDOWS\System32\PSAPI.DLL
0x00007ffb38a00000 - 0x00007ffb38a34000 	C:\WINDOWS\SYSTEM32\WINMM.dll
0x00007ffb38a40000 - 0x00007ffb38a4a000 	C:\WINDOWS\SYSTEM32\VERSION.dll
0x00007ffb0c340000 - 0x00007ffb0c349000 	C:\WINDOWS\SYSTEM32\WSOCK32.dll
0x00007ffb40f50000 - 0x00007ffb40fc1000 	C:\WINDOWS\System32\WS2_32.dll
0x00007ffb3e910000 - 0x00007ffb3e928000 	C:\WINDOWS\SYSTEM32\kernel.appcore.dll
0x00007ffb3cb60000 - 0x00007ffb3cb70000 	C:\GenSpark\dcevm-11.0.11+1\bin\verify.dll
0x00007ffb34ca0000 - 0x00007ffb34ece000 	C:\WINDOWS\SYSTEM32\DBGHELP.DLL
0x00007ffb41c70000 - 0x00007ffb41ff9000 	C:\WINDOWS\System32\combase.dll
0x00007ffb40940000 - 0x00007ffb40a17000 	C:\WINDOWS\System32\OLEAUT32.dll
0x00007ffb298c0000 - 0x00007ffb298f2000 	C:\WINDOWS\SYSTEM32\dbgcore.DLL
0x00007ffb3fba0000 - 0x00007ffb3fc1b000 	C:\WINDOWS\System32\bcryptPrimitives.dll
0x00007ffb2b140000 - 0x00007ffb2b168000 	C:\GenSpark\dcevm-11.0.11+1\bin\java.dll
0x00007ffb39cf0000 - 0x00007ffb39cfa000 	C:\GenSpark\dcevm-11.0.11+1\bin\jimage.dll
0x00007ffb23610000 - 0x00007ffb23648000 	C:\GenSpark\dcevm-11.0.11+1\bin\jdwp.dll
0x00007ffb39ce0000 - 0x00007ffb39cee000 	C:\GenSpark\dcevm-11.0.11+1\bin\instrument.dll
0x00007ffb2c920000 - 0x00007ffb2c937000 	C:\GenSpark\dcevm-11.0.11+1\bin\zip.dll
0x00007ffb40fd0000 - 0x00007ffb417c0000 	C:\WINDOWS\System32\SHELL32.dll
0x00007ffb3d7f0000 - 0x00007ffb3e0be000 	C:\WINDOWS\SYSTEM32\windows.storage.dll
0x00007ffb3d6b0000 - 0x00007ffb3d7ee000 	C:\WINDOWS\SYSTEM32\wintypes.dll
0x00007ffb42000000 - 0x00007ffb420f1000 	C:\WINDOWS\System32\SHCORE.dll
0x00007ffb422f0000 - 0x00007ffb4234e000 	C:\WINDOWS\System32\shlwapi.dll
0x00007ffb3f700000 - 0x00007ffb3f721000 	C:\WINDOWS\SYSTEM32\profapi.dll
0x00007ffb25b30000 - 0x00007ffb25b3a000 	C:\GenSpark\dcevm-11.0.11+1\bin\dt_socket.dll
0x00007ffb3ed80000 - 0x00007ffb3ede9000 	C:\WINDOWS\system32\mswsock.dll
0x00007ffb2ae90000 - 0x00007ffb2aea9000 	C:\GenSpark\dcevm-11.0.11+1\bin\net.dll
0x00007ffb388d0000 - 0x00007ffb389ff000 	C:\WINDOWS\SYSTEM32\WINHTTP.dll
0x00007ffb2a7b0000 - 0x00007ffb2a7c2000 	C:\GenSpark\dcevm-11.0.11+1\bin\nio.dll
0x00007ffb3e3f0000 - 0x00007ffb3e4e3000 	C:\WINDOWS\SYSTEM32\DNSAPI.dll
0x00007ffb3e380000 - 0x00007ffb3e3ad000 	C:\WINDOWS\SYSTEM32\IPHLPAPI.DLL
0x00007ffb40f40000 - 0x00007ffb40f49000 	C:\WINDOWS\System32\NSI.dll
0x00007ffb2bdc0000 - 0x00007ffb2bdca000 	C:\Windows\System32\rasadhlp.dll
0x00007ffb36d70000 - 0x00007ffb36df3000 	C:\WINDOWS\System32\fwpuclnt.dll
0x00007ffb3eff0000 - 0x00007ffb3f00b000 	C:\WINDOWS\SYSTEM32\CRYPTSP.dll
0x00007ffb3e880000 - 0x00007ffb3e8b5000 	C:\WINDOWS\system32\rsaenh.dll
0x00007ffb3ee80000 - 0x00007ffb3eea8000 	C:\WINDOWS\SYSTEM32\USERENV.dll
0x00007ffb3f180000 - 0x00007ffb3f1a8000 	C:\WINDOWS\SYSTEM32\bcrypt.dll
0x00007ffb3efe0000 - 0x00007ffb3efec000 	C:\WINDOWS\SYSTEM32\CRYPTBASE.dll
0x00007ffb38a50000 - 0x00007ffb38a69000 	C:\WINDOWS\SYSTEM32\dhcpcsvc6.DLL
0x00007ffb38590000 - 0x00007ffb385af000 	C:\WINDOWS\SYSTEM32\dhcpcsvc.DLL
0x00007ffb3bda0000 - 0x00007ffb3bdae000 	C:\GenSpark\dcevm-11.0.11+1\bin\sunmscapi.dll
0x00007ffb40030000 - 0x00007ffb40196000 	C:\WINDOWS\System32\CRYPT32.dll
0x00007ffb3f150000 - 0x00007ffb3f17d000 	C:\WINDOWS\SYSTEM32\ncrypt.dll
0x00007ffb3f110000 - 0x00007ffb3f147000 	C:\WINDOWS\SYSTEM32\NTASN1.dll
0x00007ffb25b50000 - 0x00007ffb25b75000 	C:\GenSpark\dcevm-11.0.11+1\bin\sunec.dll
0x0000000066f40000 - 0x0000000066f6d000 	C:\Users\ogarc\AppData\Local\Temp\liblz4-java17946200408098881385.so
0x00007ffb3bdc0000 - 0x00007ffb3bdc9000 	C:\GenSpark\dcevm-11.0.11+1\bin\management.dll
0x00007ffb3bdb0000 - 0x00007ffb3bdbb000 	C:\GenSpark\dcevm-11.0.11+1\bin\management_ext.dll
0x00007ffb08de0000 - 0x00007ffb09039000 	C:\Users\ogarc\AppData\Local\Temp\io_grpc_netty_shaded_netty_tcnative_windows_x86_644047176838980789928.dll
0x00007ffae4c70000 - 0x00007ffae4c87000 	C:\WINDOWS\system32\napinsp.dll
0x00007ffae4c50000 - 0x00007ffae4c6b000 	C:\WINDOWS\system32\pnrpnsp.dll
0x00007ffae4c30000 - 0x00007ffae4c41000 	C:\WINDOWS\System32\winrnr.dll
0x00007ffb37fb0000 - 0x00007ffb37fc5000 	C:\WINDOWS\system32\wshbth.dll
0x00007ffae4c00000 - 0x00007ffae4c21000 	C:\WINDOWS\system32\nlansp_c.dll

dbghelp: loaded successfully - version: 4.0.5 - missing functions: none
symbol engine: initialized successfully - sym options: 0x614 - pdb path: .;C:\GenSpark\dcevm-11.0.11+1\bin;C:\WINDOWS\SYSTEM32;C:\WINDOWS\WinSxS\amd64_microsoft.windows.common-controls_6595b64144ccf1df_6.0.22621.608_none_a9444ca7c10bb01d;C:\GenSpark\dcevm-11.0.11+1\bin\server;C:\Users\ogarc\AppData\Local\Temp

VM Arguments:
jvm_args: -agentlib:jdwp=transport=dt_socket,address=127.0.0.1:52644,suspend=y,server=n -XX:HotswapAgent=core -Xlog:redefine+class*=info:file=src/main/java/reload_system/reload/reload.log -javaagent:C:\Users\ogarc\AppData\Local\JetBrains\IdeaIC2022.3\captureAgent\debugger-agent.jar -Dfile.encoding=UTF-8 
java_command: Main
java_class_path (initial): C:\GenSpark\genspark-java-core\genspark-java-core\target\classes;C:\Users\ogarc\.m2\repository\genspark-backend\genspark-backend\1.4.4\genspark-backend-1.4.4.jar;C:\Users\ogarc\.m2\repository\com\cognitect\transit-java\0.8.332\transit-java-0.8.332.jar;C:\Users\ogarc\.m2\repository\com\google\cloud\google-cloud-firestore\2.6.1\google-cloud-firestore-2.6.1.jar;C:\Users\ogarc\.m2\repository\org\clojure\data.json\0.2.6\data.json-0.2.6.jar;C:\Users\ogarc\.m2\repository\org\clojure\clojure\1.11.0-alpha2\clojure-1.11.0-alpha2.jar;C:\Users\ogarc\.m2\repository\commons-codec\commons-codec\1.15\commons-codec-1.15.jar;C:\Users\ogarc\.m2\repository\org\eclipse\collections\eclipse-collections\11.0.0\eclipse-collections-11.0.0.jar;C:\Users\ogarc\.m2\repository\com\google\errorprone\error_prone_annotations\2.7.1\error_prone_annotations-2.7.1.jar;C:\Users\ogarc\.m2\repository\org\eclipse\collections\eclipse-collections-forkjoin\11.0.0\eclipse-collections-forkjoin-11.0.0.jar;C:\Users\ogarc\.m2\repository\org\clojure\core.specs.alpha\0.2.62\core.specs.alpha-0.2.62.jar;C:\Users\ogarc\.m2\repository\com\google\cloud\google-cloud-core-http\1.95.4\google-cloud-core-http-1.95.4.jar;C:\Users\ogarc\.m2\repository\javax\annotation\javax.annotation-api\1.3.2\javax.annotation-api-1.3.2.jar;C:\Users\ogarc\.m2\repository\com\google\oauth-client\google-oauth-client\1.31.5\google-oauth-client-1.31.5.jar;C:\Users\ogarc\.m2\repository\com\google\auto\value\auto-value-annotations\1.8.1\auto-value-annotations-1.8.1.jar;C:\Users\ogarc\.m2\repository\io\netty\netty-common\4.1.67.Final\netty-common-4.1.67.Final.jar;C:\Users\ogarc\.m2\repository\com\google\auth\google-auth-library-credentials\0.26.0\google-auth-library-credentials-0.26.0.jar;C:\Users\ogarc\.m2\repository\org\eclipse\collections\eclipse-collections-api\11.0.0\eclipse-collections-api-11.0.0.jar;C:\Users\ogarc\.m2\repository\org\clojure\spec.alpha\0.2.194\spec.alpha-0.2.194.jar;C:\Users\ogarc\.m2\repository\com\g
Launcher Type: SUN_STANDARD

[Global flags]
     intx CICompilerCount                          = 12                                        {product} {ergonomic}
     uint ConcGCThreads                            = 3                                         {product} {ergonomic}
     uint G1ConcRefinementThreads                  = 13                                        {product} {ergonomic}
   size_t G1HeapRegionSize                         = 1048576                                   {product} {ergonomic}
    uintx GCDrainStackTargetSize                   = 64                                        {product} {ergonomic}
    ccstr HotswapAgent                             = core                                      {product} {command line}
   size_t InitialHeapSize                          = 268435456                                 {product} {ergonomic}
   size_t MarkStackSize                            = 4194304                                   {product} {ergonomic}
   size_t MaxHeapSize                              = 4278190080                                {product} {ergonomic}
   size_t MaxNewSize                               = 2566914048                                {product} {ergonomic}
   size_t MinHeapDeltaBytes                        = 1048576                                   {product} {ergonomic}
    uintx NonNMethodCodeHeapSize                   = 7594288                                {pd product} {ergonomic}
    uintx NonProfiledCodeHeapSize                  = 122031976                              {pd product} {ergonomic}
    uintx ProfiledCodeHeapSize                     = 122031976                              {pd product} {ergonomic}
    uintx ReservedCodeCacheSize                    = 251658240                              {pd product} {ergonomic}
     bool SegmentedCodeCache                       = true                                      {product} {ergonomic}
     bool UseCompressedClassPointers               = true                                 {lp64_product} {ergonomic}
     bool UseCompressedOops                        = true                                 {lp64_product} {ergonomic}
     bool UseG1GC                                  = true                                      {product} {ergonomic}
     bool UseLargePagesIndividualAllocation        = false                                  {pd product} {ergonomic}

Logging:
Log output configuration:
 #0: stdout all=warning uptime,level,tags
 #1: stderr all=off uptime,level,tags
 #2: file=src/main/java/reload_system/reload/reload.log all=off,redefine*=info uptime,level,tags filecount=5,filesize=20480K

Environment Variables:
PATH=C:\Program Files\Common Files\Oracle\Java\javapath;C:\Program Files (x86)\Razer Chroma SDK\bin;C:\Program Files\Razer Chroma SDK\bin;C:\Program Files (x86)\Razer\ChromaBroadcast\bin;C:\Program Files\Razer\ChromaBroadcast\bin;C:\Windows\system32;C:\Windows;C:\Windows\System32\Wbem;C:\Windows\System32\WindowsPowerShell\v1.0\;C:\Windows\System32\OpenSSH\;C:\Users\ogarc\AppData\Local\Microsoft\WindowsApps;C:\Program Files\Git\cmd;C:\WINDOWS\system32;C:\WINDOWS;C:\WINDOWS\System32\Wbem;C:\WINDOWS\System32\WindowsPowerShell\v1.0\;C:\WINDOWS\System32\OpenSSH\;C:\Users\ogarc\AppData\Local\Programs\Python\Python310\Scripts\;C:\Users\ogarc\AppData\Local\Programs\Python\Python310\;C:\Users\ogarc\AppData\Local\Microsoft\WindowsApps;
USERNAME=ogarc
OS=Windows_NT
PROCESSOR_IDENTIFIER=AMD64 Family 23 Model 8 Stepping 2, AuthenticAMD



---------------  S Y S T E M  ---------------

OS: Windows 10 , 64 bit Build 22621 (10.0.22621.1344)
OS uptime: 0 days 20:44 hours

CPU:total 16 (initial active 16) (16 cores per cpu, 2 threads per core) family 23 model 8 stepping 2 microcode 0x0, cmov, cx8, fxsr, mmx, sse, sse2, sse3, ssse3, sse4.1, sse4.2, popcnt, avx, avx2, aes, clmul, mmxext, 3dnowpref, lzcnt, sse4a, ht, tsc, tscinvbit, tscinv, bmi1, bmi2, adx, s

Memory: 4k page, system-wide physical 16316M (2981M free)
TotalPageFile size 37820M (AvailPageFile size 12708M)
current process WorkingSet (physical memory assigned to process): 398M, peak: 408M
current process commit charge ("private bytes"): 537M, peak: 547M

vm_info: Dynamic Code Evolution 64-Bit Server VM (11.0.11+1-202105021746) for windows-amd64 JRE (11.0.11+1-202105021746), built on May  2 2021 18:05:20 by "" with MS VC++ 15.9 (VS2017)

END.
