#
# A fatal error has been detected by the Java Runtime Environment:
#
#  EXCEPTION_ACCESS_VIOLATION (0xc0000005) at pc=0x00007ffb3756742b, pid=5376, tid=31512
#
# JRE version: OpenJDK Runtime Environment AdoptOpenJDK-dcevm-11.0.11+1-202105021746 (11.0.11+1) (build 11.0.11+1-202105021746)
# Java VM: Dynamic Code Evolution 64-Bit Server VM AdoptOpenJDK-dcevm-11.0.11+1-202105021746 (11.0.11+1-202105021746, mixed mode, tiered, compressed oops, g1 gc, windows-amd64)
# Problematic frame:
# V  [jvm.dll+0x13742b]
#
# No core dump will be written. Minidumps are not enabled by default on client versions of Windows
#
# If you would like to submit a bug report, please visit:
#   https://github.com/AdoptOpenJDK/openjdk-support/issues
#

---------------  S U M M A R Y ------------

Command Line: -agentlib:jdwp=transport=dt_socket,address=127.0.0.1:58137,suspend=y,server=n -XX:HotswapAgent=core -Xlog:redefine+class*=info:file=src/main/java/reload_system/reload/reload.log -javaagent:C:\Users\ogarc\AppData\Local\JetBrains\IdeaIC2022.3\captureAgent\debugger-agent.jar -Dfile.encoding=UTF-8 Main

Host: AMD Ryzen 7 2700X Eight-Core Processor         , 16 cores, 15G,  Windows 10 , 64 bit Build 22621 (10.0.22621.1344)
Time: Wed Mar 29 14:32:33 2023 Central Daylight Time elapsed time: 76877.895322 seconds (0d 21h 21m 17s)

---------------  T H R E A D  ---------------

Current thread (0x00000224df575800):  JavaThread "C1 CompilerThread1" daemon [_thread_in_native, id=31512, stack(0x00000037e7800000,0x00000037e7900000)]


Current CompileTask:
C1:76877895 237275       2       java.util.concurrent.locks.AbstractQueuedSynchronizer$Node::compareAndSetWaitStatus (10 bytes)

Stack: [0x00000037e7800000,0x00000037e7900000],  sp=0x00000037e78fe290,  free space=1016k
Native frames: (J=compiled Java code, j=interpreted, Vv=VM code, C=native code)
V  [jvm.dll+0x13742b]
V  [jvm.dll+0x136dc8]
V  [jvm.dll+0x12e687]
V  [jvm.dll+0x1309c9]
V  [jvm.dll+0x12ee94]
V  [jvm.dll+0x128b18]
V  [jvm.dll+0x138bca]
V  [jvm.dll+0x123e39]
V  [jvm.dll+0x1241a0]
V  [jvm.dll+0x12445f]
V  [jvm.dll+0x123707]
V  [jvm.dll+0x125617]
V  [jvm.dll+0x2116e7]
V  [jvm.dll+0x20f8a9]
V  [jvm.dll+0x6fd339]
V  [jvm.dll+0x6f63a4]
V  [jvm.dll+0x5fded6]
C  [ucrtbase.dll+0x29363]
C  [KERNEL32.DLL+0x126bd]
C  [ntdll.dll+0x5a9f8]


siginfo: EXCEPTION_ACCESS_VIOLATION (0xc0000005), reading address 0x0000000000000008


Register to memory mapping:

RIP=0x00007ffb3756742b jvm.dll
RAX=0x0 is NULL
RBX=0x00000000ffffffff is an unknown value
RCX=0x00000037e78fe690 is pointing into the stack for thread: 0x00000224df575800
RDX=0x00000224e5441a80 points into unknown readable memory: 0x00000224e5440ff0 | f0 0f 44 e5 24 02 00 00
RSP=0x00000037e78fe290 is pointing into the stack for thread: 0x00000224df575800
RBP=0x00000224e5441b00 points into unknown readable memory: 0x00000224e5440210 | 10 02 44 e5 24 02 00 00
RSI=0x00000224e5441a80 points into unknown readable memory: 0x00000224e5440ff0 | f0 0f 44 e5 24 02 00 00
RDI=0x00000037e78fe690 is pointing into the stack for thread: 0x00000224df575800
R8 =0x00007ffb37e452a8 jvm.dll
R9 =0x0 is NULL
R10=0x0 is NULL
R11=0x00000037e78fe180 is pointing into the stack for thread: 0x00000224df575800
R12=0x00000000ffffffff is an unknown value
R13=0x00000224e5440de0 points into unknown readable memory: 0x00007ffb37c3e930 | 30 e9 c3 37 fb 7f 00 00
R14=0x0 is NULL
R15=0x0 is NULL


Registers:
RAX=0x0000000000000000, RBX=0x00000000ffffffff, RCX=0x00000037e78fe690, RDX=0x00000224e5441a80
RSP=0x00000037e78fe290, RBP=0x00000224e5441b00, RSI=0x00000224e5441a80, RDI=0x00000037e78fe690
R8 =0x00007ffb37e452a8, R9 =0x0000000000000000, R10=0x0000000000000000, R11=0x00000037e78fe180
R12=0x00000000ffffffff, R13=0x00000224e5440de0, R14=0x0000000000000000, R15=0x0000000000000000
RIP=0x00007ffb3756742b, EFLAGS=0x0000000000010246

Top of Stack: (sp=0x00000037e78fe290)
0x00000037e78fe290:   00000224e6afff00 0000000000000000
0x00000037e78fe2a0:   00000224e6afffd0 00000037e78fe690
0x00000037e78fe2b0:   00000037e78fe370 00007ffb37559343
0x00000037e78fe2c0:   0000000000000000 00000224e5441a80
0x00000037e78fe2d0:   00000224e5440480 00007ffb37559343
0x00000037e78fe2e0:   00000037e78ff520 0000000000000000
0x00000037e78fe2f0:   0000000000000000 0000000000000000
0x00000037e78fe300:   0000000000000000 00000224e6afffd0
0x00000037e78fe310:   0000000000000000 00000037e78fe690
0x00000037e78fe320:   0000000000000000 00007ffb37566dc8
0x00000037e78fe330:   0000022400000000 00000224e6afffd0
0x00000037e78fe340:   0000000000000000 00000224df575800
0x00000037e78fe350:   00000224000000b8 0000000000000000
0x00000037e78fe360:   00000224e6afffd0 00007ffb3755e687
0x00000037e78fe370:   00000224e6afffd0 00000000000000b8
0x00000037e78fe380:   00000037e78fe690 00000037e78fe690 

Instructions: (pc=0x00007ffb3756742b)
0x00007ffb3756732b:   8b 53 04 44 3b fa 7c b2 44 0f b6 ac 24 b0 00 00
0x00007ffb3756733b:   00 45 84 ed 74 06 4c 8b 4e 28 eb 03 4d 8b ce 4c
0x00007ffb3756734b:   8b 44 24 30 48 8b d6 c6 44 24 28 01 48 8b cf 48
0x00007ffb3756735b:   89 5c 24 20 e8 5c c7 ff ff 48 8b 0f 48 8b 41 20
0x00007ffb3756736b:   8b 50 38 2b 50 28 e8 ea 3c ff ff 4c 8b e8 48 85
0x00007ffb3756737b:   c0 75 32 b9 d0 01 00 00 e8 68 a6 fc ff 48 85 c0
0x00007ffb3756738b:   74 1c 48 8b 0f 48 8b 51 20 8b 4a 38 2b 4a 28 8b
0x00007ffb3756739b:   d1 48 8b c8 e8 7c 0a ff ff 4c 8b e8 eb 03 4d 8b
0x00007ffb375673ab:   ee 45 89 75 70 41 8b 85 c0 00 00 00 4d 8b c5 48
0x00007ffb375673bb:   8b d6 89 84 24 a0 00 00 00 48 8b cf e8 b4 ca ff
0x00007ffb375673cb:   ff 48 8b 47 08 48 83 78 68 00 0f 85 b2 05 00 00
0x00007ffb375673db:   48 8b 17 41 8b dc 48 8b 02 48 8b 48 20 48 89 4a
0x00007ffb375673eb:   20 48 8b 47 50 48 89 44 24 38 48 8b 68 08 44 3b
0x00007ffb375673fb:   65 38 7d 41 48 8b f0 0f 1f 40 00 66 66 0f 1f 84
0x00007ffb3756740b:   00 00 00 00 00 48 8b 45 50 44 8b cb 48 63 cb 45
0x00007ffb3756741b:   2b cc 48 8b d6 4c 8b 04 c8 48 8b cf 49 8b 40 18
0x00007ffb3756742b:   03 58 08 e8 dd ee ff ff 3b 5d 38 7c d8 48 8b b4
0x00007ffb3756743b:   24 a8 00 00 00 44 89 65 38 4d 8b e6 8b 4e 18 48
0x00007ffb3756744b:   8d 2d 27 12 6d 00 8b c1 4c 89 74 24 30 c1 e8 05
0x00007ffb3756745b:   a8 01 0f 84 81 01 00 00 c1 e9 03 f6 c1 01 0f 84
0x00007ffb3756746b:   8a 00 00 00 b9 60 00 00 00 e8 77 a5 fc ff 4c 8b
0x00007ffb3756747b:   f8 48 85 c0 74 56 b9 18 00 00 00 e8 65 a5 fc ff
0x00007ffb3756748b:   48 8b d8 48 85 c0 74 2b 48 8b 4e 28 48 8b 01 ff
0x00007ffb3756749b:   90 88 00 00 00 48 8d 0d 39 3d 6d 00 c7 43 08 01
0x00007ffb375674ab:   00 00 00 48 89 0b c7 43 0c 04 00 00 00 48 89 43
0x00007ffb375674bb:   10 eb 03 49 8b de 41 b1 01 45 33 c0 48 8b d3 49
0x00007ffb375674cb:   8b cf e8 4e 76 fe ff 49 89 2f eb 03 4d 8b fe 48
0x00007ffb375674db:   8b 07 49 8b d7 48 8b 48 20 44 8b 41 10 44 2b 41
0x00007ffb375674eb:   28 48 8b cf e8 3c 35 ff ff 48 8b e8 eb 0b 48 8b
0x00007ffb375674fb:   47 50 48 8b 50 30 48 8b 2a b9 d0 01 00 00 48 89
0x00007ffb3756750b:   6c 24 30 e8 dd a4 fc ff 48 85 c0 74 10 ba ff ff
0x00007ffb3756751b:   ff ff 48 8b c8 e8 fb 08 ff ff 4c 8b e0 41 b8 ff 


Stack slot to memory mapping:
stack at sp + 0 slots: 0x00000224e6afff00 points into unknown readable memory: 0x00000224e5ae6558 | 58 65 ae e5 24 02 00 00
stack at sp + 1 slots: 0x0 is NULL
stack at sp + 2 slots: 0x00000224e6afffd0 points into unknown readable memory: 0x00007ffb37c4a980 | 80 a9 c4 37 fb 7f 00 00
stack at sp + 3 slots: 0x00000037e78fe690 is pointing into the stack for thread: 0x00000224df575800
stack at sp + 4 slots: 0x00000037e78fe370 is pointing into the stack for thread: 0x00000224df575800
stack at sp + 5 slots: 0x00007ffb37559343 jvm.dll
stack at sp + 6 slots: 0x0 is NULL
stack at sp + 7 slots: 0x00000224e5441a80 points into unknown readable memory: 0x00000224e5440ff0 | f0 0f 44 e5 24 02 00 00


---------------  P R O C E S S  ---------------

Threads class SMR info:
_java_thread_list=0x00000224e7d1b750, length=82, elements={
0x00000224b40b5000, 0x00000224d91dc000, 0x00000224d91e6800, 0x00000224d9238800,
0x00000224d923a800, 0x00000224d923b800, 0x00000224d9240000, 0x00000224d9241800,
0x00000224d9250800, 0x00000224d94eb800, 0x00000224d9886000, 0x00000224d988a000,
0x00000224d9895800, 0x00000224d94ea800, 0x00000224d94e5800, 0x00000224d94e7000,
0x00000224d94ec000, 0x00000224d94e6800, 0x00000224d94e8000, 0x00000224d94e9000,
0x00000224d94e9800, 0x00000224da8cf800, 0x00000224da8cf000, 0x00000224da8cd800,
0x00000224da8d0800, 0x00000224da8cb800, 0x00000224da8d1800, 0x00000224da8ce000,
0x00000224da8d2000, 0x00000224da8cc800, 0x00000224da546800, 0x00000224da547800,
0x00000224da546000, 0x00000224da548800, 0x00000224da549000, 0x00000224da543800,
0x00000224da54a000, 0x00000224da54a800, 0x00000224da545000, 0x00000224da54c800,
0x00000224da54e000, 0x00000224da54f000, 0x00000224da54b800, 0x00000224da54f800,
0x00000224da551800, 0x00000224da552000, 0x00000224da54d000, 0x00000224da550800,
0x00000224db845800, 0x00000224db846800, 0x00000224db848000, 0x00000224db849000,
0x00000224db847000, 0x00000224db849800, 0x00000224db84a800, 0x00000224db844800,
0x00000224db84b800, 0x00000224da544000, 0x00000224da431800, 0x00000224da42d800,
0x00000224da42e000, 0x00000224da42f000, 0x00000224da430000, 0x00000224df56f800,
0x00000224df56b000, 0x00000224df577000, 0x00000224df56d800, 0x00000224df574800,
0x00000224df56a000, 0x00000224df56e000, 0x00000224df568800, 0x00000224df56b800,
0x00000224df572000, 0x00000224df56c800, 0x00000224df574000, 0x00000224df573000,
0x00000224df575800, 0x00000224df56f000, 0x00000224df569000, 0x00000224df576000,
0x00000224df570800, 0x00000224df571800
}

Java Threads: ( => current thread )
  0x00000224b40b5000 JavaThread "WebSocketSelector-1" [_thread_in_native, id=26836, stack(0x00000037e1700000,0x00000037e1800000)]
  0x00000224d91dc000 JavaThread "Reference Handler" daemon [_thread_blocked, id=6320, stack(0x00000037e1e00000,0x00000037e1f00000)]
  0x00000224d91e6800 JavaThread "Finalizer" daemon [_thread_blocked, id=15440, stack(0x00000037e1f00000,0x00000037e2000000)]
  0x00000224d9238800 JavaThread "Signal Dispatcher" daemon [_thread_blocked, id=28880, stack(0x00000037e2000000,0x00000037e2100000)]
  0x00000224d923a800 JavaThread "Attach Listener" daemon [_thread_blocked, id=31708, stack(0x00000037e2100000,0x00000037e2200000)]
  0x00000224d923b800 JavaThread "Service Thread" daemon [_thread_blocked, id=12332, stack(0x00000037e2200000,0x00000037e2300000)]
  0x00000224d9240000 JavaThread "C2 CompilerThread0" daemon [_thread_in_native, id=30428, stack(0x00000037e2300000,0x00000037e2400000)]
  0x00000224d9241800 JavaThread "C1 CompilerThread0" daemon [_thread_in_native, id=22712, stack(0x00000037e2400000,0x00000037e2500000)]
  0x00000224d9250800 JavaThread "Sweeper thread" daemon [_thread_blocked, id=7388, stack(0x00000037e2500000,0x00000037e2600000)]
  0x00000224d94eb800 JavaThread "Common-Cleaner" daemon [_thread_blocked, id=20300, stack(0x00000037e2600000,0x00000037e2700000)]
  0x00000224d9886000 JavaThread "JDWP Transport Listener: dt_socket" daemon [_thread_in_vm, id=10032, stack(0x00000037e2900000,0x00000037e2a00000)]
  0x00000224d988a000 JavaThread "JDWP Event Helper Thread" daemon [_thread_blocked, id=23628, stack(0x00000037e2a00000,0x00000037e2b00000)]
  0x00000224d9895800 JavaThread "JDWP Command Reader" daemon [_thread_in_native, id=4636, stack(0x00000037e2b00000,0x00000037e2c00000)]
  0x00000224d94ea800 JavaThread "FileSystemWatchService" daemon [_thread_in_native, id=13684, stack(0x00000037e2e00000,0x00000037e2f00000)]
  0x00000224d94e5800 JavaThread "HotSwap Watcher" daemon [_thread_blocked, id=8852, stack(0x00000037e2f00000,0x00000037e3000000)]
  0x00000224d94e7000 JavaThread "HotSwap Dispatcher" daemon [_thread_blocked, id=8332, stack(0x00000037e3000000,0x00000037e3100000)]
  0x00000224d94ec000 JavaThread "Thread-2" daemon [_thread_blocked, id=7164, stack(0x00000037e3100000,0x00000037e3200000)]
  0x00000224d94e6800 JavaThread "Thread-19" [_thread_blocked, id=31244, stack(0x00000037e3200000,0x00000037e3300000)]
  0x00000224d94e8000 JavaThread "connectionLostChecker-1" [_thread_blocked, id=14704, stack(0x00000037e3300000,0x00000037e3400000)]
  0x00000224d94e9000 JavaThread "WebSocketWorker-28" [_thread_blocked, id=26896, stack(0x00000037e3a00000,0x00000037e3b00000)]
  0x00000224d94e9800 JavaThread "WebSocketWorker-29" [_thread_blocked, id=31304, stack(0x00000037e3b00000,0x00000037e3c00000)]
  0x00000224da8cf800 JavaThread "WebSocketWorker-30" [_thread_blocked, id=1628, stack(0x00000037e3c00000,0x00000037e3d00000)]
  0x00000224da8cf000 JavaThread "WebSocketWorker-31" [_thread_blocked, id=28160, stack(0x00000037e3d00000,0x00000037e3e00000)]
  0x00000224da8cd800 JavaThread "WebSocketWorker-32" [_thread_blocked, id=29900, stack(0x00000037e3e00000,0x00000037e3f00000)]
  0x00000224da8d0800 JavaThread "WebSocketWorker-33" [_thread_blocked, id=23744, stack(0x00000037e3f00000,0x00000037e4000000)]
  0x00000224da8cb800 JavaThread "WebSocketWorker-34" [_thread_blocked, id=21640, stack(0x00000037e4000000,0x00000037e4100000)]
  0x00000224da8d1800 JavaThread "WebSocketWorker-35" [_thread_blocked, id=19212, stack(0x00000037e4100000,0x00000037e4200000)]
  0x00000224da8ce000 JavaThread "WebSocketWorker-36" [_thread_blocked, id=19668, stack(0x00000037e4200000,0x00000037e4300000)]
  0x00000224da8d2000 JavaThread "WebSocketWorker-37" [_thread_blocked, id=30348, stack(0x00000037e4300000,0x00000037e4400000)]
  0x00000224da8cc800 JavaThread "WebSocketWorker-38" [_thread_blocked, id=740, stack(0x00000037e4400000,0x00000037e4500000)]
  0x00000224da546800 JavaThread "WebSocketWorker-39" [_thread_blocked, id=27152, stack(0x00000037e4500000,0x00000037e4600000)]
  0x00000224da547800 JavaThread "WebSocketWorker-40" [_thread_blocked, id=26712, stack(0x00000037e4600000,0x00000037e4700000)]
  0x00000224da546000 JavaThread "WebSocketWorker-41" [_thread_blocked, id=3724, stack(0x00000037e4700000,0x00000037e4800000)]
  0x00000224da548800 JavaThread "WebSocketWorker-42" [_thread_blocked, id=12096, stack(0x00000037e4800000,0x00000037e4900000)]
  0x00000224da549000 JavaThread "WebSocketWorker-43" [_thread_blocked, id=30008, stack(0x00000037e4900000,0x00000037e4a00000)]
  0x00000224da543800 JavaThread "Gax-1" daemon [_thread_blocked, id=28892, stack(0x00000037e5200000,0x00000037e5300000)]
  0x00000224da54a000 JavaThread "grpc-nio-worker-ELG-1-1" daemon [_thread_in_native, id=29196, stack(0x00000037e5700000,0x00000037e5800000)]
  0x00000224da54a800 JavaThread "grpc-nio-worker-ELG-1-2" daemon [_thread_in_native, id=17060, stack(0x00000037e5900000,0x00000037e5a00000)]
  0x00000224da545000 JavaThread "Thread-24" daemon [_thread_in_native, id=27368, stack(0x00000037e5a00000,0x00000037e5b00000)]
  0x00000224da54c800 JavaThread "Gax-2" daemon [_thread_blocked, id=20836, stack(0x00000037e5600000,0x00000037e5700000)]
  0x00000224da54e000 JavaThread "grpc-nio-worker-ELG-1-3" daemon [_thread_in_native, id=7372, stack(0x00000037e5b00000,0x00000037e5c00000)]
  0x00000224da54f000 JavaThread "Gax-3" daemon [_thread_blocked, id=21084, stack(0x00000037e5c00000,0x00000037e5d00000)]
  0x00000224da54b800 JavaThread "grpc-nio-worker-ELG-1-4" daemon [_thread_in_native, id=17032, stack(0x00000037e2800000,0x00000037e2900000)]
  0x00000224da54f800 JavaThread "Gax-4" daemon [_thread_blocked, id=20384, stack(0x00000037e5e00000,0x00000037e5f00000)]
  0x00000224da551800 JavaThread "Gax-5" daemon [_thread_blocked, id=1220, stack(0x00000037e5f00000,0x00000037e6000000)]
  0x00000224da552000 JavaThread "Gax-6" daemon [_thread_blocked, id=21264, stack(0x00000037e5500000,0x00000037e5600000)]
  0x00000224da54d000 JavaThread "Gax-7" daemon [_thread_blocked, id=3456, stack(0x00000037e5d00000,0x00000037e5e00000)]
  0x00000224da550800 JavaThread "Gax-8" daemon [_thread_blocked, id=1652, stack(0x00000037e2700000,0x00000037e2800000)]
  0x00000224db845800 JavaThread "Gax-9" daemon [_thread_blocked, id=31720, stack(0x00000037e6000000,0x00000037e6100000)]
  0x00000224db846800 JavaThread "Gax-10" daemon [_thread_blocked, id=10328, stack(0x00000037e6100000,0x00000037e6200000)]
  0x00000224db848000 JavaThread "Gax-11" daemon [_thread_blocked, id=2684, stack(0x00000037e6200000,0x00000037e6300000)]
  0x00000224db849000 JavaThread "Gax-12" daemon [_thread_blocked, id=4332, stack(0x00000037e1400000,0x00000037e1500000)]
  0x00000224db847000 JavaThread "Gax-13" daemon [_thread_blocked, id=29620, stack(0x00000037e1500000,0x00000037e1600000)]
  0x00000224db849800 JavaThread "Gax-14" daemon [_thread_blocked, id=30176, stack(0x00000037e1600000,0x00000037e1700000)]
  0x00000224db84a800 JavaThread "Gax-15" daemon [_thread_blocked, id=15104, stack(0x00000037e5800000,0x00000037e5900000)]
  0x00000224db844800 JavaThread "Gax-16" daemon [_thread_blocked, id=14988, stack(0x00000037e6300000,0x00000037e6400000)]
  0x00000224db84b800 JavaThread "grpc-nio-worker-ELG-1-5" daemon [_thread_in_native, id=6500, stack(0x00000037e5300000,0x00000037e5400000)]
  0x00000224da544000 JavaThread "grpc-nio-worker-ELG-1-6" daemon [_thread_in_native, id=4280, stack(0x00000037e5400000,0x00000037e5500000)]
  0x00000224da431800 JavaThread "grpc-nio-worker-ELG-1-7" daemon [_thread_in_native, id=34352, stack(0x00000037e5100000,0x00000037e5200000)]
  0x00000224da42d800 JavaThread "grpc-nio-worker-ELG-1-8" daemon [_thread_in_native, id=25216, stack(0x00000037e7000000,0x00000037e7100000)]
  0x00000224da42e000 JavaThread "grpc-nio-worker-ELG-1-9" daemon [_thread_in_native, id=32300, stack(0x00000037e7100000,0x00000037e7200000)]
  0x00000224da42f000 JavaThread "grpc-nio-worker-ELG-1-10" daemon [_thread_in_native, id=29436, stack(0x00000037e6400000,0x00000037e6500000)]
  0x00000224da430000 JavaThread "grpc-nio-worker-ELG-1-11" daemon [_thread_in_native, id=34144, stack(0x00000037e6500000,0x00000037e6600000)]
  0x00000224df56f800 JavaThread "grpc-nio-worker-ELG-1-12" daemon [_thread_in_native, id=34040, stack(0x00000037e6600000,0x00000037e6700000)]
  0x00000224df56b000 JavaThread "grpc-nio-worker-ELG-1-13" daemon [_thread_in_native, id=31364, stack(0x00000037e7500000,0x00000037e7600000)]
  0x00000224df577000 JavaThread "grpc-nio-worker-ELG-1-14" daemon [_thread_in_native, id=37216, stack(0x00000037e7600000,0x00000037e7700000)]
  0x00000224df56d800 JavaThread "grpc-nio-worker-ELG-1-15" daemon [_thread_in_native, id=10132, stack(0x00000037e6700000,0x00000037e6800000)]
  0x00000224df574800 JavaThread "grpc-nio-worker-ELG-1-16" daemon [_thread_in_native, id=19544, stack(0x00000037e6f00000,0x00000037e7000000)]
  0x00000224df56a000 JavaThread "clojure-agent-send-off-pool-3" [_thread_in_Java, id=25112, stack(0x00000037e6a00000,0x00000037e6b00000)]
  0x00000224df56e000 JavaThread "C2 CompilerThread1" daemon [_thread_in_native, id=35896, stack(0x00000037e6800000,0x00000037e6900000)]
  0x00000224df568800 JavaThread "C2 CompilerThread2" daemon [_thread_in_native, id=16964, stack(0x00000037e6900000,0x00000037e6a00000)]
  0x00000224df56b800 JavaThread "C2 CompilerThread3" daemon [_thread_in_native, id=14756, stack(0x00000037e6b00000,0x00000037e6c00000)]
  0x00000224df572000 JavaThread "C2 CompilerThread4" daemon [_thread_in_native, id=29828, stack(0x00000037e7200000,0x00000037e7300000)]
  0x00000224df56c800 JavaThread "C2 CompilerThread5" daemon [_thread_blocked, id=28204, stack(0x00000037e7300000,0x00000037e7400000)]
  0x00000224df574000 JavaThread "C2 CompilerThread6" daemon [_thread_in_native, id=29624, stack(0x00000037e7400000,0x00000037e7500000)]
  0x00000224df573000 JavaThread "C2 CompilerThread7" daemon [_thread_in_native, id=29692, stack(0x00000037e7700000,0x00000037e7800000)]
=>0x00000224df575800 JavaThread "C1 CompilerThread1" daemon [_thread_in_native, id=31512, stack(0x00000037e7800000,0x00000037e7900000)]
  0x00000224df56f000 JavaThread "Thread-121" daemon [_thread_blocked, id=14764, stack(0x00000037e6c00000,0x00000037e6d00000)]
  0x00000224df569000 JavaThread "C1 CompilerThread2" daemon [_thread_blocked, id=35348, stack(0x00000037e6d00000,0x00000037e6e00000)]
  0x00000224df576000 JavaThread "C1 CompilerThread3" daemon [_thread_in_vm, id=29808, stack(0x00000037e6e00000,0x00000037e6f00000)]
  0x00000224df570800 JavaThread "Thread-122" daemon [_thread_blocked, id=33144, stack(0x00000037e7900000,0x00000037e7a00000)]
  0x00000224df571800 JavaThread "Thread-123" daemon [_thread_blocked, id=8840, stack(0x00000037e7a00000,0x00000037e7b00000)]

Other Threads:
  0x00000224d91b7000 VMThread "VM Thread" [stack: 0x00000037e1d00000,0x00000037e1e00000] [id=29192]
  0x00000224db229800 WatcherThread [stack: 0x00000037e3900000,0x00000037e3a00000] [id=18588]
  0x00000224b40ce000 GCTaskThread "GC Thread#0" [stack: 0x00000037e1800000,0x00000037e1900000] [id=29572]
  0x00000224daa54000 GCTaskThread "GC Thread#1" [stack: 0x00000037e3400000,0x00000037e3500000] [id=20652]
  0x00000224da365000 GCTaskThread "GC Thread#2" [stack: 0x00000037e3500000,0x00000037e3600000] [id=22608]
  0x00000224da1c6800 GCTaskThread "GC Thread#3" [stack: 0x00000037e3600000,0x00000037e3700000] [id=12124]
  0x00000224da884000 GCTaskThread "GC Thread#4" [stack: 0x00000037e3700000,0x00000037e3800000] [id=24120]
  0x00000224da8d7000 GCTaskThread "GC Thread#5" [stack: 0x00000037e3800000,0x00000037e3900000] [id=20576]
  0x00000224da573000 GCTaskThread "GC Thread#6" [stack: 0x00000037e2c00000,0x00000037e2d00000] [id=31392]
  0x00000224db113000 GCTaskThread "GC Thread#7" [stack: 0x00000037e2d00000,0x00000037e2e00000] [id=13524]
  0x00000224d9803000 GCTaskThread "GC Thread#8" [stack: 0x00000037e4a00000,0x00000037e4b00000] [id=30096]
  0x00000224d9804000 GCTaskThread "GC Thread#9" [stack: 0x00000037e4b00000,0x00000037e4c00000] [id=29228]
  0x00000224da4eb800 GCTaskThread "GC Thread#10" [stack: 0x00000037e4c00000,0x00000037e4d00000] [id=23272]
  0x00000224da4ec800 GCTaskThread "GC Thread#11" [stack: 0x00000037e4d00000,0x00000037e4e00000] [id=8364]
  0x00000224d97c4000 GCTaskThread "GC Thread#12" [stack: 0x00000037e4e00000,0x00000037e4f00000] [id=25344]
  0x00000224b4131800 ConcurrentGCThread "G1 Main Marker" [stack: 0x00000037e1900000,0x00000037e1a00000] [id=28252]
  0x00000224b4132800 ConcurrentGCThread "G1 Conc#0" [stack: 0x00000037e1a00000,0x00000037e1b00000] [id=30116]
  0x00000224daca1800 ConcurrentGCThread "G1 Conc#1" [stack: 0x00000037e4f00000,0x00000037e5000000] [id=29976]
  0x00000224da3e0000 ConcurrentGCThread "G1 Conc#2" [stack: 0x00000037e5000000,0x00000037e5100000] [id=24004]
  0x00000224d7e8b800 ConcurrentGCThread "G1 Refine#0" [stack: 0x00000037e1b00000,0x00000037e1c00000] [id=9356]
  0x00000224d7e8e800 ConcurrentGCThread "G1 Young RemSet Sampling" [stack: 0x00000037e1c00000,0x00000037e1d00000] [id=26032]

Threads with active compile tasks:
C2 CompilerThread076877959 237404       4       java.io.DataInputStream::readUnsignedByte (22 bytes)
C1 CompilerThread076877959 237436       2       java.util.regex.Pattern::escape (1323 bytes)
C2 CompilerThread176877959 237420       4       java.io.DataOutputStream::writeShort (35 bytes)
C2 CompilerThread276877959 237047       4       java.util.Scanner::findWithinHorizon (82 bytes)
C2 CompilerThread376877959 237059       4       java.util.regex.Matcher::group (112 bytes)
C2 CompilerThread476877959 237358       4       java.lang.String::split (324 bytes)
C2 CompilerThread576877959 237030       4       java.util.Scanner::match (25 bytes)
C2 CompilerThread676877959 236552       4       org.hotswap.agent.javassist.bytecode.ConstPool::readOne (403 bytes)
C2 CompilerThread776877959 237419       4       java.io.DataOutputStream::writeByte (14 bytes)
C1 CompilerThread176877959 237275       2       java.util.concurrent.locks.AbstractQueuedSynchronizer$Node::compareAndSetWaitStatus (10 bytes)
C1 CompilerThread276877959 237441       2       java.lang.String::checkIndex (46 bytes)
C1 CompilerThread376877959 237440       1       java.util.HashMap::getNode (148 bytes)

VM state:not at safepoint (normal execution)

VM Mutex/Monitor currently owned by a thread:  ([mutex/lock_event])
[0x00000224b40b1de0] EnhancedRedefineClasses_lock - owner thread: 0x00000224d9886000
[0x00000224b40b1210] Compile_lock - owner thread: 0x00000224df576000
[0x00000224b40b21d0] MethodCompileQueue_lock - owner thread: 0x00000224d9241800

Heap address: 0x0000000701000000, size: 4080 MB, Compressed Oops mode: Zero based, Oop shift amount: 3
Narrow klass base: 0x0000000800000000, Narrow klass shift: 0
Compressed class space size: 1073741824 Address: 0x0000000800000000

Heap:
 garbage-first heap   total 262144K, used 98264K [0x0000000701000000, 0x0000000800000000)
  region size 1024K, 60 young (61440K), 7 survivors (7168K)
 Metaspace       used 101389K, capacity 118370K, committed 118400K, reserved 1142784K
  class space    used 18700K, capacity 24182K, committed 24192K, reserved 1048576K
Heap Regions: E=young(eden), S=young(survivor), O=old, HS=humongous(starts), HC=humongous(continues), CS=collection set, F=free, A=archive, TAMS=top-at-mark-start (previous, next)
|   0|0x0000000701000000, 0x0000000701100000, 0x0000000701100000|100%|HS|  |TAMS 0x0000000701100000, 0x0000000701000000| Complete 
|   1|0x0000000701100000, 0x0000000701200000, 0x0000000701200000|100%| O|  |TAMS 0x0000000701200000, 0x0000000701100000| Untracked 
|   2|0x0000000701200000, 0x0000000701300000, 0x0000000701300000|100%|HS|  |TAMS 0x0000000701300000, 0x0000000701200000| Complete 
|   3|0x0000000701300000, 0x0000000701400000, 0x0000000701400000|100%|HS|  |TAMS 0x0000000701400000, 0x0000000701300000| Complete 
|   4|0x0000000701400000, 0x0000000701500000, 0x0000000701500000|100%|HC|  |TAMS 0x0000000701500000, 0x0000000701400000| Complete 
|   5|0x0000000701500000, 0x0000000701600000, 0x0000000701600000|100%| O|  |TAMS 0x0000000701600000, 0x0000000701500000| Untracked 
|   6|0x0000000701600000, 0x0000000701700000, 0x0000000701700000|100%| O|  |TAMS 0x0000000701700000, 0x0000000701600000| Untracked 
|   7|0x0000000701700000, 0x0000000701800000, 0x0000000701800000|100%| O|  |TAMS 0x0000000701800000, 0x0000000701700000| Untracked 
|   8|0x0000000701800000, 0x0000000701900000, 0x0000000701900000|100%| O|  |TAMS 0x0000000701900000, 0x0000000701800000| Untracked 
|   9|0x0000000701900000, 0x0000000701a00000, 0x0000000701a00000|100%| O|  |TAMS 0x0000000701a00000, 0x0000000701900000| Untracked 
|  10|0x0000000701a00000, 0x0000000701b00000, 0x0000000701b00000|100%| O|  |TAMS 0x0000000701b00000, 0x0000000701a00000| Untracked 
|  11|0x0000000701b00000, 0x0000000701c00000, 0x0000000701c00000|100%| O|  |TAMS 0x0000000701c00000, 0x0000000701b00000| Untracked 
|  12|0x0000000701c00000, 0x0000000701d00000, 0x0000000701d00000|100%| O|  |TAMS 0x0000000701d00000, 0x0000000701c00000| Untracked 
|  13|0x0000000701d00000, 0x0000000701e00000, 0x0000000701e00000|100%| O|  |TAMS 0x0000000701e00000, 0x0000000701d00000| Untracked 
|  14|0x0000000701e00000, 0x0000000701effff8, 0x0000000701f00000| 99%| O|  |TAMS 0x0000000701effff8, 0x0000000701e00000| Untracked 
|  15|0x0000000701f00000, 0x0000000702000000, 0x0000000702000000|100%| O|  |TAMS 0x0000000702000000, 0x0000000701f00000| Untracked 
|  16|0x0000000702000000, 0x0000000702100000, 0x0000000702100000|100%| O|  |TAMS 0x0000000702100000, 0x0000000702000000| Untracked 
|  17|0x0000000702100000, 0x0000000702200000, 0x0000000702200000|100%| O|  |TAMS 0x0000000702200000, 0x0000000702100000| Untracked 
|  18|0x0000000702200000, 0x0000000702300000, 0x0000000702300000|100%| O|  |TAMS 0x0000000702300000, 0x0000000702200000| Untracked 
|  19|0x0000000702300000, 0x0000000702400000, 0x0000000702400000|100%| O|  |TAMS 0x0000000702400000, 0x0000000702300000| Untracked 
|  20|0x0000000702400000, 0x0000000702500000, 0x0000000702500000|100%| O|  |TAMS 0x0000000702500000, 0x0000000702400000| Untracked 
|  21|0x0000000702500000, 0x0000000702600000, 0x0000000702600000|100%| O|  |TAMS 0x0000000702600000, 0x0000000702500000| Untracked 
|  22|0x0000000702600000, 0x0000000702700000, 0x0000000702700000|100%| O|  |TAMS 0x0000000702700000, 0x0000000702600000| Untracked 
|  23|0x0000000702700000, 0x0000000702800000, 0x0000000702800000|100%| O|  |TAMS 0x0000000702800000, 0x0000000702700000| Untracked 
|  24|0x0000000702800000, 0x0000000702900000, 0x0000000702900000|100%| O|  |TAMS 0x0000000702900000, 0x0000000702800000| Untracked 
|  25|0x0000000702900000, 0x0000000702a00000, 0x0000000702a00000|100%| O|  |TAMS 0x0000000702a00000, 0x0000000702900000| Untracked 
|  26|0x0000000702a00000, 0x0000000702b00000, 0x0000000702b00000|100%| O|  |TAMS 0x0000000702b00000, 0x0000000702a00000| Untracked 
|  27|0x0000000702b00000, 0x0000000702c00000, 0x0000000702c00000|100%| O|  |TAMS 0x0000000702c00000, 0x0000000702b00000| Untracked 
|  28|0x0000000702c00000, 0x0000000702d00000, 0x0000000702d00000|100%| O|  |TAMS 0x0000000702d00000, 0x0000000702c00000| Untracked 
|  29|0x0000000702d00000, 0x0000000702e00000, 0x0000000702e00000|100%| O|  |TAMS 0x0000000702e00000, 0x0000000702d00000| Untracked 
|  30|0x0000000702e00000, 0x0000000702f00000, 0x0000000702f00000|100%| O|  |TAMS 0x0000000702f00000, 0x0000000702e00000| Untracked 
|  31|0x0000000702f00000, 0x0000000703000000, 0x0000000703000000|100%| O|  |TAMS 0x0000000703000000, 0x0000000702f00000| Untracked 
|  32|0x0000000703000000, 0x0000000703100000, 0x0000000703100000|100%| O|  |TAMS 0x0000000703100000, 0x0000000703000000| Untracked 
|  33|0x0000000703100000, 0x0000000703200000, 0x0000000703200000|100%| O|  |TAMS 0x0000000703200000, 0x0000000703100000| Untracked 
|  34|0x0000000703200000, 0x0000000703300000, 0x0000000703300000|100%| O|  |TAMS 0x0000000703300000, 0x0000000703200000| Untracked 
|  35|0x0000000703300000, 0x0000000703400000, 0x0000000703400000|100%| O|  |TAMS 0x0000000703400000, 0x0000000703300000| Untracked 
|  36|0x0000000703400000, 0x0000000703500000, 0x0000000703500000|100%| O|  |TAMS 0x0000000703500000, 0x0000000703400000| Untracked 
|  37|0x0000000703500000, 0x0000000703579e00, 0x0000000703600000| 47%| O|  |TAMS 0x0000000703579400, 0x0000000703500000| Untracked 
|  38|0x0000000703600000, 0x0000000703600000, 0x0000000703700000|  0%| F|  |TAMS 0x0000000703600000, 0x0000000703600000| Untracked 
|  39|0x0000000703700000, 0x0000000703700000, 0x0000000703800000|  0%| F|  |TAMS 0x0000000703700000, 0x0000000703700000| Untracked 
|  40|0x0000000703800000, 0x0000000703800000, 0x0000000703900000|  0%| F|  |TAMS 0x0000000703800000, 0x0000000703800000| Untracked 
|  41|0x0000000703900000, 0x0000000703900000, 0x0000000703a00000|  0%| F|  |TAMS 0x0000000703900000, 0x0000000703900000| Untracked 
|  42|0x0000000703a00000, 0x0000000703a00000, 0x0000000703b00000|  0%| F|  |TAMS 0x0000000703a00000, 0x0000000703a00000| Untracked 
|  43|0x0000000703b00000, 0x0000000703b00000, 0x0000000703c00000|  0%| F|  |TAMS 0x0000000703b00000, 0x0000000703b00000| Untracked 
|  44|0x0000000703c00000, 0x0000000703c00000, 0x0000000703d00000|  0%| F|  |TAMS 0x0000000703c00000, 0x0000000703c00000| Untracked 
|  45|0x0000000703d00000, 0x0000000703d00000, 0x0000000703e00000|  0%| F|  |TAMS 0x0000000703d00000, 0x0000000703d00000| Untracked 
|  46|0x0000000703e00000, 0x0000000703e00000, 0x0000000703f00000|  0%| F|  |TAMS 0x0000000703e00000, 0x0000000703e00000| Untracked 
|  47|0x0000000703f00000, 0x0000000703f00000, 0x0000000704000000|  0%| F|  |TAMS 0x0000000703f00000, 0x0000000703f00000| Untracked 
|  48|0x0000000704000000, 0x0000000704000000, 0x0000000704100000|  0%| F|  |TAMS 0x0000000704000000, 0x0000000704000000| Untracked 
|  49|0x0000000704100000, 0x0000000704100000, 0x0000000704200000|  0%| F|  |TAMS 0x0000000704100000, 0x0000000704100000| Untracked 
|  50|0x0000000704200000, 0x0000000704200000, 0x0000000704300000|  0%| F|  |TAMS 0x0000000704200000, 0x0000000704200000| Untracked 
|  51|0x0000000704300000, 0x0000000704300000, 0x0000000704400000|  0%| F|  |TAMS 0x0000000704300000, 0x0000000704300000| Untracked 
|  52|0x0000000704400000, 0x0000000704400000, 0x0000000704500000|  0%| F|  |TAMS 0x0000000704400000, 0x0000000704400000| Untracked 
|  53|0x0000000704500000, 0x0000000704500000, 0x0000000704600000|  0%| F|  |TAMS 0x0000000704500000, 0x0000000704500000| Untracked 
|  54|0x0000000704600000, 0x0000000704600000, 0x0000000704700000|  0%| F|  |TAMS 0x0000000704600000, 0x0000000704600000| Untracked 
|  55|0x0000000704700000, 0x0000000704700000, 0x0000000704800000|  0%| F|  |TAMS 0x0000000704700000, 0x0000000704700000| Untracked 
|  56|0x0000000704800000, 0x0000000704800000, 0x0000000704900000|  0%| F|  |TAMS 0x0000000704800000, 0x0000000704800000| Untracked 
|  57|0x0000000704900000, 0x0000000704900000, 0x0000000704a00000|  0%| F|  |TAMS 0x0000000704900000, 0x0000000704900000| Untracked 
|  58|0x0000000704a00000, 0x0000000704a00000, 0x0000000704b00000|  0%| F|  |TAMS 0x0000000704a00000, 0x0000000704a00000| Untracked 
|  59|0x0000000704b00000, 0x0000000704b00000, 0x0000000704c00000|  0%| F|  |TAMS 0x0000000704b00000, 0x0000000704b00000| Untracked 
|  60|0x0000000704c00000, 0x0000000704c00000, 0x0000000704d00000|  0%| F|  |TAMS 0x0000000704c00000, 0x0000000704c00000| Untracked 
|  61|0x0000000704d00000, 0x0000000704d00000, 0x0000000704e00000|  0%| F|  |TAMS 0x0000000704d00000, 0x0000000704d00000| Untracked 
|  62|0x0000000704e00000, 0x0000000704e00000, 0x0000000704f00000|  0%| F|  |TAMS 0x0000000704e00000, 0x0000000704e00000| Untracked 
|  63|0x0000000704f00000, 0x0000000704f00000, 0x0000000705000000|  0%| F|  |TAMS 0x0000000704f00000, 0x0000000704f00000| Untracked 
|  64|0x0000000705000000, 0x0000000705000000, 0x0000000705100000|  0%| F|  |TAMS 0x0000000705000000, 0x0000000705000000| Untracked 
|  65|0x0000000705100000, 0x0000000705100000, 0x0000000705200000|  0%| F|  |TAMS 0x0000000705100000, 0x0000000705100000| Untracked 
|  66|0x0000000705200000, 0x0000000705200000, 0x0000000705300000|  0%| F|  |TAMS 0x0000000705200000, 0x0000000705200000| Untracked 
|  67|0x0000000705300000, 0x0000000705300000, 0x0000000705400000|  0%| F|  |TAMS 0x0000000705300000, 0x0000000705300000| Untracked 
|  68|0x0000000705400000, 0x0000000705400000, 0x0000000705500000|  0%| F|  |TAMS 0x0000000705400000, 0x0000000705400000| Untracked 
|  69|0x0000000705500000, 0x0000000705500000, 0x0000000705600000|  0%| F|  |TAMS 0x0000000705500000, 0x0000000705500000| Untracked 
|  70|0x0000000705600000, 0x0000000705600000, 0x0000000705700000|  0%| F|  |TAMS 0x0000000705600000, 0x0000000705600000| Untracked 
|  71|0x0000000705700000, 0x0000000705700000, 0x0000000705800000|  0%| F|  |TAMS 0x0000000705700000, 0x0000000705700000| Untracked 
|  72|0x0000000705800000, 0x0000000705800000, 0x0000000705900000|  0%| F|  |TAMS 0x0000000705800000, 0x0000000705800000| Untracked 
|  73|0x0000000705900000, 0x0000000705900000, 0x0000000705a00000|  0%| F|  |TAMS 0x0000000705900000, 0x0000000705900000| Untracked 
|  74|0x0000000705a00000, 0x0000000705a00000, 0x0000000705b00000|  0%| F|  |TAMS 0x0000000705a00000, 0x0000000705a00000| Untracked 
|  75|0x0000000705b00000, 0x0000000705b00000, 0x0000000705c00000|  0%| F|  |TAMS 0x0000000705b00000, 0x0000000705b00000| Untracked 
|  76|0x0000000705c00000, 0x0000000705c00000, 0x0000000705d00000|  0%| F|  |TAMS 0x0000000705c00000, 0x0000000705c00000| Untracked 
|  77|0x0000000705d00000, 0x0000000705d00000, 0x0000000705e00000|  0%| F|  |TAMS 0x0000000705d00000, 0x0000000705d00000| Untracked 
|  78|0x0000000705e00000, 0x0000000705e00000, 0x0000000705f00000|  0%| F|  |TAMS 0x0000000705e00000, 0x0000000705e00000| Untracked 
|  79|0x0000000705f00000, 0x0000000705f00000, 0x0000000706000000|  0%| F|  |TAMS 0x0000000705f00000, 0x0000000705f00000| Untracked 
|  80|0x0000000706000000, 0x0000000706000000, 0x0000000706100000|  0%| F|  |TAMS 0x0000000706000000, 0x0000000706000000| Untracked 
|  81|0x0000000706100000, 0x0000000706100000, 0x0000000706200000|  0%| F|  |TAMS 0x0000000706100000, 0x0000000706100000| Untracked 
|  82|0x0000000706200000, 0x0000000706200000, 0x0000000706300000|  0%| F|  |TAMS 0x0000000706200000, 0x0000000706200000| Untracked 
|  83|0x0000000706300000, 0x0000000706300000, 0x0000000706400000|  0%| F|  |TAMS 0x0000000706300000, 0x0000000706300000| Untracked 
|  84|0x0000000706400000, 0x0000000706400000, 0x0000000706500000|  0%| F|  |TAMS 0x0000000706400000, 0x0000000706400000| Untracked 
|  85|0x0000000706500000, 0x0000000706500000, 0x0000000706600000|  0%| F|  |TAMS 0x0000000706500000, 0x0000000706500000| Untracked 
|  86|0x0000000706600000, 0x0000000706600000, 0x0000000706700000|  0%| F|  |TAMS 0x0000000706600000, 0x0000000706600000| Untracked 
|  87|0x0000000706700000, 0x0000000706700000, 0x0000000706800000|  0%| F|  |TAMS 0x0000000706700000, 0x0000000706700000| Untracked 
|  88|0x0000000706800000, 0x0000000706800000, 0x0000000706900000|  0%| F|  |TAMS 0x0000000706800000, 0x0000000706800000| Untracked 
|  89|0x0000000706900000, 0x0000000706900000, 0x0000000706a00000|  0%| F|  |TAMS 0x0000000706900000, 0x0000000706900000| Untracked 
|  90|0x0000000706a00000, 0x0000000706a00000, 0x0000000706b00000|  0%| F|  |TAMS 0x0000000706a00000, 0x0000000706a00000| Untracked 
|  91|0x0000000706b00000, 0x0000000706b00000, 0x0000000706c00000|  0%| F|  |TAMS 0x0000000706b00000, 0x0000000706b00000| Untracked 
|  92|0x0000000706c00000, 0x0000000706c00000, 0x0000000706d00000|  0%| F|  |TAMS 0x0000000706c00000, 0x0000000706c00000| Untracked 
|  93|0x0000000706d00000, 0x0000000706d00000, 0x0000000706e00000|  0%| F|  |TAMS 0x0000000706d00000, 0x0000000706d00000| Untracked 
|  94|0x0000000706e00000, 0x0000000706e00000, 0x0000000706f00000|  0%| F|  |TAMS 0x0000000706e00000, 0x0000000706e00000| Untracked 
|  95|0x0000000706f00000, 0x0000000706f00000, 0x0000000707000000|  0%| F|  |TAMS 0x0000000706f00000, 0x0000000706f00000| Untracked 
|  96|0x0000000707000000, 0x000000070707c410, 0x0000000707100000| 48%| S|CS|TAMS 0x0000000707000000, 0x0000000707000000| Complete 
|  97|0x0000000707100000, 0x0000000707200000, 0x0000000707200000|100%| S|CS|TAMS 0x0000000707100000, 0x0000000707100000| Complete 
|  98|0x0000000707200000, 0x0000000707200000, 0x0000000707300000|  0%| F|  |TAMS 0x0000000707200000, 0x0000000707200000| Untracked 
|  99|0x0000000707300000, 0x0000000707300000, 0x0000000707400000|  0%| F|  |TAMS 0x0000000707300000, 0x0000000707300000| Untracked 
| 100|0x0000000707400000, 0x0000000707400000, 0x0000000707500000|  0%| F|  |TAMS 0x0000000707400000, 0x0000000707400000| Untracked 
| 101|0x0000000707500000, 0x0000000707500000, 0x0000000707600000|  0%| F|  |TAMS 0x0000000707500000, 0x0000000707500000| Untracked 
| 102|0x0000000707600000, 0x0000000707600000, 0x0000000707700000|  0%| F|  |TAMS 0x0000000707600000, 0x0000000707600000| Untracked 
| 103|0x0000000707700000, 0x0000000707800000, 0x0000000707800000|100%| S|CS|TAMS 0x0000000707700000, 0x0000000707700000| Complete 
| 104|0x0000000707800000, 0x0000000707900000, 0x0000000707900000|100%| S|CS|TAMS 0x0000000707800000, 0x0000000707800000| Complete 
| 105|0x0000000707900000, 0x0000000707a00000, 0x0000000707a00000|100%| S|CS|TAMS 0x0000000707900000, 0x0000000707900000| Complete 
| 106|0x0000000707a00000, 0x0000000707b00000, 0x0000000707b00000|100%| S|CS|TAMS 0x0000000707a00000, 0x0000000707a00000| Complete 
| 107|0x0000000707b00000, 0x0000000707c00000, 0x0000000707c00000|100%| S|CS|TAMS 0x0000000707b00000, 0x0000000707b00000| Complete 
| 108|0x0000000707c00000, 0x0000000707c00000, 0x0000000707d00000|  0%| F|  |TAMS 0x0000000707c00000, 0x0000000707c00000| Untracked 
| 109|0x0000000707d00000, 0x0000000707d00000, 0x0000000707e00000|  0%| F|  |TAMS 0x0000000707d00000, 0x0000000707d00000| Untracked 
| 110|0x0000000707e00000, 0x0000000707e00000, 0x0000000707f00000|  0%| F|  |TAMS 0x0000000707e00000, 0x0000000707e00000| Untracked 
| 111|0x0000000707f00000, 0x0000000707f00000, 0x0000000708000000|  0%| F|  |TAMS 0x0000000707f00000, 0x0000000707f00000| Untracked 
| 112|0x0000000708000000, 0x0000000708000000, 0x0000000708100000|  0%| F|  |TAMS 0x0000000708000000, 0x0000000708000000| Untracked 
| 113|0x0000000708100000, 0x0000000708100000, 0x0000000708200000|  0%| F|  |TAMS 0x0000000708100000, 0x0000000708100000| Untracked 
| 114|0x0000000708200000, 0x0000000708200000, 0x0000000708300000|  0%| F|  |TAMS 0x0000000708200000, 0x0000000708200000| Untracked 
| 115|0x0000000708300000, 0x0000000708300000, 0x0000000708400000|  0%| F|  |TAMS 0x0000000708300000, 0x0000000708300000| Untracked 
| 116|0x0000000708400000, 0x0000000708400000, 0x0000000708500000|  0%| F|  |TAMS 0x0000000708400000, 0x0000000708400000| Untracked 
| 117|0x0000000708500000, 0x0000000708500000, 0x0000000708600000|  0%| F|  |TAMS 0x0000000708500000, 0x0000000708500000| Untracked 
| 118|0x0000000708600000, 0x0000000708600000, 0x0000000708700000|  0%| F|  |TAMS 0x0000000708600000, 0x0000000708600000| Untracked 
| 119|0x0000000708700000, 0x0000000708700000, 0x0000000708800000|  0%| F|  |TAMS 0x0000000708700000, 0x0000000708700000| Untracked 
| 120|0x0000000708800000, 0x0000000708800000, 0x0000000708900000|  0%| F|  |TAMS 0x0000000708800000, 0x0000000708800000| Untracked 
| 121|0x0000000708900000, 0x0000000708900000, 0x0000000708a00000|  0%| F|  |TAMS 0x0000000708900000, 0x0000000708900000| Untracked 
| 122|0x0000000708a00000, 0x0000000708a00000, 0x0000000708b00000|  0%| F|  |TAMS 0x0000000708a00000, 0x0000000708a00000| Untracked 
| 123|0x0000000708b00000, 0x0000000708b00000, 0x0000000708c00000|  0%| F|  |TAMS 0x0000000708b00000, 0x0000000708b00000| Untracked 
| 124|0x0000000708c00000, 0x0000000708c00000, 0x0000000708d00000|  0%| F|  |TAMS 0x0000000708c00000, 0x0000000708c00000| Untracked 
| 125|0x0000000708d00000, 0x0000000708d00000, 0x0000000708e00000|  0%| F|  |TAMS 0x0000000708d00000, 0x0000000708d00000| Untracked 
| 126|0x0000000708e00000, 0x0000000708e00000, 0x0000000708f00000|  0%| F|  |TAMS 0x0000000708e00000, 0x0000000708e00000| Untracked 
| 127|0x0000000708f00000, 0x0000000708f00000, 0x0000000709000000|  0%| F|  |TAMS 0x0000000708f00000, 0x0000000708f00000| Untracked 
| 128|0x0000000709000000, 0x0000000709000000, 0x0000000709100000|  0%| F|  |TAMS 0x0000000709000000, 0x0000000709000000| Untracked 
| 129|0x0000000709100000, 0x0000000709100000, 0x0000000709200000|  0%| F|  |TAMS 0x0000000709100000, 0x0000000709100000| Untracked 
| 130|0x0000000709200000, 0x0000000709200000, 0x0000000709300000|  0%| F|  |TAMS 0x0000000709200000, 0x0000000709200000| Untracked 
| 131|0x0000000709300000, 0x0000000709300000, 0x0000000709400000|  0%| F|  |TAMS 0x0000000709300000, 0x0000000709300000| Untracked 
| 132|0x0000000709400000, 0x0000000709400000, 0x0000000709500000|  0%| F|  |TAMS 0x0000000709400000, 0x0000000709400000| Untracked 
| 133|0x0000000709500000, 0x0000000709500000, 0x0000000709600000|  0%| F|  |TAMS 0x0000000709500000, 0x0000000709500000| Untracked 
| 134|0x0000000709600000, 0x0000000709600000, 0x0000000709700000|  0%| F|  |TAMS 0x0000000709600000, 0x0000000709600000| Untracked 
| 135|0x0000000709700000, 0x0000000709700000, 0x0000000709800000|  0%| F|  |TAMS 0x0000000709700000, 0x0000000709700000| Untracked 
| 136|0x0000000709800000, 0x0000000709800000, 0x0000000709900000|  0%| F|  |TAMS 0x0000000709800000, 0x0000000709800000| Untracked 
| 137|0x0000000709900000, 0x0000000709900000, 0x0000000709a00000|  0%| F|  |TAMS 0x0000000709900000, 0x0000000709900000| Untracked 
| 138|0x0000000709a00000, 0x0000000709a00000, 0x0000000709b00000|  0%| F|  |TAMS 0x0000000709a00000, 0x0000000709a00000| Untracked 
| 139|0x0000000709b00000, 0x0000000709b00000, 0x0000000709c00000|  0%| F|  |TAMS 0x0000000709b00000, 0x0000000709b00000| Untracked 
| 140|0x0000000709c00000, 0x0000000709c00000, 0x0000000709d00000|  0%| F|  |TAMS 0x0000000709c00000, 0x0000000709c00000| Untracked 
| 141|0x0000000709d00000, 0x0000000709d00000, 0x0000000709e00000|  0%| F|  |TAMS 0x0000000709d00000, 0x0000000709d00000| Untracked 
| 142|0x0000000709e00000, 0x0000000709e00000, 0x0000000709f00000|  0%| F|  |TAMS 0x0000000709e00000, 0x0000000709e00000| Untracked 
| 143|0x0000000709f00000, 0x0000000709f00000, 0x000000070a000000|  0%| F|  |TAMS 0x0000000709f00000, 0x0000000709f00000| Untracked 
| 144|0x000000070a000000, 0x000000070a000000, 0x000000070a100000|  0%| F|  |TAMS 0x000000070a000000, 0x000000070a000000| Untracked 
| 145|0x000000070a100000, 0x000000070a100000, 0x000000070a200000|  0%| F|  |TAMS 0x000000070a100000, 0x000000070a100000| Untracked 
| 146|0x000000070a200000, 0x000000070a200000, 0x000000070a300000|  0%| F|  |TAMS 0x000000070a200000, 0x000000070a200000| Untracked 
| 147|0x000000070a300000, 0x000000070a300000, 0x000000070a400000|  0%| F|  |TAMS 0x000000070a300000, 0x000000070a300000| Untracked 
| 148|0x000000070a400000, 0x000000070a400000, 0x000000070a500000|  0%| F|  |TAMS 0x000000070a400000, 0x000000070a400000| Untracked 
| 149|0x000000070a500000, 0x000000070a500000, 0x000000070a600000|  0%| F|  |TAMS 0x000000070a500000, 0x000000070a500000| Untracked 
| 150|0x000000070a600000, 0x000000070a600000, 0x000000070a700000|  0%| F|  |TAMS 0x000000070a600000, 0x000000070a600000| Untracked 
| 151|0x000000070a700000, 0x000000070a700000, 0x000000070a800000|  0%| F|  |TAMS 0x000000070a700000, 0x000000070a700000| Untracked 
| 152|0x000000070a800000, 0x000000070a800000, 0x000000070a900000|  0%| F|  |TAMS 0x000000070a800000, 0x000000070a800000| Untracked 
| 153|0x000000070a900000, 0x000000070a900000, 0x000000070aa00000|  0%| F|  |TAMS 0x000000070a900000, 0x000000070a900000| Untracked 
| 154|0x000000070aa00000, 0x000000070aa00000, 0x000000070ab00000|  0%| F|  |TAMS 0x000000070aa00000, 0x000000070aa00000| Untracked 
| 155|0x000000070ab00000, 0x000000070ab00000, 0x000000070ac00000|  0%| F|  |TAMS 0x000000070ab00000, 0x000000070ab00000| Untracked 
| 156|0x000000070ac00000, 0x000000070ac00000, 0x000000070ad00000|  0%| F|  |TAMS 0x000000070ac00000, 0x000000070ac00000| Untracked 
| 157|0x000000070ad00000, 0x000000070ad00000, 0x000000070ae00000|  0%| F|  |TAMS 0x000000070ad00000, 0x000000070ad00000| Untracked 
| 158|0x000000070ae00000, 0x000000070ae00000, 0x000000070af00000|  0%| F|  |TAMS 0x000000070ae00000, 0x000000070ae00000| Untracked 
| 159|0x000000070af00000, 0x000000070af00000, 0x000000070b000000|  0%| F|  |TAMS 0x000000070af00000, 0x000000070af00000| Untracked 
| 160|0x000000070b000000, 0x000000070b000000, 0x000000070b100000|  0%| F|  |TAMS 0x000000070b000000, 0x000000070b000000| Untracked 
| 161|0x000000070b100000, 0x000000070b100000, 0x000000070b200000|  0%| F|  |TAMS 0x000000070b100000, 0x000000070b100000| Untracked 
| 162|0x000000070b200000, 0x000000070b200000, 0x000000070b300000|  0%| F|  |TAMS 0x000000070b200000, 0x000000070b200000| Untracked 
| 163|0x000000070b300000, 0x000000070b300000, 0x000000070b400000|  0%| F|  |TAMS 0x000000070b300000, 0x000000070b300000| Untracked 
| 164|0x000000070b400000, 0x000000070b400000, 0x000000070b500000|  0%| F|  |TAMS 0x000000070b400000, 0x000000070b400000| Untracked 
| 165|0x000000070b500000, 0x000000070b500000, 0x000000070b600000|  0%| F|  |TAMS 0x000000070b500000, 0x000000070b500000| Untracked 
| 166|0x000000070b600000, 0x000000070b600000, 0x000000070b700000|  0%| F|  |TAMS 0x000000070b600000, 0x000000070b600000| Untracked 
| 167|0x000000070b700000, 0x000000070b700000, 0x000000070b800000|  0%| F|  |TAMS 0x000000070b700000, 0x000000070b700000| Untracked 
| 168|0x000000070b800000, 0x000000070b800000, 0x000000070b900000|  0%| F|  |TAMS 0x000000070b800000, 0x000000070b800000| Untracked 
| 169|0x000000070b900000, 0x000000070b900000, 0x000000070ba00000|  0%| F|  |TAMS 0x000000070b900000, 0x000000070b900000| Untracked 
| 170|0x000000070ba00000, 0x000000070ba00000, 0x000000070bb00000|  0%| F|  |TAMS 0x000000070ba00000, 0x000000070ba00000| Untracked 
| 171|0x000000070bb00000, 0x000000070bb00000, 0x000000070bc00000|  0%| F|  |TAMS 0x000000070bb00000, 0x000000070bb00000| Untracked 
| 172|0x000000070bc00000, 0x000000070bc00000, 0x000000070bd00000|  0%| F|  |TAMS 0x000000070bc00000, 0x000000070bc00000| Untracked 
| 173|0x000000070bd00000, 0x000000070bd00000, 0x000000070be00000|  0%| F|  |TAMS 0x000000070bd00000, 0x000000070bd00000| Untracked 
| 174|0x000000070be00000, 0x000000070be00000, 0x000000070bf00000|  0%| F|  |TAMS 0x000000070be00000, 0x000000070be00000| Untracked 
| 175|0x000000070bf00000, 0x000000070bf00000, 0x000000070c000000|  0%| F|  |TAMS 0x000000070bf00000, 0x000000070bf00000| Untracked 
| 176|0x000000070c000000, 0x000000070c000000, 0x000000070c100000|  0%| F|  |TAMS 0x000000070c000000, 0x000000070c000000| Untracked 
| 177|0x000000070c100000, 0x000000070c100000, 0x000000070c200000|  0%| F|  |TAMS 0x000000070c100000, 0x000000070c100000| Untracked 
| 178|0x000000070c200000, 0x000000070c200000, 0x000000070c300000|  0%| F|  |TAMS 0x000000070c200000, 0x000000070c200000| Untracked 
| 179|0x000000070c300000, 0x000000070c300000, 0x000000070c400000|  0%| F|  |TAMS 0x000000070c300000, 0x000000070c300000| Untracked 
| 180|0x000000070c400000, 0x000000070c400000, 0x000000070c500000|  0%| F|  |TAMS 0x000000070c400000, 0x000000070c400000| Untracked 
| 181|0x000000070c500000, 0x000000070c500000, 0x000000070c600000|  0%| F|  |TAMS 0x000000070c500000, 0x000000070c500000| Untracked 
| 182|0x000000070c600000, 0x000000070c600000, 0x000000070c700000|  0%| F|  |TAMS 0x000000070c600000, 0x000000070c600000| Untracked 
| 183|0x000000070c700000, 0x000000070c700000, 0x000000070c800000|  0%| F|  |TAMS 0x000000070c700000, 0x000000070c700000| Untracked 
| 184|0x000000070c800000, 0x000000070c800000, 0x000000070c900000|  0%| F|  |TAMS 0x000000070c800000, 0x000000070c800000| Untracked 
| 185|0x000000070c900000, 0x000000070c900000, 0x000000070ca00000|  0%| F|  |TAMS 0x000000070c900000, 0x000000070c900000| Untracked 
| 186|0x000000070ca00000, 0x000000070ca00000, 0x000000070cb00000|  0%| F|  |TAMS 0x000000070ca00000, 0x000000070ca00000| Untracked 
| 187|0x000000070cb00000, 0x000000070cb00000, 0x000000070cc00000|  0%| F|  |TAMS 0x000000070cb00000, 0x000000070cb00000| Untracked 
| 188|0x000000070cc00000, 0x000000070cc00000, 0x000000070cd00000|  0%| F|  |TAMS 0x000000070cc00000, 0x000000070cc00000| Untracked 
| 189|0x000000070cd00000, 0x000000070cd00000, 0x000000070ce00000|  0%| F|  |TAMS 0x000000070cd00000, 0x000000070cd00000| Untracked 
| 190|0x000000070ce00000, 0x000000070ce00000, 0x000000070cf00000|  0%| F|  |TAMS 0x000000070ce00000, 0x000000070ce00000| Untracked 
| 191|0x000000070cf00000, 0x000000070cf00000, 0x000000070d000000|  0%| F|  |TAMS 0x000000070cf00000, 0x000000070cf00000| Untracked 
| 192|0x000000070d000000, 0x000000070d000000, 0x000000070d100000|  0%| F|  |TAMS 0x000000070d000000, 0x000000070d000000| Untracked 
| 193|0x000000070d100000, 0x000000070d100000, 0x000000070d200000|  0%| F|  |TAMS 0x000000070d100000, 0x000000070d100000| Untracked 
| 194|0x000000070d200000, 0x000000070d200000, 0x000000070d300000|  0%| F|  |TAMS 0x000000070d200000, 0x000000070d200000| Untracked 
| 195|0x000000070d300000, 0x000000070d300000, 0x000000070d400000|  0%| F|  |TAMS 0x000000070d300000, 0x000000070d300000| Untracked 
| 196|0x000000070d400000, 0x000000070d400000, 0x000000070d500000|  0%| F|  |TAMS 0x000000070d400000, 0x000000070d400000| Untracked 
| 197|0x000000070d500000, 0x000000070d500000, 0x000000070d600000|  0%| F|  |TAMS 0x000000070d500000, 0x000000070d500000| Untracked 
| 198|0x000000070d600000, 0x000000070d600000, 0x000000070d700000|  0%| F|  |TAMS 0x000000070d600000, 0x000000070d600000| Untracked 
| 199|0x000000070d700000, 0x000000070d700000, 0x000000070d800000|  0%| F|  |TAMS 0x000000070d700000, 0x000000070d700000| Untracked 
| 200|0x000000070d800000, 0x000000070d800000, 0x000000070d900000|  0%| F|  |TAMS 0x000000070d800000, 0x000000070d800000| Untracked 
| 201|0x000000070d900000, 0x000000070d900000, 0x000000070da00000|  0%| F|  |TAMS 0x000000070d900000, 0x000000070d900000| Untracked 
| 202|0x000000070da00000, 0x000000070da80800, 0x000000070db00000| 50%| E|  |TAMS 0x000000070da00000, 0x000000070da00000| Complete 
| 203|0x000000070db00000, 0x000000070dc00000, 0x000000070dc00000|100%| E|CS|TAMS 0x000000070db00000, 0x000000070db00000| Complete 
| 204|0x000000070dc00000, 0x000000070dd00000, 0x000000070dd00000|100%| E|CS|TAMS 0x000000070dc00000, 0x000000070dc00000| Complete 
| 205|0x000000070dd00000, 0x000000070de00000, 0x000000070de00000|100%| E|CS|TAMS 0x000000070dd00000, 0x000000070dd00000| Complete 
| 206|0x000000070de00000, 0x000000070df00000, 0x000000070df00000|100%| E|CS|TAMS 0x000000070de00000, 0x000000070de00000| Complete 
| 207|0x000000070df00000, 0x000000070e000000, 0x000000070e000000|100%| E|CS|TAMS 0x000000070df00000, 0x000000070df00000| Complete 
| 208|0x000000070e000000, 0x000000070e100000, 0x000000070e100000|100%| E|CS|TAMS 0x000000070e000000, 0x000000070e000000| Complete 
| 209|0x000000070e100000, 0x000000070e200000, 0x000000070e200000|100%| E|CS|TAMS 0x000000070e100000, 0x000000070e100000| Complete 
| 210|0x000000070e200000, 0x000000070e300000, 0x000000070e300000|100%| E|CS|TAMS 0x000000070e200000, 0x000000070e200000| Complete 
| 211|0x000000070e300000, 0x000000070e400000, 0x000000070e400000|100%| E|CS|TAMS 0x000000070e300000, 0x000000070e300000| Complete 
| 212|0x000000070e400000, 0x000000070e500000, 0x000000070e500000|100%| E|CS|TAMS 0x000000070e400000, 0x000000070e400000| Complete 
| 213|0x000000070e500000, 0x000000070e600000, 0x000000070e600000|100%| E|CS|TAMS 0x000000070e500000, 0x000000070e500000| Complete 
| 214|0x000000070e600000, 0x000000070e700000, 0x000000070e700000|100%| E|CS|TAMS 0x000000070e600000, 0x000000070e600000| Complete 
| 215|0x000000070e700000, 0x000000070e800000, 0x000000070e800000|100%| E|CS|TAMS 0x000000070e700000, 0x000000070e700000| Complete 
| 216|0x000000070e800000, 0x000000070e900000, 0x000000070e900000|100%| E|CS|TAMS 0x000000070e800000, 0x000000070e800000| Complete 
| 217|0x000000070e900000, 0x000000070ea00000, 0x000000070ea00000|100%| E|CS|TAMS 0x000000070e900000, 0x000000070e900000| Complete 
| 218|0x000000070ea00000, 0x000000070eb00000, 0x000000070eb00000|100%| E|CS|TAMS 0x000000070ea00000, 0x000000070ea00000| Complete 
| 219|0x000000070eb00000, 0x000000070ec00000, 0x000000070ec00000|100%| E|CS|TAMS 0x000000070eb00000, 0x000000070eb00000| Complete 
| 220|0x000000070ec00000, 0x000000070ed00000, 0x000000070ed00000|100%| E|CS|TAMS 0x000000070ec00000, 0x000000070ec00000| Complete 
| 221|0x000000070ed00000, 0x000000070ee00000, 0x000000070ee00000|100%| E|CS|TAMS 0x000000070ed00000, 0x000000070ed00000| Complete 
| 222|0x000000070ee00000, 0x000000070ef00000, 0x000000070ef00000|100%| E|CS|TAMS 0x000000070ee00000, 0x000000070ee00000| Complete 
| 223|0x000000070ef00000, 0x000000070f000000, 0x000000070f000000|100%| E|CS|TAMS 0x000000070ef00000, 0x000000070ef00000| Complete 
| 224|0x000000070f000000, 0x000000070f100000, 0x000000070f100000|100%| E|CS|TAMS 0x000000070f000000, 0x000000070f000000| Complete 
| 225|0x000000070f100000, 0x000000070f200000, 0x000000070f200000|100%| E|CS|TAMS 0x000000070f100000, 0x000000070f100000| Complete 
| 226|0x000000070f200000, 0x000000070f300000, 0x000000070f300000|100%| E|CS|TAMS 0x000000070f200000, 0x000000070f200000| Complete 
| 227|0x000000070f300000, 0x000000070f400000, 0x000000070f400000|100%| E|CS|TAMS 0x000000070f300000, 0x000000070f300000| Complete 
| 228|0x000000070f400000, 0x000000070f500000, 0x000000070f500000|100%| E|CS|TAMS 0x000000070f400000, 0x000000070f400000| Complete 
| 229|0x000000070f500000, 0x000000070f600000, 0x000000070f600000|100%| E|CS|TAMS 0x000000070f500000, 0x000000070f500000| Complete 
| 230|0x000000070f600000, 0x000000070f700000, 0x000000070f700000|100%| E|CS|TAMS 0x000000070f600000, 0x000000070f600000| Complete 
| 231|0x000000070f700000, 0x000000070f800000, 0x000000070f800000|100%| E|CS|TAMS 0x000000070f700000, 0x000000070f700000| Complete 
| 232|0x000000070f800000, 0x000000070f900000, 0x000000070f900000|100%| E|CS|TAMS 0x000000070f800000, 0x000000070f800000| Complete 
| 233|0x000000070f900000, 0x000000070fa00000, 0x000000070fa00000|100%| E|CS|TAMS 0x000000070f900000, 0x000000070f900000| Complete 
| 234|0x000000070fa00000, 0x000000070fb00000, 0x000000070fb00000|100%| E|CS|TAMS 0x000000070fa00000, 0x000000070fa00000| Complete 
| 235|0x000000070fb00000, 0x000000070fc00000, 0x000000070fc00000|100%| E|CS|TAMS 0x000000070fb00000, 0x000000070fb00000| Complete 
| 236|0x000000070fc00000, 0x000000070fd00000, 0x000000070fd00000|100%| E|CS|TAMS 0x000000070fc00000, 0x000000070fc00000| Complete 
| 237|0x000000070fd00000, 0x000000070fe00000, 0x000000070fe00000|100%| E|CS|TAMS 0x000000070fd00000, 0x000000070fd00000| Complete 
| 238|0x000000070fe00000, 0x000000070ff00000, 0x000000070ff00000|100%| E|CS|TAMS 0x000000070fe00000, 0x000000070fe00000| Complete 
| 239|0x000000070ff00000, 0x0000000710000000, 0x0000000710000000|100%| E|CS|TAMS 0x000000070ff00000, 0x000000070ff00000| Complete 
| 240|0x0000000710000000, 0x0000000710100000, 0x0000000710100000|100%| E|CS|TAMS 0x0000000710000000, 0x0000000710000000| Complete 
| 241|0x0000000710100000, 0x0000000710200000, 0x0000000710200000|100%| E|CS|TAMS 0x0000000710100000, 0x0000000710100000| Complete 
| 242|0x0000000710200000, 0x0000000710300000, 0x0000000710300000|100%| E|CS|TAMS 0x0000000710200000, 0x0000000710200000| Complete 
| 243|0x0000000710300000, 0x0000000710400000, 0x0000000710400000|100%| E|CS|TAMS 0x0000000710300000, 0x0000000710300000| Complete 
| 244|0x0000000710400000, 0x0000000710500000, 0x0000000710500000|100%| E|CS|TAMS 0x0000000710400000, 0x0000000710400000| Complete 
| 245|0x0000000710500000, 0x0000000710600000, 0x0000000710600000|100%| E|CS|TAMS 0x0000000710500000, 0x0000000710500000| Complete 
| 246|0x0000000710600000, 0x0000000710700000, 0x0000000710700000|100%| E|CS|TAMS 0x0000000710600000, 0x0000000710600000| Complete 
| 247|0x0000000710700000, 0x0000000710800000, 0x0000000710800000|100%| E|CS|TAMS 0x0000000710700000, 0x0000000710700000| Complete 
| 248|0x0000000710800000, 0x0000000710900000, 0x0000000710900000|100%| E|CS|TAMS 0x0000000710800000, 0x0000000710800000| Complete 
| 249|0x0000000710900000, 0x0000000710a00000, 0x0000000710a00000|100%| E|CS|TAMS 0x0000000710900000, 0x0000000710900000| Complete 
| 250|0x0000000710a00000, 0x0000000710b00000, 0x0000000710b00000|100%| E|CS|TAMS 0x0000000710a00000, 0x0000000710a00000| Complete 
| 251|0x0000000710b00000, 0x0000000710c00000, 0x0000000710c00000|100%| E|CS|TAMS 0x0000000710b00000, 0x0000000710b00000| Complete 
| 252|0x0000000710c00000, 0x0000000710d00000, 0x0000000710d00000|100%| E|CS|TAMS 0x0000000710c00000, 0x0000000710c00000| Complete 
| 253|0x0000000710d00000, 0x0000000710e00000, 0x0000000710e00000|100%| E|CS|TAMS 0x0000000710d00000, 0x0000000710d00000| Complete 
| 254|0x0000000710e00000, 0x0000000710f00000, 0x0000000710f00000|100%| E|CS|TAMS 0x0000000710e00000, 0x0000000710e00000| Complete 
| 255|0x0000000710f00000, 0x0000000711000000, 0x0000000711000000|100%| E|CS|TAMS 0x0000000710f00000, 0x0000000710f00000| Complete 

Card table byte_map: [0x00000224cc820000,0x00000224cd020000] _byte_map_base: 0x00000224c9018000

Marking Bits (Prev, Next): (CMBitMap*) 0x00000224b4120878, (CMBitMap*) 0x00000224b41208b0
 Prev Bits: [0x00000224cd820000, 0x00000224d17e0000)
 Next Bits: [0x00000224d17e0000, 0x00000224d57a0000)

Polling page: 0x00000224b3870000

Metaspace:

Usage:
  Non-class:     91.98 MB capacity,    80.75 MB ( 88%) used,     9.51 MB ( 10%) free+waste,     1.72 MB (  2%) overhead. 
      Class:     23.62 MB capacity,    18.26 MB ( 77%) used,     4.50 MB ( 19%) free+waste,   868.63 KB (  4%) overhead. 
       Both:    115.60 MB capacity,    99.01 MB ( 86%) used,    14.01 MB ( 12%) free+waste,     2.57 MB (  2%) overhead. 

Virtual space:
  Non-class space:       92.00 MB reserved,      92.00 MB (100%) committed 
      Class space:        1.00 GB reserved,      23.63 MB (  2%) committed 
             Both:        1.09 GB reserved,     115.63 MB ( 10%) committed 

Chunk freelists:
   Non-Class:  0 bytes
       Class:  10.00 KB
        Both:  10.00 KB

MaxMetaspaceSize: 17179869184.00 GB
CompressedClassSpaceSize: 1.00 GB

CodeHeap 'non-profiled nmethods': size=119168Kb used=8589Kb max_used=10377Kb free=110578Kb
 bounds [0x00000224c4340000, 0x00000224c4d70000, 0x00000224cb7a0000]
CodeHeap 'profiled nmethods': size=119168Kb used=4595Kb max_used=19136Kb free=114572Kb
 bounds [0x00000224bcee0000, 0x00000224be1a0000, 0x00000224c4340000]
CodeHeap 'non-nmethods': size=7424Kb used=3070Kb max_used=3283Kb free=4353Kb
 bounds [0x00000224bc7a0000, 0x00000224bcb10000, 0x00000224bcee0000]
 total_blobs=6122 nmethods=5467 adapters=567
 compilation: enabled
              stopped_count=0, restarted_count=0
 full_count=0

Compilation events (20 events):
Event: 76877.886 Thread 0x00000224d9241800 nmethod 237300 0x00000224c4660c10 code [0x00000224c4660dc0, 0x00000224c4660eb8]
Event: 76877.886 Thread 0x00000224d9241800 237304       1       java.lang.StringUTF16::compress (50 bytes)
Event: 76877.886 Thread 0x00000224df576000 nmethod 237296 0x00000224bd176290 code [0x00000224bd176460, 0x00000224bd176838]
Event: 76877.886 Thread 0x00000224df576000 237297       1       java.lang.String::isLatin1 (19 bytes)
Event: 76877.886 Thread 0x00000224d9241800 nmethod 237304 0x00000224c467d990 code [0x00000224c467db40, 0x00000224c467dc78]
Event: 76877.886 Thread 0x00000224d9241800 237299       1       java.nio.Buffer::checkIndex (22 bytes)
Event: 76877.887 Thread 0x00000224df569000 nmethod 237278 0x00000224c4728590 code [0x00000224c4728880, 0x00000224c47299b8]
Event: 76877.887 Thread 0x00000224df569000 237301       1       java.util.regex.Pattern::lambda$DOT$5 (34 bytes)
Event: 76877.887 Thread 0x00000224df576000 nmethod 237297 0x00000224c4664c90 code [0x00000224c4664e40, 0x00000224c4664f18]
Event: 76877.887 Thread 0x00000224df576000 237291       1       java.lang.Character::isHighSurrogate (18 bytes)
Event: 76877.887 Thread 0x00000224df56e000 nmethod 237242 0x00000224c4936d90 code [0x00000224c4936fc0, 0x00000224c4939cf8]
Event: 76877.887 Thread 0x00000224df569000 nmethod 237301 0x00000224c4667590 code [0x00000224c4667740, 0x00000224c4667818]
Event: 76877.887 Thread 0x00000224d9241800 nmethod 237299 0x00000224c467d510 code [0x00000224c467d6e0, 0x00000224c467d888]
Event: 76877.887 Thread 0x00000224df569000 237308 %     1       java.lang.StringLatin1::hashCode @ 10 (42 bytes)
Event: 76877.887 Thread 0x00000224d9241800 237303       1       java.lang.Object::<init> (1 bytes)
Event: 76877.887 Thread 0x00000224df576000 nmethod 237291 0x00000224c466f410 code [0x00000224c466f5c0, 0x00000224c466f678]
Event: 76877.887 Thread 0x00000224df56e000 237295       4       java.nio.HeapCharBuffer::get (15 bytes)
Event: 76877.887 Thread 0x00000224df569000 nmethod 237308% 0x00000224c4685010 code [0x00000224c46851c0, 0x00000224c4685338]
Event: 76877.887 Thread 0x00000224df576000 237306       1       java.lang.Character::charCount (12 bytes)
Event: 76877.887 Thread 0x00000224df569000 237305       1       java.lang.String::coder (15 bytes)

GC Heap History (20 events):
Event: 76400.755 GC heap before
{Heap before GC invocations=133 (full 0):
 garbage-first heap   total 262144K, used 194342K [0x0000000701000000, 0x0000000800000000)
  region size 1024K, 153 young (156672K), 2 survivors (2048K)
 Metaspace       used 72193K, capacity 74135K, committed 74240K, reserved 1112064K
  class space    used 10767K, capacity 11432K, committed 11520K, reserved 1048576K
}
Event: 76400.763 GC heap after
{Heap after GC invocations=134 (full 0):
 garbage-first heap   total 262144K, used 39992K [0x0000000701000000, 0x0000000800000000)
  region size 1024K, 2 young (2048K), 2 survivors (2048K)
 Metaspace       used 72193K, capacity 74135K, committed 74240K, reserved 1112064K
  class space    used 10767K, capacity 11432K, committed 11520K, reserved 1048576K
}
Event: 76582.870 GC heap before
{Heap before GC invocations=134 (full 0):
 garbage-first heap   total 262144K, used 194616K [0x0000000701000000, 0x0000000800000000)
  region size 1024K, 153 young (156672K), 2 survivors (2048K)
 Metaspace       used 75664K, capacity 79315K, committed 79616K, reserved 1116160K
  class space    used 11720K, capacity 12942K, committed 13056K, reserved 1048576K
}
Event: 76582.888 GC heap after
{Heap after GC invocations=135 (full 0):
 garbage-first heap   total 262144K, used 40350K [0x0000000701000000, 0x0000000800000000)
  region size 1024K, 2 young (2048K), 2 survivors (2048K)
 Metaspace       used 75664K, capacity 79315K, committed 79616K, reserved 1116160K
  class space    used 11720K, capacity 12942K, committed 13056K, reserved 1048576K
}
Event: 76606.873 GC heap before
{Heap before GC invocations=135 (full 0):
 garbage-first heap   total 262144K, used 194974K [0x0000000701000000, 0x0000000800000000)
  region size 1024K, 153 young (156672K), 2 survivors (2048K)
 Metaspace       used 79594K, capacity 85309K, committed 85376K, reserved 1120256K
  class space    used 12797K, capacity 14671K, committed 14720K, reserved 1048576K
}
Event: 76606.894 GC heap after
{Heap after GC invocations=136 (full 0):
 garbage-first heap   total 262144K, used 40943K [0x0000000701000000, 0x0000000800000000)
  region size 1024K, 3 young (3072K), 3 survivors (3072K)
 Metaspace       used 79594K, capacity 85309K, committed 85376K, reserved 1120256K
  class space    used 12797K, capacity 14671K, committed 14720K, reserved 1048576K
}
Event: 76636.950 GC heap before
{Heap before GC invocations=136 (full 0):
 garbage-first heap   total 262144K, used 194543K [0x0000000701000000, 0x0000000800000000)
  region size 1024K, 153 young (156672K), 3 survivors (3072K)
 Metaspace       used 82968K, capacity 90305K, committed 90368K, reserved 1124352K
  class space    used 13679K, capacity 16082K, committed 16128K, reserved 1048576K
}
Event: 76636.963 GC heap after
{Heap after GC invocations=137 (full 0):
 garbage-first heap   total 262144K, used 41541K [0x0000000701000000, 0x0000000800000000)
  region size 1024K, 4 young (4096K), 4 survivors (4096K)
 Metaspace       used 82968K, capacity 90305K, committed 90368K, reserved 1124352K
  class space    used 13679K, capacity 16082K, committed 16128K, reserved 1048576K
}
Event: 76783.184 GC heap before
{Heap before GC invocations=137 (full 0):
 garbage-first heap   total 262144K, used 194117K [0x0000000701000000, 0x0000000800000000)
  region size 1024K, 153 young (156672K), 4 survivors (4096K)
 Metaspace       used 87263K, capacity 96822K, committed 96896K, reserved 1128448K
  class space    used 14884K, capacity 18028K, committed 18048K, reserved 1048576K
}
Event: 76783.209 GC heap after
{Heap after GC invocations=138 (full 0):
 garbage-first heap   total 262144K, used 42377K [0x0000000701000000, 0x0000000800000000)
  region size 1024K, 4 young (4096K), 4 survivors (4096K)
 Metaspace       used 87263K, capacity 96822K, committed 96896K, reserved 1128448K
  class space    used 14884K, capacity 18028K, committed 18048K, reserved 1048576K
}
Event: 76797.735 GC heap before
{Heap before GC invocations=138 (full 0):
 garbage-first heap   total 262144K, used 160137K [0x0000000701000000, 0x0000000800000000)
  region size 1024K, 120 young (122880K), 4 survivors (4096K)
 Metaspace       used 89661K, capacity 100470K, committed 100480K, reserved 1130496K
  class space    used 15538K, capacity 19062K, committed 19072K, reserved 1048576K
}
Event: 76797.766 GC heap after
{Heap after GC invocations=139 (full 0):
 garbage-first heap   total 262144K, used 42789K [0x0000000701000000, 0x0000000800000000)
  region size 1024K, 5 young (5120K), 5 survivors (5120K)
 Metaspace       used 89661K, capacity 100470K, committed 100480K, reserved 1130496K
  class space    used 15538K, capacity 19062K, committed 19072K, reserved 1048576K
}
Event: 76817.406 GC heap before
{Heap before GC invocations=140 (full 0):
 garbage-first heap   total 262144K, used 194341K [0x0000000701000000, 0x0000000800000000)
  region size 1024K, 153 young (156672K), 5 survivors (5120K)
 Metaspace       used 92606K, capacity 104918K, committed 105088K, reserved 1134592K
  class space    used 16333K, capacity 20346K, committed 20352K, reserved 1048576K
}
Event: 76817.431 GC heap after
{Heap after GC invocations=141 (full 0):
 garbage-first heap   total 262144K, used 43471K [0x0000000701000000, 0x0000000800000000)
  region size 1024K, 5 young (5120K), 5 survivors (5120K)
 Metaspace       used 92606K, capacity 104918K, committed 105088K, reserved 1134592K
  class space    used 16333K, capacity 20346K, committed 20352K, reserved 1048576K
}
Event: 76836.569 GC heap before
{Heap before GC invocations=141 (full 0):
 garbage-first heap   total 262144K, used 195023K [0x0000000701000000, 0x0000000800000000)
  region size 1024K, 153 young (156672K), 5 survivors (5120K)
 Metaspace       used 95505K, capacity 109290K, committed 109440K, reserved 1136640K
  class space    used 17102K, capacity 21594K, committed 21632K, reserved 1048576K
}
Event: 76836.588 GC heap after
{Heap after GC invocations=142 (full 0):
 garbage-first heap   total 262144K, used 43967K [0x0000000701000000, 0x0000000800000000)
  region size 1024K, 6 young (6144K), 6 survivors (6144K)
 Metaspace       used 95505K, capacity 109290K, committed 109440K, reserved 1136640K
  class space    used 17102K, capacity 21594K, committed 21632K, reserved 1048576K
}
Event: 76854.270 GC heap before
{Heap before GC invocations=142 (full 0):
 garbage-first heap   total 262144K, used 194495K [0x0000000701000000, 0x0000000800000000)
  region size 1024K, 153 young (156672K), 6 survivors (6144K)
 Metaspace       used 98059K, capacity 113283K, committed 113408K, reserved 1140736K
  class space    used 17797K, capacity 22695K, committed 22784K, reserved 1048576K
}
Event: 76854.290 GC heap after
{Heap after GC invocations=143 (full 0):
 garbage-first heap   total 262144K, used 44398K [0x0000000701000000, 0x0000000800000000)
  region size 1024K, 6 young (6144K), 6 survivors (6144K)
 Metaspace       used 98059K, capacity 113283K, committed 113408K, reserved 1140736K
  class space    used 17797K, capacity 22695K, committed 22784K, reserved 1048576K
}
Event: 76872.121 GC heap before
{Heap before GC invocations=143 (full 0):
 garbage-first heap   total 262144K, used 194926K [0x0000000701000000, 0x0000000800000000)
  region size 1024K, 153 young (156672K), 6 survivors (6144K)
 Metaspace       used 100581K, capacity 117139K, committed 117376K, reserved 1142784K
  class space    used 18481K, capacity 23813K, committed 23936K, reserved 1048576K
}
Event: 76872.161 GC heap after
{Heap after GC invocations=144 (full 0):
 garbage-first heap   total 262144K, used 45016K [0x0000000701000000, 0x0000000800000000)
  region size 1024K, 7 young (7168K), 7 survivors (7168K)
 Metaspace       used 100581K, capacity 117139K, committed 117376K, reserved 1142784K
  class space    used 18481K, capacity 23813K, committed 23936K, reserved 1048576K
}

Deoptimization events (20 events):
Event: 76876.864 Thread 0x00000224d94e6800 DEOPT PACKING pc=0x00000224bd6b979c sp=0x00000037e32fdcb0
Event: 76876.864 Thread 0x00000224d94e6800 DEOPT UNPACKING pc=0x00000224bc7dbb5e sp=0x00000037e32fd1f0 mode 1
Event: 76877.014 Thread 0x00000224d94e6800 DEOPT PACKING pc=0x00000224bcf15d1c sp=0x00000037e32fdcc0
Event: 76877.014 Thread 0x00000224d94e6800 DEOPT UNPACKING pc=0x00000224bc7dbb5e sp=0x00000037e32fd228 mode 1
Event: 76877.014 Thread 0x00000224d94e6800 DEOPT PACKING pc=0x00000224bcf15d1c sp=0x00000037e32fdcc0
Event: 76877.014 Thread 0x00000224d94e6800 DEOPT UNPACKING pc=0x00000224bc7dbb5e sp=0x00000037e32fd228 mode 1
Event: 76877.014 Thread 0x00000224d94e6800 DEOPT PACKING pc=0x00000224bcf15d1c sp=0x00000037e32fd970
Event: 76877.014 Thread 0x00000224d94e6800 DEOPT UNPACKING pc=0x00000224bc7dbb5e sp=0x00000037e32fced8 mode 1
Event: 76877.014 Thread 0x00000224d94e6800 DEOPT PACKING pc=0x00000224bcf15d1c sp=0x00000037e32fd970
Event: 76877.014 Thread 0x00000224d94e6800 DEOPT UNPACKING pc=0x00000224bc7dbb5e sp=0x00000037e32fced8 mode 1
Event: 76877.014 Thread 0x00000224d94e6800 DEOPT PACKING pc=0x00000224bcf15d1c sp=0x00000037e32fd700
Event: 76877.014 Thread 0x00000224d94e6800 DEOPT UNPACKING pc=0x00000224bc7dbb5e sp=0x00000037e32fcc68 mode 1
Event: 76877.014 Thread 0x00000224d94e6800 DEOPT PACKING pc=0x00000224bcf15d1c sp=0x00000037e32fd700
Event: 76877.014 Thread 0x00000224d94e6800 DEOPT UNPACKING pc=0x00000224bc7dbb5e sp=0x00000037e32fcc68 mode 1
Event: 76877.629 Thread 0x00000224d94e5800 DEOPT PACKING pc=0x00000224bd26d484 sp=0x00000037e2fff100
Event: 76877.629 Thread 0x00000224d94e5800 DEOPT UNPACKING pc=0x00000224bc7dbb5e sp=0x00000037e2ffe5f8 mode 0
Event: 76877.884 Thread 0x00000224df56a000 DEOPT PACKING pc=0x00000224c45f3eca sp=0x00000037e6afe1a0
Event: 76877.885 Thread 0x00000224df56a000 DEOPT UNPACKING pc=0x00000224bc7dbb5e sp=0x00000037e6afd628 mode 0
Event: 76877.885 Thread 0x00000224df56a000 DEOPT PACKING pc=0x00000224c461dcbc sp=0x00000037e6afe1f0
Event: 76877.885 Thread 0x00000224df56a000 DEOPT UNPACKING pc=0x00000224bc7dbb5e sp=0x00000037e6afd6b8 mode 0

Classes redefined (20 events):
Event: 76873.700 Thread 0x00000224d91b7000 redefined class name=genspark.assignments.section8.OutgoingCallsFromBangalore, count=1114
Event: 76873.940 Thread 0x00000224d91b7000 redefined class name=genspark.assignments.section8.OutgoingCallsFromBangalore, count=1115
Event: 76874.124 Thread 0x00000224d91b7000 redefined class name=genspark.assignments.section8.OutgoingCallsFromBangalore, count=1116
Event: 76874.356 Thread 0x00000224d91b7000 redefined class name=genspark.assignments.section8.OutgoingCallsFromBangalore, count=1117
Event: 76874.558 Thread 0x00000224d91b7000 redefined class name=genspark.assignments.section8.OutgoingCallsFromBangalore, count=1118
Event: 76874.762 Thread 0x00000224d91b7000 redefined class name=genspark.assignments.section8.OutgoingCallsFromBangalore, count=1119
Event: 76875.005 Thread 0x00000224d91b7000 redefined class name=genspark.assignments.section8.OutgoingCallsFromBangalore, count=1120
Event: 76875.186 Thread 0x00000224d91b7000 redefined class name=genspark.assignments.section8.OutgoingCallsFromBangalore, count=1121
Event: 76875.402 Thread 0x00000224d91b7000 redefined class name=genspark.assignments.section8.OutgoingCallsFromBangalore, count=1122
Event: 76875.606 Thread 0x00000224d91b7000 redefined class name=genspark.assignments.section8.OutgoingCallsFromBangalore, count=1123
Event: 76875.844 Thread 0x00000224d91b7000 redefined class name=genspark.assignments.section8.OutgoingCallsFromBangalore, count=1124
Event: 76876.006 Thread 0x00000224d91b7000 redefined class name=genspark.assignments.section8.OutgoingCallsFromBangalore, count=1125
Event: 76876.225 Thread 0x00000224d91b7000 redefined class name=genspark.assignments.section8.OutgoingCallsFromBangalore, count=1126
Event: 76876.385 Thread 0x00000224d91b7000 redefined class name=genspark.assignments.section8.OutgoingCallsFromBangalore, count=1127
Event: 76876.657 Thread 0x00000224d91b7000 redefined class name=genspark.assignments.section8.OutgoingCallsFromBangalore, count=1128
Event: 76876.869 Thread 0x00000224d91b7000 redefined class name=genspark.assignments.section8.OutgoingCallsFromBangalore, count=1129
Event: 76877.059 Thread 0x00000224d91b7000 redefined class name=genspark.assignments.section8.OutgoingCallsFromBangalore, count=1130
Event: 76877.295 Thread 0x00000224d91b7000 redefined class name=genspark.assignments.section8.OutgoingCallsFromBangalore, count=1131
Event: 76877.520 Thread 0x00000224d91b7000 redefined class name=genspark.assignments.section8.OutgoingCallsFromBangalore, count=1132
Event: 76877.784 Thread 0x00000224d91b7000 redefined class name=genspark.assignments.section8.OutgoingCallsFromBangalore, count=1133

Internal exceptions (20 events):
Event: 76863.733 Thread 0x00000224d94e6800 Exception <a 'java/lang/NoSuchMethodError'{0x000000070b92a188}: <clinit>> (0x000000070b92a188) thrown at [./src/hotspot/share/prims/jni.cpp, line 1363]
Event: 76863.908 Thread 0x00000224d94e6800 Exception <a 'java/lang/NoSuchMethodError'{0x000000070b973000}: <clinit>> (0x000000070b973000) thrown at [./src/hotspot/share/prims/jni.cpp, line 1363]
Event: 76863.961 Thread 0x00000224d94e6800 Exception <a 'java/lang/NoSuchMethodError'{0x000000070b99b9a8}: <clinit>> (0x000000070b99b9a8) thrown at [./src/hotspot/share/prims/jni.cpp, line 1363]
Event: 76865.814 Thread 0x00000224d94e6800 Exception <a 'java/lang/NoSuchMethodError'{0x000000070aa46310}: <clinit>> (0x000000070aa46310) thrown at [./src/hotspot/share/prims/jni.cpp, line 1363]
Event: 76866.060 Thread 0x00000224d94e6800 Exception <a 'java/lang/NoSuchMethodError'{0x000000070a901430}: <clinit>> (0x000000070a901430) thrown at [./src/hotspot/share/prims/jni.cpp, line 1363]
Event: 76866.168 Thread 0x00000224d94e6800 Exception <a 'java/lang/NoSuchMethodError'{0x000000070a91bfd0}: <clinit>> (0x000000070a91bfd0) thrown at [./src/hotspot/share/prims/jni.cpp, line 1363]
Event: 76866.439 Thread 0x00000224d94e6800 Exception <a 'java/lang/NoSuchMethodError'{0x000000070a9fb820}: <clinit>> (0x000000070a9fb820) thrown at [./src/hotspot/share/prims/jni.cpp, line 1363]
Event: 76868.136 Thread 0x00000224d94e6800 Exception <a 'java/lang/NoSuchMethodError'{0x000000070a7c6478}: <clinit>> (0x000000070a7c6478) thrown at [./src/hotspot/share/prims/jni.cpp, line 1363]
Event: 76868.357 Thread 0x00000224d94e6800 Exception <a 'java/lang/NoSuchMethodError'{0x0000000709a4f088}: <clinit>> (0x0000000709a4f088) thrown at [./src/hotspot/share/prims/jni.cpp, line 1363]
Event: 76869.919 Thread 0x00000224d94e6800 Exception <a 'java/lang/NoSuchMethodError'{0x0000000708c08e30}: <clinit>> (0x0000000708c08e30) thrown at [./src/hotspot/share/prims/jni.cpp, line 1363]
Event: 76870.165 Thread 0x00000224d94e6800 Exception <a 'java/lang/NoSuchMethodError'{0x0000000708ce8bc8}: <clinit>> (0x0000000708ce8bc8) thrown at [./src/hotspot/share/prims/jni.cpp, line 1363]
Event: 76871.604 Thread 0x00000224d94e6800 Exception <a 'java/lang/NoSuchMethodError'{0x0000000707e8e1e0}: <clinit>> (0x0000000707e8e1e0) thrown at [./src/hotspot/share/prims/jni.cpp, line 1363]
Event: 76871.632 Thread 0x00000224d94e6800 Exception <a 'java/lang/NoSuchMethodError'{0x0000000707ea1860}: <clinit>> (0x0000000707ea1860) thrown at [./src/hotspot/share/prims/jni.cpp, line 1363]
Event: 76871.931 Thread 0x00000224d94e6800 Exception <a 'java/lang/NoSuchMethodError'{0x0000000707d383e8}: <clinit>> (0x0000000707d383e8) thrown at [./src/hotspot/share/prims/jni.cpp, line 1363]
Event: 76873.689 Thread 0x00000224d94e6800 Exception <a 'java/lang/NoSuchMethodError'{0x0000000710ed8800}: <clinit>> (0x0000000710ed8800) thrown at [./src/hotspot/share/prims/jni.cpp, line 1363]
Event: 76873.934 Thread 0x00000224d94e6800 Exception <a 'java/lang/NoSuchMethodError'{0x00000007101e0008}: <clinit>> (0x00000007101e0008) thrown at [./src/hotspot/share/prims/jni.cpp, line 1363]
Event: 76875.320 Thread 0x00000224d94e6800 Exception <a 'java/lang/NoSuchMethodError'{0x000000070f393f98}: <clinit>> (0x000000070f393f98) thrown at [./src/hotspot/share/prims/jni.cpp, line 1363]
Event: 76875.395 Thread 0x00000224d94e6800 Exception <a 'java/lang/NoSuchMethodError'{0x000000070f3f0690}: <clinit>> (0x000000070f3f0690) thrown at [./src/hotspot/share/prims/jni.cpp, line 1363]
Event: 76876.370 Thread 0x00000224d94e6800 Exception <a 'java/lang/NoSuchMethodError'{0x000000070e51b3a8}: <clinit>> (0x000000070e51b3a8) thrown at [./src/hotspot/share/prims/jni.cpp, line 1363]
Event: 76876.638 Thread 0x00000224d94e6800 Exception <a 'java/lang/NoSuchMethodError'{0x000000070e594768}: <clinit>> (0x000000070e594768) thrown at [./src/hotspot/share/prims/jni.cpp, line 1363]

Events (20 events):
Event: 76876.976 Thread 0x00000224d9250800 flushing nmethod 0x00000224bd381310
Event: 76876.976 Thread 0x00000224d9250800 flushing nmethod 0x00000224bd382390
Event: 76876.976 Thread 0x00000224d9250800 flushing nmethod 0x00000224bd383390
Event: 76876.976 Thread 0x00000224d9250800 flushing nmethod 0x00000224bd383e10
Event: 76876.976 Thread 0x00000224d9250800 flushing nmethod 0x00000224bd384410
Event: 76876.976 Thread 0x00000224d9250800 flushing nmethod 0x00000224bd384790
Event: 76876.976 Thread 0x00000224d9250800 flushing nmethod 0x00000224bd384e10
Event: 76876.976 Thread 0x00000224d9250800 flushing nmethod 0x00000224bd386890
Event: 76876.976 Thread 0x00000224d9250800 flushing nmethod 0x00000224bd389390
Event: 76876.977 Thread 0x00000224d9250800 flushing nmethod 0x00000224bd712910
Event: 76877.051 Loaded shared library C:\Users\ogarc\AppData\Local\Temp\liblz4-java2467832609581444056.so
Event: 76877.058 Executing VM operation: RedefineClasses
Event: 76877.167 Executing VM operation: RedefineClasses done
Event: 76877.169 Loaded shared library C:\GenSpark\dcevm-11.0.11+1\bin\java.dll
Event: 76877.294 Executing VM operation: RedefineClasses
Event: 76877.404 Executing VM operation: RedefineClasses done
Event: 76877.519 Executing VM operation: RedefineClasses
Event: 76877.623 Executing VM operation: RedefineClasses done
Event: 76877.784 Executing VM operation: RedefineClasses
Event: 76877.884 Executing VM operation: RedefineClasses done


Dynamic libraries:
0x00007ff70c100000 - 0x00007ff70c10d000 	C:\GenSpark\dcevm-11.0.11+1\bin\java.exe
0x00007ffb77670000 - 0x00007ffb77884000 	C:\WINDOWS\SYSTEM32\ntdll.dll
0x00007ffb76380000 - 0x00007ffb76443000 	C:\WINDOWS\System32\KERNEL32.DLL
0x00007ffb74e00000 - 0x00007ffb7519c000 	C:\WINDOWS\System32\KERNELBASE.dll
0x00007ffb75250000 - 0x00007ffb75361000 	C:\WINDOWS\System32\ucrtbase.dll
0x00007ffb58dd0000 - 0x00007ffb58de7000 	C:\GenSpark\dcevm-11.0.11+1\bin\jli.dll
0x00007ffb588e0000 - 0x00007ffb588f5000 	C:\GenSpark\dcevm-11.0.11+1\bin\VCRUNTIME140.dll
0x00007ffb75c80000 - 0x00007ffb75e2d000 	C:\WINDOWS\System32\USER32.dll
0x00007ffb751a0000 - 0x00007ffb751c6000 	C:\WINDOWS\System32\win32u.dll
0x00007ffb624e0000 - 0x00007ffb6276e000 	C:\WINDOWS\WinSxS\amd64_microsoft.windows.common-controls_6595b64144ccf1df_6.0.22621.608_none_a9444ca7c10bb01d\COMCTL32.dll
0x00007ffb75500000 - 0x00007ffb75529000 	C:\WINDOWS\System32\GDI32.dll
0x00007ffb76450000 - 0x00007ffb764f7000 	C:\WINDOWS\System32\msvcrt.dll
0x00007ffb74ce0000 - 0x00007ffb74df3000 	C:\WINDOWS\System32\gdi32full.dll
0x00007ffb753e0000 - 0x00007ffb7547a000 	C:\WINDOWS\System32\msvcp_win.dll
0x00007ffb774d0000 - 0x00007ffb77501000 	C:\WINDOWS\System32\IMM32.DLL
0x00007ffb40c60000 - 0x00007ffb40cfb000 	C:\GenSpark\dcevm-11.0.11+1\bin\msvcp140.dll
0x00007ffb37430000 - 0x00007ffb37f14000 	C:\GenSpark\dcevm-11.0.11+1\bin\server\jvm.dll
0x00007ffb76000000 - 0x00007ffb760ae000 	C:\WINDOWS\System32\ADVAPI32.dll
0x00007ffb75e30000 - 0x00007ffb75ed4000 	C:\WINDOWS\System32\sechost.dll
0x00007ffb76140000 - 0x00007ffb76255000 	C:\WINDOWS\System32\RPCRT4.dll
0x00007ffb76a70000 - 0x00007ffb76a78000 	C:\WINDOWS\System32\PSAPI.DLL
0x00007ffadb0a0000 - 0x00007ffadb0a9000 	C:\WINDOWS\SYSTEM32\WSOCK32.dll
0x00007ffb6dd90000 - 0x00007ffb6dd9a000 	C:\WINDOWS\SYSTEM32\VERSION.dll
0x00007ffb6ddc0000 - 0x00007ffb6ddf4000 	C:\WINDOWS\SYSTEM32\WINMM.dll
0x00007ffb75480000 - 0x00007ffb754f1000 	C:\WINDOWS\System32\WS2_32.dll
0x00007ffb73bf0000 - 0x00007ffb73c08000 	C:\WINDOWS\SYSTEM32\kernel.appcore.dll
0x00007ffb59040000 - 0x00007ffb59050000 	C:\GenSpark\dcevm-11.0.11+1\bin\verify.dll
0x00007ffb664e0000 - 0x00007ffb6670e000 	C:\WINDOWS\SYSTEM32\DBGHELP.DLL
0x00007ffb766c0000 - 0x00007ffb76a49000 	C:\WINDOWS\System32\combase.dll
0x00007ffb75ba0000 - 0x00007ffb75c77000 	C:\WINDOWS\System32\OLEAUT32.dll
0x00007ffb5f320000 - 0x00007ffb5f352000 	C:\WINDOWS\SYSTEM32\dbgcore.DLL
0x00007ffb751d0000 - 0x00007ffb7524b000 	C:\WINDOWS\System32\bcryptPrimitives.dll
0x00007ffb574a0000 - 0x00007ffb574c8000 	C:\GenSpark\dcevm-11.0.11+1\bin\java.dll
0x00007ffb58e80000 - 0x00007ffb58e8a000 	C:\GenSpark\dcevm-11.0.11+1\bin\jimage.dll
0x00007ffb5ca40000 - 0x00007ffb5ca78000 	C:\GenSpark\dcevm-11.0.11+1\bin\jdwp.dll
0x00007ffb71810000 - 0x00007ffb7181e000 	C:\GenSpark\dcevm-11.0.11+1\bin\instrument.dll
0x00007ffb54200000 - 0x00007ffb54217000 	C:\GenSpark\dcevm-11.0.11+1\bin\zip.dll
0x00007ffb76ae0000 - 0x00007ffb772d0000 	C:\WINDOWS\System32\SHELL32.dll
0x00007ffb72ad0000 - 0x00007ffb7339e000 	C:\WINDOWS\SYSTEM32\windows.storage.dll
0x00007ffb72990000 - 0x00007ffb72ace000 	C:\WINDOWS\SYSTEM32\wintypes.dll
0x00007ffb76270000 - 0x00007ffb76361000 	C:\WINDOWS\System32\SHCORE.dll
0x00007ffb76a80000 - 0x00007ffb76ade000 	C:\WINDOWS\System32\shlwapi.dll
0x00007ffb749e0000 - 0x00007ffb74a01000 	C:\WINDOWS\SYSTEM32\profapi.dll
0x00007ffb605c0000 - 0x00007ffb605ca000 	C:\GenSpark\dcevm-11.0.11+1\bin\dt_socket.dll
0x00007ffb74060000 - 0x00007ffb740c9000 	C:\WINDOWS\system32\mswsock.dll
0x00007ffb51e70000 - 0x00007ffb51e89000 	C:\GenSpark\dcevm-11.0.11+1\bin\net.dll
0x00007ffb6dc00000 - 0x00007ffb6dd2f000 	C:\WINDOWS\SYSTEM32\WINHTTP.dll
0x00007ffb4ff00000 - 0x00007ffb4ff12000 	C:\GenSpark\dcevm-11.0.11+1\bin\nio.dll
0x00007ffb736d0000 - 0x00007ffb737c3000 	C:\WINDOWS\SYSTEM32\DNSAPI.dll
0x00007ffb73660000 - 0x00007ffb7368d000 	C:\WINDOWS\SYSTEM32\IPHLPAPI.DLL
0x00007ffb76260000 - 0x00007ffb76269000 	C:\WINDOWS\System32\NSI.dll
0x00007ffb66a30000 - 0x00007ffb66a3a000 	C:\Windows\System32\rasadhlp.dll
0x00007ffb6c020000 - 0x00007ffb6c0a3000 	C:\WINDOWS\System32\fwpuclnt.dll
0x00007ffb742d0000 - 0x00007ffb742eb000 	C:\WINDOWS\SYSTEM32\CRYPTSP.dll
0x00007ffb73b60000 - 0x00007ffb73b95000 	C:\WINDOWS\system32\rsaenh.dll
0x00007ffb74160000 - 0x00007ffb74188000 	C:\WINDOWS\SYSTEM32\USERENV.dll
0x00007ffb74460000 - 0x00007ffb74488000 	C:\WINDOWS\SYSTEM32\bcrypt.dll
0x00007ffb742c0000 - 0x00007ffb742cc000 	C:\WINDOWS\SYSTEM32\CRYPTBASE.dll
0x00007ffb6dda0000 - 0x00007ffb6ddb9000 	C:\WINDOWS\SYSTEM32\dhcpcsvc6.DLL
0x00007ffb6db10000 - 0x00007ffb6db2f000 	C:\WINDOWS\SYSTEM32\dhcpcsvc.DLL
0x00007ffb5ca10000 - 0x00007ffb5ca35000 	C:\GenSpark\dcevm-11.0.11+1\bin\sunec.dll
0x0000000066f40000 - 0x0000000066f6d000 	C:\Users\ogarc\AppData\Local\Temp\liblz4-java2467832609581444056.so
0x00007ffb6f360000 - 0x00007ffb6f369000 	C:\GenSpark\dcevm-11.0.11+1\bin\management.dll
0x00007ffb6f350000 - 0x00007ffb6f35b000 	C:\GenSpark\dcevm-11.0.11+1\bin\management_ext.dll
0x00007ffb3cd90000 - 0x00007ffb3cfe9000 	C:\Users\ogarc\AppData\Local\Temp\io_grpc_netty_shaded_netty_tcnative_windows_x86_641466376188125062757.dll
0x00007ffb1a010000 - 0x00007ffb1a027000 	C:\WINDOWS\system32\napinsp.dll
0x00007ffb19ff0000 - 0x00007ffb1a00b000 	C:\WINDOWS\system32\pnrpnsp.dll
0x00007ffb19fd0000 - 0x00007ffb19fe1000 	C:\WINDOWS\System32\winrnr.dll
0x00007ffb6d520000 - 0x00007ffb6d535000 	C:\WINDOWS\system32\wshbth.dll
0x00007ffb19fa0000 - 0x00007ffb19fc1000 	C:\WINDOWS\system32\nlansp_c.dll
0x00007ffb605b0000 - 0x00007ffb605be000 	C:\GenSpark\dcevm-11.0.11+1\bin\sunmscapi.dll
0x00007ffb74ab0000 - 0x00007ffb74c16000 	C:\WINDOWS\System32\CRYPT32.dll
0x00007ffb74430000 - 0x00007ffb7445d000 	C:\WINDOWS\SYSTEM32\ncrypt.dll
0x00007ffb743f0000 - 0x00007ffb74427000 	C:\WINDOWS\SYSTEM32\NTASN1.dll

dbghelp: loaded successfully - version: 4.0.5 - missing functions: none
symbol engine: initialized successfully - sym options: 0x614 - pdb path: .;C:\GenSpark\dcevm-11.0.11+1\bin;C:\WINDOWS\SYSTEM32;C:\WINDOWS\WinSxS\amd64_microsoft.windows.common-controls_6595b64144ccf1df_6.0.22621.608_none_a9444ca7c10bb01d;C:\GenSpark\dcevm-11.0.11+1\bin\server;C:\Users\ogarc\AppData\Local\Temp

VM Arguments:
jvm_args: -agentlib:jdwp=transport=dt_socket,address=127.0.0.1:58137,suspend=y,server=n -XX:HotswapAgent=core -Xlog:redefine+class*=info:file=src/main/java/reload_system/reload/reload.log -javaagent:C:\Users\ogarc\AppData\Local\JetBrains\IdeaIC2022.3\captureAgent\debugger-agent.jar -Dfile.encoding=UTF-8 
java_command: Main
java_class_path (initial): C:\GenSpark\genspark-java-core\genspark-java-core\target\classes;C:\Users\ogarc\.m2\repository\genspark-backend\genspark-backend\1.4.4\genspark-backend-1.4.4.jar;C:\Users\ogarc\.m2\repository\com\cognitect\transit-java\0.8.332\transit-java-0.8.332.jar;C:\Users\ogarc\.m2\repository\com\google\cloud\google-cloud-firestore\2.6.1\google-cloud-firestore-2.6.1.jar;C:\Users\ogarc\.m2\repository\org\clojure\data.json\0.2.6\data.json-0.2.6.jar;C:\Users\ogarc\.m2\repository\org\clojure\clojure\1.11.0-alpha2\clojure-1.11.0-alpha2.jar;C:\Users\ogarc\.m2\repository\commons-codec\commons-codec\1.15\commons-codec-1.15.jar;C:\Users\ogarc\.m2\repository\org\eclipse\collections\eclipse-collections\11.0.0\eclipse-collections-11.0.0.jar;C:\Users\ogarc\.m2\repository\com\google\errorprone\error_prone_annotations\2.7.1\error_prone_annotations-2.7.1.jar;C:\Users\ogarc\.m2\repository\org\eclipse\collections\eclipse-collections-forkjoin\11.0.0\eclipse-collections-forkjoin-11.0.0.jar;C:\Users\ogarc\.m2\repository\org\clojure\core.specs.alpha\0.2.62\core.specs.alpha-0.2.62.jar;C:\Users\ogarc\.m2\repository\com\google\cloud\google-cloud-core-http\1.95.4\google-cloud-core-http-1.95.4.jar;C:\Users\ogarc\.m2\repository\javax\annotation\javax.annotation-api\1.3.2\javax.annotation-api-1.3.2.jar;C:\Users\ogarc\.m2\repository\com\google\oauth-client\google-oauth-client\1.31.5\google-oauth-client-1.31.5.jar;C:\Users\ogarc\.m2\repository\com\google\auto\value\auto-value-annotations\1.8.1\auto-value-annotations-1.8.1.jar;C:\Users\ogarc\.m2\repository\io\netty\netty-common\4.1.67.Final\netty-common-4.1.67.Final.jar;C:\Users\ogarc\.m2\repository\com\google\auth\google-auth-library-credentials\0.26.0\google-auth-library-credentials-0.26.0.jar;C:\Users\ogarc\.m2\repository\org\eclipse\collections\eclipse-collections-api\11.0.0\eclipse-collections-api-11.0.0.jar;C:\Users\ogarc\.m2\repository\org\clojure\spec.alpha\0.2.194\spec.alpha-0.2.194.jar;C:\Users\ogarc\.m2\repository\com\g
Launcher Type: SUN_STANDARD

[Global flags]
     intx CICompilerCount                          = 12                                        {product} {ergonomic}
     uint ConcGCThreads                            = 3                                         {product} {ergonomic}
     uint G1ConcRefinementThreads                  = 13                                        {product} {ergonomic}
   size_t G1HeapRegionSize                         = 1048576                                   {product} {ergonomic}
    uintx GCDrainStackTargetSize                   = 64                                        {product} {ergonomic}
    ccstr HotswapAgent                             = core                                      {product} {command line}
   size_t InitialHeapSize                          = 268435456                                 {product} {ergonomic}
   size_t MarkStackSize                            = 4194304                                   {product} {ergonomic}
   size_t MaxHeapSize                              = 4278190080                                {product} {ergonomic}
   size_t MaxNewSize                               = 2566914048                                {product} {ergonomic}
   size_t MinHeapDeltaBytes                        = 1048576                                   {product} {ergonomic}
    uintx NonNMethodCodeHeapSize                   = 7594288                                {pd product} {ergonomic}
    uintx NonProfiledCodeHeapSize                  = 122031976                              {pd product} {ergonomic}
    uintx ProfiledCodeHeapSize                     = 122031976                              {pd product} {ergonomic}
    uintx ReservedCodeCacheSize                    = 251658240                              {pd product} {ergonomic}
     bool SegmentedCodeCache                       = true                                      {product} {ergonomic}
     bool UseCompressedClassPointers               = true                                 {lp64_product} {ergonomic}
     bool UseCompressedOops                        = true                                 {lp64_product} {ergonomic}
     bool UseG1GC                                  = true                                      {product} {ergonomic}
     bool UseLargePagesIndividualAllocation        = false                                  {pd product} {ergonomic}

Logging:
Log output configuration:
 #0: stdout all=warning uptime,level,tags
 #1: stderr all=off uptime,level,tags
 #2: file=src/main/java/reload_system/reload/reload.log all=off,redefine*=info uptime,level,tags filecount=5,filesize=20480K

Environment Variables:
PATH=C:\Program Files\Common Files\Oracle\Java\javapath;C:\Program Files (x86)\Razer Chroma SDK\bin;C:\Program Files\Razer Chroma SDK\bin;C:\Program Files (x86)\Razer\ChromaBroadcast\bin;C:\Program Files\Razer\ChromaBroadcast\bin;C:\Windows\system32;C:\Windows;C:\Windows\System32\Wbem;C:\Windows\System32\WindowsPowerShell\v1.0\;C:\Windows\System32\OpenSSH\;C:\Users\ogarc\AppData\Local\Microsoft\WindowsApps;C:\Program Files\Git\cmd;C:\WINDOWS\system32;C:\WINDOWS;C:\WINDOWS\System32\Wbem;C:\WINDOWS\System32\WindowsPowerShell\v1.0\;C:\WINDOWS\System32\OpenSSH\;C:\Users\ogarc\AppData\Local\Programs\Python\Python310\Scripts\;C:\Users\ogarc\AppData\Local\Programs\Python\Python310\;C:\Users\ogarc\AppData\Local\Microsoft\WindowsApps;
USERNAME=ogarc
OS=Windows_NT
PROCESSOR_IDENTIFIER=AMD64 Family 23 Model 8 Stepping 2, AuthenticAMD



---------------  S Y S T E M  ---------------

OS: Windows 10 , 64 bit Build 22621 (10.0.22621.1344)
OS uptime: 1 days 3:33 hours

CPU:total 16 (initial active 16) (16 cores per cpu, 2 threads per core) family 23 model 8 stepping 2 microcode 0x0, cmov, cx8, fxsr, mmx, sse, sse2, sse3, ssse3, sse4.1, sse4.2, popcnt, avx, avx2, aes, clmul, mmxext, 3dnowpref, lzcnt, sse4a, ht, tsc, tscinvbit, tscinv, bmi1, bmi2, adx, s

Memory: 4k page, system-wide physical 16316M (1879M free)
TotalPageFile size 36796M (AvailPageFile size 9647M)
current process WorkingSet (physical memory assigned to process): 573M, peak: 584M
current process commit charge ("private bytes"): 747M, peak: 760M

vm_info: Dynamic Code Evolution 64-Bit Server VM (11.0.11+1-202105021746) for windows-amd64 JRE (11.0.11+1-202105021746), built on May  2 2021 18:05:20 by "" with MS VC++ 15.9 (VS2017)

END.
