#
# A fatal error has been detected by the Java Runtime Environment:
#
#  EXCEPTION_ACCESS_VIOLATION (0xc0000005) at pc=0x00007ffb379d2cc8, pid=25924, tid=15036
#
# JRE version: OpenJDK Runtime Environment AdoptOpenJDK-dcevm-11.0.11+1-202105021746 (11.0.11+1) (build 11.0.11+1-202105021746)
# Java VM: Dynamic Code Evolution 64-Bit Server VM AdoptOpenJDK-dcevm-11.0.11+1-202105021746 (11.0.11+1-202105021746, mixed mode, tiered, compressed oops, g1 gc, windows-amd64)
# Problematic frame:
# V  [jvm.dll+0x5a2cc8]
#
# No core dump will be written. Minidumps are not enabled by default on client versions of Windows
#
# If you would like to submit a bug report, please visit:
#   https://github.com/AdoptOpenJDK/openjdk-support/issues
#

---------------  S U M M A R Y ------------

Command Line: -agentlib:jdwp=transport=dt_socket,address=127.0.0.1:58355,suspend=y,server=n -XX:HotswapAgent=core -Xlog:redefine+class*=info:file=src/main/java/reload_system/reload/reload.log -javaagent:C:\Users\ogarc\AppData\Local\JetBrains\IdeaIC2022.3\captureAgent\debugger-agent.jar -Dfile.encoding=UTF-8 Main

Host: AMD Ryzen 7 2700X Eight-Core Processor         , 16 cores, 15G,  Windows 10 , 64 bit Build 22621 (10.0.22621.1344)
Time: Wed Mar 29 16:12:21 2023 Central Daylight Time elapsed time: 4631.962837 seconds (0d 1h 17m 11s)

---------------  T H R E A D  ---------------

Current thread (0x000001817f0c6000):  JavaThread "C2 CompilerThread6" daemon [_thread_in_native, id=15036, stack(0x00000058d9100000,0x00000058d9200000)]


Current CompileTask:
C2:4631962 121138       4       sun.reflect.annotation.AnnotationInvocationHandler::memberValueToString (356 bytes)

Stack: [0x00000058d9100000,0x00000058d9200000],  sp=0x00000058d91fd430,  free space=1013k
Native frames: (J=compiled Java code, j=interpreted, Vv=VM code, C=native code)
V  [jvm.dll+0x5a2cc8]
V  [jvm.dll+0x332f46]
V  [jvm.dll+0x33862c]
V  [jvm.dll+0x1868ed]
V  [jvm.dll+0x2b7c16]
V  [jvm.dll+0x61b780]
V  [jvm.dll+0x61361f]
V  [jvm.dll+0x612c5b]
V  [jvm.dll+0x610b0e]
V  [jvm.dll+0x185e6c]
V  [jvm.dll+0x201fc1]
V  [jvm.dll+0x18352c]
V  [jvm.dll+0x2116e7]
V  [jvm.dll+0x20f8a9]
V  [jvm.dll+0x6fd339]
V  [jvm.dll+0x6f63a4]
V  [jvm.dll+0x5fded6]
C  [ucrtbase.dll+0x29363]
C  [KERNEL32.DLL+0x126bd]
C  [ntdll.dll+0x5a9f8]


siginfo: EXCEPTION_ACCESS_VIOLATION (0xc0000005), reading address 0x0000000000000010


Register to memory mapping:

RIP=0x00007ffb379d2cc8 jvm.dll
RAX=0x000001817a51b3d8 points into unknown readable memory: 0x00007ffb37cca798 | 98 a7 cc 37 fb 7f 00 00
RBX=0x000001810c7e0c40 points into unknown readable memory: 0x00007ffb37c46c70 | 70 6c c4 37 fb 7f 00 00
RCX=0x000001810c7e0c40 points into unknown readable memory: 0x00007ffb37c46c70 | 70 6c c4 37 fb 7f 00 00
RDX=0x0 is NULL
RSP=0x00000058d91fd430 is pointing into the stack for thread: 0x000001817f0c6000
RBP=0x000001817c475780 points into unknown readable memory: 0x00007ffb37c46d30 | 30 6d c4 37 fb 7f 00 00
RSI=0x00000058d91fd540 is pointing into the stack for thread: 0x000001817f0c6000
RDI=0x0 is NULL
R8 =0x000001817c475780 points into unknown readable memory: 0x00007ffb37c46d30 | 30 6d c4 37 fb 7f 00 00
R9 =0x000001810c7e0c40 points into unknown readable memory: 0x00007ffb37c46c70 | 70 6c c4 37 fb 7f 00 00
R10=0x00000000fffffff3 is an unknown value
R11=0x0 is NULL
R12=0x0 is NULL
R13=0x000001817e621901 points into unknown readable memory: 00 00 00 08 00 00 00
R14=0x000001810c7e0c40 points into unknown readable memory: 0x00007ffb37c46c70 | 70 6c c4 37 fb 7f 00 00
R15=0x00000058d91fdcd0 is pointing into the stack for thread: 0x000001817f0c6000


Registers:
RAX=0x000001817a51b3d8, RBX=0x000001810c7e0c40, RCX=0x000001810c7e0c40, RDX=0x0000000000000000
RSP=0x00000058d91fd430, RBP=0x000001817c475780, RSI=0x00000058d91fd540, RDI=0x0000000000000000
R8 =0x000001817c475780, R9 =0x000001810c7e0c40, R10=0x00000000fffffff3, R11=0x0000000000000000
R12=0x0000000000000000, R13=0x000001817e621901, R14=0x000001810c7e0c40, R15=0x00000058d91fdcd0
RIP=0x00007ffb379d2cc8, EFLAGS=0x0000000000010296

Top of Stack: (sp=0x00000058d91fd430)
0x00000058d91fd430:   0000018107751830 000001817c477708
0x00000058d91fd440:   00000058d91fd540 00007ffb37b3ed6f
0x00000058d91fd450:   000001810c7e0c40 00000058d91fdcd0
0x00000058d91fd460:   0000018104e5f380 00007ffb37762f46
0x00000058d91fd470:   000001810c7e0c40 00000058d91fd5a9
0x00000058d91fd480:   00000058d91fd540 00007ffb37c591e8
0x00000058d91fd490:   000001817a51ce38 000001817a51fbf8
0x00000058d91fd4a0:   00000058d91fd540 00007ffb3776862c
0x00000058d91fd4b0:   0000000000000002 000001810c7e0c40
0x00000058d91fd4c0:   000001810c7e0c40 000001817e627eb0
0x00000058d91fd4d0:   00000058d91fd540 000001817e6242a0
0x00000058d91fd4e0:   0000000046243000 0000000000000000
0x00000058d91fd4f0:   000001817afec320 00000058d91fdcd0
0x00000058d91fd500:   0000000000000000 00007ffb375b68ed
0x00000058d91fd510:   000001810c7e0c40 00000058d91fd5a9
0x00000058d91fd520:   000001817e627eb0 0000000000000002 

Instructions: (pc=0x00007ffb379d2cc8)
0x00007ffb379d2bc8:   1d 26 00 48 89 44 24 40 48 83 7d 00 00 74 13 49
0x00007ffb379d2bd8:   8b d4 48 8b ce e8 8e b2 b1 ff 48 8b cd e8 f6 b1
0x00007ffb379d2be8:   b1 ff 4c 8d 5c 24 60 48 89 6e 10 49 8b 6b 40 48
0x00007ffb379d2bf8:   8b c3 49 8b 5b 38 4c 89 76 18 4c 89 7e 20 49 8b
0x00007ffb379d2c08:   e3 41 5f 41 5e 41 5c 5f 5e c3 48 8b 44 24 40 48
0x00007ffb379d2c18:   8d 4c 24 40 ff 50 18 8b 43 2c 24 3f 3c 20 75 38
0x00007ffb379d2c28:   48 8b 44 24 20 48 83 c0 10 48 89 44 24 20 48 3b
0x00007ffb379d2c38:   44 24 28 72 0f 48 8d 4c 24 20 e8 f9 b5 03 00 48
0x00007ffb379d2c48:   8b 44 24 20 48 89 18 c7 40 08 02 00 00 00 48 8b
0x00007ffb379d2c58:   5b 08 48 83 c3 08 eb 04 48 8b 5b 08 48 8b 1b 48
0x00007ffb379d2c68:   85 db 0f 84 52 ff ff ff 4c 8b 44 24 20 e9 7b fe
0x00007ffb379d2c78:   ff ff cc cc cc cc cc cc 48 89 5c 24 08 48 89 6c
0x00007ffb379d2c88:   24 10 48 89 74 24 18 48 89 7c 24 20 41 54 41 56
0x00007ffb379d2c98:   41 57 48 83 ec 20 49 8b 01 4c 8b f9 49 8b c9 4d
0x00007ffb379d2ca8:   8b f1 49 8b e8 4c 8b e2 ff 50 28 33 ff 44 8b df
0x00007ffb379d2cb8:   44 8b 50 10 41 83 ea 0f 41 83 fa 06 4c 0f 46 d8
0x00007ffb379d2cc8:   41 8b 43 10 83 e8 11 83 f8 02 77 0b 41 38 7b 42
0x00007ffb379d2cd8:   74 05 40 b6 01 eb 03 40 32 f6 b9 50 00 00 00 e8
0x00007ffb379d2ce8:   d4 93 a6 ff 48 8b d8 40 84 f6 0f 84 d4 00 00 00
0x00007ffb379d2cf8:   48 85 c0 74 5d 48 8b 74 24 68 8b 46 10 83 f8 07
0x00007ffb379d2d08:   74 18 83 c0 f1 83 f8 06 77 0d 48 8b ce e8 26 a8
0x00007ffb379d2d18:   16 00 48 8b f0 eb 03 48 8b f7 4d 8b ce 4c 8b c5
0x00007ffb379d2d28:   49 8b d4 48 8b cb e8 cd 9b 03 00 48 8d 05 d6 43
0x00007ffb379d2d38:   2d 00 66 89 7b 38 48 89 03 40 88 7b 3a 48 c7 43
0x00007ffb379d2d48:   40 01 00 00 00 48 89 73 48 c7 43 2c 30 00 00 00
0x00007ffb379d2d58:   eb 03 48 8b df 49 8b 07 48 8b d3 49 8b cf ff 50
0x00007ffb379d2d68:   08 b9 40 00 00 00 48 8b f0 e8 4a 93 a6 ff 48 8b
0x00007ffb379d2d78:   d8 48 85 c0 0f 84 8c 00 00 00 48 8b 16 48 8b ce
0x00007ffb379d2d88:   ff 52 28 48 8b c8 8b 40 10 83 f8 06 74 05 83 f8
0x00007ffb379d2d98:   07 75 06 48 8b 79 18 eb 0a 83 c0 f1 83 f8 06 48
0x00007ffb379d2da8:   0f 46 f9 4c 8b c7 48 8b d6 48 8b cb e8 27 06 b6
0x00007ffb379d2db8:   ff 48 8d 05 a8 68 27 00 c7 43 2c 04 05 00 00 48 


Stack slot to memory mapping:
stack at sp + 0 slots: 0x0000018107751830 points into unknown readable memory: 0x00007ffb37c2ab20 | 20 ab c2 37 fb 7f 00 00
stack at sp + 1 slots: 0x000001817c477708 points into unknown readable memory: 0x00007ffb37c58e70 | 70 8e c5 37 fb 7f 00 00
stack at sp + 2 slots: 0x00000058d91fd540 is pointing into the stack for thread: 0x000001817f0c6000
stack at sp + 3 slots: 0x00007ffb37b3ed6f jvm.dll
stack at sp + 4 slots: 0x000001810c7e0c40 points into unknown readable memory: 0x00007ffb37c46c70 | 70 6c c4 37 fb 7f 00 00
stack at sp + 5 slots: 0x00000058d91fdcd0 is pointing into the stack for thread: 0x000001817f0c6000
stack at sp + 6 slots: 0x0000018104e5f380 points into unknown readable memory: 0x00007ffb37ccb690 | 90 b6 cc 37 fb 7f 00 00
stack at sp + 7 slots: 0x00007ffb37762f46 jvm.dll


---------------  P R O C E S S  ---------------

Threads class SMR info:
_java_thread_list=0x00000181078c1910, length=67, elements={
0x0000018155347000, 0x000001817a486800, 0x000001817a482800, 0x000001817a4e2000,
0x000001817a4e3800, 0x000001817a4e5800, 0x000001817a4e7800, 0x000001817a4f0800,
0x000001817a4f7000, 0x000001817a440800, 0x000001817a9a3800, 0x000001817ab3a800,
0x000001817ab3b800, 0x000001817b044000, 0x000001817b044800, 0x000001817b046000,
0x000001817b049800, 0x000001817bc94800, 0x000001817b932800, 0x000001817be0e000,
0x000001817b389800, 0x000001817b7e2000, 0x000001817b4ae000, 0x000001817b4ad800,
0x000001817b4af800, 0x000001817b4b1800, 0x000001817b4b0800, 0x000001817b4ab800,
0x000001817b4af000, 0x000001817b4b2000, 0x000001817b4ac800, 0x000001817b7a1800,
0x000001817b7a2800, 0x000001817b7a6800, 0x000001817b7a6000, 0x000001817b7a4000,
0x000001817b7a3800, 0x000001817b7a1000, 0x000001817b7a7800, 0x000001817b7af000,
0x000001817f0b7800, 0x000001817f0bb800, 0x000001817f0bc000, 0x000001817f0b9000,
0x000001817f0b8000, 0x000001817f0bd000, 0x000001817f0be800, 0x000001817b7ab800,
0x000001817b7a9000, 0x000001817b7ad000, 0x000001817b7ae000, 0x000001817b7aa800,
0x000001817b7a5000, 0x000001817b7ac800, 0x000001817b7a8000, 0x000001817b7af800,
0x000001817f0be000, 0x000001817f0b9800, 0x000001817f0bf800, 0x000001817f0c2000,
0x000001817f0c2800, 0x000001817f0c3800, 0x000001817f0c4800, 0x000001817f0c6000,
0x000001817f0c5000, 0x000001817b7aa000, 0x000001817f0c0800
}

Java Threads: ( => current thread )
  0x0000018155347000 JavaThread "WebSocketSelector-1" [_thread_in_native, id=31952, stack(0x00000058d4200000,0x00000058d4300000)]
  0x000001817a486800 JavaThread "Reference Handler" daemon [_thread_blocked, id=11892, stack(0x00000058d4900000,0x00000058d4a00000)]
  0x000001817a482800 JavaThread "Finalizer" daemon [_thread_blocked, id=24148, stack(0x00000058d4a00000,0x00000058d4b00000)]
  0x000001817a4e2000 JavaThread "Signal Dispatcher" daemon [_thread_blocked, id=13104, stack(0x00000058d4b00000,0x00000058d4c00000)]
  0x000001817a4e3800 JavaThread "Attach Listener" daemon [_thread_blocked, id=32064, stack(0x00000058d4c00000,0x00000058d4d00000)]
  0x000001817a4e5800 JavaThread "Service Thread" daemon [_thread_blocked, id=21264, stack(0x00000058d4d00000,0x00000058d4e00000)]
  0x000001817a4e7800 JavaThread "C2 CompilerThread0" daemon [_thread_in_native, id=31012, stack(0x00000058d4e00000,0x00000058d4f00000)]
  0x000001817a4f0800 JavaThread "C1 CompilerThread0" daemon [_thread_blocked, id=34996, stack(0x00000058d4f00000,0x00000058d5000000)]
  0x000001817a4f7000 JavaThread "Sweeper thread" daemon [_thread_blocked, id=28440, stack(0x00000058d5000000,0x00000058d5100000)]
  0x000001817a440800 JavaThread "Common-Cleaner" daemon [_thread_blocked, id=29128, stack(0x00000058d5100000,0x00000058d5200000)]
  0x000001817a9a3800 JavaThread "JDWP Transport Listener: dt_socket" daemon [_thread_blocked, id=2952, stack(0x00000058d5400000,0x00000058d5500000)]
  0x000001817ab3a800 JavaThread "JDWP Event Helper Thread" daemon [_thread_blocked, id=18148, stack(0x00000058d5500000,0x00000058d5600000)]
  0x000001817ab3b800 JavaThread "JDWP Command Reader" daemon [_thread_in_native, id=25844, stack(0x00000058d5600000,0x00000058d5700000)]
  0x000001817b044000 JavaThread "FileSystemWatchService" daemon [_thread_in_native, id=22384, stack(0x00000058d5900000,0x00000058d5a00000)]
  0x000001817b044800 JavaThread "HotSwap Watcher" daemon [_thread_blocked, id=34344, stack(0x00000058d5a00000,0x00000058d5b00000)]
  0x000001817b046000 JavaThread "HotSwap Dispatcher" daemon [_thread_blocked, id=37064, stack(0x00000058d5b00000,0x00000058d5c00000)]
  0x000001817b049800 JavaThread "Thread-2" daemon [_thread_blocked, id=36436, stack(0x00000058d5c00000,0x00000058d5d00000)]
  0x000001817bc94800 JavaThread "Thread-19" [_thread_blocked, id=21172, stack(0x00000058d5300000,0x00000058d5400000)]
  0x000001817b932800 JavaThread "connectionLostChecker-1" [_thread_blocked, id=4076, stack(0x00000058d5e00000,0x00000058d5f00000)]
  0x000001817be0e000 JavaThread "WebSocketWorker-28" [_thread_blocked, id=24336, stack(0x00000058d6500000,0x00000058d6600000)]
  0x000001817b389800 JavaThread "WebSocketWorker-29" [_thread_blocked, id=25840, stack(0x00000058d6600000,0x00000058d6700000)]
  0x000001817b7e2000 JavaThread "WebSocketWorker-30" [_thread_blocked, id=28796, stack(0x00000058d6700000,0x00000058d6800000)]
  0x000001817b4ae000 JavaThread "WebSocketWorker-31" [_thread_blocked, id=23896, stack(0x00000058d6800000,0x00000058d6900000)]
  0x000001817b4ad800 JavaThread "WebSocketWorker-32" [_thread_blocked, id=37324, stack(0x00000058d6900000,0x00000058d6a00000)]
  0x000001817b4af800 JavaThread "WebSocketWorker-33" [_thread_blocked, id=15460, stack(0x00000058d6a00000,0x00000058d6b00000)]
  0x000001817b4b1800 JavaThread "WebSocketWorker-34" [_thread_blocked, id=35804, stack(0x00000058d6b00000,0x00000058d6c00000)]
  0x000001817b4b0800 JavaThread "WebSocketWorker-35" [_thread_blocked, id=34500, stack(0x00000058d6c00000,0x00000058d6d00000)]
  0x000001817b4ab800 JavaThread "WebSocketWorker-36" [_thread_blocked, id=34780, stack(0x00000058d6d00000,0x00000058d6e00000)]
  0x000001817b4af000 JavaThread "WebSocketWorker-37" [_thread_blocked, id=22892, stack(0x00000058d6e00000,0x00000058d6f00000)]
  0x000001817b4b2000 JavaThread "WebSocketWorker-38" [_thread_blocked, id=36872, stack(0x00000058d6f00000,0x00000058d7000000)]
  0x000001817b4ac800 JavaThread "WebSocketWorker-39" [_thread_blocked, id=22380, stack(0x00000058d7000000,0x00000058d7100000)]
  0x000001817b7a1800 JavaThread "WebSocketWorker-40" [_thread_blocked, id=15208, stack(0x00000058d7100000,0x00000058d7200000)]
  0x000001817b7a2800 JavaThread "WebSocketWorker-41" [_thread_blocked, id=24024, stack(0x00000058d7200000,0x00000058d7300000)]
  0x000001817b7a6800 JavaThread "WebSocketWorker-42" [_thread_blocked, id=24696, stack(0x00000058d7300000,0x00000058d7400000)]
  0x000001817b7a6000 JavaThread "WebSocketWorker-43" [_thread_blocked, id=35488, stack(0x00000058d7400000,0x00000058d7500000)]
  0x000001817b7a4000 JavaThread "Gax-1" daemon [_thread_blocked, id=36636, stack(0x00000058d7f00000,0x00000058d8000000)]
  0x000001817b7a3800 JavaThread "Gax-2" daemon [_thread_blocked, id=15824, stack(0x00000058d7800000,0x00000058d7900000)]
  0x000001817b7a1000 JavaThread "Gax-3" daemon [_thread_blocked, id=17972, stack(0x00000058d7e00000,0x00000058d7f00000)]
  0x000001817b7a7800 JavaThread "Gax-4" daemon [_thread_blocked, id=15884, stack(0x00000058d8200000,0x00000058d8300000)]
  0x000001817b7af000 JavaThread "Gax-5" daemon [_thread_blocked, id=26872, stack(0x00000058d8000000,0x00000058d8100000)]
  0x000001817f0b7800 JavaThread "Gax-6" daemon [_thread_blocked, id=25016, stack(0x00000058d4000000,0x00000058d4100000)]
  0x000001817f0bb800 JavaThread "Gax-7" daemon [_thread_blocked, id=13016, stack(0x00000058d3f00000,0x00000058d4000000)]
  0x000001817f0bc000 JavaThread "Gax-8" daemon [_thread_blocked, id=28356, stack(0x00000058d4100000,0x00000058d4200000)]
  0x000001817f0b9000 JavaThread "Gax-9" daemon [_thread_blocked, id=26100, stack(0x00000058d8100000,0x00000058d8200000)]
  0x000001817f0b8000 JavaThread "Gax-10" daemon [_thread_blocked, id=35844, stack(0x00000058d8300000,0x00000058d8400000)]
  0x000001817f0bd000 JavaThread "Gax-11" daemon [_thread_blocked, id=36072, stack(0x00000058d8400000,0x00000058d8500000)]
  0x000001817f0be800 JavaThread "Gax-12" daemon [_thread_blocked, id=21060, stack(0x00000058d8500000,0x00000058d8600000)]
  0x000001817b7ab800 JavaThread "Gax-13" daemon [_thread_blocked, id=23004, stack(0x00000058d7a00000,0x00000058d7b00000)]
  0x000001817b7a9000 JavaThread "Gax-14" daemon [_thread_blocked, id=34128, stack(0x00000058d7b00000,0x00000058d7c00000)]
  0x000001817b7ad000 JavaThread "Gax-15" daemon [_thread_blocked, id=23584, stack(0x00000058d8600000,0x00000058d8700000)]
  0x000001817b7ae000 JavaThread "Gax-16" daemon [_thread_blocked, id=14528, stack(0x00000058d8700000,0x00000058d8800000)]
  0x000001817b7aa800 JavaThread "grpc-nio-worker-ELG-1-1" daemon [_thread_in_native, id=24064, stack(0x00000058d9300000,0x00000058d9400000)]
  0x000001817b7a5000 JavaThread "grpc-nio-worker-ELG-1-2" daemon [_thread_in_native, id=8304, stack(0x00000058d9500000,0x00000058d9600000)]
  0x000001817b7ac800 JavaThread "Thread-105" daemon [_thread_in_native, id=29408, stack(0x00000058d9600000,0x00000058d9700000)]
  0x000001817b7a8000 JavaThread "grpc-nio-worker-ELG-1-3" daemon [_thread_in_native, id=34064, stack(0x00000058d9700000,0x00000058d9800000)]
  0x000001817b7af800 JavaThread "grpc-nio-worker-ELG-1-4" daemon [_thread_in_native, id=35688, stack(0x00000058d9800000,0x00000058d9900000)]
  0x000001817f0be000 JavaThread "grpc-nio-worker-ELG-1-5" daemon [_thread_in_native, id=28096, stack(0x00000058d7900000,0x00000058d7a00000)]
  0x000001817f0b9800 JavaThread "grpc-nio-worker-ELG-1-6" daemon [_thread_in_native, id=24480, stack(0x00000058d8900000,0x00000058d8a00000)]
  0x000001817f0bf800 JavaThread "C2 CompilerThread1" daemon [_thread_in_native, id=25352, stack(0x00000058d8800000,0x00000058d8900000)]
  0x000001817f0c2000 JavaThread "C2 CompilerThread2" daemon [_thread_in_native, id=10144, stack(0x00000058d8d00000,0x00000058d8e00000)]
  0x000001817f0c2800 JavaThread "C2 CompilerThread3" daemon [_thread_in_native, id=35280, stack(0x00000058d8e00000,0x00000058d8f00000)]
  0x000001817f0c3800 JavaThread "C2 CompilerThread4" daemon [_thread_in_native, id=27424, stack(0x00000058d8f00000,0x00000058d9000000)]
  0x000001817f0c4800 JavaThread "C2 CompilerThread5" daemon [_thread_in_native, id=24232, stack(0x00000058d9000000,0x00000058d9100000)]
=>0x000001817f0c6000 JavaThread "C2 CompilerThread6" daemon [_thread_in_native, id=15036, stack(0x00000058d9100000,0x00000058d9200000)]
  0x000001817f0c5000 JavaThread "C2 CompilerThread7" daemon [_thread_in_native, id=36036, stack(0x00000058d9200000,0x00000058d9300000)]
  0x000001817b7aa000 JavaThread "C1 CompilerThread1" daemon [_thread_blocked, id=28556, stack(0x00000058d9400000,0x00000058d9500000)]
  0x000001817f0c0800 JavaThread "clojure-agent-send-off-pool-4" [_thread_in_Java, id=11016, stack(0x00000058d8a00000,0x00000058d8b00000)]

Other Threads:
  0x000001817a461800 VMThread "VM Thread" [stack: 0x00000058d4800000,0x00000058d4900000] [id=36364]
  0x000001817aa51000 WatcherThread [stack: 0x00000058d6400000,0x00000058d6500000] [id=27952]
  0x0000018155361000 GCTaskThread "GC Thread#0" [stack: 0x00000058d4300000,0x00000058d4400000] [id=9040]
  0x000001817b92b000 GCTaskThread "GC Thread#1" [stack: 0x00000058d5f00000,0x00000058d6000000] [id=26720]
  0x000001817be2b000 GCTaskThread "GC Thread#2" [stack: 0x00000058d6000000,0x00000058d6100000] [id=25124]
  0x000001817ba5c000 GCTaskThread "GC Thread#3" [stack: 0x00000058d6100000,0x00000058d6200000] [id=2720]
  0x000001817b788000 GCTaskThread "GC Thread#4" [stack: 0x00000058d6200000,0x00000058d6300000] [id=18584]
  0x000001817bc9b000 GCTaskThread "GC Thread#5" [stack: 0x00000058d6300000,0x00000058d6400000] [id=25508]
  0x000001817bd3d800 GCTaskThread "GC Thread#6" [stack: 0x00000058d5200000,0x00000058d5300000] [id=7632]
  0x000001817a5d0000 GCTaskThread "GC Thread#7" [stack: 0x00000058d5700000,0x00000058d5800000] [id=26384]
  0x000001817bd3f800 GCTaskThread "GC Thread#8" [stack: 0x00000058d5800000,0x00000058d5900000] [id=32076]
  0x000001817bd40000 GCTaskThread "GC Thread#9" [stack: 0x00000058d5d00000,0x00000058d5e00000] [id=24868]
  0x000001817bd41000 GCTaskThread "GC Thread#10" [stack: 0x00000058d7500000,0x00000058d7600000] [id=14776]
  0x000001817bf08000 GCTaskThread "GC Thread#11" [stack: 0x00000058d7600000,0x00000058d7700000] [id=36712]
  0x000001817bf09000 GCTaskThread "GC Thread#12" [stack: 0x00000058d7700000,0x00000058d7800000] [id=34972]
  0x00000181553c3800 ConcurrentGCThread "G1 Main Marker" [stack: 0x00000058d4400000,0x00000058d4500000] [id=32400]
  0x00000181553c4800 ConcurrentGCThread "G1 Conc#0" [stack: 0x00000058d4500000,0x00000058d4600000] [id=37224]
  0x000001817b69f000 ConcurrentGCThread "G1 Conc#1" [stack: 0x00000058d7c00000,0x00000058d7d00000] [id=31488]
  0x000001817b69b000 ConcurrentGCThread "G1 Conc#2" [stack: 0x00000058d7d00000,0x00000058d7e00000] [id=7356]
  0x0000018179ac6800 ConcurrentGCThread "G1 Refine#0" [stack: 0x00000058d4600000,0x00000058d4700000] [id=21072]
  0x0000018179ac9800 ConcurrentGCThread "G1 Young RemSet Sampling" [stack: 0x00000058d4700000,0x00000058d4800000] [id=29104]

Threads with active compile tasks:
C2 CompilerThread04632015 121390       4       sun.nio.cs.UTF_8$Decoder::decodeArrayLoop (691 bytes)
C2 CompilerThread14632015 121290 %     4       java.lang.String::split @ 124 (324 bytes)
C2 CompilerThread24632015 121176       4       java.nio.channels.FileChannel::open (35 bytes)
C2 CompilerThread34632015 121306       4       java.util.regex.Pattern$BmpCharPredicate$$Lambda$150/0x00000008008b4440::is (13 bytes)
C2 CompilerThread44632015 121292       4       java.lang.String::indexOf (29 bytes)
C2 CompilerThread54632015 121280       4       java.lang.String::substring (58 bytes)
C2 CompilerThread64632015 121138       4       sun.reflect.annotation.AnnotationInvocationHandler::memberValueToString (356 bytes)
C2 CompilerThread74632015 121355       4       java.util.Scanner::findWithinHorizon (82 bytes)

VM state:not at safepoint (normal execution)

VM Mutex/Monitor currently owned by a thread:  ([mutex/lock_event])
[0x0000018155344650] Compile_lock - owner thread: 0x0000000000000000

Heap address: 0x0000000701000000, size: 4080 MB, Compressed Oops mode: Zero based, Oop shift amount: 3
Narrow klass base: 0x0000000800000000, Narrow klass shift: 0
Compressed class space size: 1073741824 Address: 0x0000000800000000

Heap:
 garbage-first heap   total 262144K, used 46039K [0x0000000701000000, 0x0000000800000000)
  region size 1024K, 15 young (15360K), 9 survivors (9216K)
 Metaspace       used 82230K, capacity 89638K, committed 89852K, reserved 1122304K
  class space    used 13767K, capacity 16227K, committed 16256K, reserved 1048576K
Heap Regions: E=young(eden), S=young(survivor), O=old, HS=humongous(starts), HC=humongous(continues), CS=collection set, F=free, A=archive, TAMS=top-at-mark-start (previous, next)
|   0|0x0000000701000000, 0x0000000701100000, 0x0000000701100000|100%|HS|  |TAMS 0x0000000701100000, 0x0000000701000000| Complete 
|   1|0x0000000701100000, 0x0000000701200000, 0x0000000701200000|100%| O|  |TAMS 0x0000000701200000, 0x0000000701100000| Untracked 
|   2|0x0000000701200000, 0x0000000701300000, 0x0000000701300000|100%|HS|  |TAMS 0x0000000701300000, 0x0000000701200000| Complete 
|   3|0x0000000701300000, 0x0000000701400000, 0x0000000701400000|100%|HS|  |TAMS 0x0000000701400000, 0x0000000701300000| Complete 
|   4|0x0000000701400000, 0x0000000701500000, 0x0000000701500000|100%|HC|  |TAMS 0x0000000701500000, 0x0000000701400000| Complete 
|   5|0x0000000701500000, 0x0000000701600000, 0x0000000701600000|100%| O|  |TAMS 0x0000000701600000, 0x0000000701500000| Untracked 
|   6|0x0000000701600000, 0x0000000701700000, 0x0000000701700000|100%| O|  |TAMS 0x0000000701700000, 0x0000000701600000| Untracked 
|   7|0x0000000701700000, 0x0000000701800000, 0x0000000701800000|100%| O|  |TAMS 0x0000000701800000, 0x0000000701700000| Untracked 
|   8|0x0000000701800000, 0x0000000701900000, 0x0000000701900000|100%| O|  |TAMS 0x0000000701900000, 0x0000000701800000| Untracked 
|   9|0x0000000701900000, 0x0000000701a00000, 0x0000000701a00000|100%| O|  |TAMS 0x0000000701a00000, 0x0000000701900000| Untracked 
|  10|0x0000000701a00000, 0x0000000701b00000, 0x0000000701b00000|100%| O|  |TAMS 0x0000000701b00000, 0x0000000701a00000| Untracked 
|  11|0x0000000701b00000, 0x0000000701c00000, 0x0000000701c00000|100%| O|  |TAMS 0x0000000701c00000, 0x0000000701b00000| Untracked 
|  12|0x0000000701c00000, 0x0000000701d00000, 0x0000000701d00000|100%| O|  |TAMS 0x0000000701d00000, 0x0000000701c00000| Untracked 
|  13|0x0000000701d00000, 0x0000000701e00000, 0x0000000701e00000|100%| O|  |TAMS 0x0000000701e00000, 0x0000000701d00000| Untracked 
|  14|0x0000000701e00000, 0x0000000701f00000, 0x0000000701f00000|100%| O|  |TAMS 0x0000000701f00000, 0x0000000701e00000| Untracked 
|  15|0x0000000701f00000, 0x0000000702000000, 0x0000000702000000|100%| O|  |TAMS 0x0000000702000000, 0x0000000701f00000| Untracked 
|  16|0x0000000702000000, 0x0000000702100000, 0x0000000702100000|100%| O|  |TAMS 0x0000000702100000, 0x0000000702000000| Untracked 
|  17|0x0000000702100000, 0x0000000702200000, 0x0000000702200000|100%| O|  |TAMS 0x0000000702200000, 0x0000000702100000| Untracked 
|  18|0x0000000702200000, 0x0000000702300000, 0x0000000702300000|100%| O|  |TAMS 0x0000000702300000, 0x0000000702200000| Untracked 
|  19|0x0000000702300000, 0x0000000702400000, 0x0000000702400000|100%| O|  |TAMS 0x0000000702400000, 0x0000000702300000| Untracked 
|  20|0x0000000702400000, 0x0000000702500000, 0x0000000702500000|100%| O|  |TAMS 0x0000000702500000, 0x0000000702400000| Untracked 
|  21|0x0000000702500000, 0x0000000702600000, 0x0000000702600000|100%| O|  |TAMS 0x0000000702600000, 0x0000000702500000| Untracked 
|  22|0x0000000702600000, 0x0000000702700000, 0x0000000702700000|100%| O|  |TAMS 0x0000000702700000, 0x0000000702600000| Untracked 
|  23|0x0000000702700000, 0x0000000702800000, 0x0000000702800000|100%| O|  |TAMS 0x0000000702800000, 0x0000000702700000| Untracked 
|  24|0x0000000702800000, 0x0000000702900000, 0x0000000702900000|100%| O|  |TAMS 0x0000000702900000, 0x0000000702800000| Untracked 
|  25|0x0000000702900000, 0x0000000702a00000, 0x0000000702a00000|100%| O|  |TAMS 0x0000000702a00000, 0x0000000702900000| Untracked 
|  26|0x0000000702a00000, 0x0000000702b00000, 0x0000000702b00000|100%| O|  |TAMS 0x0000000702b00000, 0x0000000702a00000| Untracked 
|  27|0x0000000702b00000, 0x0000000702c00000, 0x0000000702c00000|100%| O|  |TAMS 0x0000000702c00000, 0x0000000702b00000| Untracked 
|  28|0x0000000702c00000, 0x0000000702d00000, 0x0000000702d00000|100%| O|  |TAMS 0x0000000702d00000, 0x0000000702c00000| Untracked 
|  29|0x0000000702d00000, 0x0000000702e00000, 0x0000000702e00000|100%| O|  |TAMS 0x0000000702e00000, 0x0000000702d00000| Untracked 
|  30|0x0000000702e00000, 0x0000000702ef5e00, 0x0000000702f00000| 96%| O|  |TAMS 0x0000000702ef5e00, 0x0000000702e00000| Untracked 
|  31|0x0000000702f00000, 0x0000000702f00000, 0x0000000703000000|  0%| F|  |TAMS 0x0000000702f00000, 0x0000000702f00000| Untracked 
|  32|0x0000000703000000, 0x0000000703000000, 0x0000000703100000|  0%| F|  |TAMS 0x0000000703000000, 0x0000000703000000| Untracked 
|  33|0x0000000703100000, 0x0000000703100000, 0x0000000703200000|  0%| F|  |TAMS 0x0000000703100000, 0x0000000703100000| Untracked 
|  34|0x0000000703200000, 0x0000000703200000, 0x0000000703300000|  0%| F|  |TAMS 0x0000000703200000, 0x0000000703200000| Untracked 
|  35|0x0000000703300000, 0x0000000703300000, 0x0000000703400000|  0%| F|  |TAMS 0x0000000703300000, 0x0000000703300000| Untracked 
|  36|0x0000000703400000, 0x0000000703400000, 0x0000000703500000|  0%| F|  |TAMS 0x0000000703400000, 0x0000000703400000| Untracked 
|  37|0x0000000703500000, 0x0000000703500000, 0x0000000703600000|  0%| F|  |TAMS 0x0000000703500000, 0x0000000703500000| Untracked 
|  38|0x0000000703600000, 0x0000000703600000, 0x0000000703700000|  0%| F|  |TAMS 0x0000000703600000, 0x0000000703600000| Untracked 
|  39|0x0000000703700000, 0x0000000703700000, 0x0000000703800000|  0%| F|  |TAMS 0x0000000703700000, 0x0000000703700000| Untracked 
|  40|0x0000000703800000, 0x0000000703800000, 0x0000000703900000|  0%| F|  |TAMS 0x0000000703800000, 0x0000000703800000| Untracked 
|  41|0x0000000703900000, 0x0000000703900000, 0x0000000703a00000|  0%| F|  |TAMS 0x0000000703900000, 0x0000000703900000| Untracked 
|  42|0x0000000703a00000, 0x0000000703a00000, 0x0000000703b00000|  0%| F|  |TAMS 0x0000000703a00000, 0x0000000703a00000| Untracked 
|  43|0x0000000703b00000, 0x0000000703b00000, 0x0000000703c00000|  0%| F|  |TAMS 0x0000000703b00000, 0x0000000703b00000| Untracked 
|  44|0x0000000703c00000, 0x0000000703c00000, 0x0000000703d00000|  0%| F|  |TAMS 0x0000000703c00000, 0x0000000703c00000| Untracked 
|  45|0x0000000703d00000, 0x0000000703d00000, 0x0000000703e00000|  0%| F|  |TAMS 0x0000000703d00000, 0x0000000703d00000| Untracked 
|  46|0x0000000703e00000, 0x0000000703e00000, 0x0000000703f00000|  0%| F|  |TAMS 0x0000000703e00000, 0x0000000703e00000| Untracked 
|  47|0x0000000703f00000, 0x0000000703f00000, 0x0000000704000000|  0%| F|  |TAMS 0x0000000703f00000, 0x0000000703f00000| Untracked 
|  48|0x0000000704000000, 0x0000000704000000, 0x0000000704100000|  0%| F|  |TAMS 0x0000000704000000, 0x0000000704000000| Untracked 
|  49|0x0000000704100000, 0x0000000704100000, 0x0000000704200000|  0%| F|  |TAMS 0x0000000704100000, 0x0000000704100000| Untracked 
|  50|0x0000000704200000, 0x0000000704200000, 0x0000000704300000|  0%| F|  |TAMS 0x0000000704200000, 0x0000000704200000| Untracked 
|  51|0x0000000704300000, 0x0000000704300000, 0x0000000704400000|  0%| F|  |TAMS 0x0000000704300000, 0x0000000704300000| Untracked 
|  52|0x0000000704400000, 0x0000000704400000, 0x0000000704500000|  0%| F|  |TAMS 0x0000000704400000, 0x0000000704400000| Untracked 
|  53|0x0000000704500000, 0x0000000704500000, 0x0000000704600000|  0%| F|  |TAMS 0x0000000704500000, 0x0000000704500000| Untracked 
|  54|0x0000000704600000, 0x0000000704600000, 0x0000000704700000|  0%| F|  |TAMS 0x0000000704600000, 0x0000000704600000| Untracked 
|  55|0x0000000704700000, 0x0000000704700000, 0x0000000704800000|  0%| F|  |TAMS 0x0000000704700000, 0x0000000704700000| Untracked 
|  56|0x0000000704800000, 0x0000000704800000, 0x0000000704900000|  0%| F|  |TAMS 0x0000000704800000, 0x0000000704800000| Untracked 
|  57|0x0000000704900000, 0x0000000704900000, 0x0000000704a00000|  0%| F|  |TAMS 0x0000000704900000, 0x0000000704900000| Untracked 
|  58|0x0000000704a00000, 0x0000000704a00000, 0x0000000704b00000|  0%| F|  |TAMS 0x0000000704a00000, 0x0000000704a00000| Untracked 
|  59|0x0000000704b00000, 0x0000000704b00000, 0x0000000704c00000|  0%| F|  |TAMS 0x0000000704b00000, 0x0000000704b00000| Untracked 
|  60|0x0000000704c00000, 0x0000000704c00000, 0x0000000704d00000|  0%| F|  |TAMS 0x0000000704c00000, 0x0000000704c00000| Untracked 
|  61|0x0000000704d00000, 0x0000000704d00000, 0x0000000704e00000|  0%| F|  |TAMS 0x0000000704d00000, 0x0000000704d00000| Untracked 
|  62|0x0000000704e00000, 0x0000000704e00000, 0x0000000704f00000|  0%| F|  |TAMS 0x0000000704e00000, 0x0000000704e00000| Untracked 
|  63|0x0000000704f00000, 0x0000000704f00000, 0x0000000705000000|  0%| F|  |TAMS 0x0000000704f00000, 0x0000000704f00000| Untracked 
|  64|0x0000000705000000, 0x0000000705000000, 0x0000000705100000|  0%| F|  |TAMS 0x0000000705000000, 0x0000000705000000| Untracked 
|  65|0x0000000705100000, 0x0000000705100000, 0x0000000705200000|  0%| F|  |TAMS 0x0000000705100000, 0x0000000705100000| Untracked 
|  66|0x0000000705200000, 0x0000000705200000, 0x0000000705300000|  0%| F|  |TAMS 0x0000000705200000, 0x0000000705200000| Untracked 
|  67|0x0000000705300000, 0x0000000705300000, 0x0000000705400000|  0%| F|  |TAMS 0x0000000705300000, 0x0000000705300000| Untracked 
|  68|0x0000000705400000, 0x0000000705400000, 0x0000000705500000|  0%| F|  |TAMS 0x0000000705400000, 0x0000000705400000| Untracked 
|  69|0x0000000705500000, 0x0000000705500000, 0x0000000705600000|  0%| F|  |TAMS 0x0000000705500000, 0x0000000705500000| Untracked 
|  70|0x0000000705600000, 0x0000000705600000, 0x0000000705700000|  0%| F|  |TAMS 0x0000000705600000, 0x0000000705600000| Untracked 
|  71|0x0000000705700000, 0x0000000705700000, 0x0000000705800000|  0%| F|  |TAMS 0x0000000705700000, 0x0000000705700000| Untracked 
|  72|0x0000000705800000, 0x0000000705800000, 0x0000000705900000|  0%| F|  |TAMS 0x0000000705800000, 0x0000000705800000| Untracked 
|  73|0x0000000705900000, 0x0000000705900000, 0x0000000705a00000|  0%| F|  |TAMS 0x0000000705900000, 0x0000000705900000| Untracked 
|  74|0x0000000705a00000, 0x0000000705a00000, 0x0000000705b00000|  0%| F|  |TAMS 0x0000000705a00000, 0x0000000705a00000| Untracked 
|  75|0x0000000705b00000, 0x0000000705b00000, 0x0000000705c00000|  0%| F|  |TAMS 0x0000000705b00000, 0x0000000705b00000| Untracked 
|  76|0x0000000705c00000, 0x0000000705c00000, 0x0000000705d00000|  0%| F|  |TAMS 0x0000000705c00000, 0x0000000705c00000| Untracked 
|  77|0x0000000705d00000, 0x0000000705d00000, 0x0000000705e00000|  0%| F|  |TAMS 0x0000000705d00000, 0x0000000705d00000| Untracked 
|  78|0x0000000705e00000, 0x0000000705e00000, 0x0000000705f00000|  0%| F|  |TAMS 0x0000000705e00000, 0x0000000705e00000| Untracked 
|  79|0x0000000705f00000, 0x0000000705f00000, 0x0000000706000000|  0%| F|  |TAMS 0x0000000705f00000, 0x0000000705f00000| Untracked 
|  80|0x0000000706000000, 0x0000000706000000, 0x0000000706100000|  0%| F|  |TAMS 0x0000000706000000, 0x0000000706000000| Untracked 
|  81|0x0000000706100000, 0x0000000706100000, 0x0000000706200000|  0%| F|  |TAMS 0x0000000706100000, 0x0000000706100000| Untracked 
|  82|0x0000000706200000, 0x0000000706200000, 0x0000000706300000|  0%| F|  |TAMS 0x0000000706200000, 0x0000000706200000| Untracked 
|  83|0x0000000706300000, 0x0000000706300000, 0x0000000706400000|  0%| F|  |TAMS 0x0000000706300000, 0x0000000706300000| Untracked 
|  84|0x0000000706400000, 0x0000000706400000, 0x0000000706500000|  0%| F|  |TAMS 0x0000000706400000, 0x0000000706400000| Untracked 
|  85|0x0000000706500000, 0x0000000706500000, 0x0000000706600000|  0%| F|  |TAMS 0x0000000706500000, 0x0000000706500000| Untracked 
|  86|0x0000000706600000, 0x0000000706600000, 0x0000000706700000|  0%| F|  |TAMS 0x0000000706600000, 0x0000000706600000| Untracked 
|  87|0x0000000706700000, 0x0000000706700000, 0x0000000706800000|  0%| F|  |TAMS 0x0000000706700000, 0x0000000706700000| Untracked 
|  88|0x0000000706800000, 0x0000000706800000, 0x0000000706900000|  0%| F|  |TAMS 0x0000000706800000, 0x0000000706800000| Untracked 
|  89|0x0000000706900000, 0x0000000706900000, 0x0000000706a00000|  0%| F|  |TAMS 0x0000000706900000, 0x0000000706900000| Untracked 
|  90|0x0000000706a00000, 0x0000000706a00000, 0x0000000706b00000|  0%| F|  |TAMS 0x0000000706a00000, 0x0000000706a00000| Untracked 
|  91|0x0000000706b00000, 0x0000000706b00000, 0x0000000706c00000|  0%| F|  |TAMS 0x0000000706b00000, 0x0000000706b00000| Untracked 
|  92|0x0000000706c00000, 0x0000000706c00000, 0x0000000706d00000|  0%| F|  |TAMS 0x0000000706c00000, 0x0000000706c00000| Untracked 
|  93|0x0000000706d00000, 0x0000000706d00000, 0x0000000706e00000|  0%| F|  |TAMS 0x0000000706d00000, 0x0000000706d00000| Untracked 
|  94|0x0000000706e00000, 0x0000000706e00000, 0x0000000706f00000|  0%| F|  |TAMS 0x0000000706e00000, 0x0000000706e00000| Untracked 
|  95|0x0000000706f00000, 0x0000000706f00000, 0x0000000707000000|  0%| F|  |TAMS 0x0000000706f00000, 0x0000000706f00000| Untracked 
|  96|0x0000000707000000, 0x0000000707000000, 0x0000000707100000|  0%| F|  |TAMS 0x0000000707000000, 0x0000000707000000| Untracked 
|  97|0x0000000707100000, 0x0000000707200000, 0x0000000707200000|100%| S|CS|TAMS 0x0000000707100000, 0x0000000707100000| Complete 
|  98|0x0000000707200000, 0x0000000707300000, 0x0000000707300000|100%| S|CS|TAMS 0x0000000707200000, 0x0000000707200000| Complete 
|  99|0x0000000707300000, 0x0000000707400000, 0x0000000707400000|100%| S|CS|TAMS 0x0000000707300000, 0x0000000707300000| Complete 
| 100|0x0000000707400000, 0x0000000707500000, 0x0000000707500000|100%| S|CS|TAMS 0x0000000707400000, 0x0000000707400000| Complete 
| 101|0x0000000707500000, 0x0000000707600000, 0x0000000707600000|100%| S|CS|TAMS 0x0000000707500000, 0x0000000707500000| Complete 
| 102|0x0000000707600000, 0x0000000707700000, 0x0000000707700000|100%| S|CS|TAMS 0x0000000707600000, 0x0000000707600000| Complete 
| 103|0x0000000707700000, 0x0000000707800000, 0x0000000707800000|100%| S|CS|TAMS 0x0000000707700000, 0x0000000707700000| Complete 
| 104|0x0000000707800000, 0x0000000707900000, 0x0000000707900000|100%| S|CS|TAMS 0x0000000707800000, 0x0000000707800000| Complete 
| 105|0x0000000707900000, 0x0000000707900000, 0x0000000707a00000|  0%| F|  |TAMS 0x0000000707900000, 0x0000000707900000| Untracked 
| 106|0x0000000707a00000, 0x0000000707a00000, 0x0000000707b00000|  0%| F|  |TAMS 0x0000000707a00000, 0x0000000707a00000| Untracked 
| 107|0x0000000707b00000, 0x0000000707b00000, 0x0000000707c00000|  0%| F|  |TAMS 0x0000000707b00000, 0x0000000707b00000| Untracked 
| 108|0x0000000707c00000, 0x0000000707c00000, 0x0000000707d00000|  0%| F|  |TAMS 0x0000000707c00000, 0x0000000707c00000| Untracked 
| 109|0x0000000707d00000, 0x0000000707d00000, 0x0000000707e00000|  0%| F|  |TAMS 0x0000000707d00000, 0x0000000707d00000| Untracked 
| 110|0x0000000707e00000, 0x0000000707e00000, 0x0000000707f00000|  0%| F|  |TAMS 0x0000000707e00000, 0x0000000707e00000| Untracked 
| 111|0x0000000707f00000, 0x0000000708000000, 0x0000000708000000|100%| S|CS|TAMS 0x0000000707f00000, 0x0000000707f00000| Complete 
| 112|0x0000000708000000, 0x0000000708000000, 0x0000000708100000|  0%| F|  |TAMS 0x0000000708000000, 0x0000000708000000| Untracked 
| 113|0x0000000708100000, 0x0000000708100000, 0x0000000708200000|  0%| F|  |TAMS 0x0000000708100000, 0x0000000708100000| Untracked 
| 114|0x0000000708200000, 0x0000000708200000, 0x0000000708300000|  0%| F|  |TAMS 0x0000000708200000, 0x0000000708200000| Untracked 
| 115|0x0000000708300000, 0x0000000708300000, 0x0000000708400000|  0%| F|  |TAMS 0x0000000708300000, 0x0000000708300000| Untracked 
| 116|0x0000000708400000, 0x0000000708400000, 0x0000000708500000|  0%| F|  |TAMS 0x0000000708400000, 0x0000000708400000| Untracked 
| 117|0x0000000708500000, 0x0000000708500000, 0x0000000708600000|  0%| F|  |TAMS 0x0000000708500000, 0x0000000708500000| Untracked 
| 118|0x0000000708600000, 0x0000000708600000, 0x0000000708700000|  0%| F|  |TAMS 0x0000000708600000, 0x0000000708600000| Untracked 
| 119|0x0000000708700000, 0x0000000708700000, 0x0000000708800000|  0%| F|  |TAMS 0x0000000708700000, 0x0000000708700000| Untracked 
| 120|0x0000000708800000, 0x0000000708800000, 0x0000000708900000|  0%| F|  |TAMS 0x0000000708800000, 0x0000000708800000| Untracked 
| 121|0x0000000708900000, 0x0000000708900000, 0x0000000708a00000|  0%| F|  |TAMS 0x0000000708900000, 0x0000000708900000| Untracked 
| 122|0x0000000708a00000, 0x0000000708a00000, 0x0000000708b00000|  0%| F|  |TAMS 0x0000000708a00000, 0x0000000708a00000| Untracked 
| 123|0x0000000708b00000, 0x0000000708b00000, 0x0000000708c00000|  0%| F|  |TAMS 0x0000000708b00000, 0x0000000708b00000| Untracked 
| 124|0x0000000708c00000, 0x0000000708c00000, 0x0000000708d00000|  0%| F|  |TAMS 0x0000000708c00000, 0x0000000708c00000| Untracked 
| 125|0x0000000708d00000, 0x0000000708d00000, 0x0000000708e00000|  0%| F|  |TAMS 0x0000000708d00000, 0x0000000708d00000| Untracked 
| 126|0x0000000708e00000, 0x0000000708e00000, 0x0000000708f00000|  0%| F|  |TAMS 0x0000000708e00000, 0x0000000708e00000| Untracked 
| 127|0x0000000708f00000, 0x0000000708f00000, 0x0000000709000000|  0%| F|  |TAMS 0x0000000708f00000, 0x0000000708f00000| Untracked 
| 128|0x0000000709000000, 0x0000000709000000, 0x0000000709100000|  0%| F|  |TAMS 0x0000000709000000, 0x0000000709000000| Untracked 
| 129|0x0000000709100000, 0x0000000709100000, 0x0000000709200000|  0%| F|  |TAMS 0x0000000709100000, 0x0000000709100000| Untracked 
| 130|0x0000000709200000, 0x0000000709200000, 0x0000000709300000|  0%| F|  |TAMS 0x0000000709200000, 0x0000000709200000| Untracked 
| 131|0x0000000709300000, 0x0000000709300000, 0x0000000709400000|  0%| F|  |TAMS 0x0000000709300000, 0x0000000709300000| Untracked 
| 132|0x0000000709400000, 0x0000000709400000, 0x0000000709500000|  0%| F|  |TAMS 0x0000000709400000, 0x0000000709400000| Untracked 
| 133|0x0000000709500000, 0x0000000709500000, 0x0000000709600000|  0%| F|  |TAMS 0x0000000709500000, 0x0000000709500000| Untracked 
| 134|0x0000000709600000, 0x0000000709600000, 0x0000000709700000|  0%| F|  |TAMS 0x0000000709600000, 0x0000000709600000| Untracked 
| 135|0x0000000709700000, 0x0000000709700000, 0x0000000709800000|  0%| F|  |TAMS 0x0000000709700000, 0x0000000709700000| Untracked 
| 136|0x0000000709800000, 0x0000000709800000, 0x0000000709900000|  0%| F|  |TAMS 0x0000000709800000, 0x0000000709800000| Untracked 
| 137|0x0000000709900000, 0x0000000709900000, 0x0000000709a00000|  0%| F|  |TAMS 0x0000000709900000, 0x0000000709900000| Untracked 
| 138|0x0000000709a00000, 0x0000000709a00000, 0x0000000709b00000|  0%| F|  |TAMS 0x0000000709a00000, 0x0000000709a00000| Untracked 
| 139|0x0000000709b00000, 0x0000000709b00000, 0x0000000709c00000|  0%| F|  |TAMS 0x0000000709b00000, 0x0000000709b00000| Untracked 
| 140|0x0000000709c00000, 0x0000000709c00000, 0x0000000709d00000|  0%| F|  |TAMS 0x0000000709c00000, 0x0000000709c00000| Untracked 
| 141|0x0000000709d00000, 0x0000000709d00000, 0x0000000709e00000|  0%| F|  |TAMS 0x0000000709d00000, 0x0000000709d00000| Untracked 
| 142|0x0000000709e00000, 0x0000000709e00000, 0x0000000709f00000|  0%| F|  |TAMS 0x0000000709e00000, 0x0000000709e00000| Untracked 
| 143|0x0000000709f00000, 0x0000000709f00000, 0x000000070a000000|  0%| F|  |TAMS 0x0000000709f00000, 0x0000000709f00000| Untracked 
| 144|0x000000070a000000, 0x000000070a000000, 0x000000070a100000|  0%| F|  |TAMS 0x000000070a000000, 0x000000070a000000| Untracked 
| 145|0x000000070a100000, 0x000000070a100000, 0x000000070a200000|  0%| F|  |TAMS 0x000000070a100000, 0x000000070a100000| Untracked 
| 146|0x000000070a200000, 0x000000070a200000, 0x000000070a300000|  0%| F|  |TAMS 0x000000070a200000, 0x000000070a200000| Untracked 
| 147|0x000000070a300000, 0x000000070a300000, 0x000000070a400000|  0%| F|  |TAMS 0x000000070a300000, 0x000000070a300000| Untracked 
| 148|0x000000070a400000, 0x000000070a400000, 0x000000070a500000|  0%| F|  |TAMS 0x000000070a400000, 0x000000070a400000| Untracked 
| 149|0x000000070a500000, 0x000000070a500000, 0x000000070a600000|  0%| F|  |TAMS 0x000000070a500000, 0x000000070a500000| Untracked 
| 150|0x000000070a600000, 0x000000070a600000, 0x000000070a700000|  0%| F|  |TAMS 0x000000070a600000, 0x000000070a600000| Untracked 
| 151|0x000000070a700000, 0x000000070a700000, 0x000000070a800000|  0%| F|  |TAMS 0x000000070a700000, 0x000000070a700000| Untracked 
| 152|0x000000070a800000, 0x000000070a800000, 0x000000070a900000|  0%| F|  |TAMS 0x000000070a800000, 0x000000070a800000| Untracked 
| 153|0x000000070a900000, 0x000000070a900000, 0x000000070aa00000|  0%| F|  |TAMS 0x000000070a900000, 0x000000070a900000| Untracked 
| 154|0x000000070aa00000, 0x000000070aa00000, 0x000000070ab00000|  0%| F|  |TAMS 0x000000070aa00000, 0x000000070aa00000| Untracked 
| 155|0x000000070ab00000, 0x000000070ab00000, 0x000000070ac00000|  0%| F|  |TAMS 0x000000070ab00000, 0x000000070ab00000| Untracked 
| 156|0x000000070ac00000, 0x000000070ac00000, 0x000000070ad00000|  0%| F|  |TAMS 0x000000070ac00000, 0x000000070ac00000| Untracked 
| 157|0x000000070ad00000, 0x000000070ad00000, 0x000000070ae00000|  0%| F|  |TAMS 0x000000070ad00000, 0x000000070ad00000| Untracked 
| 158|0x000000070ae00000, 0x000000070ae00000, 0x000000070af00000|  0%| F|  |TAMS 0x000000070ae00000, 0x000000070ae00000| Untracked 
| 159|0x000000070af00000, 0x000000070af00000, 0x000000070b000000|  0%| F|  |TAMS 0x000000070af00000, 0x000000070af00000| Untracked 
| 160|0x000000070b000000, 0x000000070b000000, 0x000000070b100000|  0%| F|  |TAMS 0x000000070b000000, 0x000000070b000000| Untracked 
| 161|0x000000070b100000, 0x000000070b100000, 0x000000070b200000|  0%| F|  |TAMS 0x000000070b100000, 0x000000070b100000| Untracked 
| 162|0x000000070b200000, 0x000000070b200000, 0x000000070b300000|  0%| F|  |TAMS 0x000000070b200000, 0x000000070b200000| Untracked 
| 163|0x000000070b300000, 0x000000070b300000, 0x000000070b400000|  0%| F|  |TAMS 0x000000070b300000, 0x000000070b300000| Untracked 
| 164|0x000000070b400000, 0x000000070b400000, 0x000000070b500000|  0%| F|  |TAMS 0x000000070b400000, 0x000000070b400000| Untracked 
| 165|0x000000070b500000, 0x000000070b500000, 0x000000070b600000|  0%| F|  |TAMS 0x000000070b500000, 0x000000070b500000| Untracked 
| 166|0x000000070b600000, 0x000000070b600000, 0x000000070b700000|  0%| F|  |TAMS 0x000000070b600000, 0x000000070b600000| Untracked 
| 167|0x000000070b700000, 0x000000070b700000, 0x000000070b800000|  0%| F|  |TAMS 0x000000070b700000, 0x000000070b700000| Untracked 
| 168|0x000000070b800000, 0x000000070b800000, 0x000000070b900000|  0%| F|  |TAMS 0x000000070b800000, 0x000000070b800000| Untracked 
| 169|0x000000070b900000, 0x000000070b900000, 0x000000070ba00000|  0%| F|  |TAMS 0x000000070b900000, 0x000000070b900000| Untracked 
| 170|0x000000070ba00000, 0x000000070ba00000, 0x000000070bb00000|  0%| F|  |TAMS 0x000000070ba00000, 0x000000070ba00000| Untracked 
| 171|0x000000070bb00000, 0x000000070bb00000, 0x000000070bc00000|  0%| F|  |TAMS 0x000000070bb00000, 0x000000070bb00000| Untracked 
| 172|0x000000070bc00000, 0x000000070bc00000, 0x000000070bd00000|  0%| F|  |TAMS 0x000000070bc00000, 0x000000070bc00000| Untracked 
| 173|0x000000070bd00000, 0x000000070bd00000, 0x000000070be00000|  0%| F|  |TAMS 0x000000070bd00000, 0x000000070bd00000| Untracked 
| 174|0x000000070be00000, 0x000000070be00000, 0x000000070bf00000|  0%| F|  |TAMS 0x000000070be00000, 0x000000070be00000| Untracked 
| 175|0x000000070bf00000, 0x000000070bf00000, 0x000000070c000000|  0%| F|  |TAMS 0x000000070bf00000, 0x000000070bf00000| Untracked 
| 176|0x000000070c000000, 0x000000070c000000, 0x000000070c100000|  0%| F|  |TAMS 0x000000070c000000, 0x000000070c000000| Untracked 
| 177|0x000000070c100000, 0x000000070c100000, 0x000000070c200000|  0%| F|  |TAMS 0x000000070c100000, 0x000000070c100000| Untracked 
| 178|0x000000070c200000, 0x000000070c200000, 0x000000070c300000|  0%| F|  |TAMS 0x000000070c200000, 0x000000070c200000| Untracked 
| 179|0x000000070c300000, 0x000000070c300000, 0x000000070c400000|  0%| F|  |TAMS 0x000000070c300000, 0x000000070c300000| Untracked 
| 180|0x000000070c400000, 0x000000070c400000, 0x000000070c500000|  0%| F|  |TAMS 0x000000070c400000, 0x000000070c400000| Untracked 
| 181|0x000000070c500000, 0x000000070c500000, 0x000000070c600000|  0%| F|  |TAMS 0x000000070c500000, 0x000000070c500000| Untracked 
| 182|0x000000070c600000, 0x000000070c600000, 0x000000070c700000|  0%| F|  |TAMS 0x000000070c600000, 0x000000070c600000| Untracked 
| 183|0x000000070c700000, 0x000000070c700000, 0x000000070c800000|  0%| F|  |TAMS 0x000000070c700000, 0x000000070c700000| Untracked 
| 184|0x000000070c800000, 0x000000070c800000, 0x000000070c900000|  0%| F|  |TAMS 0x000000070c800000, 0x000000070c800000| Untracked 
| 185|0x000000070c900000, 0x000000070c900000, 0x000000070ca00000|  0%| F|  |TAMS 0x000000070c900000, 0x000000070c900000| Untracked 
| 186|0x000000070ca00000, 0x000000070ca00000, 0x000000070cb00000|  0%| F|  |TAMS 0x000000070ca00000, 0x000000070ca00000| Untracked 
| 187|0x000000070cb00000, 0x000000070cb00000, 0x000000070cc00000|  0%| F|  |TAMS 0x000000070cb00000, 0x000000070cb00000| Untracked 
| 188|0x000000070cc00000, 0x000000070cc00000, 0x000000070cd00000|  0%| F|  |TAMS 0x000000070cc00000, 0x000000070cc00000| Untracked 
| 189|0x000000070cd00000, 0x000000070cd00000, 0x000000070ce00000|  0%| F|  |TAMS 0x000000070cd00000, 0x000000070cd00000| Untracked 
| 190|0x000000070ce00000, 0x000000070ce00000, 0x000000070cf00000|  0%| F|  |TAMS 0x000000070ce00000, 0x000000070ce00000| Untracked 
| 191|0x000000070cf00000, 0x000000070cf00000, 0x000000070d000000|  0%| F|  |TAMS 0x000000070cf00000, 0x000000070cf00000| Untracked 
| 192|0x000000070d000000, 0x000000070d000000, 0x000000070d100000|  0%| F|  |TAMS 0x000000070d000000, 0x000000070d000000| Untracked 
| 193|0x000000070d100000, 0x000000070d100000, 0x000000070d200000|  0%| F|  |TAMS 0x000000070d100000, 0x000000070d100000| Untracked 
| 194|0x000000070d200000, 0x000000070d200000, 0x000000070d300000|  0%| F|  |TAMS 0x000000070d200000, 0x000000070d200000| Untracked 
| 195|0x000000070d300000, 0x000000070d300000, 0x000000070d400000|  0%| F|  |TAMS 0x000000070d300000, 0x000000070d300000| Untracked 
| 196|0x000000070d400000, 0x000000070d400000, 0x000000070d500000|  0%| F|  |TAMS 0x000000070d400000, 0x000000070d400000| Untracked 
| 197|0x000000070d500000, 0x000000070d500000, 0x000000070d600000|  0%| F|  |TAMS 0x000000070d500000, 0x000000070d500000| Untracked 
| 198|0x000000070d600000, 0x000000070d600000, 0x000000070d700000|  0%| F|  |TAMS 0x000000070d600000, 0x000000070d600000| Untracked 
| 199|0x000000070d700000, 0x000000070d700000, 0x000000070d800000|  0%| F|  |TAMS 0x000000070d700000, 0x000000070d700000| Untracked 
| 200|0x000000070d800000, 0x000000070d800000, 0x000000070d900000|  0%| F|  |TAMS 0x000000070d800000, 0x000000070d800000| Untracked 
| 201|0x000000070d900000, 0x000000070d900000, 0x000000070da00000|  0%| F|  |TAMS 0x000000070d900000, 0x000000070d900000| Untracked 
| 202|0x000000070da00000, 0x000000070da00000, 0x000000070db00000|  0%| F|  |TAMS 0x000000070da00000, 0x000000070da00000| Untracked 
| 203|0x000000070db00000, 0x000000070db00000, 0x000000070dc00000|  0%| F|  |TAMS 0x000000070db00000, 0x000000070db00000| Untracked 
| 204|0x000000070dc00000, 0x000000070dc00000, 0x000000070dd00000|  0%| F|  |TAMS 0x000000070dc00000, 0x000000070dc00000| Untracked 
| 205|0x000000070dd00000, 0x000000070dd00000, 0x000000070de00000|  0%| F|  |TAMS 0x000000070dd00000, 0x000000070dd00000| Untracked 
| 206|0x000000070de00000, 0x000000070de00000, 0x000000070df00000|  0%| F|  |TAMS 0x000000070de00000, 0x000000070de00000| Untracked 
| 207|0x000000070df00000, 0x000000070df00000, 0x000000070e000000|  0%| F|  |TAMS 0x000000070df00000, 0x000000070df00000| Untracked 
| 208|0x000000070e000000, 0x000000070e000000, 0x000000070e100000|  0%| F|  |TAMS 0x000000070e000000, 0x000000070e000000| Untracked 
| 209|0x000000070e100000, 0x000000070e100000, 0x000000070e200000|  0%| F|  |TAMS 0x000000070e100000, 0x000000070e100000| Untracked 
| 210|0x000000070e200000, 0x000000070e200000, 0x000000070e300000|  0%| F|  |TAMS 0x000000070e200000, 0x000000070e200000| Untracked 
| 211|0x000000070e300000, 0x000000070e300000, 0x000000070e400000|  0%| F|  |TAMS 0x000000070e300000, 0x000000070e300000| Untracked 
| 212|0x000000070e400000, 0x000000070e400000, 0x000000070e500000|  0%| F|  |TAMS 0x000000070e400000, 0x000000070e400000| Untracked 
| 213|0x000000070e500000, 0x000000070e500000, 0x000000070e600000|  0%| F|  |TAMS 0x000000070e500000, 0x000000070e500000| Untracked 
| 214|0x000000070e600000, 0x000000070e600000, 0x000000070e700000|  0%| F|  |TAMS 0x000000070e600000, 0x000000070e600000| Untracked 
| 215|0x000000070e700000, 0x000000070e700000, 0x000000070e800000|  0%| F|  |TAMS 0x000000070e700000, 0x000000070e700000| Untracked 
| 216|0x000000070e800000, 0x000000070e800000, 0x000000070e900000|  0%| F|  |TAMS 0x000000070e800000, 0x000000070e800000| Untracked 
| 217|0x000000070e900000, 0x000000070e900000, 0x000000070ea00000|  0%| F|  |TAMS 0x000000070e900000, 0x000000070e900000| Untracked 
| 218|0x000000070ea00000, 0x000000070ea00000, 0x000000070eb00000|  0%| F|  |TAMS 0x000000070ea00000, 0x000000070ea00000| Untracked 
| 219|0x000000070eb00000, 0x000000070eb00000, 0x000000070ec00000|  0%| F|  |TAMS 0x000000070eb00000, 0x000000070eb00000| Untracked 
| 220|0x000000070ec00000, 0x000000070ec00000, 0x000000070ed00000|  0%| F|  |TAMS 0x000000070ec00000, 0x000000070ec00000| Untracked 
| 221|0x000000070ed00000, 0x000000070ed00000, 0x000000070ee00000|  0%| F|  |TAMS 0x000000070ed00000, 0x000000070ed00000| Untracked 
| 222|0x000000070ee00000, 0x000000070ee00000, 0x000000070ef00000|  0%| F|  |TAMS 0x000000070ee00000, 0x000000070ee00000| Untracked 
| 223|0x000000070ef00000, 0x000000070ef00000, 0x000000070f000000|  0%| F|  |TAMS 0x000000070ef00000, 0x000000070ef00000| Untracked 
| 224|0x000000070f000000, 0x000000070f000000, 0x000000070f100000|  0%| F|  |TAMS 0x000000070f000000, 0x000000070f000000| Untracked 
| 225|0x000000070f100000, 0x000000070f100000, 0x000000070f200000|  0%| F|  |TAMS 0x000000070f100000, 0x000000070f100000| Untracked 
| 226|0x000000070f200000, 0x000000070f200000, 0x000000070f300000|  0%| F|  |TAMS 0x000000070f200000, 0x000000070f200000| Untracked 
| 227|0x000000070f300000, 0x000000070f300000, 0x000000070f400000|  0%| F|  |TAMS 0x000000070f300000, 0x000000070f300000| Untracked 
| 228|0x000000070f400000, 0x000000070f400000, 0x000000070f500000|  0%| F|  |TAMS 0x000000070f400000, 0x000000070f400000| Untracked 
| 229|0x000000070f500000, 0x000000070f500000, 0x000000070f600000|  0%| F|  |TAMS 0x000000070f500000, 0x000000070f500000| Untracked 
| 230|0x000000070f600000, 0x000000070f600000, 0x000000070f700000|  0%| F|  |TAMS 0x000000070f600000, 0x000000070f600000| Untracked 
| 231|0x000000070f700000, 0x000000070f700000, 0x000000070f800000|  0%| F|  |TAMS 0x000000070f700000, 0x000000070f700000| Untracked 
| 232|0x000000070f800000, 0x000000070f800000, 0x000000070f900000|  0%| F|  |TAMS 0x000000070f800000, 0x000000070f800000| Untracked 
| 233|0x000000070f900000, 0x000000070f900000, 0x000000070fa00000|  0%| F|  |TAMS 0x000000070f900000, 0x000000070f900000| Untracked 
| 234|0x000000070fa00000, 0x000000070fa00000, 0x000000070fb00000|  0%| F|  |TAMS 0x000000070fa00000, 0x000000070fa00000| Untracked 
| 235|0x000000070fb00000, 0x000000070fb00000, 0x000000070fc00000|  0%| F|  |TAMS 0x000000070fb00000, 0x000000070fb00000| Untracked 
| 236|0x000000070fc00000, 0x000000070fc00000, 0x000000070fd00000|  0%| F|  |TAMS 0x000000070fc00000, 0x000000070fc00000| Untracked 
| 237|0x000000070fd00000, 0x000000070fd00000, 0x000000070fe00000|  0%| F|  |TAMS 0x000000070fd00000, 0x000000070fd00000| Untracked 
| 238|0x000000070fe00000, 0x000000070fe00000, 0x000000070ff00000|  0%| F|  |TAMS 0x000000070fe00000, 0x000000070fe00000| Untracked 
| 239|0x000000070ff00000, 0x000000070ff00000, 0x0000000710000000|  0%| F|  |TAMS 0x000000070ff00000, 0x000000070ff00000| Untracked 
| 240|0x0000000710000000, 0x0000000710000000, 0x0000000710100000|  0%| F|  |TAMS 0x0000000710000000, 0x0000000710000000| Untracked 
| 241|0x0000000710100000, 0x0000000710100000, 0x0000000710200000|  0%| F|  |TAMS 0x0000000710100000, 0x0000000710100000| Untracked 
| 242|0x0000000710200000, 0x0000000710200000, 0x0000000710300000|  0%| F|  |TAMS 0x0000000710200000, 0x0000000710200000| Untracked 
| 243|0x0000000710300000, 0x0000000710300000, 0x0000000710400000|  0%| F|  |TAMS 0x0000000710300000, 0x0000000710300000| Untracked 
| 244|0x0000000710400000, 0x0000000710400000, 0x0000000710500000|  0%| F|  |TAMS 0x0000000710400000, 0x0000000710400000| Untracked 
| 245|0x0000000710500000, 0x0000000710500000, 0x0000000710600000|  0%| F|  |TAMS 0x0000000710500000, 0x0000000710500000| Untracked 
| 246|0x0000000710600000, 0x0000000710600000, 0x0000000710700000|  0%| F|  |TAMS 0x0000000710600000, 0x0000000710600000| Untracked 
| 247|0x0000000710700000, 0x0000000710700000, 0x0000000710800000|  0%| F|  |TAMS 0x0000000710700000, 0x0000000710700000| Untracked 
| 248|0x0000000710800000, 0x0000000710800000, 0x0000000710900000|  0%| F|  |TAMS 0x0000000710800000, 0x0000000710800000| Untracked 
| 249|0x0000000710900000, 0x0000000710900000, 0x0000000710a00000|  0%| F|  |TAMS 0x0000000710900000, 0x0000000710900000| Untracked 
| 250|0x0000000710a00000, 0x0000000710aab698, 0x0000000710b00000| 66%| E|  |TAMS 0x0000000710a00000, 0x0000000710a00000| Complete 
| 251|0x0000000710b00000, 0x0000000710c00000, 0x0000000710c00000|100%| E|CS|TAMS 0x0000000710b00000, 0x0000000710b00000| Complete 
| 252|0x0000000710c00000, 0x0000000710d00000, 0x0000000710d00000|100%| E|CS|TAMS 0x0000000710c00000, 0x0000000710c00000| Complete 
| 253|0x0000000710d00000, 0x0000000710e00000, 0x0000000710e00000|100%| E|CS|TAMS 0x0000000710d00000, 0x0000000710d00000| Complete 
| 254|0x0000000710e00000, 0x0000000710f00000, 0x0000000710f00000|100%| E|CS|TAMS 0x0000000710e00000, 0x0000000710e00000| Complete 
| 255|0x0000000710f00000, 0x0000000711000000, 0x0000000711000000|100%| E|CS|TAMS 0x0000000710f00000, 0x0000000710f00000| Complete 

Card table byte_map: [0x000001816dab0000,0x000001816e2b0000] _byte_map_base: 0x000001816a2a8000

Marking Bits (Prev, Next): (CMBitMap*) 0x00000181553b1b00, (CMBitMap*) 0x00000181553b1ac8
 Prev Bits: [0x0000018172a70000, 0x0000018176a30000)
 Next Bits: [0x000001816eab0000, 0x0000018172a70000)

Polling page: 0x0000018153320000

Metaspace:

Usage:
  Non-class:     71.69 MB capacity,    66.86 MB ( 93%) used,     4.04 MB (  6%) free+waste,   816.44 KB (  1%) overhead. 
      Class:     15.85 MB capacity,    13.44 MB ( 85%) used,     2.01 MB ( 13%) free+waste,   398.50 KB (  2%) overhead. 
       Both:     87.54 MB capacity,    80.30 MB ( 92%) used,     6.05 MB (  7%) free+waste,     1.19 MB (  1%) overhead. 

Virtual space:
  Non-class space:       72.00 MB reserved,      71.87 MB (>99%) committed 
      Class space:        1.00 GB reserved,      15.88 MB (  2%) committed 
             Both:        1.07 GB reserved,      87.75 MB (  8%) committed 

Chunk freelists:
   Non-Class:  0 bytes
       Class:  0 bytes
        Both:  0 bytes

MaxMetaspaceSize: 17179869184.00 GB
CompressedClassSpaceSize: 1.00 GB

CodeHeap 'non-profiled nmethods': size=119168Kb used=8118Kb max_used=8118Kb free=111049Kb
 bounds [0x00000181655d0000, 0x0000018165dd0000, 0x000001816ca30000]
CodeHeap 'profiled nmethods': size=119168Kb used=6185Kb max_used=13993Kb free=112982Kb
 bounds [0x000001815e170000, 0x000001815ef30000, 0x00000181655d0000]
CodeHeap 'non-nmethods': size=7424Kb used=1913Kb max_used=3221Kb free=5510Kb
 bounds [0x000001815da30000, 0x000001815ddb0000, 0x000001815e170000]
 total_blobs=6464 nmethods=5815 adapters=567
 compilation: enabled
              stopped_count=0, restarted_count=0
 full_count=0

Compilation events (20 events):
Event: 4631.940 Thread 0x000001817f0c2800 121171       4       java.util.Objects::requireNonNull (14 bytes)
Event: 4631.941 Thread 0x000001817f0c2800 nmethod 121171 0x0000018165d8e690 code [0x0000018165d8e820, 0x0000018165d8e878]
Event: 4631.941 Thread 0x000001817f0c2800 121175       4       java.lang.String::coder (15 bytes)
Event: 4631.941 Thread 0x000001817f0c2800 nmethod 121175 0x0000018165d8e910 code [0x0000018165d8eaa0, 0x0000018165d8eaf8]
Event: 4631.941 Thread 0x000001817f0c2800 121174       4       java.lang.AbstractStringBuilder::append (45 bytes)
Event: 4631.943 Thread 0x000001817f0c3800 nmethod 121172 0x0000018165d8eb90 code [0x0000018165d8ed40, 0x0000018165d8ef28]
Event: 4631.943 Thread 0x000001817f0c3800 121161       4       java.lang.invoke.MethodType::parameterCount (6 bytes)
Event: 4631.944 Thread 0x000001817f0c3800 nmethod 121161 0x0000018165d8f090 code [0x0000018165d8f220, 0x0000018165d8f2b8]
Event: 4631.944 Thread 0x000001817f0c3800 121170       4       java.lang.invoke.MethodType::parameterType (7 bytes)
Event: 4631.944 Thread 0x000001817f0c3800 nmethod 121170 0x0000018165d8f390 code [0x0000018165d8f520, 0x0000018165d8f5f8]
Event: 4631.944 Thread 0x000001817f0c3800 121164       4       java.lang.invoke.MemberName::testAnyFlags (15 bytes)
Event: 4631.944 Thread 0x000001817f0c3800 nmethod 121164 0x0000018165d8f690 code [0x0000018165d8f820, 0x0000018165d8f898]
Event: 4631.944 Thread 0x000001817f0c3800 121156       4       java.util.regex.Pattern::has (15 bytes)
Event: 4631.945 Thread 0x000001817f0c3800 nmethod 121156 0x0000018165d8f910 code [0x0000018165d8faa0, 0x0000018165d8fb18]
Event: 4631.945 Thread 0x000001817f0c3800 121173       4       java.lang.invoke.MethodType$ConcurrentWeakInternSet::get (54 bytes)
Event: 4631.946 Thread 0x000001817f0c2000 nmethod 121140 0x0000018165d8fb90 code [0x0000018165d8fd60, 0x0000018165d905d8]
Event: 4631.946 Thread 0x000001817f0c2000 121168       4       sun.invoke.util.Wrapper::findPrimitiveType (25 bytes)
Event: 4631.949 Thread 0x000001817f0c2000 nmethod 121168 0x0000018165d90990 code [0x0000018165d90b60, 0x0000018165d90ec8]
Event: 4631.949 Thread 0x000001817f0c2800 nmethod 121174 0x0000018165d91290 code [0x0000018165d91460, 0x0000018165d91fa8]
Event: 4631.959 Thread 0x000001817a4e7800 nmethod 121144 0x0000018165d92510 code [0x0000018165d92720, 0x0000018165d93988]

GC Heap History (20 events):
Event: 572.568 GC heap before
{Heap before GC invocations=11 (full 0):
 garbage-first heap   total 262144K, used 163382K [0x0000000701000000, 0x0000000800000000)
  region size 1024K, 130 young (133120K), 4 survivors (4096K)
 Metaspace       used 60206K, capacity 61393K, committed 61436K, reserved 1101824K
  class space    used 9172K, capacity 9563K, committed 9600K, reserved 1048576K
}
Event: 572.579 GC heap after
{Heap after GC invocations=12 (full 0):
 garbage-first heap   total 262144K, used 35735K [0x0000000701000000, 0x0000000800000000)
  region size 1024K, 4 young (4096K), 4 survivors (4096K)
 Metaspace       used 60206K, capacity 61393K, committed 61436K, reserved 1101824K
  class space    used 9172K, capacity 9563K, committed 9600K, reserved 1048576K
}
Event: 1758.001 GC heap before
{Heap before GC invocations=12 (full 0):
 garbage-first heap   total 262144K, used 173975K [0x0000000701000000, 0x0000000800000000)
  region size 1024K, 139 young (142336K), 4 survivors (4096K)
 Metaspace       used 62960K, capacity 65474K, committed 65660K, reserved 1103872K
  class space    used 9893K, capacity 10714K, committed 10752K, reserved 1048576K
}
Event: 1758.014 GC heap after
{Heap after GC invocations=13 (full 0):
 garbage-first heap   total 262144K, used 35799K [0x0000000701000000, 0x0000000800000000)
  region size 1024K, 4 young (4096K), 4 survivors (4096K)
 Metaspace       used 62960K, capacity 65474K, committed 65660K, reserved 1103872K
  class space    used 9893K, capacity 10714K, committed 10752K, reserved 1048576K
}
Event: 1936.649 GC heap before
{Heap before GC invocations=13 (full 0):
 garbage-first heap   total 262144K, used 179159K [0x0000000701000000, 0x0000000800000000)
  region size 1024K, 145 young (148480K), 4 survivors (4096K)
 Metaspace       used 69077K, capacity 73359K, committed 73468K, reserved 1110016K
  class space    used 11174K, capacity 12601K, committed 12672K, reserved 1048576K
}
Event: 1936.662 GC heap after
{Heap after GC invocations=14 (full 0):
 garbage-first heap   total 262144K, used 36767K [0x0000000701000000, 0x0000000800000000)
  region size 1024K, 5 young (5120K), 5 survivors (5120K)
 Metaspace       used 69077K, capacity 73359K, committed 73468K, reserved 1110016K
  class space    used 11174K, capacity 12601K, committed 12672K, reserved 1048576K
}
Event: 1948.907 GC heap before
{Heap before GC invocations=14 (full 0):
 garbage-first heap   total 262144K, used 185247K [0x0000000701000000, 0x0000000800000000)
  region size 1024K, 151 young (154624K), 5 survivors (5120K)
 Metaspace       used 78587K, capacity 84289K, committed 84476K, reserved 1120256K
  class space    used 12772K, capacity 14662K, committed 14720K, reserved 1048576K
}
Event: 1948.920 GC heap after
{Heap after GC invocations=15 (full 0):
 garbage-first heap   total 262144K, used 39705K [0x0000000701000000, 0x0000000800000000)
  region size 1024K, 8 young (8192K), 8 survivors (8192K)
 Metaspace       used 78587K, capacity 84289K, committed 84476K, reserved 1120256K
  class space    used 12772K, capacity 14662K, committed 14720K, reserved 1048576K
}
Event: 1964.800 GC heap before
{Heap before GC invocations=15 (full 0):
 garbage-first heap   total 262144K, used 188185K [0x0000000701000000, 0x0000000800000000)
  region size 1024K, 153 young (156672K), 8 survivors (8192K)
 Metaspace       used 81756K, capacity 89018K, committed 89212K, reserved 1122304K
  class space    used 13669K, capacity 16096K, committed 16128K, reserved 1048576K
}
Event: 1964.814 GC heap after
{Heap after GC invocations=16 (full 0):
 garbage-first heap   total 262144K, used 40304K [0x0000000701000000, 0x0000000800000000)
  region size 1024K, 9 young (9216K), 9 survivors (9216K)
 Metaspace       used 81756K, capacity 89018K, committed 89212K, reserved 1122304K
  class space    used 13669K, capacity 16096K, committed 16128K, reserved 1048576K
}
Event: 2454.993 GC heap before
{Heap before GC invocations=16 (full 0):
 garbage-first heap   total 262144K, used 186736K [0x0000000701000000, 0x0000000800000000)
  region size 1024K, 153 young (156672K), 9 survivors (9216K)
 Metaspace       used 82001K, capacity 89313K, committed 89596K, reserved 1122304K
  class space    used 13724K, capacity 16168K, committed 16256K, reserved 1048576K
}
Event: 2455.005 GC heap after
{Heap after GC invocations=17 (full 0):
 garbage-first heap   total 262144K, used 41155K [0x0000000701000000, 0x0000000800000000)
  region size 1024K, 10 young (10240K), 10 survivors (10240K)
 Metaspace       used 82001K, capacity 89313K, committed 89596K, reserved 1122304K
  class space    used 13724K, capacity 16168K, committed 16256K, reserved 1048576K
}
Event: 3008.939 GC heap before
{Heap before GC invocations=17 (full 0):
 garbage-first heap   total 262144K, used 187587K [0x0000000701000000, 0x0000000800000000)
  region size 1024K, 153 young (156672K), 10 survivors (10240K)
 Metaspace       used 82008K, capacity 89313K, committed 89596K, reserved 1122304K
  class space    used 13724K, capacity 16168K, committed 16256K, reserved 1048576K
}
Event: 3008.950 GC heap after
{Heap after GC invocations=18 (full 0):
 garbage-first heap   total 262144K, used 41305K [0x0000000701000000, 0x0000000800000000)
  region size 1024K, 10 young (10240K), 10 survivors (10240K)
 Metaspace       used 82008K, capacity 89313K, committed 89596K, reserved 1122304K
  class space    used 13724K, capacity 16168K, committed 16256K, reserved 1048576K
}
Event: 3563.347 GC heap before
{Heap before GC invocations=18 (full 0):
 garbage-first heap   total 262144K, used 187737K [0x0000000701000000, 0x0000000800000000)
  region size 1024K, 153 young (156672K), 10 survivors (10240K)
 Metaspace       used 82020K, capacity 89313K, committed 89596K, reserved 1122304K
  class space    used 13724K, capacity 16168K, committed 16256K, reserved 1048576K
}
Event: 3563.359 GC heap after
{Heap after GC invocations=19 (full 0):
 garbage-first heap   total 262144K, used 41447K [0x0000000701000000, 0x0000000800000000)
  region size 1024K, 10 young (10240K), 10 survivors (10240K)
 Metaspace       used 82020K, capacity 89313K, committed 89596K, reserved 1122304K
  class space    used 13724K, capacity 16168K, committed 16256K, reserved 1048576K
}
Event: 4115.892 GC heap before
{Heap before GC invocations=19 (full 0):
 garbage-first heap   total 262144K, used 187879K [0x0000000701000000, 0x0000000800000000)
  region size 1024K, 153 young (156672K), 10 survivors (10240K)
 Metaspace       used 82057K, capacity 89441K, committed 89596K, reserved 1122304K
  class space    used 13728K, capacity 16168K, committed 16256K, reserved 1048576K
}
Event: 4115.902 GC heap after
{Heap after GC invocations=20 (full 0):
 garbage-first heap   total 262144K, used 41051K [0x0000000701000000, 0x0000000800000000)
  region size 1024K, 10 young (10240K), 10 survivors (10240K)
 Metaspace       used 82057K, capacity 89441K, committed 89596K, reserved 1122304K
  class space    used 13728K, capacity 16168K, committed 16256K, reserved 1048576K
}
Event: 4619.505 GC heap before
{Heap before GC invocations=20 (full 0):
 garbage-first heap   total 262144K, used 187483K [0x0000000701000000, 0x0000000800000000)
  region size 1024K, 153 young (156672K), 10 survivors (10240K)
 Metaspace       used 82174K, capacity 89586K, committed 89852K, reserved 1122304K
  class space    used 13756K, capacity 16210K, committed 16256K, reserved 1048576K
}
Event: 4619.519 GC heap after
{Heap after GC invocations=21 (full 0):
 garbage-first heap   total 262144K, used 40919K [0x0000000701000000, 0x0000000800000000)
  region size 1024K, 9 young (9216K), 9 survivors (9216K)
 Metaspace       used 82174K, capacity 89586K, committed 89852K, reserved 1122304K
  class space    used 13756K, capacity 16210K, committed 16256K, reserved 1048576K
}

Deoptimization events (20 events):
Event: 4594.055 Thread 0x000001817f0b8000 DEOPT PACKING pc=0x000001815e621944 sp=0x00000058d83ff190
Event: 4594.055 Thread 0x000001817f0b8000 DEOPT UNPACKING pc=0x000001815da6bb5e sp=0x00000058d83fe658 mode 0
Event: 4604.053 Thread 0x000001817b7a7800 DEOPT PACKING pc=0x000001815e621944 sp=0x00000058d82febe0
Event: 4604.053 Thread 0x000001817b7a7800 DEOPT UNPACKING pc=0x000001815da6bb5e sp=0x00000058d82fe0a0 mode 0
Event: 4604.053 Thread 0x000001817b7a7800 DEOPT PACKING pc=0x000001815e5ce264 sp=0x00000058d82fecc0
Event: 4604.053 Thread 0x000001817b7a7800 DEOPT UNPACKING pc=0x000001815da6bb5e sp=0x00000058d82fe1e8 mode 0
Event: 4614.053 Thread 0x000001817f0bc000 DEOPT PACKING pc=0x000001815e621944 sp=0x00000058d41fef20
Event: 4614.053 Thread 0x000001817f0bc000 DEOPT UNPACKING pc=0x000001815da6bb5e sp=0x00000058d41fe3e0 mode 0
Event: 4614.053 Thread 0x000001817f0bc000 DEOPT PACKING pc=0x000001815e5ce264 sp=0x00000058d41ff000
Event: 4614.053 Thread 0x000001817f0bc000 DEOPT UNPACKING pc=0x000001815da6bb5e sp=0x00000058d41fe528 mode 0
Event: 4624.054 Thread 0x000001817f0b7800 DEOPT PACKING pc=0x000001815e621944 sp=0x00000058d40febc0
Event: 4624.054 Thread 0x000001817f0b7800 DEOPT UNPACKING pc=0x000001815da6bb5e sp=0x00000058d40fe088 mode 0
Event: 4631.881 Thread 0x000001817f0c0800 DEOPT PACKING pc=0x000001815e312264 sp=0x00000058d8afd9e0
Event: 4631.881 Thread 0x000001817f0c0800 DEOPT UNPACKING pc=0x000001815da6bb5e sp=0x00000058d8afcf08 mode 1
Event: 4631.937 Thread 0x000001817b046000 DEOPT PACKING pc=0x000001815e4c11bc sp=0x00000058d5bff0f0
Event: 4631.937 Thread 0x000001817b046000 DEOPT UNPACKING pc=0x000001815da6bb5e sp=0x00000058d5bfe608 mode 0
Event: 4631.937 Thread 0x000001817b044800 DEOPT PACKING pc=0x0000018165ba762c sp=0x00000058d5aff220
Event: 4631.937 Thread 0x000001817b044800 DEOPT UNPACKING pc=0x000001815da6bb5e sp=0x00000058d5afe468 mode 0
Event: 4631.940 Thread 0x000001817b044800 DEOPT PACKING pc=0x00000181659816d0 sp=0x00000058d5aff320
Event: 4631.940 Thread 0x000001817b044800 DEOPT UNPACKING pc=0x000001815da6bb5e sp=0x00000058d5afe770 mode 0

Classes redefined (20 events):
Event: 1963.698 Thread 0x000001817a461800 redefined class name=genspark.assignments.section8.OutgoingCallsFromBangalore, count=507
Event: 1963.815 Thread 0x000001817a461800 redefined class name=genspark.assignments.section8.OutgoingCallsFromBangalore, count=508
Event: 1963.923 Thread 0x000001817a461800 redefined class name=genspark.assignments.section8.OutgoingCallsFromBangalore, count=509
Event: 1964.023 Thread 0x000001817a461800 redefined class name=genspark.assignments.section8.OutgoingCallsFromBangalore, count=510
Event: 1964.141 Thread 0x000001817a461800 redefined class name=genspark.assignments.section8.OutgoingCallsFromBangalore, count=511
Event: 1964.257 Thread 0x000001817a461800 redefined class name=genspark.assignments.section8.OutgoingCallsFromBangalore, count=512
Event: 1964.365 Thread 0x000001817a461800 redefined class name=genspark.assignments.section8.OutgoingCallsFromBangalore, count=513
Event: 1964.475 Thread 0x000001817a461800 redefined class name=genspark.assignments.section8.OutgoingCallsFromBangalore, count=514
Event: 1964.586 Thread 0x000001817a461800 redefined class name=genspark.assignments.section8.OutgoingCallsFromBangalore, count=515
Event: 1964.696 Thread 0x000001817a461800 redefined class name=genspark.assignments.section8.OutgoingCallsFromBangalore, count=516
Event: 1964.826 Thread 0x000001817a461800 redefined class name=genspark.assignments.section8.OutgoingCallsFromBangalore, count=517
Event: 1964.935 Thread 0x000001817a461800 redefined class name=genspark.assignments.section8.OutgoingCallsFromBangalore, count=518
Event: 1965.028 Thread 0x000001817a461800 redefined class name=genspark.assignments.section8.OutgoingCallsFromBangalore, count=519
Event: 1965.147 Thread 0x000001817a461800 redefined class name=genspark.assignments.section8.OutgoingCallsFromBangalore, count=520
Event: 1965.262 Thread 0x000001817a461800 redefined class name=genspark.assignments.section8.OutgoingCallsFromBangalore, count=521
Event: 1965.366 Thread 0x000001817a461800 redefined class name=genspark.assignments.section8.OutgoingCallsFromBangalore, count=522
Event: 1965.468 Thread 0x000001817a461800 redefined class name=genspark.assignments.section8.OutgoingCallsFromBangalore, count=523
Event: 4481.010 Thread 0x000001817a461800 redefined class name=genspark.assignments.section8.PotentialTelemarketers, count=1
Event: 4481.183 Thread 0x000001817a461800 redefined class name=genspark.assignments.section8.PotentialTelemarketers, count=2
Event: 4631.883 Thread 0x000001817a461800 redefined class name=genspark.assignments.section8.PotentialTelemarketers, count=3

Internal exceptions (20 events):
Event: 1959.868 Thread 0x000001817bc94800 Exception <a 'java/lang/NoSuchMethodError'{0x000000070bc567d0}: <clinit>> (0x000000070bc567d0) thrown at [./src/hotspot/share/prims/jni.cpp, line 1363]
Event: 1959.891 Thread 0x000001817bc94800 Exception <a 'java/lang/NoSuchMethodError'{0x000000070ac90890}: <clinit>> (0x000000070ac90890) thrown at [./src/hotspot/share/prims/jni.cpp, line 1363]
Event: 1961.837 Thread 0x000001817bc94800 Exception <a 'java/lang/NoSuchMethodError'{0x000000070aceb7e8}: <clinit>> (0x000000070aceb7e8) thrown at [./src/hotspot/share/prims/jni.cpp, line 1363]
Event: 1961.851 Thread 0x000001817bc94800 Exception <a 'java/lang/NoSuchMethodError'{0x0000000709b988e0}: <clinit>> (0x0000000709b988e0) thrown at [./src/hotspot/share/prims/jni.cpp, line 1363]
Event: 1963.560 Thread 0x000001817bc94800 Exception <a 'java/lang/NoSuchMethodError'{0x0000000708b87150}: <clinit>> (0x0000000708b87150) thrown at [./src/hotspot/share/prims/jni.cpp, line 1363]
Event: 1963.576 Thread 0x000001817bc94800 Exception <a 'java/lang/NoSuchMethodError'{0x0000000708bba818}: <clinit>> (0x0000000708bba818) thrown at [./src/hotspot/share/prims/jni.cpp, line 1363]
Event: 1965.146 Thread 0x000001817bc94800 Exception <a 'java/lang/NoSuchMethodError'{0x0000000710b29da8}: <clinit>> (0x0000000710b29da8) thrown at [./src/hotspot/share/prims/jni.cpp, line 1363]
Event: 1965.694 Thread 0x000001817bc94800 Exception <a 'java/lang/NoSuchMethodError'{0x0000000710abb6a8}: <clinit>> (0x0000000710abb6a8) thrown at [./src/hotspot/share/prims/jni.cpp, line 1363]
Event: 4478.796 Thread 0x000001817b046000 Exception <a 'sun/nio/fs/WindowsException'{0x000000070b382740}> (0x000000070b382740) thrown at [./src/hotspot/share/prims/jni.cpp, line 616]
Event: 4478.797 Thread 0x000001817b046000 Exception <a 'sun/nio/fs/WindowsException'{0x000000070b382b50}> (0x000000070b382b50) thrown at [./src/hotspot/share/prims/jni.cpp, line 616]
Event: 4478.797 Thread 0x000001817b046000 Exception <a 'sun/nio/fs/WindowsException'{0x000000070b383168}> (0x000000070b383168) thrown at [./src/hotspot/share/prims/jni.cpp, line 616]
Event: 4478.797 Thread 0x000001817b046000 Exception <a 'sun/nio/fs/WindowsException'{0x000000070b3837b8}> (0x000000070b3837b8) thrown at [./src/hotspot/share/prims/jni.cpp, line 616]
Event: 4478.797 Thread 0x000001817b046000 Exception <a 'sun/nio/fs/WindowsException'{0x000000070b383bf8}> (0x000000070b383bf8) thrown at [./src/hotspot/share/prims/jni.cpp, line 616]
Event: 4481.523 Thread 0x00000181010ff800 Exception <a 'java/lang/reflect/InvocationTargetException'{0x000000070a53ee28}> (0x000000070a53ee28) thrown at [./src/hotspot/share/runtime/reflection.cpp, line 1253]
Event: 4481.570 Thread 0x000001817bc94800 Exception <a 'java/lang/NoSuchMethodError'{0x000000070b183c68}: <clinit>> (0x000000070b183c68) thrown at [./src/hotspot/share/prims/jni.cpp, line 1363]
Event: 4630.068 Thread 0x000001817b046000 Exception <a 'sun/nio/fs/WindowsException'{0x0000000710c08880}> (0x0000000710c08880) thrown at [./src/hotspot/share/prims/jni.cpp, line 616]
Event: 4630.068 Thread 0x000001817b046000 Exception <a 'sun/nio/fs/WindowsException'{0x0000000710c08c90}> (0x0000000710c08c90) thrown at [./src/hotspot/share/prims/jni.cpp, line 616]
Event: 4630.068 Thread 0x000001817b046000 Exception <a 'sun/nio/fs/WindowsException'{0x0000000710c092a8}> (0x0000000710c092a8) thrown at [./src/hotspot/share/prims/jni.cpp, line 616]
Event: 4630.068 Thread 0x000001817b046000 Exception <a 'sun/nio/fs/WindowsException'{0x0000000710c098f8}> (0x0000000710c098f8) thrown at [./src/hotspot/share/prims/jni.cpp, line 616]
Event: 4630.068 Thread 0x000001817b046000 Exception <a 'sun/nio/fs/WindowsException'{0x0000000710c09d38}> (0x0000000710c09d38) thrown at [./src/hotspot/share/prims/jni.cpp, line 616]

Events (20 events):
Event: 4631.687 Executing VM operation: RevokeBias done
Event: 4631.687 Thread 0x000001817f0c0800 Thread exited: 0x000001817f0c0800
Event: 4631.687 Executing VM operation: RevokeBias
Event: 4631.687 Executing VM operation: RevokeBias done
Event: 4631.687 Thread 0x000001817f0c1000 Thread exited: 0x000001817f0c1000
Event: 4631.687 Thread 0x000001817f0ba800 Thread exited: 0x000001817f0ba800
Event: 4631.874 Thread 0x000001817f0c0800 Thread added: 0x000001817f0c0800
Event: 4631.883 Executing VM operation: RedefineClasses
Event: 4631.937 Executing VM operation: RedefineClasses done
Event: 4631.938 Executing VM operation: GetFrameCount
Event: 4631.938 Executing VM operation: GetFrameCount done
Event: 4631.938 Executing VM operation: GetFrameCount
Event: 4631.938 Executing VM operation: GetFrameCount done
Event: 4631.938 Executing VM operation: GetStackTrace
Event: 4631.938 Executing VM operation: GetStackTrace done
Event: 4631.938 Executing VM operation: GetOrSetLocal
Event: 4631.939 Executing VM operation: GetOrSetLocal done
Event: 4631.940 Executing VM operation: RevokeBias
Event: 4631.940 Executing VM operation: RevokeBias done
Event: 4631.940 Thread 0x000001817f0c0800 Thread exited: 0x000001817f0c0800


Dynamic libraries:
0x00007ff70c100000 - 0x00007ff70c10d000 	C:\GenSpark\dcevm-11.0.11+1\bin\java.exe
0x00007ffb77670000 - 0x00007ffb77884000 	C:\WINDOWS\SYSTEM32\ntdll.dll
0x00007ffb76380000 - 0x00007ffb76443000 	C:\WINDOWS\System32\KERNEL32.DLL
0x00007ffb74e00000 - 0x00007ffb7519c000 	C:\WINDOWS\System32\KERNELBASE.dll
0x00007ffb75250000 - 0x00007ffb75361000 	C:\WINDOWS\System32\ucrtbase.dll
0x00007ffb58dd0000 - 0x00007ffb58de7000 	C:\GenSpark\dcevm-11.0.11+1\bin\jli.dll
0x00007ffb588e0000 - 0x00007ffb588f5000 	C:\GenSpark\dcevm-11.0.11+1\bin\VCRUNTIME140.dll
0x00007ffb75c80000 - 0x00007ffb75e2d000 	C:\WINDOWS\System32\USER32.dll
0x00007ffb624e0000 - 0x00007ffb6276e000 	C:\WINDOWS\WinSxS\amd64_microsoft.windows.common-controls_6595b64144ccf1df_6.0.22621.608_none_a9444ca7c10bb01d\COMCTL32.dll
0x00007ffb751a0000 - 0x00007ffb751c6000 	C:\WINDOWS\System32\win32u.dll
0x00007ffb76450000 - 0x00007ffb764f7000 	C:\WINDOWS\System32\msvcrt.dll
0x00007ffb75500000 - 0x00007ffb75529000 	C:\WINDOWS\System32\GDI32.dll
0x00007ffb74ce0000 - 0x00007ffb74df3000 	C:\WINDOWS\System32\gdi32full.dll
0x00007ffb753e0000 - 0x00007ffb7547a000 	C:\WINDOWS\System32\msvcp_win.dll
0x00007ffb774d0000 - 0x00007ffb77501000 	C:\WINDOWS\System32\IMM32.DLL
0x00007ffb40c60000 - 0x00007ffb40cfb000 	C:\GenSpark\dcevm-11.0.11+1\bin\msvcp140.dll
0x00007ffb37430000 - 0x00007ffb37f14000 	C:\GenSpark\dcevm-11.0.11+1\bin\server\jvm.dll
0x00007ffb76000000 - 0x00007ffb760ae000 	C:\WINDOWS\System32\ADVAPI32.dll
0x00007ffb75e30000 - 0x00007ffb75ed4000 	C:\WINDOWS\System32\sechost.dll
0x00007ffb76140000 - 0x00007ffb76255000 	C:\WINDOWS\System32\RPCRT4.dll
0x00007ffb76a70000 - 0x00007ffb76a78000 	C:\WINDOWS\System32\PSAPI.DLL
0x00007ffadb0a0000 - 0x00007ffadb0a9000 	C:\WINDOWS\SYSTEM32\WSOCK32.dll
0x00007ffb6ddc0000 - 0x00007ffb6ddf4000 	C:\WINDOWS\SYSTEM32\WINMM.dll
0x00007ffb75480000 - 0x00007ffb754f1000 	C:\WINDOWS\System32\WS2_32.dll
0x00007ffb6dd90000 - 0x00007ffb6dd9a000 	C:\WINDOWS\SYSTEM32\VERSION.dll
0x00007ffb73bf0000 - 0x00007ffb73c08000 	C:\WINDOWS\SYSTEM32\kernel.appcore.dll
0x00007ffb59040000 - 0x00007ffb59050000 	C:\GenSpark\dcevm-11.0.11+1\bin\verify.dll
0x00007ffb664e0000 - 0x00007ffb6670e000 	C:\WINDOWS\SYSTEM32\DBGHELP.DLL
0x00007ffb766c0000 - 0x00007ffb76a49000 	C:\WINDOWS\System32\combase.dll
0x00007ffb75ba0000 - 0x00007ffb75c77000 	C:\WINDOWS\System32\OLEAUT32.dll
0x00007ffb5f320000 - 0x00007ffb5f352000 	C:\WINDOWS\SYSTEM32\dbgcore.DLL
0x00007ffb751d0000 - 0x00007ffb7524b000 	C:\WINDOWS\System32\bcryptPrimitives.dll
0x00007ffb574a0000 - 0x00007ffb574c8000 	C:\GenSpark\dcevm-11.0.11+1\bin\java.dll
0x00007ffb58e80000 - 0x00007ffb58e8a000 	C:\GenSpark\dcevm-11.0.11+1\bin\jimage.dll
0x00007ffb58ae0000 - 0x00007ffb58b18000 	C:\GenSpark\dcevm-11.0.11+1\bin\jdwp.dll
0x00007ffb71810000 - 0x00007ffb7181e000 	C:\GenSpark\dcevm-11.0.11+1\bin\instrument.dll
0x00007ffb54200000 - 0x00007ffb54217000 	C:\GenSpark\dcevm-11.0.11+1\bin\zip.dll
0x00007ffb76ae0000 - 0x00007ffb772d0000 	C:\WINDOWS\System32\SHELL32.dll
0x00007ffb72ad0000 - 0x00007ffb7339e000 	C:\WINDOWS\SYSTEM32\windows.storage.dll
0x00007ffb72990000 - 0x00007ffb72ace000 	C:\WINDOWS\SYSTEM32\wintypes.dll
0x00007ffb76270000 - 0x00007ffb76361000 	C:\WINDOWS\System32\SHCORE.dll
0x00007ffb76a80000 - 0x00007ffb76ade000 	C:\WINDOWS\System32\shlwapi.dll
0x00007ffb749e0000 - 0x00007ffb74a01000 	C:\WINDOWS\SYSTEM32\profapi.dll
0x00007ffb6f360000 - 0x00007ffb6f36a000 	C:\GenSpark\dcevm-11.0.11+1\bin\dt_socket.dll
0x00007ffb74060000 - 0x00007ffb740c9000 	C:\WINDOWS\system32\mswsock.dll
0x00007ffb51e70000 - 0x00007ffb51e89000 	C:\GenSpark\dcevm-11.0.11+1\bin\net.dll
0x00007ffb6dc00000 - 0x00007ffb6dd2f000 	C:\WINDOWS\SYSTEM32\WINHTTP.dll
0x00007ffb4ff00000 - 0x00007ffb4ff12000 	C:\GenSpark\dcevm-11.0.11+1\bin\nio.dll
0x00007ffb736d0000 - 0x00007ffb737c3000 	C:\WINDOWS\SYSTEM32\DNSAPI.dll
0x00007ffb73660000 - 0x00007ffb7368d000 	C:\WINDOWS\SYSTEM32\IPHLPAPI.DLL
0x00007ffb76260000 - 0x00007ffb76269000 	C:\WINDOWS\System32\NSI.dll
0x00007ffb66a30000 - 0x00007ffb66a3a000 	C:\Windows\System32\rasadhlp.dll
0x00007ffb6c020000 - 0x00007ffb6c0a3000 	C:\WINDOWS\System32\fwpuclnt.dll
0x00007ffb742d0000 - 0x00007ffb742eb000 	C:\WINDOWS\SYSTEM32\CRYPTSP.dll
0x00007ffb73b60000 - 0x00007ffb73b95000 	C:\WINDOWS\system32\rsaenh.dll
0x00007ffb74160000 - 0x00007ffb74188000 	C:\WINDOWS\SYSTEM32\USERENV.dll
0x00007ffb74460000 - 0x00007ffb74488000 	C:\WINDOWS\SYSTEM32\bcrypt.dll
0x00007ffb742c0000 - 0x00007ffb742cc000 	C:\WINDOWS\SYSTEM32\CRYPTBASE.dll
0x00007ffb6dda0000 - 0x00007ffb6ddb9000 	C:\WINDOWS\SYSTEM32\dhcpcsvc6.DLL
0x00007ffb6db10000 - 0x00007ffb6db2f000 	C:\WINDOWS\SYSTEM32\dhcpcsvc.DLL
0x00007ffb6f350000 - 0x00007ffb6f35e000 	C:\GenSpark\dcevm-11.0.11+1\bin\sunmscapi.dll
0x00007ffb74ab0000 - 0x00007ffb74c16000 	C:\WINDOWS\System32\CRYPT32.dll
0x00007ffb74430000 - 0x00007ffb7445d000 	C:\WINDOWS\SYSTEM32\ncrypt.dll
0x00007ffb743f0000 - 0x00007ffb74427000 	C:\WINDOWS\SYSTEM32\NTASN1.dll
0x00007ffb605d0000 - 0x00007ffb605f5000 	C:\GenSpark\dcevm-11.0.11+1\bin\sunec.dll
0x0000000066f40000 - 0x0000000066f6d000 	C:\Users\ogarc\AppData\Local\Temp\liblz4-java6840250984829715979.so
0x00007ffb717b0000 - 0x00007ffb717b9000 	C:\GenSpark\dcevm-11.0.11+1\bin\management.dll
0x00007ffb717a0000 - 0x00007ffb717ab000 	C:\GenSpark\dcevm-11.0.11+1\bin\management_ext.dll
0x00007ffb3cd90000 - 0x00007ffb3cfe9000 	C:\Users\ogarc\AppData\Local\Temp\io_grpc_netty_shaded_netty_tcnative_windows_x86_6411039955812248726096.dll
0x00007ffb1a010000 - 0x00007ffb1a027000 	C:\WINDOWS\system32\napinsp.dll
0x00007ffb19ff0000 - 0x00007ffb1a00b000 	C:\WINDOWS\system32\pnrpnsp.dll
0x00007ffb19fd0000 - 0x00007ffb19fe1000 	C:\WINDOWS\System32\winrnr.dll
0x00007ffb6d520000 - 0x00007ffb6d535000 	C:\WINDOWS\system32\wshbth.dll
0x00007ffb19fa0000 - 0x00007ffb19fc1000 	C:\WINDOWS\system32\nlansp_c.dll

dbghelp: loaded successfully - version: 4.0.5 - missing functions: none
symbol engine: initialized successfully - sym options: 0x614 - pdb path: .;C:\GenSpark\dcevm-11.0.11+1\bin;C:\WINDOWS\SYSTEM32;C:\WINDOWS\WinSxS\amd64_microsoft.windows.common-controls_6595b64144ccf1df_6.0.22621.608_none_a9444ca7c10bb01d;C:\GenSpark\dcevm-11.0.11+1\bin\server;C:\Users\ogarc\AppData\Local\Temp

VM Arguments:
jvm_args: -agentlib:jdwp=transport=dt_socket,address=127.0.0.1:58355,suspend=y,server=n -XX:HotswapAgent=core -Xlog:redefine+class*=info:file=src/main/java/reload_system/reload/reload.log -javaagent:C:\Users\ogarc\AppData\Local\JetBrains\IdeaIC2022.3\captureAgent\debugger-agent.jar -Dfile.encoding=UTF-8 
java_command: Main
java_class_path (initial): C:\GenSpark\genspark-java-core\genspark-java-core\target\classes;C:\Users\ogarc\.m2\repository\genspark-backend\genspark-backend\1.4.4\genspark-backend-1.4.4.jar;C:\Users\ogarc\.m2\repository\com\cognitect\transit-java\0.8.332\transit-java-0.8.332.jar;C:\Users\ogarc\.m2\repository\com\google\cloud\google-cloud-firestore\2.6.1\google-cloud-firestore-2.6.1.jar;C:\Users\ogarc\.m2\repository\org\clojure\data.json\0.2.6\data.json-0.2.6.jar;C:\Users\ogarc\.m2\repository\org\clojure\clojure\1.11.0-alpha2\clojure-1.11.0-alpha2.jar;C:\Users\ogarc\.m2\repository\commons-codec\commons-codec\1.15\commons-codec-1.15.jar;C:\Users\ogarc\.m2\repository\org\eclipse\collections\eclipse-collections\11.0.0\eclipse-collections-11.0.0.jar;C:\Users\ogarc\.m2\repository\com\google\errorprone\error_prone_annotations\2.7.1\error_prone_annotations-2.7.1.jar;C:\Users\ogarc\.m2\repository\org\eclipse\collections\eclipse-collections-forkjoin\11.0.0\eclipse-collections-forkjoin-11.0.0.jar;C:\Users\ogarc\.m2\repository\org\clojure\core.specs.alpha\0.2.62\core.specs.alpha-0.2.62.jar;C:\Users\ogarc\.m2\repository\com\google\cloud\google-cloud-core-http\1.95.4\google-cloud-core-http-1.95.4.jar;C:\Users\ogarc\.m2\repository\javax\annotation\javax.annotation-api\1.3.2\javax.annotation-api-1.3.2.jar;C:\Users\ogarc\.m2\repository\com\google\oauth-client\google-oauth-client\1.31.5\google-oauth-client-1.31.5.jar;C:\Users\ogarc\.m2\repository\com\google\auto\value\auto-value-annotations\1.8.1\auto-value-annotations-1.8.1.jar;C:\Users\ogarc\.m2\repository\io\netty\netty-common\4.1.67.Final\netty-common-4.1.67.Final.jar;C:\Users\ogarc\.m2\repository\com\google\auth\google-auth-library-credentials\0.26.0\google-auth-library-credentials-0.26.0.jar;C:\Users\ogarc\.m2\repository\org\eclipse\collections\eclipse-collections-api\11.0.0\eclipse-collections-api-11.0.0.jar;C:\Users\ogarc\.m2\repository\org\clojure\spec.alpha\0.2.194\spec.alpha-0.2.194.jar;C:\Users\ogarc\.m2\repository\com\g
Launcher Type: SUN_STANDARD

[Global flags]
     intx CICompilerCount                          = 12                                        {product} {ergonomic}
     uint ConcGCThreads                            = 3                                         {product} {ergonomic}
     uint G1ConcRefinementThreads                  = 13                                        {product} {ergonomic}
   size_t G1HeapRegionSize                         = 1048576                                   {product} {ergonomic}
    uintx GCDrainStackTargetSize                   = 64                                        {product} {ergonomic}
    ccstr HotswapAgent                             = core                                      {product} {command line}
   size_t InitialHeapSize                          = 268435456                                 {product} {ergonomic}
   size_t MarkStackSize                            = 4194304                                   {product} {ergonomic}
   size_t MaxHeapSize                              = 4278190080                                {product} {ergonomic}
   size_t MaxNewSize                               = 2566914048                                {product} {ergonomic}
   size_t MinHeapDeltaBytes                        = 1048576                                   {product} {ergonomic}
    uintx NonNMethodCodeHeapSize                   = 7594288                                {pd product} {ergonomic}
    uintx NonProfiledCodeHeapSize                  = 122031976                              {pd product} {ergonomic}
    uintx ProfiledCodeHeapSize                     = 122031976                              {pd product} {ergonomic}
    uintx ReservedCodeCacheSize                    = 251658240                              {pd product} {ergonomic}
     bool SegmentedCodeCache                       = true                                      {product} {ergonomic}
     bool UseCompressedClassPointers               = true                                 {lp64_product} {ergonomic}
     bool UseCompressedOops                        = true                                 {lp64_product} {ergonomic}
     bool UseG1GC                                  = true                                      {product} {ergonomic}
     bool UseLargePagesIndividualAllocation        = false                                  {pd product} {ergonomic}

Logging:
Log output configuration:
 #0: stdout all=warning uptime,level,tags
 #1: stderr all=off uptime,level,tags
 #2: file=src/main/java/reload_system/reload/reload.log all=off,redefine*=info uptime,level,tags filecount=5,filesize=20480K

Environment Variables:
PATH=C:\Program Files\Common Files\Oracle\Java\javapath;C:\Program Files (x86)\Razer Chroma SDK\bin;C:\Program Files\Razer Chroma SDK\bin;C:\Program Files (x86)\Razer\ChromaBroadcast\bin;C:\Program Files\Razer\ChromaBroadcast\bin;C:\Windows\system32;C:\Windows;C:\Windows\System32\Wbem;C:\Windows\System32\WindowsPowerShell\v1.0\;C:\Windows\System32\OpenSSH\;C:\Users\ogarc\AppData\Local\Microsoft\WindowsApps;C:\Program Files\Git\cmd;C:\WINDOWS\system32;C:\WINDOWS;C:\WINDOWS\System32\Wbem;C:\WINDOWS\System32\WindowsPowerShell\v1.0\;C:\WINDOWS\System32\OpenSSH\;C:\Users\ogarc\AppData\Local\Programs\Python\Python310\Scripts\;C:\Users\ogarc\AppData\Local\Programs\Python\Python310\;C:\Users\ogarc\AppData\Local\Microsoft\WindowsApps;
USERNAME=ogarc
OS=Windows_NT
PROCESSOR_IDENTIFIER=AMD64 Family 23 Model 8 Stepping 2, AuthenticAMD



---------------  S Y S T E M  ---------------

OS: Windows 10 , 64 bit Build 22621 (10.0.22621.1344)
OS uptime: 1 days 5:13 hours

CPU:total 16 (initial active 16) (16 cores per cpu, 2 threads per core) family 23 model 8 stepping 2 microcode 0x0, cmov, cx8, fxsr, mmx, sse, sse2, sse3, ssse3, sse4.1, sse4.2, popcnt, avx, avx2, aes, clmul, mmxext, 3dnowpref, lzcnt, sse4a, ht, tsc, tscinvbit, tscinv, bmi1, bmi2, adx, s

Memory: 4k page, system-wide physical 16316M (2240M free)
TotalPageFile size 36796M (AvailPageFile size 9408M)
current process WorkingSet (physical memory assigned to process): 474M, peak: 571M
current process commit charge ("private bytes"): 652M, peak: 691M

vm_info: Dynamic Code Evolution 64-Bit Server VM (11.0.11+1-202105021746) for windows-amd64 JRE (11.0.11+1-202105021746), built on May  2 2021 18:05:20 by "" with MS VC++ 15.9 (VS2017)

END.
