#
# A fatal error has been detected by the Java Runtime Environment:
#
#  EXCEPTION_ACCESS_VIOLATION (0xc0000005) at pc=0x00007ffb37567427, pid=28964, tid=3028
#
# JRE version: OpenJDK Runtime Environment AdoptOpenJDK-dcevm-11.0.11+1-202105021746 (11.0.11+1) (build 11.0.11+1-202105021746)
# Java VM: Dynamic Code Evolution 64-Bit Server VM AdoptOpenJDK-dcevm-11.0.11+1-202105021746 (11.0.11+1-202105021746, mixed mode, tiered, compressed oops, g1 gc, windows-amd64)
# Problematic frame:
# V  [jvm.dll+0x137427]
#
# No core dump will be written. Minidumps are not enabled by default on client versions of Windows
#
# If you would like to submit a bug report, please visit:
#   https://github.com/AdoptOpenJDK/openjdk-support/issues
#

---------------  S U M M A R Y ------------

Command Line: -agentlib:jdwp=transport=dt_socket,address=127.0.0.1:54112,suspend=y,server=n -XX:HotswapAgent=core -Xlog:redefine+class*=info:file=src/main/java/reload_system/reload/reload.log -javaagent:C:\Users\ogarc\AppData\Local\JetBrains\IdeaIC2022.3\captureAgent\debugger-agent.jar -Dfile.encoding=UTF-8 Main

Host: AMD Ryzen 7 2700X Eight-Core Processor         , 16 cores, 15G,  Windows 10 , 64 bit Build 22621 (10.0.22621.1344)
Time: Tue Mar 28 16:45:58 2023 Central Daylight Time elapsed time: 744.820192 seconds (0d 0h 12m 24s)

---------------  T H R E A D  ---------------

Current thread (0x00000258ef48c000):  JavaThread "C1 CompilerThread2" daemon [_thread_in_native, id=3028, stack(0x000000f41e400000,0x000000f41e500000)]


Current CompileTask:
C1: 744820 76090       2       java.util.regex.Pattern::escape (1323 bytes)

Stack: [0x000000f41e400000,0x000000f41e500000],  sp=0x000000f41e4fdd90,  free space=1015k
Native frames: (J=compiled Java code, j=interpreted, Vv=VM code, C=native code)
V  [jvm.dll+0x137427]
V  [jvm.dll+0x136dc8]
V  [jvm.dll+0x12e687]
V  [jvm.dll+0x1309c9]
V  [jvm.dll+0x12ed9c]
V  [jvm.dll+0x13789b]
V  [jvm.dll+0x136dc8]
V  [jvm.dll+0x12e687]
V  [jvm.dll+0x1309c9]
V  [jvm.dll+0x12ee94]
V  [jvm.dll+0x128b18]
V  [jvm.dll+0x138bca]
V  [jvm.dll+0x123e39]
V  [jvm.dll+0x1241a0]
V  [jvm.dll+0x12445f]
V  [jvm.dll+0x123707]
V  [jvm.dll+0x125617]
V  [jvm.dll+0x2116e7]
V  [jvm.dll+0x20f8a9]
V  [jvm.dll+0x6fd339]
V  [jvm.dll+0x6f63a4]
V  [jvm.dll+0x5fded6]
C  [ucrtbase.dll+0x29363]
C  [KERNEL32.DLL+0x126bd]
C  [ntdll.dll+0x5a9f8]


siginfo: EXCEPTION_ACCESS_VIOLATION (0xc0000005), reading address 0x0000000000000018


Register to memory mapping:

RIP=0x00007ffb37567427 jvm.dll
RAX=0x00000258ee075050 points into unknown readable memory: 0x0000000000000000 | 00 00 00 00 00 00 00 00
RBX=0x00000000ffffffff is an unknown value
RCX=0x000000f41e4fe410 is pointing into the stack for thread: 0x00000258ef48c000
RDX=0x00000258ee074f30 points into unknown readable memory: 0x00000258ee074ad0 | d0 4a 07 ee 58 02 00 00
RSP=0x000000f41e4fdd90 is pointing into the stack for thread: 0x00000258ef48c000
RBP=0x00000258ee074fb0 points into unknown readable memory: 0x00000258eff70800 | 00 08 f7 ef 58 02 00 00
RSI=0x00000258ee074f30 points into unknown readable memory: 0x00000258ee074ad0 | d0 4a 07 ee 58 02 00 00
RDI=0x000000f41e4fe410 is pointing into the stack for thread: 0x00000258ef48c000
R8 =0x0 is NULL
R9 =0x0 is NULL
R10=0x0 is NULL
R11=0x000000f41e4fdc80 is pointing into the stack for thread: 0x00000258ef48c000
R12=0x00000000ffffffff is an unknown value
R13=0x00000258ee0748c0 points into unknown readable memory: 0x00007ffb37c3e930 | 30 e9 c3 37 fb 7f 00 00
R14=0x0 is NULL
R15=0x0 is NULL


Registers:
RAX=0x00000258ee075050, RBX=0x00000000ffffffff, RCX=0x000000f41e4fe410, RDX=0x00000258ee074f30
RSP=0x000000f41e4fdd90, RBP=0x00000258ee074fb0, RSI=0x00000258ee074f30, RDI=0x000000f41e4fe410
R8 =0x0000000000000000, R9 =0x0000000000000000, R10=0x0000000000000000, R11=0x000000f41e4fdc80
R12=0x00000000ffffffff, R13=0x00000258ee0748c0, R14=0x0000000000000000, R15=0x0000000000000000
RIP=0x00007ffb37567427, EFLAGS=0x0000000000010246

Top of Stack: (sp=0x000000f41e4fdd90)
0x000000f41e4fdd90:   00000258ee28cc00 0000000000000000
0x000000f41e4fdda0:   00000258ee28cd20 000000f41e4fe410
0x000000f41e4fddb0:   00000258ee28bbe0 00007ffb37559343
0x000000f41e4fddc0:   0000000000000000 00000258ee074f30
0x000000f41e4fddd0:   00000258efec79e0 00007ffb37559343
0x000000f41e4fdde0:   000000f41e4ff2a0 0000000000000000
0x000000f41e4fddf0:   0000000000000000 0000000000000000
0x000000f41e4fde00:   0000000000000000 00000258ee28cd20
0x000000f41e4fde10:   0000000000000000 000000f41e4fe410
0x000000f41e4fde20:   0000000000000000 00007ffb37566dc8
0x000000f41e4fde30:   0000025800000000 00000258ee28cd20
0x000000f41e4fde40:   0000000000000000 00000258ef48c000
0x000000f41e4fde50:   00000258000000ba 0000000000000000
0x000000f41e4fde60:   00000258ee28cd20 00007ffb3755e687
0x000000f41e4fde70:   00000258ee28cd20 00000000000000ba
0x000000f41e4fde80:   000000f41e4fe410 000000f41e4fe410 

Instructions: (pc=0x00007ffb37567427)
0x00007ffb37567327:   4c 89 2c c8 8b 53 04 44 3b fa 7c b2 44 0f b6 ac
0x00007ffb37567337:   24 b0 00 00 00 45 84 ed 74 06 4c 8b 4e 28 eb 03
0x00007ffb37567347:   4d 8b ce 4c 8b 44 24 30 48 8b d6 c6 44 24 28 01
0x00007ffb37567357:   48 8b cf 48 89 5c 24 20 e8 5c c7 ff ff 48 8b 0f
0x00007ffb37567367:   48 8b 41 20 8b 50 38 2b 50 28 e8 ea 3c ff ff 4c
0x00007ffb37567377:   8b e8 48 85 c0 75 32 b9 d0 01 00 00 e8 68 a6 fc
0x00007ffb37567387:   ff 48 85 c0 74 1c 48 8b 0f 48 8b 51 20 8b 4a 38
0x00007ffb37567397:   2b 4a 28 8b d1 48 8b c8 e8 7c 0a ff ff 4c 8b e8
0x00007ffb375673a7:   eb 03 4d 8b ee 45 89 75 70 41 8b 85 c0 00 00 00
0x00007ffb375673b7:   4d 8b c5 48 8b d6 89 84 24 a0 00 00 00 48 8b cf
0x00007ffb375673c7:   e8 b4 ca ff ff 48 8b 47 08 48 83 78 68 00 0f 85
0x00007ffb375673d7:   b2 05 00 00 48 8b 17 41 8b dc 48 8b 02 48 8b 48
0x00007ffb375673e7:   20 48 89 4a 20 48 8b 47 50 48 89 44 24 38 48 8b
0x00007ffb375673f7:   68 08 44 3b 65 38 7d 41 48 8b f0 0f 1f 40 00 66
0x00007ffb37567407:   66 0f 1f 84 00 00 00 00 00 48 8b 45 50 44 8b cb
0x00007ffb37567417:   48 63 cb 45 2b cc 48 8b d6 4c 8b 04 c8 48 8b cf
0x00007ffb37567427:   49 8b 40 18 03 58 08 e8 dd ee ff ff 3b 5d 38 7c
0x00007ffb37567437:   d8 48 8b b4 24 a8 00 00 00 44 89 65 38 4d 8b e6
0x00007ffb37567447:   8b 4e 18 48 8d 2d 27 12 6d 00 8b c1 4c 89 74 24
0x00007ffb37567457:   30 c1 e8 05 a8 01 0f 84 81 01 00 00 c1 e9 03 f6
0x00007ffb37567467:   c1 01 0f 84 8a 00 00 00 b9 60 00 00 00 e8 77 a5
0x00007ffb37567477:   fc ff 4c 8b f8 48 85 c0 74 56 b9 18 00 00 00 e8
0x00007ffb37567487:   65 a5 fc ff 48 8b d8 48 85 c0 74 2b 48 8b 4e 28
0x00007ffb37567497:   48 8b 01 ff 90 88 00 00 00 48 8d 0d 39 3d 6d 00
0x00007ffb375674a7:   c7 43 08 01 00 00 00 48 89 0b c7 43 0c 04 00 00
0x00007ffb375674b7:   00 48 89 43 10 eb 03 49 8b de 41 b1 01 45 33 c0
0x00007ffb375674c7:   48 8b d3 49 8b cf e8 4e 76 fe ff 49 89 2f eb 03
0x00007ffb375674d7:   4d 8b fe 48 8b 07 49 8b d7 48 8b 48 20 44 8b 41
0x00007ffb375674e7:   10 44 2b 41 28 48 8b cf e8 3c 35 ff ff 48 8b e8
0x00007ffb375674f7:   eb 0b 48 8b 47 50 48 8b 50 30 48 8b 2a b9 d0 01
0x00007ffb37567507:   00 00 48 89 6c 24 30 e8 dd a4 fc ff 48 85 c0 74
0x00007ffb37567517:   10 ba ff ff ff ff 48 8b c8 e8 fb 08 ff ff 4c 8b 


Stack slot to memory mapping:
stack at sp + 0 slots: 0x00000258ee28cc00 points into unknown readable memory: 0x0000000000000000 | 00 00 00 00 00 00 00 00
stack at sp + 1 slots: 0x0 is NULL
stack at sp + 2 slots: 0x00000258ee28cd20 points into unknown readable memory: 0x00007ffb37c4a980 | 80 a9 c4 37 fb 7f 00 00
stack at sp + 3 slots: 0x000000f41e4fe410 is pointing into the stack for thread: 0x00000258ef48c000
stack at sp + 4 slots: 0x00000258ee28bbe0 points into unknown readable memory: 0x00007ffb37c4a560 | 60 a5 c4 37 fb 7f 00 00
stack at sp + 5 slots: 0x00007ffb37559343 jvm.dll
stack at sp + 6 slots: 0x0 is NULL
stack at sp + 7 slots: 0x00000258ee074f30 points into unknown readable memory: 0x00000258ee074ad0 | d0 4a 07 ee 58 02 00 00


---------------  P R O C E S S  ---------------

Threads class SMR info:
_java_thread_list=0x00000258f091d550, length=61, elements={
0x00000258c2d16800, 0x00000258e9d52800, 0x00000258e9d5e800, 0x00000258e9dad800,
0x00000258e9dae800, 0x00000258e9db1000, 0x00000258e9db5000, 0x00000258e9db6000,
0x00000258e9dc3800, 0x00000258e9d10800, 0x00000258ea447800, 0x00000258ea32f800,
0x00000258ea33d000, 0x00000258ea8a6000, 0x00000258ea8a7800, 0x00000258ea8a8800,
0x00000258ea954000, 0x00000258ead57000, 0x00000258ec074800, 0x00000258ec075000,
0x00000258ebc68800, 0x00000258ebc69800, 0x00000258eb20f800, 0x00000258eb210000,
0x00000258eb212000, 0x00000258eb211000, 0x00000258ebfee800, 0x00000258ebfec800,
0x00000258ebff1000, 0x00000258ebff1800, 0x00000258ebfed800, 0x00000258ebfef000,
0x00000258ebff0000, 0x00000258ebfec000, 0x00000258ebff8000, 0x00000258ebff2800,
0x00000258ebff6800, 0x00000258ebff5800, 0x00000258ebff9000, 0x00000258ebff7800,
0x00000258ef483000, 0x00000258ef487000, 0x00000258ef482000, 0x00000258ef488000,
0x00000258ef486000, 0x00000258ef483800, 0x00000258ef484800, 0x00000258ef485800,
0x00000258ef481800, 0x00000258ef48f000, 0x00000258ef48b000, 0x00000258ebff4000,
0x00000258ebff5000, 0x00000258ef48a800, 0x00000258ef489800, 0x00000258ef48c000,
0x00000258ef48e800, 0x00000258ef48c800, 0x00000258ef48d800, 0x00000258ef488800,
0x00000258ef490000
}

Java Threads: ( => current thread )
  0x00000258c2d16800 JavaThread "WebSocketSelector-1" [_thread_in_native, id=1464, stack(0x000000f419a00000,0x000000f419b00000)]
  0x00000258e9d52800 JavaThread "Reference Handler" daemon [_thread_blocked, id=25128, stack(0x000000f41a100000,0x000000f41a200000)]
  0x00000258e9d5e800 JavaThread "Finalizer" daemon [_thread_blocked, id=29240, stack(0x000000f41a200000,0x000000f41a300000)]
  0x00000258e9dad800 JavaThread "Signal Dispatcher" daemon [_thread_blocked, id=19212, stack(0x000000f41a300000,0x000000f41a400000)]
  0x00000258e9dae800 JavaThread "Attach Listener" daemon [_thread_blocked, id=20040, stack(0x000000f41a400000,0x000000f41a500000)]
  0x00000258e9db1000 JavaThread "Service Thread" daemon [_thread_blocked, id=31260, stack(0x000000f41a500000,0x000000f41a600000)]
  0x00000258e9db5000 JavaThread "C2 CompilerThread0" daemon [_thread_blocked, id=11044, stack(0x000000f41a600000,0x000000f41a700000)]
  0x00000258e9db6000 JavaThread "C1 CompilerThread0" daemon [_thread_blocked, id=9948, stack(0x000000f41a700000,0x000000f41a800000)]
  0x00000258e9dc3800 JavaThread "Sweeper thread" daemon [_thread_blocked, id=2900, stack(0x000000f41a800000,0x000000f41a900000)]
  0x00000258e9d10800 JavaThread "Common-Cleaner" daemon [_thread_blocked, id=22936, stack(0x000000f41a900000,0x000000f41aa00000)]
  0x00000258ea447800 JavaThread "JDWP Transport Listener: dt_socket" daemon [_thread_blocked, id=15844, stack(0x000000f41ac00000,0x000000f41ad00000)]
  0x00000258ea32f800 JavaThread "JDWP Event Helper Thread" daemon [_thread_blocked, id=25936, stack(0x000000f41ad00000,0x000000f41ae00000)]
  0x00000258ea33d000 JavaThread "JDWP Command Reader" daemon [_thread_in_native, id=29776, stack(0x000000f41ae00000,0x000000f41af00000)]
  0x00000258ea8a6000 JavaThread "FileSystemWatchService" daemon [_thread_in_native, id=9828, stack(0x000000f41b100000,0x000000f41b200000)]
  0x00000258ea8a7800 JavaThread "HotSwap Watcher" daemon [_thread_blocked, id=31288, stack(0x000000f41b200000,0x000000f41b300000)]
  0x00000258ea8a8800 JavaThread "HotSwap Dispatcher" daemon [_thread_blocked, id=16600, stack(0x000000f41b300000,0x000000f41b400000)]
  0x00000258ea954000 JavaThread "Thread-2" daemon [_thread_blocked, id=18544, stack(0x000000f41b400000,0x000000f41b500000)]
  0x00000258ead57000 JavaThread "Thread-19" [_thread_blocked, id=28756, stack(0x000000f41b600000,0x000000f41b700000)]
  0x00000258ec074800 JavaThread "connectionLostChecker-1" [_thread_blocked, id=4024, stack(0x000000f41ab00000,0x000000f41ac00000)]
  0x00000258ec075000 JavaThread "WebSocketWorker-28" [_thread_blocked, id=29912, stack(0x000000f41b500000,0x000000f41b600000)]
  0x00000258ebc68800 JavaThread "WebSocketWorker-29" [_thread_blocked, id=13744, stack(0x000000f41bd00000,0x000000f41be00000)]
  0x00000258ebc69800 JavaThread "WebSocketWorker-30" [_thread_blocked, id=5672, stack(0x000000f41be00000,0x000000f41bf00000)]
  0x00000258eb20f800 JavaThread "WebSocketWorker-31" [_thread_blocked, id=31392, stack(0x000000f41bf00000,0x000000f41c000000)]
  0x00000258eb210000 JavaThread "WebSocketWorker-32" [_thread_blocked, id=1844, stack(0x000000f41c000000,0x000000f41c100000)]
  0x00000258eb212000 JavaThread "WebSocketWorker-33" [_thread_blocked, id=28880, stack(0x000000f41c100000,0x000000f41c200000)]
  0x00000258eb211000 JavaThread "WebSocketWorker-34" [_thread_blocked, id=31236, stack(0x000000f41c200000,0x000000f41c300000)]
  0x00000258ebfee800 JavaThread "WebSocketWorker-35" [_thread_blocked, id=31216, stack(0x000000f41c300000,0x000000f41c400000)]
  0x00000258ebfec800 JavaThread "WebSocketWorker-36" [_thread_blocked, id=11724, stack(0x000000f41c400000,0x000000f41c500000)]
  0x00000258ebff1000 JavaThread "WebSocketWorker-37" [_thread_blocked, id=20824, stack(0x000000f41c500000,0x000000f41c600000)]
  0x00000258ebff1800 JavaThread "WebSocketWorker-38" [_thread_blocked, id=22184, stack(0x000000f41c600000,0x000000f41c700000)]
  0x00000258ebfed800 JavaThread "WebSocketWorker-39" [_thread_blocked, id=13036, stack(0x000000f41c700000,0x000000f41c800000)]
  0x00000258ebfef000 JavaThread "WebSocketWorker-40" [_thread_blocked, id=30820, stack(0x000000f41c800000,0x000000f41c900000)]
  0x00000258ebff0000 JavaThread "WebSocketWorker-41" [_thread_blocked, id=26252, stack(0x000000f41c900000,0x000000f41ca00000)]
  0x00000258ebfec000 JavaThread "WebSocketWorker-42" [_thread_blocked, id=30496, stack(0x000000f41ca00000,0x000000f41cb00000)]
  0x00000258ebff8000 JavaThread "WebSocketWorker-43" [_thread_blocked, id=13524, stack(0x000000f41cb00000,0x000000f41cc00000)]
  0x00000258ebff2800 JavaThread "Gax-1" daemon [_thread_blocked, id=16712, stack(0x000000f41cd00000,0x000000f41ce00000)]
  0x00000258ebff6800 JavaThread "Gax-2" daemon [_thread_blocked, id=12780, stack(0x000000f41aa00000,0x000000f41ab00000)]
  0x00000258ebff5800 JavaThread "Gax-3" daemon [_thread_blocked, id=26436, stack(0x000000f41af00000,0x000000f41b000000)]
  0x00000258ebff9000 JavaThread "Gax-4" daemon [_thread_blocked, id=24664, stack(0x000000f41d700000,0x000000f41d800000)]
  0x00000258ebff7800 JavaThread "Gax-5" daemon [_thread_blocked, id=11140, stack(0x000000f41d800000,0x000000f41d900000)]
  0x00000258ef483000 JavaThread "Gax-6" daemon [_thread_blocked, id=27072, stack(0x000000f41da00000,0x000000f41db00000)]
  0x00000258ef487000 JavaThread "Gax-7" daemon [_thread_blocked, id=29736, stack(0x000000f419800000,0x000000f419900000)]
  0x00000258ef482000 JavaThread "Gax-8" daemon [_thread_blocked, id=29972, stack(0x000000f41dc00000,0x000000f41dd00000)]
  0x00000258ef488000 JavaThread "Gax-9" daemon [_thread_blocked, id=28860, stack(0x000000f419900000,0x000000f419a00000)]
  0x00000258ef486000 JavaThread "Gax-10" daemon [_thread_blocked, id=1096, stack(0x000000f41db00000,0x000000f41dc00000)]
  0x00000258ef483800 JavaThread "Gax-11" daemon [_thread_blocked, id=29292, stack(0x000000f41dd00000,0x000000f41de00000)]
  0x00000258ef484800 JavaThread "Gax-12" daemon [_thread_blocked, id=14704, stack(0x000000f419700000,0x000000f419800000)]
  0x00000258ef485800 JavaThread "Gax-13" daemon [_thread_blocked, id=23888, stack(0x000000f41de00000,0x000000f41df00000)]
  0x00000258ef481800 JavaThread "Gax-14" daemon [_thread_blocked, id=4420, stack(0x000000f41b000000,0x000000f41b100000)]
  0x00000258ef48f000 JavaThread "Gax-15" daemon [_thread_blocked, id=25496, stack(0x000000f41e500000,0x000000f41e600000)]
  0x00000258ef48b000 JavaThread "Gax-16" daemon [_thread_blocked, id=22020, stack(0x000000f41df00000,0x000000f41e000000)]
  0x00000258ebff4000 JavaThread "clojure-agent-send-off-pool-1" [_thread_blocked, id=15116, stack(0x000000f41e800000,0x000000f41e900000)]
  0x00000258ebff5000 JavaThread "C2 CompilerThread1" daemon [_thread_blocked, id=4676, stack(0x000000f41e100000,0x000000f41e200000)]
  0x00000258ef48a800 JavaThread "C2 CompilerThread2" daemon [_thread_blocked, id=27360, stack(0x000000f41e200000,0x000000f41e300000)]
  0x00000258ef489800 JavaThread "C1 CompilerThread1" daemon [_thread_blocked, id=3996, stack(0x000000f41e300000,0x000000f41e400000)]
=>0x00000258ef48c000 JavaThread "C1 CompilerThread2" daemon [_thread_in_native, id=3028, stack(0x000000f41e400000,0x000000f41e500000)]
  0x00000258ef48e800 JavaThread "C1 CompilerThread3" daemon [_thread_blocked, id=28044, stack(0x000000f41e600000,0x000000f41e700000)]
  0x00000258ef48c800 JavaThread "C2 CompilerThread3" daemon [_thread_blocked, id=7052, stack(0x000000f41e700000,0x000000f41e800000)]
  0x00000258ef48d800 JavaThread "Thread-72" daemon [_thread_blocked, id=27540, stack(0x000000f41cc00000,0x000000f41cd00000)]
  0x00000258ef488800 JavaThread "C2 CompilerThread4" daemon [_thread_blocked, id=12648, stack(0x000000f41d900000,0x000000f41da00000)]
  0x00000258ef490000 JavaThread "C2 CompilerThread5" daemon [_thread_blocked, id=21212, stack(0x000000f41e000000,0x000000f41e100000)]

Other Threads:
  0x00000258e9d2d800 VMThread "VM Thread" [stack: 0x000000f41a000000,0x000000f41a100000] [id=25800]
  0x00000258eaff9000 WatcherThread [stack: 0x000000f41bc00000,0x000000f41bd00000] [id=21052]
  0x00000258c2d2f000 GCTaskThread "GC Thread#0" [stack: 0x000000f419b00000,0x000000f419c00000] [id=31016]
  0x00000258ebffc800 GCTaskThread "GC Thread#1" [stack: 0x000000f41b700000,0x000000f41b800000] [id=22280]
  0x00000258eae65800 GCTaskThread "GC Thread#2" [stack: 0x000000f41b800000,0x000000f41b900000] [id=3784]
  0x00000258eaeff000 GCTaskThread "GC Thread#3" [stack: 0x000000f41b900000,0x000000f41ba00000] [id=9648]
  0x00000258eb2e1000 GCTaskThread "GC Thread#4" [stack: 0x000000f41ba00000,0x000000f41bb00000] [id=22032]
  0x00000258ebe9e000 GCTaskThread "GC Thread#5" [stack: 0x000000f41bb00000,0x000000f41bc00000] [id=28760]
  0x00000258ebd66000 GCTaskThread "GC Thread#6" [stack: 0x000000f41ce00000,0x000000f41cf00000] [id=31004]
  0x00000258ec561800 GCTaskThread "GC Thread#7" [stack: 0x000000f41cf00000,0x000000f41d000000] [id=22632]
  0x00000258eb206000 GCTaskThread "GC Thread#8" [stack: 0x000000f41d000000,0x000000f41d100000] [id=29624]
  0x00000258ebd64000 GCTaskThread "GC Thread#9" [stack: 0x000000f41d100000,0x000000f41d200000] [id=23704]
  0x00000258ebd65000 GCTaskThread "GC Thread#10" [stack: 0x000000f41d200000,0x000000f41d300000] [id=5524]
  0x00000258ec23a800 GCTaskThread "GC Thread#11" [stack: 0x000000f41d300000,0x000000f41d400000] [id=11460]
  0x00000258ec23b000 GCTaskThread "GC Thread#12" [stack: 0x000000f41d400000,0x000000f41d500000] [id=19412]
  0x00000258c2d90000 ConcurrentGCThread "G1 Main Marker" [stack: 0x000000f419c00000,0x000000f419d00000] [id=21744]
  0x00000258c2d91800 ConcurrentGCThread "G1 Conc#0" [stack: 0x000000f419d00000,0x000000f419e00000] [id=28424]
  0x00000258ebc94800 ConcurrentGCThread "G1 Conc#1" [stack: 0x000000f41d500000,0x000000f41d600000] [id=29952]
  0x00000258eb69e000 ConcurrentGCThread "G1 Conc#2" [stack: 0x000000f41d600000,0x000000f41d700000] [id=28800]
  0x00000258e9391000 ConcurrentGCThread "G1 Refine#0" [stack: 0x000000f419e00000,0x000000f419f00000] [id=31304]
  0x00000258e9394800 ConcurrentGCThread "G1 Young RemSet Sampling" [stack: 0x000000f419f00000,0x000000f41a000000] [id=29908]

Threads with active compile tasks:
C2 CompilerThread0 744869 73365       4       java.io.DataInputStream::readUnsignedShort (39 bytes)
C1 CompilerThread0 744869 76203   !   2       java.lang.reflect.Executable::sharedToString (212 bytes)
C2 CompilerThread1 744869 76159 %     4       java.io.DataOutputStream::writeUTF @ 13 (435 bytes)
C2 CompilerThread2 744869 76066       4       java.io.DataInputStream::readFully (63 bytes)
C1 CompilerThread1 744869 76182  s    2       java.util.Hashtable::remove (133 bytes)
C1 CompilerThread2 744869 76090       2       java.util.regex.Pattern::escape (1323 bytes)
C1 CompilerThread3 744869 76209 %     2       org.hotswap.agent.javassist.bytecode.ConstPool::read @ 28 (64 bytes)
C2 CompilerThread3 744869 76145       4       jdk.internal.org.objectweb.asm.Type::getArgumentsAndReturnSizes (151 bytes)
C2 CompilerThread4 744869 76116       4       jdk.internal.org.objectweb.asm.ByteVector::putUTF8 (142 bytes)
C2 CompilerThread5 744869 75712       4       java.io.DataInputStream::readUTF (501 bytes)

VM state:at safepoint (normal execution)

VM Mutex/Monitor currently owned by a thread:  ([mutex/lock_event])
[0x00000258c2d13a80] Threads_lock - owner thread: 0x00000258e9d2d800
[0x00000258c2d125b0] EnhancedRedefineClasses_lock - owner thread: 0x00000258ea447800
[0x00000258c2d126d0] Heap_lock - owner thread: 0x00000258ea447800

Heap address: 0x0000000701000000, size: 4080 MB, Compressed Oops mode: Zero based, Oop shift amount: 3
Narrow klass base: 0x0000000800000000, Narrow klass shift: 0
Compressed class space size: 1073741824 Address: 0x0000000800000000

Heap:
 garbage-first heap   total 262144K, used 38702K [0x0000000701000000, 0x0000000800000000)
  region size 1024K, 8 young (8192K), 5 survivors (5120K)
 Metaspace       used 69146K, capacity 75038K, committed 75300K, reserved 1112064K
  class space    used 11621K, capacity 13480K, committed 13568K, reserved 1048576K
Heap Regions: E=young(eden), S=young(survivor), O=old, HS=humongous(starts), HC=humongous(continues), CS=collection set, F=free, A=archive, TAMS=top-at-mark-start (previous, next)
|   0|0x0000000701000000, 0x0000000701100000, 0x0000000701100000|100%|HS|  |TAMS 0x0000000701100000, 0x0000000701000000| Complete 
|   1|0x0000000701100000, 0x0000000701200000, 0x0000000701200000|100%| O|  |TAMS 0x0000000701200000, 0x0000000701100000| Untracked 
|   2|0x0000000701200000, 0x0000000701300000, 0x0000000701300000|100%|HS|  |TAMS 0x0000000701300000, 0x0000000701200000| Complete 
|   3|0x0000000701300000, 0x0000000701400000, 0x0000000701400000|100%|HS|  |TAMS 0x0000000701400000, 0x0000000701300000| Complete 
|   4|0x0000000701400000, 0x0000000701500000, 0x0000000701500000|100%|HC|  |TAMS 0x0000000701500000, 0x0000000701400000| Complete 
|   5|0x0000000701500000, 0x0000000701600000, 0x0000000701600000|100%| O|  |TAMS 0x0000000701600000, 0x0000000701500000| Untracked 
|   6|0x0000000701600000, 0x0000000701700000, 0x0000000701700000|100%| O|  |TAMS 0x0000000701700000, 0x0000000701600000| Untracked 
|   7|0x0000000701700000, 0x0000000701800000, 0x0000000701800000|100%| O|  |TAMS 0x0000000701800000, 0x0000000701700000| Untracked 
|   8|0x0000000701800000, 0x0000000701900000, 0x0000000701900000|100%| O|  |TAMS 0x0000000701900000, 0x0000000701800000| Untracked 
|   9|0x0000000701900000, 0x0000000701a00000, 0x0000000701a00000|100%| O|  |TAMS 0x0000000701a00000, 0x0000000701900000| Untracked 
|  10|0x0000000701a00000, 0x0000000701b00000, 0x0000000701b00000|100%| O|  |TAMS 0x0000000701b00000, 0x0000000701a00000| Untracked 
|  11|0x0000000701b00000, 0x0000000701c00000, 0x0000000701c00000|100%| O|  |TAMS 0x0000000701c00000, 0x0000000701b00000| Untracked 
|  12|0x0000000701c00000, 0x0000000701d00000, 0x0000000701d00000|100%| O|  |TAMS 0x0000000701d00000, 0x0000000701c00000| Untracked 
|  13|0x0000000701d00000, 0x0000000701e00000, 0x0000000701e00000|100%| O|  |TAMS 0x0000000701e00000, 0x0000000701d00000| Untracked 
|  14|0x0000000701e00000, 0x0000000701f00000, 0x0000000701f00000|100%| O|  |TAMS 0x0000000701f00000, 0x0000000701e00000| Untracked 
|  15|0x0000000701f00000, 0x0000000702000000, 0x0000000702000000|100%| O|  |TAMS 0x0000000702000000, 0x0000000701f00000| Untracked 
|  16|0x0000000702000000, 0x0000000702100000, 0x0000000702100000|100%| O|  |TAMS 0x0000000702100000, 0x0000000702000000| Untracked 
|  17|0x0000000702100000, 0x0000000702200000, 0x0000000702200000|100%| O|  |TAMS 0x0000000702200000, 0x0000000702100000| Untracked 
|  18|0x0000000702200000, 0x0000000702300000, 0x0000000702300000|100%| O|  |TAMS 0x0000000702300000, 0x0000000702200000| Untracked 
|  19|0x0000000702300000, 0x0000000702400000, 0x0000000702400000|100%| O|  |TAMS 0x0000000702400000, 0x0000000702300000| Untracked 
|  20|0x0000000702400000, 0x0000000702500000, 0x0000000702500000|100%| O|  |TAMS 0x0000000702500000, 0x0000000702400000| Untracked 
|  21|0x0000000702500000, 0x0000000702600000, 0x0000000702600000|100%| O|  |TAMS 0x0000000702600000, 0x0000000702500000| Untracked 
|  22|0x0000000702600000, 0x0000000702700000, 0x0000000702700000|100%| O|  |TAMS 0x0000000702700000, 0x0000000702600000| Untracked 
|  23|0x0000000702700000, 0x0000000702800000, 0x0000000702800000|100%| O|  |TAMS 0x0000000702800000, 0x0000000702700000| Untracked 
|  24|0x0000000702800000, 0x0000000702900000, 0x0000000702900000|100%| O|  |TAMS 0x0000000702900000, 0x0000000702800000| Untracked 
|  25|0x0000000702900000, 0x00000007029ffff8, 0x0000000702a00000| 99%| O|  |TAMS 0x00000007029ffff8, 0x0000000702900000| Untracked 
|  26|0x0000000702a00000, 0x0000000702b00000, 0x0000000702b00000|100%| O|  |TAMS 0x0000000702b00000, 0x0000000702a00000| Untracked 
|  27|0x0000000702b00000, 0x0000000702c00000, 0x0000000702c00000|100%| O|  |TAMS 0x0000000702c00000, 0x0000000702b00000| Untracked 
|  28|0x0000000702c00000, 0x0000000702d00000, 0x0000000702d00000|100%| O|  |TAMS 0x0000000702d00000, 0x0000000702c00000| Untracked 
|  29|0x0000000702d00000, 0x0000000702e00000, 0x0000000702e00000|100%| O|  |TAMS 0x0000000702e00000, 0x0000000702d00000| Untracked 
|  30|0x0000000702e00000, 0x0000000702edfe00, 0x0000000702f00000| 87%| O|  |TAMS 0x0000000702edfe00, 0x0000000702e00000| Untracked 
|  31|0x0000000702f00000, 0x0000000702f00000, 0x0000000703000000|  0%| F|  |TAMS 0x0000000702f00000, 0x0000000702f00000| Untracked 
|  32|0x0000000703000000, 0x0000000703000000, 0x0000000703100000|  0%| F|  |TAMS 0x0000000703000000, 0x0000000703000000| Untracked 
|  33|0x0000000703100000, 0x0000000703100000, 0x0000000703200000|  0%| F|  |TAMS 0x0000000703100000, 0x0000000703100000| Untracked 
|  34|0x0000000703200000, 0x0000000703200000, 0x0000000703300000|  0%| F|  |TAMS 0x0000000703200000, 0x0000000703200000| Untracked 
|  35|0x0000000703300000, 0x0000000703300000, 0x0000000703400000|  0%| F|  |TAMS 0x0000000703300000, 0x0000000703300000| Untracked 
|  36|0x0000000703400000, 0x0000000703400000, 0x0000000703500000|  0%| F|  |TAMS 0x0000000703400000, 0x0000000703400000| Untracked 
|  37|0x0000000703500000, 0x0000000703500000, 0x0000000703600000|  0%| F|  |TAMS 0x0000000703500000, 0x0000000703500000| Untracked 
|  38|0x0000000703600000, 0x0000000703600000, 0x0000000703700000|  0%| F|  |TAMS 0x0000000703600000, 0x0000000703600000| Untracked 
|  39|0x0000000703700000, 0x0000000703700000, 0x0000000703800000|  0%| F|  |TAMS 0x0000000703700000, 0x0000000703700000| Untracked 
|  40|0x0000000703800000, 0x0000000703800000, 0x0000000703900000|  0%| F|  |TAMS 0x0000000703800000, 0x0000000703800000| Untracked 
|  41|0x0000000703900000, 0x0000000703900000, 0x0000000703a00000|  0%| F|  |TAMS 0x0000000703900000, 0x0000000703900000| Untracked 
|  42|0x0000000703a00000, 0x0000000703a00000, 0x0000000703b00000|  0%| F|  |TAMS 0x0000000703a00000, 0x0000000703a00000| Untracked 
|  43|0x0000000703b00000, 0x0000000703b00000, 0x0000000703c00000|  0%| F|  |TAMS 0x0000000703b00000, 0x0000000703b00000| Untracked 
|  44|0x0000000703c00000, 0x0000000703c00000, 0x0000000703d00000|  0%| F|  |TAMS 0x0000000703c00000, 0x0000000703c00000| Untracked 
|  45|0x0000000703d00000, 0x0000000703d00000, 0x0000000703e00000|  0%| F|  |TAMS 0x0000000703d00000, 0x0000000703d00000| Untracked 
|  46|0x0000000703e00000, 0x0000000703e00000, 0x0000000703f00000|  0%| F|  |TAMS 0x0000000703e00000, 0x0000000703e00000| Untracked 
|  47|0x0000000703f00000, 0x0000000703f00000, 0x0000000704000000|  0%| F|  |TAMS 0x0000000703f00000, 0x0000000703f00000| Untracked 
|  48|0x0000000704000000, 0x0000000704000000, 0x0000000704100000|  0%| F|  |TAMS 0x0000000704000000, 0x0000000704000000| Untracked 
|  49|0x0000000704100000, 0x0000000704100000, 0x0000000704200000|  0%| F|  |TAMS 0x0000000704100000, 0x0000000704100000| Untracked 
|  50|0x0000000704200000, 0x0000000704200000, 0x0000000704300000|  0%| F|  |TAMS 0x0000000704200000, 0x0000000704200000| Untracked 
|  51|0x0000000704300000, 0x0000000704300000, 0x0000000704400000|  0%| F|  |TAMS 0x0000000704300000, 0x0000000704300000| Untracked 
|  52|0x0000000704400000, 0x0000000704400000, 0x0000000704500000|  0%| F|  |TAMS 0x0000000704400000, 0x0000000704400000| Untracked 
|  53|0x0000000704500000, 0x0000000704500000, 0x0000000704600000|  0%| F|  |TAMS 0x0000000704500000, 0x0000000704500000| Untracked 
|  54|0x0000000704600000, 0x0000000704600000, 0x0000000704700000|  0%| F|  |TAMS 0x0000000704600000, 0x0000000704600000| Untracked 
|  55|0x0000000704700000, 0x0000000704700000, 0x0000000704800000|  0%| F|  |TAMS 0x0000000704700000, 0x0000000704700000| Untracked 
|  56|0x0000000704800000, 0x0000000704800000, 0x0000000704900000|  0%| F|  |TAMS 0x0000000704800000, 0x0000000704800000| Untracked 
|  57|0x0000000704900000, 0x0000000704900000, 0x0000000704a00000|  0%| F|  |TAMS 0x0000000704900000, 0x0000000704900000| Untracked 
|  58|0x0000000704a00000, 0x0000000704a00000, 0x0000000704b00000|  0%| F|  |TAMS 0x0000000704a00000, 0x0000000704a00000| Untracked 
|  59|0x0000000704b00000, 0x0000000704b00000, 0x0000000704c00000|  0%| F|  |TAMS 0x0000000704b00000, 0x0000000704b00000| Untracked 
|  60|0x0000000704c00000, 0x0000000704c00000, 0x0000000704d00000|  0%| F|  |TAMS 0x0000000704c00000, 0x0000000704c00000| Untracked 
|  61|0x0000000704d00000, 0x0000000704d00000, 0x0000000704e00000|  0%| F|  |TAMS 0x0000000704d00000, 0x0000000704d00000| Untracked 
|  62|0x0000000704e00000, 0x0000000704e00000, 0x0000000704f00000|  0%| F|  |TAMS 0x0000000704e00000, 0x0000000704e00000| Untracked 
|  63|0x0000000704f00000, 0x0000000704f00000, 0x0000000705000000|  0%| F|  |TAMS 0x0000000704f00000, 0x0000000704f00000| Untracked 
|  64|0x0000000705000000, 0x0000000705000000, 0x0000000705100000|  0%| F|  |TAMS 0x0000000705000000, 0x0000000705000000| Untracked 
|  65|0x0000000705100000, 0x0000000705100000, 0x0000000705200000|  0%| F|  |TAMS 0x0000000705100000, 0x0000000705100000| Untracked 
|  66|0x0000000705200000, 0x0000000705200000, 0x0000000705300000|  0%| F|  |TAMS 0x0000000705200000, 0x0000000705200000| Untracked 
|  67|0x0000000705300000, 0x0000000705300000, 0x0000000705400000|  0%| F|  |TAMS 0x0000000705300000, 0x0000000705300000| Untracked 
|  68|0x0000000705400000, 0x0000000705400000, 0x0000000705500000|  0%| F|  |TAMS 0x0000000705400000, 0x0000000705400000| Untracked 
|  69|0x0000000705500000, 0x0000000705500000, 0x0000000705600000|  0%| F|  |TAMS 0x0000000705500000, 0x0000000705500000| Untracked 
|  70|0x0000000705600000, 0x0000000705600000, 0x0000000705700000|  0%| F|  |TAMS 0x0000000705600000, 0x0000000705600000| Untracked 
|  71|0x0000000705700000, 0x0000000705700000, 0x0000000705800000|  0%| F|  |TAMS 0x0000000705700000, 0x0000000705700000| Untracked 
|  72|0x0000000705800000, 0x0000000705800000, 0x0000000705900000|  0%| F|  |TAMS 0x0000000705800000, 0x0000000705800000| Untracked 
|  73|0x0000000705900000, 0x0000000705900000, 0x0000000705a00000|  0%| F|  |TAMS 0x0000000705900000, 0x0000000705900000| Untracked 
|  74|0x0000000705a00000, 0x0000000705a00000, 0x0000000705b00000|  0%| F|  |TAMS 0x0000000705a00000, 0x0000000705a00000| Untracked 
|  75|0x0000000705b00000, 0x0000000705b00000, 0x0000000705c00000|  0%| F|  |TAMS 0x0000000705b00000, 0x0000000705b00000| Untracked 
|  76|0x0000000705c00000, 0x0000000705c00000, 0x0000000705d00000|  0%| F|  |TAMS 0x0000000705c00000, 0x0000000705c00000| Untracked 
|  77|0x0000000705d00000, 0x0000000705d00000, 0x0000000705e00000|  0%| F|  |TAMS 0x0000000705d00000, 0x0000000705d00000| Untracked 
|  78|0x0000000705e00000, 0x0000000705e00000, 0x0000000705f00000|  0%| F|  |TAMS 0x0000000705e00000, 0x0000000705e00000| Untracked 
|  79|0x0000000705f00000, 0x0000000705f00000, 0x0000000706000000|  0%| F|  |TAMS 0x0000000705f00000, 0x0000000705f00000| Untracked 
|  80|0x0000000706000000, 0x0000000706000000, 0x0000000706100000|  0%| F|  |TAMS 0x0000000706000000, 0x0000000706000000| Untracked 
|  81|0x0000000706100000, 0x0000000706100000, 0x0000000706200000|  0%| F|  |TAMS 0x0000000706100000, 0x0000000706100000| Untracked 
|  82|0x0000000706200000, 0x0000000706200000, 0x0000000706300000|  0%| F|  |TAMS 0x0000000706200000, 0x0000000706200000| Untracked 
|  83|0x0000000706300000, 0x0000000706300000, 0x0000000706400000|  0%| F|  |TAMS 0x0000000706300000, 0x0000000706300000| Untracked 
|  84|0x0000000706400000, 0x0000000706400000, 0x0000000706500000|  0%| F|  |TAMS 0x0000000706400000, 0x0000000706400000| Untracked 
|  85|0x0000000706500000, 0x0000000706500000, 0x0000000706600000|  0%| F|  |TAMS 0x0000000706500000, 0x0000000706500000| Untracked 
|  86|0x0000000706600000, 0x0000000706600000, 0x0000000706700000|  0%| F|  |TAMS 0x0000000706600000, 0x0000000706600000| Untracked 
|  87|0x0000000706700000, 0x0000000706700000, 0x0000000706800000|  0%| F|  |TAMS 0x0000000706700000, 0x0000000706700000| Untracked 
|  88|0x0000000706800000, 0x0000000706800000, 0x0000000706900000|  0%| F|  |TAMS 0x0000000706800000, 0x0000000706800000| Untracked 
|  89|0x0000000706900000, 0x0000000706900000, 0x0000000706a00000|  0%| F|  |TAMS 0x0000000706900000, 0x0000000706900000| Untracked 
|  90|0x0000000706a00000, 0x0000000706a00000, 0x0000000706b00000|  0%| F|  |TAMS 0x0000000706a00000, 0x0000000706a00000| Untracked 
|  91|0x0000000706b00000, 0x0000000706b00000, 0x0000000706c00000|  0%| F|  |TAMS 0x0000000706b00000, 0x0000000706b00000| Untracked 
|  92|0x0000000706c00000, 0x0000000706c00000, 0x0000000706d00000|  0%| F|  |TAMS 0x0000000706c00000, 0x0000000706c00000| Untracked 
|  93|0x0000000706d00000, 0x0000000706d00000, 0x0000000706e00000|  0%| F|  |TAMS 0x0000000706d00000, 0x0000000706d00000| Untracked 
|  94|0x0000000706e00000, 0x0000000706e00000, 0x0000000706f00000|  0%| F|  |TAMS 0x0000000706e00000, 0x0000000706e00000| Untracked 
|  95|0x0000000706f00000, 0x0000000706f00000, 0x0000000707000000|  0%| F|  |TAMS 0x0000000706f00000, 0x0000000706f00000| Untracked 
|  96|0x0000000707000000, 0x0000000707000000, 0x0000000707100000|  0%| F|  |TAMS 0x0000000707000000, 0x0000000707000000| Untracked 
|  97|0x0000000707100000, 0x0000000707100000, 0x0000000707200000|  0%| F|  |TAMS 0x0000000707100000, 0x0000000707100000| Untracked 
|  98|0x0000000707200000, 0x0000000707200000, 0x0000000707300000|  0%| F|  |TAMS 0x0000000707200000, 0x0000000707200000| Untracked 
|  99|0x0000000707300000, 0x0000000707300000, 0x0000000707400000|  0%| F|  |TAMS 0x0000000707300000, 0x0000000707300000| Untracked 
| 100|0x0000000707400000, 0x0000000707400000, 0x0000000707500000|  0%| F|  |TAMS 0x0000000707400000, 0x0000000707400000| Untracked 
| 101|0x0000000707500000, 0x0000000707500000, 0x0000000707600000|  0%| F|  |TAMS 0x0000000707500000, 0x0000000707500000| Untracked 
| 102|0x0000000707600000, 0x0000000707600000, 0x0000000707700000|  0%| F|  |TAMS 0x0000000707600000, 0x0000000707600000| Untracked 
| 103|0x0000000707700000, 0x0000000707700000, 0x0000000707800000|  0%| F|  |TAMS 0x0000000707700000, 0x0000000707700000| Untracked 
| 104|0x0000000707800000, 0x0000000707800000, 0x0000000707900000|  0%| F|  |TAMS 0x0000000707800000, 0x0000000707800000| Untracked 
| 105|0x0000000707900000, 0x0000000707900000, 0x0000000707a00000|  0%| F|  |TAMS 0x0000000707900000, 0x0000000707900000| Untracked 
| 106|0x0000000707a00000, 0x0000000707a00000, 0x0000000707b00000|  0%| F|  |TAMS 0x0000000707a00000, 0x0000000707a00000| Untracked 
| 107|0x0000000707b00000, 0x0000000707b00000, 0x0000000707c00000|  0%| F|  |TAMS 0x0000000707b00000, 0x0000000707b00000| Untracked 
| 108|0x0000000707c00000, 0x0000000707c00000, 0x0000000707d00000|  0%| F|  |TAMS 0x0000000707c00000, 0x0000000707c00000| Untracked 
| 109|0x0000000707d00000, 0x0000000707d00000, 0x0000000707e00000|  0%| F|  |TAMS 0x0000000707d00000, 0x0000000707d00000| Untracked 
| 110|0x0000000707e00000, 0x0000000707e00000, 0x0000000707f00000|  0%| F|  |TAMS 0x0000000707e00000, 0x0000000707e00000| Untracked 
| 111|0x0000000707f00000, 0x0000000707febda8, 0x0000000708000000| 92%| S|CS|TAMS 0x0000000707f00000, 0x0000000707f00000| Complete 
| 112|0x0000000708000000, 0x0000000708100000, 0x0000000708100000|100%| S|CS|TAMS 0x0000000708000000, 0x0000000708000000| Complete 
| 113|0x0000000708100000, 0x0000000708200000, 0x0000000708200000|100%| S|CS|TAMS 0x0000000708100000, 0x0000000708100000| Complete 
| 114|0x0000000708200000, 0x0000000708300000, 0x0000000708300000|100%| S|CS|TAMS 0x0000000708200000, 0x0000000708200000| Complete 
| 115|0x0000000708300000, 0x0000000708400000, 0x0000000708400000|100%| S|CS|TAMS 0x0000000708300000, 0x0000000708300000| Complete 
| 116|0x0000000708400000, 0x0000000708400000, 0x0000000708500000|  0%| F|  |TAMS 0x0000000708400000, 0x0000000708400000| Untracked 
| 117|0x0000000708500000, 0x0000000708500000, 0x0000000708600000|  0%| F|  |TAMS 0x0000000708500000, 0x0000000708500000| Untracked 
| 118|0x0000000708600000, 0x0000000708600000, 0x0000000708700000|  0%| F|  |TAMS 0x0000000708600000, 0x0000000708600000| Untracked 
| 119|0x0000000708700000, 0x0000000708700000, 0x0000000708800000|  0%| F|  |TAMS 0x0000000708700000, 0x0000000708700000| Untracked 
| 120|0x0000000708800000, 0x0000000708800000, 0x0000000708900000|  0%| F|  |TAMS 0x0000000708800000, 0x0000000708800000| Untracked 
| 121|0x0000000708900000, 0x0000000708900000, 0x0000000708a00000|  0%| F|  |TAMS 0x0000000708900000, 0x0000000708900000| Untracked 
| 122|0x0000000708a00000, 0x0000000708a00000, 0x0000000708b00000|  0%| F|  |TAMS 0x0000000708a00000, 0x0000000708a00000| Untracked 
| 123|0x0000000708b00000, 0x0000000708b00000, 0x0000000708c00000|  0%| F|  |TAMS 0x0000000708b00000, 0x0000000708b00000| Untracked 
| 124|0x0000000708c00000, 0x0000000708c00000, 0x0000000708d00000|  0%| F|  |TAMS 0x0000000708c00000, 0x0000000708c00000| Untracked 
| 125|0x0000000708d00000, 0x0000000708d00000, 0x0000000708e00000|  0%| F|  |TAMS 0x0000000708d00000, 0x0000000708d00000| Untracked 
| 126|0x0000000708e00000, 0x0000000708e00000, 0x0000000708f00000|  0%| F|  |TAMS 0x0000000708e00000, 0x0000000708e00000| Untracked 
| 127|0x0000000708f00000, 0x0000000708f00000, 0x0000000709000000|  0%| F|  |TAMS 0x0000000708f00000, 0x0000000708f00000| Untracked 
| 128|0x0000000709000000, 0x0000000709000000, 0x0000000709100000|  0%| F|  |TAMS 0x0000000709000000, 0x0000000709000000| Untracked 
| 129|0x0000000709100000, 0x0000000709100000, 0x0000000709200000|  0%| F|  |TAMS 0x0000000709100000, 0x0000000709100000| Untracked 
| 130|0x0000000709200000, 0x0000000709200000, 0x0000000709300000|  0%| F|  |TAMS 0x0000000709200000, 0x0000000709200000| Untracked 
| 131|0x0000000709300000, 0x0000000709300000, 0x0000000709400000|  0%| F|  |TAMS 0x0000000709300000, 0x0000000709300000| Untracked 
| 132|0x0000000709400000, 0x0000000709400000, 0x0000000709500000|  0%| F|  |TAMS 0x0000000709400000, 0x0000000709400000| Untracked 
| 133|0x0000000709500000, 0x0000000709500000, 0x0000000709600000|  0%| F|  |TAMS 0x0000000709500000, 0x0000000709500000| Untracked 
| 134|0x0000000709600000, 0x0000000709600000, 0x0000000709700000|  0%| F|  |TAMS 0x0000000709600000, 0x0000000709600000| Untracked 
| 135|0x0000000709700000, 0x0000000709700000, 0x0000000709800000|  0%| F|  |TAMS 0x0000000709700000, 0x0000000709700000| Untracked 
| 136|0x0000000709800000, 0x0000000709800000, 0x0000000709900000|  0%| F|  |TAMS 0x0000000709800000, 0x0000000709800000| Untracked 
| 137|0x0000000709900000, 0x0000000709900000, 0x0000000709a00000|  0%| F|  |TAMS 0x0000000709900000, 0x0000000709900000| Untracked 
| 138|0x0000000709a00000, 0x0000000709a00000, 0x0000000709b00000|  0%| F|  |TAMS 0x0000000709a00000, 0x0000000709a00000| Untracked 
| 139|0x0000000709b00000, 0x0000000709b00000, 0x0000000709c00000|  0%| F|  |TAMS 0x0000000709b00000, 0x0000000709b00000| Untracked 
| 140|0x0000000709c00000, 0x0000000709c00000, 0x0000000709d00000|  0%| F|  |TAMS 0x0000000709c00000, 0x0000000709c00000| Untracked 
| 141|0x0000000709d00000, 0x0000000709d00000, 0x0000000709e00000|  0%| F|  |TAMS 0x0000000709d00000, 0x0000000709d00000| Untracked 
| 142|0x0000000709e00000, 0x0000000709e00000, 0x0000000709f00000|  0%| F|  |TAMS 0x0000000709e00000, 0x0000000709e00000| Untracked 
| 143|0x0000000709f00000, 0x0000000709f00000, 0x000000070a000000|  0%| F|  |TAMS 0x0000000709f00000, 0x0000000709f00000| Untracked 
| 144|0x000000070a000000, 0x000000070a000000, 0x000000070a100000|  0%| F|  |TAMS 0x000000070a000000, 0x000000070a000000| Untracked 
| 145|0x000000070a100000, 0x000000070a100000, 0x000000070a200000|  0%| F|  |TAMS 0x000000070a100000, 0x000000070a100000| Untracked 
| 146|0x000000070a200000, 0x000000070a200000, 0x000000070a300000|  0%| F|  |TAMS 0x000000070a200000, 0x000000070a200000| Untracked 
| 147|0x000000070a300000, 0x000000070a300000, 0x000000070a400000|  0%| F|  |TAMS 0x000000070a300000, 0x000000070a300000| Untracked 
| 148|0x000000070a400000, 0x000000070a400000, 0x000000070a500000|  0%| F|  |TAMS 0x000000070a400000, 0x000000070a400000| Untracked 
| 149|0x000000070a500000, 0x000000070a500000, 0x000000070a600000|  0%| F|  |TAMS 0x000000070a500000, 0x000000070a500000| Untracked 
| 150|0x000000070a600000, 0x000000070a600000, 0x000000070a700000|  0%| F|  |TAMS 0x000000070a600000, 0x000000070a600000| Untracked 
| 151|0x000000070a700000, 0x000000070a700000, 0x000000070a800000|  0%| F|  |TAMS 0x000000070a700000, 0x000000070a700000| Untracked 
| 152|0x000000070a800000, 0x000000070a800000, 0x000000070a900000|  0%| F|  |TAMS 0x000000070a800000, 0x000000070a800000| Untracked 
| 153|0x000000070a900000, 0x000000070a900000, 0x000000070aa00000|  0%| F|  |TAMS 0x000000070a900000, 0x000000070a900000| Untracked 
| 154|0x000000070aa00000, 0x000000070aa00000, 0x000000070ab00000|  0%| F|  |TAMS 0x000000070aa00000, 0x000000070aa00000| Untracked 
| 155|0x000000070ab00000, 0x000000070ab00000, 0x000000070ac00000|  0%| F|  |TAMS 0x000000070ab00000, 0x000000070ab00000| Untracked 
| 156|0x000000070ac00000, 0x000000070ac00000, 0x000000070ad00000|  0%| F|  |TAMS 0x000000070ac00000, 0x000000070ac00000| Untracked 
| 157|0x000000070ad00000, 0x000000070ad00000, 0x000000070ae00000|  0%| F|  |TAMS 0x000000070ad00000, 0x000000070ad00000| Untracked 
| 158|0x000000070ae00000, 0x000000070ae00000, 0x000000070af00000|  0%| F|  |TAMS 0x000000070ae00000, 0x000000070ae00000| Untracked 
| 159|0x000000070af00000, 0x000000070af00000, 0x000000070b000000|  0%| F|  |TAMS 0x000000070af00000, 0x000000070af00000| Untracked 
| 160|0x000000070b000000, 0x000000070b000000, 0x000000070b100000|  0%| F|  |TAMS 0x000000070b000000, 0x000000070b000000| Untracked 
| 161|0x000000070b100000, 0x000000070b100000, 0x000000070b200000|  0%| F|  |TAMS 0x000000070b100000, 0x000000070b100000| Untracked 
| 162|0x000000070b200000, 0x000000070b200000, 0x000000070b300000|  0%| F|  |TAMS 0x000000070b200000, 0x000000070b200000| Untracked 
| 163|0x000000070b300000, 0x000000070b300000, 0x000000070b400000|  0%| F|  |TAMS 0x000000070b300000, 0x000000070b300000| Untracked 
| 164|0x000000070b400000, 0x000000070b400000, 0x000000070b500000|  0%| F|  |TAMS 0x000000070b400000, 0x000000070b400000| Untracked 
| 165|0x000000070b500000, 0x000000070b500000, 0x000000070b600000|  0%| F|  |TAMS 0x000000070b500000, 0x000000070b500000| Untracked 
| 166|0x000000070b600000, 0x000000070b600000, 0x000000070b700000|  0%| F|  |TAMS 0x000000070b600000, 0x000000070b600000| Untracked 
| 167|0x000000070b700000, 0x000000070b700000, 0x000000070b800000|  0%| F|  |TAMS 0x000000070b700000, 0x000000070b700000| Untracked 
| 168|0x000000070b800000, 0x000000070b800000, 0x000000070b900000|  0%| F|  |TAMS 0x000000070b800000, 0x000000070b800000| Untracked 
| 169|0x000000070b900000, 0x000000070b900000, 0x000000070ba00000|  0%| F|  |TAMS 0x000000070b900000, 0x000000070b900000| Untracked 
| 170|0x000000070ba00000, 0x000000070ba00000, 0x000000070bb00000|  0%| F|  |TAMS 0x000000070ba00000, 0x000000070ba00000| Untracked 
| 171|0x000000070bb00000, 0x000000070bb00000, 0x000000070bc00000|  0%| F|  |TAMS 0x000000070bb00000, 0x000000070bb00000| Untracked 
| 172|0x000000070bc00000, 0x000000070bc00000, 0x000000070bd00000|  0%| F|  |TAMS 0x000000070bc00000, 0x000000070bc00000| Untracked 
| 173|0x000000070bd00000, 0x000000070bd00000, 0x000000070be00000|  0%| F|  |TAMS 0x000000070bd00000, 0x000000070bd00000| Untracked 
| 174|0x000000070be00000, 0x000000070be00000, 0x000000070bf00000|  0%| F|  |TAMS 0x000000070be00000, 0x000000070be00000| Untracked 
| 175|0x000000070bf00000, 0x000000070bf00000, 0x000000070c000000|  0%| F|  |TAMS 0x000000070bf00000, 0x000000070bf00000| Untracked 
| 176|0x000000070c000000, 0x000000070c000000, 0x000000070c100000|  0%| F|  |TAMS 0x000000070c000000, 0x000000070c000000| Untracked 
| 177|0x000000070c100000, 0x000000070c100000, 0x000000070c200000|  0%| F|  |TAMS 0x000000070c100000, 0x000000070c100000| Untracked 
| 178|0x000000070c200000, 0x000000070c200000, 0x000000070c300000|  0%| F|  |TAMS 0x000000070c200000, 0x000000070c200000| Untracked 
| 179|0x000000070c300000, 0x000000070c300000, 0x000000070c400000|  0%| F|  |TAMS 0x000000070c300000, 0x000000070c300000| Untracked 
| 180|0x000000070c400000, 0x000000070c400000, 0x000000070c500000|  0%| F|  |TAMS 0x000000070c400000, 0x000000070c400000| Untracked 
| 181|0x000000070c500000, 0x000000070c500000, 0x000000070c600000|  0%| F|  |TAMS 0x000000070c500000, 0x000000070c500000| Untracked 
| 182|0x000000070c600000, 0x000000070c600000, 0x000000070c700000|  0%| F|  |TAMS 0x000000070c600000, 0x000000070c600000| Untracked 
| 183|0x000000070c700000, 0x000000070c700000, 0x000000070c800000|  0%| F|  |TAMS 0x000000070c700000, 0x000000070c700000| Untracked 
| 184|0x000000070c800000, 0x000000070c800000, 0x000000070c900000|  0%| F|  |TAMS 0x000000070c800000, 0x000000070c800000| Untracked 
| 185|0x000000070c900000, 0x000000070c900000, 0x000000070ca00000|  0%| F|  |TAMS 0x000000070c900000, 0x000000070c900000| Untracked 
| 186|0x000000070ca00000, 0x000000070ca00000, 0x000000070cb00000|  0%| F|  |TAMS 0x000000070ca00000, 0x000000070ca00000| Untracked 
| 187|0x000000070cb00000, 0x000000070cb00000, 0x000000070cc00000|  0%| F|  |TAMS 0x000000070cb00000, 0x000000070cb00000| Untracked 
| 188|0x000000070cc00000, 0x000000070cc00000, 0x000000070cd00000|  0%| F|  |TAMS 0x000000070cc00000, 0x000000070cc00000| Untracked 
| 189|0x000000070cd00000, 0x000000070cd00000, 0x000000070ce00000|  0%| F|  |TAMS 0x000000070cd00000, 0x000000070cd00000| Untracked 
| 190|0x000000070ce00000, 0x000000070ce00000, 0x000000070cf00000|  0%| F|  |TAMS 0x000000070ce00000, 0x000000070ce00000| Untracked 
| 191|0x000000070cf00000, 0x000000070cf00000, 0x000000070d000000|  0%| F|  |TAMS 0x000000070cf00000, 0x000000070cf00000| Untracked 
| 192|0x000000070d000000, 0x000000070d000000, 0x000000070d100000|  0%| F|  |TAMS 0x000000070d000000, 0x000000070d000000| Untracked 
| 193|0x000000070d100000, 0x000000070d100000, 0x000000070d200000|  0%| F|  |TAMS 0x000000070d100000, 0x000000070d100000| Untracked 
| 194|0x000000070d200000, 0x000000070d200000, 0x000000070d300000|  0%| F|  |TAMS 0x000000070d200000, 0x000000070d200000| Untracked 
| 195|0x000000070d300000, 0x000000070d300000, 0x000000070d400000|  0%| F|  |TAMS 0x000000070d300000, 0x000000070d300000| Untracked 
| 196|0x000000070d400000, 0x000000070d400000, 0x000000070d500000|  0%| F|  |TAMS 0x000000070d400000, 0x000000070d400000| Untracked 
| 197|0x000000070d500000, 0x000000070d500000, 0x000000070d600000|  0%| F|  |TAMS 0x000000070d500000, 0x000000070d500000| Untracked 
| 198|0x000000070d600000, 0x000000070d600000, 0x000000070d700000|  0%| F|  |TAMS 0x000000070d600000, 0x000000070d600000| Untracked 
| 199|0x000000070d700000, 0x000000070d700000, 0x000000070d800000|  0%| F|  |TAMS 0x000000070d700000, 0x000000070d700000| Untracked 
| 200|0x000000070d800000, 0x000000070d800000, 0x000000070d900000|  0%| F|  |TAMS 0x000000070d800000, 0x000000070d800000| Untracked 
| 201|0x000000070d900000, 0x000000070d900000, 0x000000070da00000|  0%| F|  |TAMS 0x000000070d900000, 0x000000070d900000| Untracked 
| 202|0x000000070da00000, 0x000000070da00000, 0x000000070db00000|  0%| F|  |TAMS 0x000000070da00000, 0x000000070da00000| Untracked 
| 203|0x000000070db00000, 0x000000070db00000, 0x000000070dc00000|  0%| F|  |TAMS 0x000000070db00000, 0x000000070db00000| Untracked 
| 204|0x000000070dc00000, 0x000000070dc00000, 0x000000070dd00000|  0%| F|  |TAMS 0x000000070dc00000, 0x000000070dc00000| Untracked 
| 205|0x000000070dd00000, 0x000000070dd00000, 0x000000070de00000|  0%| F|  |TAMS 0x000000070dd00000, 0x000000070dd00000| Untracked 
| 206|0x000000070de00000, 0x000000070de00000, 0x000000070df00000|  0%| F|  |TAMS 0x000000070de00000, 0x000000070de00000| Untracked 
| 207|0x000000070df00000, 0x000000070df00000, 0x000000070e000000|  0%| F|  |TAMS 0x000000070df00000, 0x000000070df00000| Untracked 
| 208|0x000000070e000000, 0x000000070e000000, 0x000000070e100000|  0%| F|  |TAMS 0x000000070e000000, 0x000000070e000000| Untracked 
| 209|0x000000070e100000, 0x000000070e100000, 0x000000070e200000|  0%| F|  |TAMS 0x000000070e100000, 0x000000070e100000| Untracked 
| 210|0x000000070e200000, 0x000000070e200000, 0x000000070e300000|  0%| F|  |TAMS 0x000000070e200000, 0x000000070e200000| Untracked 
| 211|0x000000070e300000, 0x000000070e300000, 0x000000070e400000|  0%| F|  |TAMS 0x000000070e300000, 0x000000070e300000| Untracked 
| 212|0x000000070e400000, 0x000000070e400000, 0x000000070e500000|  0%| F|  |TAMS 0x000000070e400000, 0x000000070e400000| Untracked 
| 213|0x000000070e500000, 0x000000070e500000, 0x000000070e600000|  0%| F|  |TAMS 0x000000070e500000, 0x000000070e500000| Untracked 
| 214|0x000000070e600000, 0x000000070e600000, 0x000000070e700000|  0%| F|  |TAMS 0x000000070e600000, 0x000000070e600000| Untracked 
| 215|0x000000070e700000, 0x000000070e700000, 0x000000070e800000|  0%| F|  |TAMS 0x000000070e700000, 0x000000070e700000| Untracked 
| 216|0x000000070e800000, 0x000000070e800000, 0x000000070e900000|  0%| F|  |TAMS 0x000000070e800000, 0x000000070e800000| Untracked 
| 217|0x000000070e900000, 0x000000070e900000, 0x000000070ea00000|  0%| F|  |TAMS 0x000000070e900000, 0x000000070e900000| Untracked 
| 218|0x000000070ea00000, 0x000000070ea00000, 0x000000070eb00000|  0%| F|  |TAMS 0x000000070ea00000, 0x000000070ea00000| Untracked 
| 219|0x000000070eb00000, 0x000000070eb00000, 0x000000070ec00000|  0%| F|  |TAMS 0x000000070eb00000, 0x000000070eb00000| Untracked 
| 220|0x000000070ec00000, 0x000000070ec00000, 0x000000070ed00000|  0%| F|  |TAMS 0x000000070ec00000, 0x000000070ec00000| Untracked 
| 221|0x000000070ed00000, 0x000000070ed00000, 0x000000070ee00000|  0%| F|  |TAMS 0x000000070ed00000, 0x000000070ed00000| Untracked 
| 222|0x000000070ee00000, 0x000000070ee00000, 0x000000070ef00000|  0%| F|  |TAMS 0x000000070ee00000, 0x000000070ee00000| Untracked 
| 223|0x000000070ef00000, 0x000000070ef00000, 0x000000070f000000|  0%| F|  |TAMS 0x000000070ef00000, 0x000000070ef00000| Untracked 
| 224|0x000000070f000000, 0x000000070f000000, 0x000000070f100000|  0%| F|  |TAMS 0x000000070f000000, 0x000000070f000000| Untracked 
| 225|0x000000070f100000, 0x000000070f100000, 0x000000070f200000|  0%| F|  |TAMS 0x000000070f100000, 0x000000070f100000| Untracked 
| 226|0x000000070f200000, 0x000000070f200000, 0x000000070f300000|  0%| F|  |TAMS 0x000000070f200000, 0x000000070f200000| Untracked 
| 227|0x000000070f300000, 0x000000070f300000, 0x000000070f400000|  0%| F|  |TAMS 0x000000070f300000, 0x000000070f300000| Untracked 
| 228|0x000000070f400000, 0x000000070f400000, 0x000000070f500000|  0%| F|  |TAMS 0x000000070f400000, 0x000000070f400000| Untracked 
| 229|0x000000070f500000, 0x000000070f500000, 0x000000070f600000|  0%| F|  |TAMS 0x000000070f500000, 0x000000070f500000| Untracked 
| 230|0x000000070f600000, 0x000000070f600000, 0x000000070f700000|  0%| F|  |TAMS 0x000000070f600000, 0x000000070f600000| Untracked 
| 231|0x000000070f700000, 0x000000070f700000, 0x000000070f800000|  0%| F|  |TAMS 0x000000070f700000, 0x000000070f700000| Untracked 
| 232|0x000000070f800000, 0x000000070f800000, 0x000000070f900000|  0%| F|  |TAMS 0x000000070f800000, 0x000000070f800000| Untracked 
| 233|0x000000070f900000, 0x000000070f900000, 0x000000070fa00000|  0%| F|  |TAMS 0x000000070f900000, 0x000000070f900000| Untracked 
| 234|0x000000070fa00000, 0x000000070fa00000, 0x000000070fb00000|  0%| F|  |TAMS 0x000000070fa00000, 0x000000070fa00000| Untracked 
| 235|0x000000070fb00000, 0x000000070fb00000, 0x000000070fc00000|  0%| F|  |TAMS 0x000000070fb00000, 0x000000070fb00000| Untracked 
| 236|0x000000070fc00000, 0x000000070fc00000, 0x000000070fd00000|  0%| F|  |TAMS 0x000000070fc00000, 0x000000070fc00000| Untracked 
| 237|0x000000070fd00000, 0x000000070fd00000, 0x000000070fe00000|  0%| F|  |TAMS 0x000000070fd00000, 0x000000070fd00000| Untracked 
| 238|0x000000070fe00000, 0x000000070fe00000, 0x000000070ff00000|  0%| F|  |TAMS 0x000000070fe00000, 0x000000070fe00000| Untracked 
| 239|0x000000070ff00000, 0x000000070ff00000, 0x0000000710000000|  0%| F|  |TAMS 0x000000070ff00000, 0x000000070ff00000| Untracked 
| 240|0x0000000710000000, 0x0000000710000000, 0x0000000710100000|  0%| F|  |TAMS 0x0000000710000000, 0x0000000710000000| Untracked 
| 241|0x0000000710100000, 0x0000000710100000, 0x0000000710200000|  0%| F|  |TAMS 0x0000000710100000, 0x0000000710100000| Untracked 
| 242|0x0000000710200000, 0x0000000710200000, 0x0000000710300000|  0%| F|  |TAMS 0x0000000710200000, 0x0000000710200000| Untracked 
| 243|0x0000000710300000, 0x0000000710300000, 0x0000000710400000|  0%| F|  |TAMS 0x0000000710300000, 0x0000000710300000| Untracked 
| 244|0x0000000710400000, 0x0000000710400000, 0x0000000710500000|  0%| F|  |TAMS 0x0000000710400000, 0x0000000710400000| Untracked 
| 245|0x0000000710500000, 0x0000000710500000, 0x0000000710600000|  0%| F|  |TAMS 0x0000000710500000, 0x0000000710500000| Untracked 
| 246|0x0000000710600000, 0x0000000710600000, 0x0000000710700000|  0%| F|  |TAMS 0x0000000710600000, 0x0000000710600000| Untracked 
| 247|0x0000000710700000, 0x0000000710700000, 0x0000000710800000|  0%| F|  |TAMS 0x0000000710700000, 0x0000000710700000| Untracked 
| 248|0x0000000710800000, 0x0000000710800000, 0x0000000710900000|  0%| F|  |TAMS 0x0000000710800000, 0x0000000710800000| Untracked 
| 249|0x0000000710900000, 0x0000000710900000, 0x0000000710a00000|  0%| F|  |TAMS 0x0000000710900000, 0x0000000710900000| Untracked 
| 250|0x0000000710a00000, 0x0000000710a00000, 0x0000000710b00000|  0%| F|  |TAMS 0x0000000710a00000, 0x0000000710a00000| Untracked 
| 251|0x0000000710b00000, 0x0000000710b00000, 0x0000000710c00000|  0%| F|  |TAMS 0x0000000710b00000, 0x0000000710b00000| Untracked 
| 252|0x0000000710c00000, 0x0000000710c00000, 0x0000000710d00000|  0%| F|  |TAMS 0x0000000710c00000, 0x0000000710c00000| Untracked 
| 253|0x0000000710d00000, 0x0000000710d80800, 0x0000000710e00000| 50%| E|  |TAMS 0x0000000710d00000, 0x0000000710d00000| Complete 
| 254|0x0000000710e00000, 0x0000000710f00000, 0x0000000710f00000|100%| E|CS|TAMS 0x0000000710e00000, 0x0000000710e00000| Complete 
| 255|0x0000000710f00000, 0x0000000711000000, 0x0000000711000000|100%| E|CS|TAMS 0x0000000710f00000, 0x0000000710f00000| Complete 

Card table byte_map: [0x00000258dd3a0000,0x00000258ddba0000] _byte_map_base: 0x00000258d9b98000

Marking Bits (Prev, Next): (CMBitMap*) 0x00000258c2d7f7b0, (CMBitMap*) 0x00000258c2d7f778
 Prev Bits: [0x00000258e2360000, 0x00000258e6320000)
 Next Bits: [0x00000258de3a0000, 0x00000258e2360000)

Polling page: 0x00000258c2dd0000

Metaspace:

Usage:
  Non-class:     60.12 MB capacity,    56.18 MB ( 93%) used,     3.34 MB (  6%) free+waste,   613.00 KB ( <1%) overhead. 
      Class:     13.16 MB capacity,    11.35 MB ( 86%) used,     1.52 MB ( 12%) free+waste,   300.44 KB (  2%) overhead. 
       Both:     73.28 MB capacity,    67.53 MB ( 92%) used,     4.86 MB (  7%) free+waste,   913.44 KB (  1%) overhead. 

Virtual space:
  Non-class space:       62.00 MB reserved,      60.29 MB ( 97%) committed 
      Class space:        1.00 GB reserved,      13.25 MB (  1%) committed 
             Both:        1.06 GB reserved,      73.54 MB (  7%) committed 

Chunk freelists:
   Non-Class:  0 bytes
       Class:  0 bytes
        Both:  0 bytes

MaxMetaspaceSize: 17179869184.00 GB
CompressedClassSpaceSize: 1.00 GB

CodeHeap 'non-profiled nmethods': size=119168Kb used=3528Kb max_used=5106Kb free=115639Kb
 bounds [0x00000258d4770000, 0x00000258d4c70000, 0x00000258dbbd0000]
CodeHeap 'profiled nmethods': size=119168Kb used=8058Kb max_used=14405Kb free=111109Kb
 bounds [0x00000258cd310000, 0x00000258ce130000, 0x00000258d4770000]
CodeHeap 'non-nmethods': size=7424Kb used=3034Kb max_used=3103Kb free=4389Kb
 bounds [0x00000258ccbd0000, 0x00000258ccfc0000, 0x00000258cd310000]
 total_blobs=6328 nmethods=5735 adapters=507
 compilation: enabled
              stopped_count=0, restarted_count=0
 full_count=0

Compilation events (20 events):
Event: 744.814 Thread 0x00000258ef489800 76094   !   2       java.lang.invoke.MemberName::clone (14 bytes)
Event: 744.815 Thread 0x00000258ef489800 nmethod 76094 0x00000258cd7c8590 code [0x00000258cd7c8760, 0x00000258cd7c8998]
Event: 744.815 Thread 0x00000258ef489800 76096       1       java.lang.invoke.MethodType$ConcurrentWeakInternSet$WeakEntry::hashCode (5 bytes)
Event: 744.815 Thread 0x00000258ef48e800 nmethod 76095 0x00000258cd7e5110 code [0x00000258cd7e52e0, 0x00000258cd7e54f8]
Event: 744.815 Thread 0x00000258e9db5000 nmethod 76056 0x00000258d4829090 code [0x00000258d48292a0, 0x00000258d482a1c0]
Event: 744.815 Thread 0x00000258e9db6000 nmethod 76088 0x00000258cd7eb110 code [0x00000258cd7eb3c0, 0x00000258cd7ebb68]
Event: 744.815 Thread 0x00000258e9db5000 76093       4       java.lang.String::length (11 bytes)
Event: 744.815 Thread 0x00000258ebff5000 nmethod 76024 0x00000258d4838890 code [0x00000258d4838a60, 0x00000258d4839968]
Event: 744.815 Thread 0x00000258ef489800 nmethod 76096 0x00000258d47d7990 code [0x00000258d47d7b40, 0x00000258d47d7bf8]
Event: 744.815 Thread 0x00000258ebff5000 76045  s    4       java.io.ByteArrayOutputStream::write (32 bytes)
Event: 744.815 Thread 0x00000258e9db5000 nmethod 76093 0x00000258d47e4f90 code [0x00000258d47e5120, 0x00000258d47e51b8]
Event: 744.815 Thread 0x00000258e9db5000 75991       4       java.lang.StringLatin1::canEncode (13 bytes)
Event: 744.816 Thread 0x00000258e9db5000 nmethod 75991 0x00000258d47cf710 code [0x00000258d47cf8a0, 0x00000258d47cf8f8]
Event: 744.816 Thread 0x00000258e9db5000 75974       4       java.lang.Math::min (11 bytes)
Event: 744.816 Thread 0x00000258e9db5000 nmethod 75974 0x00000258d47e3810 code [0x00000258d47e39a0, 0x00000258d47e39f8]
Event: 744.816 Thread 0x00000258e9db5000 76043       4       java.io.DataOutputStream::incCount (20 bytes)
Event: 744.816 Thread 0x00000258e9db5000 nmethod 76043 0x00000258d47e4c90 code [0x00000258d47e4e20, 0x00000258d47e4eb8]
Event: 744.816 Thread 0x00000258e9db5000 75993       4       java.lang.String::equals (65 bytes)
Event: 744.817 Thread 0x00000258ef488800 nmethod 75886% 0x00000258d4847b10 code [0x00000258d4847d60, 0x00000258d484aff8]
Event: 744.817 Thread 0x00000258ef488800 73129       4       java.util.regex.Pattern$BmpCharPredicate$$Lambda$141/0x00000008008a8c40::is (13 bytes)

GC Heap History (18 events):
Event: 0.599 GC heap before
{Heap before GC invocations=0 (full 0):
 garbage-first heap   total 262144K, used 28672K [0x0000000701000000, 0x0000000800000000)
  region size 1024K, 24 young (24576K), 0 survivors (0K)
 Metaspace       used 9659K, capacity 9816K, committed 9984K, reserved 1058816K
  class space    used 885K, capacity 947K, committed 1024K, reserved 1048576K
}
Event: 0.603 GC heap after
{Heap after GC invocations=1 (full 0):
 garbage-first heap   total 262144K, used 12502K [0x0000000701000000, 0x0000000800000000)
  region size 1024K, 3 young (3072K), 3 survivors (3072K)
 Metaspace       used 9659K, capacity 9816K, committed 9984K, reserved 1058816K
  class space    used 885K, capacity 947K, committed 1024K, reserved 1048576K
}
Event: 4.837 GC heap before
{Heap before GC invocations=1 (full 0):
 garbage-first heap   total 262144K, used 61654K [0x0000000701000000, 0x0000000800000000)
  region size 1024K, 53 young (54272K), 3 survivors (3072K)
 Metaspace       used 20734K, capacity 21022K, committed 21296K, reserved 1067008K
  class space    used 2879K, capacity 2926K, committed 2944K, reserved 1048576K
}
Event: 4.846 GC heap after
{Heap after GC invocations=2 (full 0):
 garbage-first heap   total 262144K, used 14921K [0x0000000701000000, 0x0000000800000000)
  region size 1024K, 6 young (6144K), 6 survivors (6144K)
 Metaspace       used 20734K, capacity 21022K, committed 21296K, reserved 1067008K
  class space    used 2879K, capacity 2926K, committed 2944K, reserved 1048576K
}
Event: 5.073 GC heap before
{Heap before GC invocations=3 (full 0):
 garbage-first heap   total 262144K, used 33353K [0x0000000701000000, 0x0000000800000000)
  region size 1024K, 24 young (24576K), 6 survivors (6144K)
 Metaspace       used 22687K, capacity 22974K, committed 23216K, reserved 1069056K
  class space    used 3461K, capacity 3534K, committed 3584K, reserved 1048576K
}
Event: 5.078 GC heap after
{Heap after GC invocations=4 (full 0):
 garbage-first heap   total 262144K, used 16081K [0x0000000701000000, 0x0000000800000000)
  region size 1024K, 2 young (2048K), 2 survivors (2048K)
 Metaspace       used 22687K, capacity 22974K, committed 23216K, reserved 1069056K
  class space    used 3461K, capacity 3534K, committed 3584K, reserved 1048576K
}
Event: 5.708 GC heap before
{Heap before GC invocations=4 (full 0):
 garbage-first heap   total 262144K, used 84689K [0x0000000701000000, 0x0000000800000000)
  region size 1024K, 70 young (71680K), 2 survivors (2048K)
 Metaspace       used 30679K, capacity 30989K, committed 31408K, reserved 1075200K
  class space    used 4964K, capacity 5076K, committed 5120K, reserved 1048576K
}
Event: 5.712 GC heap after
{Heap after GC invocations=5 (full 0):
 garbage-first heap   total 262144K, used 19095K [0x0000000701000000, 0x0000000800000000)
  region size 1024K, 5 young (5120K), 5 survivors (5120K)
 Metaspace       used 30679K, capacity 30989K, committed 31408K, reserved 1075200K
  class space    used 4964K, capacity 5076K, committed 5120K, reserved 1048576K
}
Event: 6.105 GC heap before
{Heap before GC invocations=5 (full 0):
 garbage-first heap   total 262144K, used 88727K [0x0000000701000000, 0x0000000800000000)
  region size 1024K, 70 young (71680K), 5 survivors (5120K)
 Metaspace       used 35158K, capacity 35449K, committed 35708K, reserved 1079296K
  class space    used 5975K, capacity 6072K, committed 6144K, reserved 1048576K
}
Event: 6.115 GC heap after
{Heap after GC invocations=6 (full 0):
 garbage-first heap   total 262144K, used 25157K [0x0000000701000000, 0x0000000800000000)
  region size 1024K, 8 young (8192K), 8 survivors (8192K)
 Metaspace       used 35158K, capacity 35449K, committed 35708K, reserved 1079296K
  class space    used 5975K, capacity 6072K, committed 6144K, reserved 1048576K
}
Event: 7.635 GC heap before
{Heap before GC invocations=7 (full 0):
 garbage-first heap   total 262144K, used 172613K [0x0000000701000000, 0x0000000800000000)
  region size 1024K, 153 young (156672K), 8 survivors (8192K)
 Metaspace       used 56309K, capacity 56657K, committed 56700K, reserved 1097728K
  class space    used 8572K, capacity 8680K, committed 8704K, reserved 1048576K
}
Event: 7.653 GC heap after
{Heap after GC invocations=8 (full 0):
 garbage-first heap   total 262144K, used 35530K [0x0000000701000000, 0x0000000800000000)
  region size 1024K, 20 young (20480K), 20 survivors (20480K)
 Metaspace       used 56309K, capacity 56657K, committed 56700K, reserved 1097728K
  class space    used 8572K, capacity 8680K, committed 8704K, reserved 1048576K
}
Event: 132.234 GC heap before
{Heap before GC invocations=8 (full 0):
 garbage-first heap   total 262144K, used 108234K [0x0000000701000000, 0x0000000800000000)
  region size 1024K, 93 young (95232K), 20 survivors (20480K)
 Metaspace       used 59023K, capacity 59796K, committed 59940K, reserved 1099776K
  class space    used 8956K, capacity 9216K, committed 9216K, reserved 1048576K
}
Event: 132.255 GC heap after
{Heap after GC invocations=9 (full 0):
 garbage-first heap   total 262144K, used 35704K [0x0000000701000000, 0x0000000800000000)
  region size 1024K, 4 young (4096K), 4 survivors (4096K)
 Metaspace       used 59023K, capacity 59796K, committed 59940K, reserved 1099776K
  class space    used 8956K, capacity 9216K, committed 9216K, reserved 1048576K
}
Event: 720.190 GC heap before
{Heap before GC invocations=10 (full 0):
 garbage-first heap   total 262144K, used 166776K [0x0000000701000000, 0x0000000800000000)
  region size 1024K, 132 young (135168K), 4 survivors (4096K)
 Metaspace       used 64833K, capacity 68368K, committed 68644K, reserved 1105920K
  class space    used 10368K, capacity 11485K, committed 11520K, reserved 1048576K
}
Event: 720.203 GC heap after
{Heap after GC invocations=11 (full 0):
 garbage-first heap   total 262144K, used 36558K [0x0000000701000000, 0x0000000800000000)
  region size 1024K, 5 young (5120K), 5 survivors (5120K)
 Metaspace       used 64833K, capacity 68368K, committed 68644K, reserved 1105920K
  class space    used 10368K, capacity 11485K, committed 11520K, reserved 1048576K
}
Event: 744.539 GC heap before
{Heap before GC invocations=11 (full 0):
 garbage-first heap   total 262144K, used 174798K [0x0000000701000000, 0x0000000800000000)
  region size 1024K, 140 young (143360K), 5 survivors (5120K)
 Metaspace       used 69042K, capacity 74823K, committed 74916K, reserved 1112064K
  class space    used 11592K, capacity 13437K, committed 13440K, reserved 1048576K
}
Event: 744.553 GC heap after
{Heap after GC invocations=12 (full 0):
 garbage-first heap   total 262144K, used 36654K [0x0000000701000000, 0x0000000800000000)
  region size 1024K, 5 young (5120K), 5 survivors (5120K)
 Metaspace       used 69042K, capacity 74823K, committed 74916K, reserved 1112064K
  class space    used 11592K, capacity 13437K, committed 13440K, reserved 1048576K
}

Deoptimization events (20 events):
Event: 744.589 Thread 0x00000258ead57000 DEOPT PACKING pc=0x00000258cd7dfce4 sp=0x000000f41b6fd3b0
Event: 744.589 Thread 0x00000258ead57000 DEOPT UNPACKING pc=0x00000258ccc0bb5e sp=0x000000f41b6fc8c8 mode 1
Event: 744.589 Thread 0x00000258ead57000 DEOPT PACKING pc=0x00000258cd84759c sp=0x000000f41b6fd480
Event: 744.589 Thread 0x00000258ead57000 DEOPT UNPACKING pc=0x00000258ccc0bb5e sp=0x000000f41b6fc9c0 mode 1
Event: 744.589 Thread 0x00000258ead57000 DEOPT PACKING pc=0x00000258cd7dfce4 sp=0x000000f41b6fd3b0
Event: 744.589 Thread 0x00000258ead57000 DEOPT UNPACKING pc=0x00000258ccc0bb5e sp=0x000000f41b6fc8c8 mode 1
Event: 744.589 Thread 0x00000258ead57000 DEOPT PACKING pc=0x00000258cd84759c sp=0x000000f41b6fd480
Event: 744.589 Thread 0x00000258ead57000 DEOPT UNPACKING pc=0x00000258ccc0bb5e sp=0x000000f41b6fc9c0 mode 1
Event: 744.590 Thread 0x00000258ead57000 DEOPT PACKING pc=0x00000258cd7dfce4 sp=0x000000f41b6fd8c0
Event: 744.590 Thread 0x00000258ead57000 DEOPT UNPACKING pc=0x00000258ccc0bb5e sp=0x000000f41b6fcdd8 mode 1
Event: 744.642 Thread 0x00000258ead57000 DEOPT PACKING pc=0x00000258cd84759c sp=0x000000f41b6fd990
Event: 744.642 Thread 0x00000258ead57000 DEOPT UNPACKING pc=0x00000258ccc0bb5e sp=0x000000f41b6fced0 mode 1
Event: 744.642 Thread 0x00000258ead57000 DEOPT PACKING pc=0x00000258cd844f6c sp=0x000000f41b6fdaa0
Event: 744.642 Thread 0x00000258ead57000 DEOPT UNPACKING pc=0x00000258ccc0bb5e sp=0x000000f41b6fcfc0 mode 0
Event: 744.642 Thread 0x00000258ead57000 DEOPT PACKING pc=0x00000258cd798a74 sp=0x000000f41b6fdbd0
Event: 744.642 Thread 0x00000258ead57000 DEOPT UNPACKING pc=0x00000258ccc0bb5e sp=0x000000f41b6fd058 mode 0
Event: 744.642 Thread 0x00000258ead57000 DEOPT PACKING pc=0x00000258cd79fa8c sp=0x000000f41b6fde80
Event: 744.642 Thread 0x00000258ead57000 DEOPT UNPACKING pc=0x00000258ccc0bb5e sp=0x000000f41b6fd378 mode 0
Event: 744.672 Thread 0x00000258ea447800 DEOPT PACKING pc=0x00000258cd941a64 sp=0x000000f41acfdba0
Event: 744.672 Thread 0x00000258ea447800 DEOPT UNPACKING pc=0x00000258ccc0bb5e sp=0x000000f41acfd0c8 mode 1

Classes redefined (20 events):
Event: 743.024 Thread 0x00000258e9d2d800 redefined class name=genspark.assignments.section8.RecordOfTextsAndCalls, count=340
Event: 743.121 Thread 0x00000258e9d2d800 redefined class name=genspark.assignments.section8.RecordOfTextsAndCalls, count=341
Event: 743.234 Thread 0x00000258e9d2d800 redefined class name=genspark.assignments.section8.RecordOfTextsAndCalls, count=342
Event: 743.323 Thread 0x00000258e9d2d800 redefined class name=genspark.assignments.section8.RecordOfTextsAndCalls, count=343
Event: 743.412 Thread 0x00000258e9d2d800 redefined class name=genspark.assignments.section8.RecordOfTextsAndCalls, count=344
Event: 743.516 Thread 0x00000258e9d2d800 redefined class name=genspark.assignments.section8.RecordOfTextsAndCalls, count=345
Event: 743.614 Thread 0x00000258e9d2d800 redefined class name=genspark.assignments.section8.RecordOfTextsAndCalls, count=346
Event: 743.701 Thread 0x00000258e9d2d800 redefined class name=genspark.assignments.section8.RecordOfTextsAndCalls, count=347
Event: 743.793 Thread 0x00000258e9d2d800 redefined class name=genspark.assignments.section8.RecordOfTextsAndCalls, count=348
Event: 743.874 Thread 0x00000258e9d2d800 redefined class name=genspark.assignments.section8.RecordOfTextsAndCalls, count=349
Event: 743.953 Thread 0x00000258e9d2d800 redefined class name=genspark.assignments.section8.RecordOfTextsAndCalls, count=350
Event: 744.038 Thread 0x00000258e9d2d800 redefined class name=genspark.assignments.section8.RecordOfTextsAndCalls, count=351
Event: 744.116 Thread 0x00000258e9d2d800 redefined class name=genspark.assignments.section8.RecordOfTextsAndCalls, count=352
Event: 744.199 Thread 0x00000258e9d2d800 redefined class name=genspark.assignments.section8.RecordOfTextsAndCalls, count=353
Event: 744.290 Thread 0x00000258e9d2d800 redefined class name=genspark.assignments.section8.RecordOfTextsAndCalls, count=354
Event: 744.383 Thread 0x00000258e9d2d800 redefined class name=genspark.assignments.section8.RecordOfTextsAndCalls, count=355
Event: 744.475 Thread 0x00000258e9d2d800 redefined class name=genspark.assignments.section8.RecordOfTextsAndCalls, count=356
Event: 744.590 Thread 0x00000258e9d2d800 redefined class name=genspark.assignments.section8.RecordOfTextsAndCalls, count=357
Event: 744.678 Thread 0x00000258e9d2d800 redefined class name=genspark.assignments.section8.RecordOfTextsAndCalls, count=358
Event: 744.754 Thread 0x00000258e9d2d800 redefined class name=genspark.assignments.section8.RecordOfTextsAndCalls, count=359

Internal exceptions (20 events):
Event: 734.768 Thread 0x00000258ea8a8800 Exception <a 'sun/nio/fs/WindowsException'{0x000000071064e708}> (0x000000071064e708) thrown at [./src/hotspot/share/prims/jni.cpp, line 616]
Event: 734.768 Thread 0x00000258ea8a8800 Exception <a 'sun/nio/fs/WindowsException'{0x000000071064ed58}> (0x000000071064ed58) thrown at [./src/hotspot/share/prims/jni.cpp, line 616]
Event: 734.768 Thread 0x00000258ea8a8800 Exception <a 'sun/nio/fs/WindowsException'{0x000000071064f198}> (0x000000071064f198) thrown at [./src/hotspot/share/prims/jni.cpp, line 616]
Event: 738.011 Thread 0x00000258ead57000 Exception <a 'java/lang/NoSuchMethodError'{0x000000070cabc818}: <clinit>> (0x000000070cabc818) thrown at [./src/hotspot/share/prims/jni.cpp, line 1363]
Event: 738.097 Thread 0x00000258ead57000 Exception <a 'java/lang/NoSuchMethodError'{0x000000070bc0b740}: <clinit>> (0x000000070bc0b740) thrown at [./src/hotspot/share/prims/jni.cpp, line 1363]
Event: 738.251 Thread 0x00000258ead57000 Exception <a 'java/lang/NoSuchMethodError'{0x000000070bc6ed50}: <clinit>> (0x000000070bc6ed50) thrown at [./src/hotspot/share/prims/jni.cpp, line 1363]
Event: 738.271 Thread 0x00000258ead57000 Exception <a 'java/lang/NoSuchMethodError'{0x000000070bb29c48}: <clinit>> (0x000000070bb29c48) thrown at [./src/hotspot/share/prims/jni.cpp, line 1363]
Event: 740.208 Thread 0x00000258ead57000 Exception <a 'java/lang/NoSuchMethodError'{0x000000070abb4a50}: <clinit>> (0x000000070abb4a50) thrown at [./src/hotspot/share/prims/jni.cpp, line 1363]
Event: 740.279 Thread 0x00000258ead57000 Exception <a 'java/lang/NoSuchMethodError'{0x000000070abe2840}: <clinit>> (0x000000070abe2840) thrown at [./src/hotspot/share/prims/jni.cpp, line 1363]
Event: 740.357 Thread 0x00000258ead57000 Exception <a 'java/lang/NoSuchMethodError'{0x000000070aaa4280}: <clinit>> (0x000000070aaa4280) thrown at [./src/hotspot/share/prims/jni.cpp, line 1363]
Event: 740.380 Thread 0x00000258ead57000 Exception <a 'java/lang/NoSuchMethodError'{0x000000070aaccbe8}: <clinit>> (0x000000070aaccbe8) thrown at [./src/hotspot/share/prims/jni.cpp, line 1363]
Event: 740.462 Thread 0x00000258ead57000 Exception <a 'java/lang/NoSuchMethodError'{0x000000070a9a8d68}: <clinit>> (0x000000070a9a8d68) thrown at [./src/hotspot/share/prims/jni.cpp, line 1363]
Event: 742.453 Thread 0x00000258ead57000 Exception <a 'java/lang/NoSuchMethodError'{0x0000000709aa1c98}: <clinit>> (0x0000000709aa1c98) thrown at [./src/hotspot/share/prims/jni.cpp, line 1363]
Event: 742.532 Thread 0x00000258ead57000 Exception <a 'java/lang/NoSuchMethodError'{0x0000000709adb8f0}: <clinit>> (0x0000000709adb8f0) thrown at [./src/hotspot/share/prims/jni.cpp, line 1363]
Event: 742.542 Thread 0x00000258ead57000 Exception <a 'java/lang/NoSuchMethodError'{0x0000000709afc2f8}: <clinit>> (0x0000000709afc2f8) thrown at [./src/hotspot/share/prims/jni.cpp, line 1363]
Event: 742.638 Thread 0x00000258ead57000 Exception <a 'java/lang/NoSuchMethodError'{0x00000007099d4bc0}: <clinit>> (0x00000007099d4bc0) thrown at [./src/hotspot/share/prims/jni.cpp, line 1363]
Event: 744.190 Thread 0x00000258ead57000 Exception <a 'java/lang/NoSuchMethodError'{0x00000007097e78b8}: <clinit>> (0x00000007097e78b8) thrown at [./src/hotspot/share/prims/jni.cpp, line 1363]
Event: 744.279 Thread 0x00000258ead57000 Exception <a 'java/lang/NoSuchMethodError'{0x00000007085a1e18}: <clinit>> (0x00000007085a1e18) thrown at [./src/hotspot/share/prims/jni.cpp, line 1363]
Event: 744.453 Thread 0x00000258ead57000 Exception <a 'java/lang/NoSuchMethodError'{0x00000007084876e0}: <clinit>> (0x00000007084876e0) thrown at [./src/hotspot/share/prims/jni.cpp, line 1363]
Event: 744.472 Thread 0x00000258ead57000 Exception <a 'java/lang/NoSuchMethodError'{0x00000007084c1100}: <clinit>> (0x00000007084c1100) thrown at [./src/hotspot/share/prims/jni.cpp, line 1363]

Events (20 events):
Event: 744.744 Thread 0x00000258e9dc3800 flushing nmethod 0x00000258cdeb8a90
Event: 744.744 Thread 0x00000258e9dc3800 flushing nmethod 0x00000258cdeb8e10
Event: 744.744 Thread 0x00000258e9dc3800 flushing nmethod 0x00000258cdeb9390
Event: 744.744 Thread 0x00000258e9dc3800 flushing nmethod 0x00000258cdeb9810
Event: 744.744 Thread 0x00000258e9dc3800 flushing nmethod 0x00000258cdeb9b90
Event: 744.744 Thread 0x00000258e9dc3800 flushing nmethod 0x00000258cdeba110
Event: 744.744 Thread 0x00000258e9dc3800 flushing nmethod 0x00000258cdeba590
Event: 744.744 Thread 0x00000258e9dc3800 flushing nmethod 0x00000258cdeba910
Event: 744.744 Thread 0x00000258e9dc3800 flushing nmethod 0x00000258cdebac90
Event: 744.744 Thread 0x00000258e9dc3800 flushing nmethod 0x00000258cdebb590
Event: 744.744 Thread 0x00000258e9dc3800 flushing nmethod 0x00000258cdebf090
Event: 744.744 Thread 0x00000258e9dc3800 flushing nmethod 0x00000258cdec3390
Event: 744.744 Thread 0x00000258e9dc3800 flushing nmethod 0x00000258cdec7090
Event: 744.744 Thread 0x00000258e9dc3800 flushing nmethod 0x00000258cdecb290
Event: 744.744 Thread 0x00000258e9dc3800 flushing nmethod 0x00000258cdecb710
Event: 744.744 Thread 0x00000258e9dc3800 flushing nmethod 0x00000258cdecbb10
Event: 744.744 Thread 0x00000258e9dc3800 flushing nmethod 0x00000258cdecc210
Event: 744.744 Thread 0x00000258e9dc3800 flushing nmethod 0x00000258cdecc810
Event: 744.754 Executing VM operation: RedefineClasses
Event: 744.814 Executing VM operation: RedefineClasses done


Dynamic libraries:
0x00007ff70c100000 - 0x00007ff70c10d000 	C:\GenSpark\dcevm-11.0.11+1\bin\java.exe
0x00007ffb77670000 - 0x00007ffb77884000 	C:\WINDOWS\SYSTEM32\ntdll.dll
0x00007ffb76380000 - 0x00007ffb76443000 	C:\WINDOWS\System32\KERNEL32.DLL
0x00007ffb74e00000 - 0x00007ffb7519c000 	C:\WINDOWS\System32\KERNELBASE.dll
0x00007ffb75250000 - 0x00007ffb75361000 	C:\WINDOWS\System32\ucrtbase.dll
0x00007ffb58dd0000 - 0x00007ffb58de7000 	C:\GenSpark\dcevm-11.0.11+1\bin\jli.dll
0x00007ffb588e0000 - 0x00007ffb588f5000 	C:\GenSpark\dcevm-11.0.11+1\bin\VCRUNTIME140.dll
0x00007ffb75c80000 - 0x00007ffb75e2d000 	C:\WINDOWS\System32\USER32.dll
0x00007ffb751a0000 - 0x00007ffb751c6000 	C:\WINDOWS\System32\win32u.dll
0x00007ffb624e0000 - 0x00007ffb6276e000 	C:\WINDOWS\WinSxS\amd64_microsoft.windows.common-controls_6595b64144ccf1df_6.0.22621.608_none_a9444ca7c10bb01d\COMCTL32.dll
0x00007ffb75500000 - 0x00007ffb75529000 	C:\WINDOWS\System32\GDI32.dll
0x00007ffb76450000 - 0x00007ffb764f7000 	C:\WINDOWS\System32\msvcrt.dll
0x00007ffb74ce0000 - 0x00007ffb74df3000 	C:\WINDOWS\System32\gdi32full.dll
0x00007ffb753e0000 - 0x00007ffb7547a000 	C:\WINDOWS\System32\msvcp_win.dll
0x00007ffb774d0000 - 0x00007ffb77501000 	C:\WINDOWS\System32\IMM32.DLL
0x00007ffb40c60000 - 0x00007ffb40cfb000 	C:\GenSpark\dcevm-11.0.11+1\bin\msvcp140.dll
0x00007ffb37430000 - 0x00007ffb37f14000 	C:\GenSpark\dcevm-11.0.11+1\bin\server\jvm.dll
0x00007ffb76000000 - 0x00007ffb760ae000 	C:\WINDOWS\System32\ADVAPI32.dll
0x00007ffb75e30000 - 0x00007ffb75ed4000 	C:\WINDOWS\System32\sechost.dll
0x00007ffb76140000 - 0x00007ffb76255000 	C:\WINDOWS\System32\RPCRT4.dll
0x00007ffb76a70000 - 0x00007ffb76a78000 	C:\WINDOWS\System32\PSAPI.DLL
0x00007ffadb0a0000 - 0x00007ffadb0a9000 	C:\WINDOWS\SYSTEM32\WSOCK32.dll
0x00007ffb6ddc0000 - 0x00007ffb6ddf4000 	C:\WINDOWS\SYSTEM32\WINMM.dll
0x00007ffb6dd90000 - 0x00007ffb6dd9a000 	C:\WINDOWS\SYSTEM32\VERSION.dll
0x00007ffb75480000 - 0x00007ffb754f1000 	C:\WINDOWS\System32\WS2_32.dll
0x00007ffb73bf0000 - 0x00007ffb73c08000 	C:\WINDOWS\SYSTEM32\kernel.appcore.dll
0x00007ffb59040000 - 0x00007ffb59050000 	C:\GenSpark\dcevm-11.0.11+1\bin\verify.dll
0x00007ffb664e0000 - 0x00007ffb6670e000 	C:\WINDOWS\SYSTEM32\DBGHELP.DLL
0x00007ffb766c0000 - 0x00007ffb76a49000 	C:\WINDOWS\System32\combase.dll
0x00007ffb75ba0000 - 0x00007ffb75c77000 	C:\WINDOWS\System32\OLEAUT32.dll
0x00007ffb5f320000 - 0x00007ffb5f352000 	C:\WINDOWS\SYSTEM32\dbgcore.DLL
0x00007ffb751d0000 - 0x00007ffb7524b000 	C:\WINDOWS\System32\bcryptPrimitives.dll
0x00007ffb574a0000 - 0x00007ffb574c8000 	C:\GenSpark\dcevm-11.0.11+1\bin\java.dll
0x00007ffb58e80000 - 0x00007ffb58e8a000 	C:\GenSpark\dcevm-11.0.11+1\bin\jimage.dll
0x00007ffb5ca40000 - 0x00007ffb5ca78000 	C:\GenSpark\dcevm-11.0.11+1\bin\jdwp.dll
0x00007ffb71810000 - 0x00007ffb7181e000 	C:\GenSpark\dcevm-11.0.11+1\bin\instrument.dll
0x00007ffb54200000 - 0x00007ffb54217000 	C:\GenSpark\dcevm-11.0.11+1\bin\zip.dll
0x00007ffb76ae0000 - 0x00007ffb772d0000 	C:\WINDOWS\System32\SHELL32.dll
0x00007ffb72ad0000 - 0x00007ffb7339e000 	C:\WINDOWS\SYSTEM32\windows.storage.dll
0x00007ffb72990000 - 0x00007ffb72ace000 	C:\WINDOWS\SYSTEM32\wintypes.dll
0x00007ffb76270000 - 0x00007ffb76361000 	C:\WINDOWS\System32\SHCORE.dll
0x00007ffb76a80000 - 0x00007ffb76ade000 	C:\WINDOWS\System32\shlwapi.dll
0x00007ffb749e0000 - 0x00007ffb74a01000 	C:\WINDOWS\SYSTEM32\profapi.dll
0x00007ffb605c0000 - 0x00007ffb605ca000 	C:\GenSpark\dcevm-11.0.11+1\bin\dt_socket.dll
0x00007ffb74060000 - 0x00007ffb740c9000 	C:\WINDOWS\system32\mswsock.dll
0x00007ffb51e70000 - 0x00007ffb51e89000 	C:\GenSpark\dcevm-11.0.11+1\bin\net.dll
0x00007ffb6dc00000 - 0x00007ffb6dd2f000 	C:\WINDOWS\SYSTEM32\WINHTTP.dll
0x00007ffb4ff00000 - 0x00007ffb4ff12000 	C:\GenSpark\dcevm-11.0.11+1\bin\nio.dll
0x00007ffb736d0000 - 0x00007ffb737c3000 	C:\WINDOWS\SYSTEM32\DNSAPI.dll
0x00007ffb73660000 - 0x00007ffb7368d000 	C:\WINDOWS\SYSTEM32\IPHLPAPI.DLL
0x00007ffb76260000 - 0x00007ffb76269000 	C:\WINDOWS\System32\NSI.dll
0x00007ffb66a30000 - 0x00007ffb66a3a000 	C:\Windows\System32\rasadhlp.dll
0x00007ffb6c020000 - 0x00007ffb6c0a3000 	C:\WINDOWS\System32\fwpuclnt.dll
0x00007ffb742d0000 - 0x00007ffb742eb000 	C:\WINDOWS\SYSTEM32\CRYPTSP.dll
0x00007ffb73b60000 - 0x00007ffb73b95000 	C:\WINDOWS\system32\rsaenh.dll
0x00007ffb74160000 - 0x00007ffb74188000 	C:\WINDOWS\SYSTEM32\USERENV.dll
0x00007ffb74460000 - 0x00007ffb74488000 	C:\WINDOWS\SYSTEM32\bcrypt.dll
0x00007ffb742c0000 - 0x00007ffb742cc000 	C:\WINDOWS\SYSTEM32\CRYPTBASE.dll
0x00007ffb6dda0000 - 0x00007ffb6ddb9000 	C:\WINDOWS\SYSTEM32\dhcpcsvc6.DLL
0x00007ffb6db10000 - 0x00007ffb6db2f000 	C:\WINDOWS\SYSTEM32\dhcpcsvc.DLL
0x00007ffb605b0000 - 0x00007ffb605be000 	C:\GenSpark\dcevm-11.0.11+1\bin\sunmscapi.dll
0x00007ffb74ab0000 - 0x00007ffb74c16000 	C:\WINDOWS\System32\CRYPT32.dll
0x00007ffb74430000 - 0x00007ffb7445d000 	C:\WINDOWS\SYSTEM32\ncrypt.dll
0x00007ffb743f0000 - 0x00007ffb74427000 	C:\WINDOWS\SYSTEM32\NTASN1.dll
0x00007ffb5ca10000 - 0x00007ffb5ca35000 	C:\GenSpark\dcevm-11.0.11+1\bin\sunec.dll
0x0000000066f40000 - 0x0000000066f6d000 	C:\Users\ogarc\AppData\Local\Temp\liblz4-java10266980246481293095.so
0x00007ffb6f360000 - 0x00007ffb6f369000 	C:\GenSpark\dcevm-11.0.11+1\bin\management.dll
0x00007ffb6f350000 - 0x00007ffb6f35b000 	C:\GenSpark\dcevm-11.0.11+1\bin\management_ext.dll
0x00007ffb3cd90000 - 0x00007ffb3cfe9000 	C:\Users\ogarc\AppData\Local\Temp\io_grpc_netty_shaded_netty_tcnative_windows_x86_6412939351984645788913.dll

dbghelp: loaded successfully - version: 4.0.5 - missing functions: none
symbol engine: initialized successfully - sym options: 0x614 - pdb path: .;C:\GenSpark\dcevm-11.0.11+1\bin;C:\WINDOWS\SYSTEM32;C:\WINDOWS\WinSxS\amd64_microsoft.windows.common-controls_6595b64144ccf1df_6.0.22621.608_none_a9444ca7c10bb01d;C:\GenSpark\dcevm-11.0.11+1\bin\server;C:\Users\ogarc\AppData\Local\Temp

VM Arguments:
jvm_args: -agentlib:jdwp=transport=dt_socket,address=127.0.0.1:54112,suspend=y,server=n -XX:HotswapAgent=core -Xlog:redefine+class*=info:file=src/main/java/reload_system/reload/reload.log -javaagent:C:\Users\ogarc\AppData\Local\JetBrains\IdeaIC2022.3\captureAgent\debugger-agent.jar -Dfile.encoding=UTF-8 
java_command: Main
java_class_path (initial): C:\GenSpark\genspark-java-core\genspark-java-core\target\classes;C:\Users\ogarc\.m2\repository\genspark-backend\genspark-backend\1.4.4\genspark-backend-1.4.4.jar;C:\Users\ogarc\.m2\repository\com\cognitect\transit-java\0.8.332\transit-java-0.8.332.jar;C:\Users\ogarc\.m2\repository\com\google\cloud\google-cloud-firestore\2.6.1\google-cloud-firestore-2.6.1.jar;C:\Users\ogarc\.m2\repository\org\clojure\data.json\0.2.6\data.json-0.2.6.jar;C:\Users\ogarc\.m2\repository\org\clojure\clojure\1.11.0-alpha2\clojure-1.11.0-alpha2.jar;C:\Users\ogarc\.m2\repository\commons-codec\commons-codec\1.15\commons-codec-1.15.jar;C:\Users\ogarc\.m2\repository\org\eclipse\collections\eclipse-collections\11.0.0\eclipse-collections-11.0.0.jar;C:\Users\ogarc\.m2\repository\com\google\errorprone\error_prone_annotations\2.7.1\error_prone_annotations-2.7.1.jar;C:\Users\ogarc\.m2\repository\org\eclipse\collections\eclipse-collections-forkjoin\11.0.0\eclipse-collections-forkjoin-11.0.0.jar;C:\Users\ogarc\.m2\repository\org\clojure\core.specs.alpha\0.2.62\core.specs.alpha-0.2.62.jar;C:\Users\ogarc\.m2\repository\com\google\cloud\google-cloud-core-http\1.95.4\google-cloud-core-http-1.95.4.jar;C:\Users\ogarc\.m2\repository\javax\annotation\javax.annotation-api\1.3.2\javax.annotation-api-1.3.2.jar;C:\Users\ogarc\.m2\repository\com\google\oauth-client\google-oauth-client\1.31.5\google-oauth-client-1.31.5.jar;C:\Users\ogarc\.m2\repository\com\google\auto\value\auto-value-annotations\1.8.1\auto-value-annotations-1.8.1.jar;C:\Users\ogarc\.m2\repository\io\netty\netty-common\4.1.67.Final\netty-common-4.1.67.Final.jar;C:\Users\ogarc\.m2\repository\com\google\auth\google-auth-library-credentials\0.26.0\google-auth-library-credentials-0.26.0.jar;C:\Users\ogarc\.m2\repository\org\eclipse\collections\eclipse-collections-api\11.0.0\eclipse-collections-api-11.0.0.jar;C:\Users\ogarc\.m2\repository\org\clojure\spec.alpha\0.2.194\spec.alpha-0.2.194.jar;C:\Users\ogarc\.m2\repository\com\g
Launcher Type: SUN_STANDARD

[Global flags]
     intx CICompilerCount                          = 12                                        {product} {ergonomic}
     uint ConcGCThreads                            = 3                                         {product} {ergonomic}
     uint G1ConcRefinementThreads                  = 13                                        {product} {ergonomic}
   size_t G1HeapRegionSize                         = 1048576                                   {product} {ergonomic}
    uintx GCDrainStackTargetSize                   = 64                                        {product} {ergonomic}
    ccstr HotswapAgent                             = core                                      {product} {command line}
   size_t InitialHeapSize                          = 268435456                                 {product} {ergonomic}
   size_t MarkStackSize                            = 4194304                                   {product} {ergonomic}
   size_t MaxHeapSize                              = 4278190080                                {product} {ergonomic}
   size_t MaxNewSize                               = 2566914048                                {product} {ergonomic}
   size_t MinHeapDeltaBytes                        = 1048576                                   {product} {ergonomic}
    uintx NonNMethodCodeHeapSize                   = 7594288                                {pd product} {ergonomic}
    uintx NonProfiledCodeHeapSize                  = 122031976                              {pd product} {ergonomic}
    uintx ProfiledCodeHeapSize                     = 122031976                              {pd product} {ergonomic}
    uintx ReservedCodeCacheSize                    = 251658240                              {pd product} {ergonomic}
     bool SegmentedCodeCache                       = true                                      {product} {ergonomic}
     bool UseCompressedClassPointers               = true                                 {lp64_product} {ergonomic}
     bool UseCompressedOops                        = true                                 {lp64_product} {ergonomic}
     bool UseG1GC                                  = true                                      {product} {ergonomic}
     bool UseLargePagesIndividualAllocation        = false                                  {pd product} {ergonomic}

Logging:
Log output configuration:
 #0: stdout all=warning uptime,level,tags
 #1: stderr all=off uptime,level,tags
 #2: file=src/main/java/reload_system/reload/reload.log all=off,redefine*=info uptime,level,tags filecount=5,filesize=20480K

Environment Variables:
PATH=C:\Program Files\Common Files\Oracle\Java\javapath;C:\Program Files (x86)\Razer Chroma SDK\bin;C:\Program Files\Razer Chroma SDK\bin;C:\Program Files (x86)\Razer\ChromaBroadcast\bin;C:\Program Files\Razer\ChromaBroadcast\bin;C:\Windows\system32;C:\Windows;C:\Windows\System32\Wbem;C:\Windows\System32\WindowsPowerShell\v1.0\;C:\Windows\System32\OpenSSH\;C:\Users\ogarc\AppData\Local\Microsoft\WindowsApps;C:\Program Files\Git\cmd;C:\WINDOWS\system32;C:\WINDOWS;C:\WINDOWS\System32\Wbem;C:\WINDOWS\System32\WindowsPowerShell\v1.0\;C:\WINDOWS\System32\OpenSSH\;C:\Users\ogarc\AppData\Local\Programs\Python\Python310\Scripts\;C:\Users\ogarc\AppData\Local\Programs\Python\Python310\;C:\Users\ogarc\AppData\Local\Microsoft\WindowsApps;
USERNAME=ogarc
OS=Windows_NT
PROCESSOR_IDENTIFIER=AMD64 Family 23 Model 8 Stepping 2, AuthenticAMD



---------------  S Y S T E M  ---------------

OS: Windows 10 , 64 bit Build 22621 (10.0.22621.1344)
OS uptime: 0 days 5:46 hours

CPU:total 16 (initial active 16) (16 cores per cpu, 2 threads per core) family 23 model 8 stepping 2 microcode 0x0, cmov, cx8, fxsr, mmx, sse, sse2, sse3, ssse3, sse4.1, sse4.2, popcnt, avx, avx2, aes, clmul, mmxext, 3dnowpref, lzcnt, sse4a, ht, tsc, tscinvbit, tscinv, bmi1, bmi2, adx, s

Memory: 4k page, system-wide physical 16316M (1071M free)
TotalPageFile size 36796M (AvailPageFile size 10789M)
current process WorkingSet (physical memory assigned to process): 442M, peak: 445M
current process commit charge ("private bytes"): 547M, peak: 552M

vm_info: Dynamic Code Evolution 64-Bit Server VM (11.0.11+1-202105021746) for windows-amd64 JRE (11.0.11+1-202105021746), built on May  2 2021 18:05:20 by "" with MS VC++ 15.9 (VS2017)

END.
